62?ai=1298934245&co=25&cu=27&lg=fr&wh=55&ut=eyJhbGciOiJFUzI1NiIsImtpZCI6IjEiLCJ0eXAiOiJKV1QifQ.eyJzdWIiOiI1MC8xMjk4OTM0MjQ1IiwicGlkIjoiMjQyIiwianRpIjoiMC80ZjJlY2I4MmY1Njc0OTE3NTAwYzMxYmY4NTU2MWYwNGE4ODBlMjQ0YzBmMDFhYTBkMzAwNThmZTMwOWIzODg4IiwiYXBwIjoiTkEiLCJpbm5lciI6InRydWUiLCJuYmYiOjE3Njg3MTk4OTYsImV4cCI6MTc2ODczNDI5NiwiaWF0IjoxNzY4NzE5ODk2fQ.L4hB__rZv3wLgykFsoqrfBNQg4YbosKASh3bnxVqXw7APNEJ4Be47SExBg-9hBMylr8DNK_zCW-TFSLERvnQeQ&tzo=1:3  GET https://gamscdn.com/web-v3/version.json net::ERR_CERT_COMMON_NAME_INVALID
(anonymous) @ 62?ai=1298934245&co=25&cu=27&lg=fr&wh=55&ut=eyJhbGciOiJFUzI1NiIsImtpZCI6IjEiLCJ0eXAiOiJKV1QifQ.eyJzdWIiOiI1MC8xMjk4OTM0MjQ1IiwicGlkIjoiMjQyIiwianRpIjoiMC80ZjJlY2I4MmY1Njc0OTE3NTAwYzMxYmY4NTU2MWYwNGE4ODBlMjQ0YzBmMDFhYTBkMzAwNThmZTMwOWIzODg4IiwiYXBwIjoiTkEiLCJpbm5lciI6InRydWUiLCJuYmYiOjE3Njg3MTk4OTYsImV4cCI6MTc2ODczNDI5NiwiaWF0IjoxNzY4NzE5ODk2fQ.L4hB__rZv3wLgykFsoqrfBNQg4YbosKASh3bnxVqXw7APNEJ4Be47SExBg-9hBMylr8DNK_zCW-TFSLERvnQeQ&tzo=1:3
onSuccess @ 62?ai=1298934245&co=25&cu=27&lg=fr&wh=55&ut=eyJhbGciOiJFUzI1NiIsImtpZCI6IjEiLCJ0eXAiOiJKV1QifQ.eyJzdWIiOiI1MC8xMjk4OTM0MjQ1IiwicGlkIjoiMjQyIiwianRpIjoiMC80ZjJlY2I4MmY1Njc0OTE3NTAwYzMxYmY4NTU2MWYwNGE4ODBlMjQ0YzBmMDFhYTBkMzAwNThmZTMwOWIzODg4IiwiYXBwIjoiTkEiLCJpbm5lciI6InRydWUiLCJuYmYiOjE3Njg3MTk4OTYsImV4cCI6MTc2ODczNDI5NiwiaWF0IjoxNzY4NzE5ODk2fQ.L4hB__rZv3wLgykFsoqrfBNQg4YbosKASh3bnxVqXw7APNEJ4Be47SExBg-9hBMylr8DNK_zCW-TFSLERvnQeQ&tzo=1:3
o.onload @ 62?ai=1298934245&co=25&cu=27&lg=fr&wh=55&ut=eyJhbGciOiJFUzI1NiIsImtpZCI6IjEiLCJ0eXAiOiJKV1QifQ.eyJzdWIiOiI1MC8xMjk4OTM0MjQ1IiwicGlkIjoiMjQyIiwianRpIjoiMC80ZjJlY2I4MmY1Njc0OTE3NTAwYzMxYmY4NTU2MWYwNGE4ODBlMjQ0YzBmMDFhYTBkMzAwNThmZTMwOWIzODg4IiwiYXBwIjoiTkEiLCJpbm5lciI6InRydWUiLCJuYmYiOjE3Njg3MTk4OTYsImV4cCI6MTc2ODczNDI5NiwiaWF0IjoxNzY4NzE5ODk2fQ.L4hB__rZv3wLgykFsoqrfBNQg4YbosKASh3bnxVqXw7APNEJ4Be47SExBg-9hBMylr8DNK_zCW-TFSLERvnQeQ&tzo=1:3
XMLHttpRequest.send
(anonymous) @ 62?ai=1298934245&co=25&cu=27&lg=fr&wh=55&ut=eyJhbGciOiJFUzI1NiIsImtpZCI6IjEiLCJ0eXAiOiJKV1QifQ.eyJzdWIiOiI1MC8xMjk4OTM0MjQ1IiwicGlkIjoiMjQyIiwianRpIjoiMC80ZjJlY2I4MmY1Njc0OTE3NTAwYzMxYmY4NTU2MWYwNGE4ODBlMjQ0YzBmMDFhYTBkMzAwNThmZTMwOWIzODg4IiwiYXBwIjoiTkEiLCJpbm5lciI6InRydWUiLCJuYmYiOjE3Njg3MTk4OTYsImV4cCI6MTc2ODczNDI5NiwiaWF0IjoxNzY4NzE5ODk2fQ.L4hB__rZv3wLgykFsoqrfBNQg4YbosKASh3bnxVqXw7APNEJ4Be47SExBg-9hBMylr8DNK_zCW-TFSLERvnQeQ&tzo=1:3
(anonymous) @ 62?ai=1298934245&co=25&cu=27&lg=fr&wh=55&ut=eyJhbGciOiJFUzI1NiIsImtpZCI6IjEiLCJ0eXAiOiJKV1QifQ.eyJzdWIiOiI1MC8xMjk4OTM0MjQ1IiwicGlkIjoiMjQyIiwianRpIjoiMC80ZjJlY2I4MmY1Njc0OTE3NTAwYzMxYmY4NTU2MWYwNGE4ODBlMjQ0YzBmMDFhYTBkMzAwNThmZTMwOWIzODg4IiwiYXBwIjoiTkEiLCJpbm5lciI6InRydWUiLCJuYmYiOjE3Njg3MTk4OTYsImV4cCI6MTc2ODczNDI5NiwiaWF0IjoxNzY4NzE5ODk2fQ.L4hB__rZv3wLgykFsoqrfBNQg4YbosKASh3bnxVqXw7APNEJ4Be47SExBg-9hBMylr8DNK_zCW-TFSLERvnQeQ&tzo=1:3
(anonymous) @ 62?ai=1298934245&co=25&cu=27&lg=fr&wh=55&ut=eyJhbGciOiJFUzI1NiIsImtpZCI6IjEiLCJ0eXAiOiJKV1QifQ.eyJzdWIiOiI1MC8xMjk4OTM0MjQ1IiwicGlkIjoiMjQyIiwianRpIjoiMC80ZjJlY2I4MmY1Njc0OTE3NTAwYzMxYmY4NTU2MWYwNGE4ODBlMjQ0YzBmMDFhYTBkMzAwNThmZTMwOWIzODg4IiwiYXBwIjoiTkEiLCJpbm5lciI6InRydWUiLCJuYmYiOjE3Njg3MTk4OTYsImV4cCI6MTc2ODczNDI5NiwiaWF0IjoxNzY4NzE5ODk2fQ.L4hB__rZv3wLgykFsoqrfBNQg4YbosKASh3bnxVqXw7APNEJ4Be47SExBg-9hBMylr8DNK_zCW-TFSLERvnQeQ&tzo=1:3
67107808.67107808.d882e062f7a5.js:1 PixiJS Deprecation Warning: renderer.plugins.interaction has been deprecated, use renderer.eventsDeprecated since v7.0.0
67107808.67107808.d882e062f7a5.js:1 [Assets] Asset id https://localhost:3443/games-frame/mfs/game-thimbles/common.manifest.627294f00d70.json was not found in the Cache
value @ 67107808.67107808.d882e062f7a5.js:1
value @ 67107808.67107808.d882e062f7a5.js:1
(anonymous) @ 67107808.67107808.d882e062f7a5.js:1
(anonymous) @ 67107808.67107808.d882e062f7a5.js:1
(anonymous) @ 67107808.67107808.d882e062f7a5.js:1
g @ 67107808.67107808.d882e062f7a5.js:1
a @ 67107808.67107808.d882e062f7a5.js:1
(anonymous) @ 67107808.67107808.d882e062f7a5.js:1
(anonymous) @ 67107808.67107808.d882e062f7a5.js:1
c.value @ 67107808.67107808.d882e062f7a5.js:1
(anonymous) @ 67107808.67107808.d882e062f7a5.js:1
(anonymous) @ 67107808.67107808.d882e062f7a5.js:1
(anonymous) @ 67107808.67107808.d882e062f7a5.js:1
g @ 67107808.67107808.d882e062f7a5.js:1
a @ 67107808.67107808.d882e062f7a5.js:1
Promise.then
g @ 67107808.67107808.d882e062f7a5.js:1
a @ 67107808.67107808.d882e062f7a5.js:1
(anonymous) @ 67107808.67107808.d882e062f7a5.js:1
(anonymous) @ 67107808.67107808.d882e062f7a5.js:1
c.value @ 67107808.67107808.d882e062f7a5.js:1
(anonymous) @ 63925496.63925496.d107be7e3b37.js:1
(anonymous) @ 63925496.63925496.d107be7e3b37.js:1
(anonymous) @ 63925496.63925496.d107be7e3b37.js:1
F @ 63925496.63925496.d107be7e3b37.js:1
a @ 63925496.63925496.d107be7e3b37.js:1
Promise.then
F @ 63925496.63925496.d107be7e3b37.js:1
a @ 63925496.63925496.d107be7e3b37.js:1
(anonymous) @ 63925496.63925496.d107be7e3b37.js:1
o @ 63925496.63925496.d107be7e3b37.js:1
z.value @ 63925496.63925496.d107be7e3b37.js:1
(anonymous) @ 67826302.67826302.6c5ee57c4b64.js:1
initApp @ 67826302.67826302.6c5ee57c4b64.js:1
(anonymous) @ 67826302.67826302.6c5ee57c4b64.js:1
(anonymous) @ 67826302.67826302.6c5ee57c4b64.js:1
(anonymous) @ 67826302.67826302.6c5ee57c4b64.js:1
dt @ 67826302.67826302.6c5ee57c4b64.js:1
a @ 67826302.67826302.6c5ee57c4b64.js:1
(anonymous) @ 67826302.67826302.6c5ee57c4b64.js:1
(anonymous) @ 67826302.67826302.6c5ee57c4b64.js:1
mounted @ 67826302.67826302.6c5ee57c4b64.js:1
(anonymous) @ 13930271.13930271.c9282d663ee3.js:1
bn @ 13930271.13930271.c9282d663ee3.js:1
Sn @ 13930271.13930271.c9282d663ee3.js:1
Zo.t.__weh.t.__weh @ 13930271.13930271.c9282d663ee3.js:1
Dn @ 13930271.13930271.c9282d663ee3.js:1
Un @ 13930271.13930271.c9282d663ee3.js:1
Promise.then
In @ 13930271.13930271.c9282d663ee3.js:1
Fn @ 13930271.13930271.c9282d663ee3.js:1
V.c.scheduler @ 13930271.13930271.c9282d663ee3.js:1
trigger @ 13930271.13930271.c9282d663ee3.js:1
me @ 13930271.13930271.c9282d663ee3.js:1
Ue @ 13930271.13930271.c9282d663ee3.js:1
set @ 13930271.13930271.c9282d663ee3.js:1
set @ 13930271.13930271.c9282d663ee3.js:1
(anonymous) @ apps_host-b2c-web-v3.bootstrap.98130127.cdc4b019fb39.js:1
(anonymous) @ apps_host-b2c-web-v3.bootstrap.98130127.cdc4b019fb39.js:1
(anonymous) @ apps_host-b2c-web-v3.bootstrap.98130127.cdc4b019fb39.js:1
ke @ apps_host-b2c-web-v3.bootstrap.98130127.cdc4b019fb39.js:1
a @ apps_host-b2c-web-v3.bootstrap.98130127.cdc4b019fb39.js:1
Promise.then
ke @ apps_host-b2c-web-v3.bootstrap.98130127.cdc4b019fb39.js:1
a @ apps_host-b2c-web-v3.bootstrap.98130127.cdc4b019fb39.js:1
(anonymous) @ apps_host-b2c-web-v3.bootstrap.98130127.cdc4b019fb39.js:1
(anonymous) @ apps_host-b2c-web-v3.bootstrap.98130127.cdc4b019fb39.js:1
(anonymous) @ apps_host-b2c-web-v3.bootstrap.98130127.cdc4b019fb39.js:1
(anonymous) @ apps_host-b2c-web-v3.bootstrap.98130127.cdc4b019fb39.js:1
(anonymous) @ apps_host-b2c-web-v3.bootstrap.98130127.cdc4b019fb39.js:1
(anonymous) @ apps_host-b2c-web-v3.bootstrap.98130127.cdc4b019fb39.js:1
ke @ apps_host-b2c-web-v3.bootstrap.98130127.cdc4b019fb39.js:1
a @ apps_host-b2c-web-v3.bootstrap.98130127.cdc4b019fb39.js:1
(anonymous) @ apps_host-b2c-web-v3.bootstrap.98130127.cdc4b019fb39.js:1
(anonymous) @ apps_host-b2c-web-v3.bootstrap.98130127.cdc4b019fb39.js:1
mountComponents @ apps_host-b2c-web-v3.bootstrap.98130127.cdc4b019fb39.js:1
(anonymous) @ apps_host-b2c-web-v3.bootstrap.98130127.cdc4b019fb39.js:1
(anonymous) @ apps_host-b2c-web-v3.bootstrap.98130127.cdc4b019fb39.js:1
(anonymous) @ apps_host-b2c-web-v3.bootstrap.98130127.cdc4b019fb39.js:1
ke @ apps_host-b2c-web-v3.bootstrap.98130127.cdc4b019fb39.js:1
a @ apps_host-b2c-web-v3.bootstrap.98130127.cdc4b019fb39.js:1
Promise.then
ke @ apps_host-b2c-web-v3.bootstrap.98130127.cdc4b019fb39.js:1
a @ apps_host-b2c-web-v3.bootstrap.98130127.cdc4b019fb39.js:1
Promise.then
ke @ apps_host-b2c-web-v3.bootstrap.98130127.cdc4b019fb39.js:1
a @ apps_host-b2c-web-v3.bootstrap.98130127.cdc4b019fb39.js:1
Promise.then
ke @ apps_host-b2c-web-v3.bootstrap.98130127.cdc4b019fb39.js:1
a @ apps_host-b2c-web-v3.bootstrap.98130127.cdc4b019fb39.js:1
Promise.then
ke @ apps_host-b2c-web-v3.bootstrap.98130127.cdc4b019fb39.js:1
a @ apps_host-b2c-web-v3.bootstrap.98130127.cdc4b019fb39.js:1
(anonymous) @ apps_host-b2c-web-v3.bootstrap.98130127.cdc4b019fb39.js:1
(anonymous) @ apps_host-b2c-web-v3.bootstrap.98130127.cdc4b019fb39.js:1
loadResources @ apps_host-b2c-web-v3.bootstrap.98130127.cdc4b019fb39.js:1
(anonymous) @ apps_host-b2c-web-v3.bootstrap.98130127.cdc4b019fb39.js:1
(anonymous) @ apps_host-b2c-web-v3.bootstrap.98130127.cdc4b019fb39.js:1
(anonymous) @ apps_host-b2c-web-v3.bootstrap.98130127.cdc4b019fb39.js:1
ke @ apps_host-b2c-web-v3.bootstrap.98130127.cdc4b019fb39.js:1
a @ apps_host-b2c-web-v3.bootstrap.98130127.cdc4b019fb39.js:1
(anonymous) @ apps_host-b2c-web-v3.bootstrap.98130127.cdc4b019fb39.js:1
(anonymous) @ apps_host-b2c-web-v3.bootstrap.98130127.cdc4b019fb39.js:1
registerGame @ apps_host-b2c-web-v3.bootstrap.98130127.cdc4b019fb39.js:1
(anonymous) @ apps_host-b2c-web-v3.bootstrap.98130127.cdc4b019fb39.js:1
(anonymous) @ apps_host-b2c-web-v3.bootstrap.98130127.cdc4b019fb39.js:1
(anonymous) @ apps_host-b2c-web-v3.bootstrap.98130127.cdc4b019fb39.js:1
ke @ apps_host-b2c-web-v3.bootstrap.98130127.cdc4b019fb39.js:1
a @ apps_host-b2c-web-v3.bootstrap.98130127.cdc4b019fb39.js:1
(anonymous) @ apps_host-b2c-web-v3.bootstrap.98130127.cdc4b019fb39.js:1
(anonymous) @ apps_host-b2c-web-v3.bootstrap.98130127.cdc4b019fb39.js:1
beforeMount @ apps_host-b2c-web-v3.bootstrap.98130127.cdc4b019fb39.js:1
(anonymous) @ 13930271.13930271.c9282d663ee3.js:1
bn @ 13930271.13930271.c9282d663ee3.js:1
Sn @ 13930271.13930271.c9282d663ee3.js:1
Zo.t.__weh.t.__weh @ 13930271.13930271.c9282d663ee3.js:1
D @ 13930271.13930271.c9282d663ee3.js:1
l @ 13930271.13930271.c9282d663ee3.js:1
run @ 13930271.13930271.c9282d663ee3.js:1
V @ 13930271.13930271.c9282d663ee3.js:1
L @ 13930271.13930271.c9282d663ee3.js:1
I @ 13930271.13930271.c9282d663ee3.js:1
_ @ 13930271.13930271.c9282d663ee3.js:1
l @ 13930271.13930271.c9282d663ee3.js:1
run @ 13930271.13930271.c9282d663ee3.js:1
V @ 13930271.13930271.c9282d663ee3.js:1
L @ 13930271.13930271.c9282d663ee3.js:1
I @ 13930271.13930271.c9282d663ee3.js:1
_ @ 13930271.13930271.c9282d663ee3.js:1
R @ 13930271.13930271.c9282d663ee3.js:1
P @ 13930271.13930271.c9282d663ee3.js:1
_ @ 13930271.13930271.c9282d663ee3.js:1
R @ 13930271.13930271.c9282d663ee3.js:1
P @ 13930271.13930271.c9282d663ee3.js:1
_ @ 13930271.13930271.c9282d663ee3.js:1
R @ 13930271.13930271.c9282d663ee3.js:1
T @ 13930271.13930271.c9282d663ee3.js:1
x @ 13930271.13930271.c9282d663ee3.js:1
_ @ 13930271.13930271.c9282d663ee3.js:1
l @ 13930271.13930271.c9282d663ee3.js:1
run @ 13930271.13930271.c9282d663ee3.js:1
runIfDirty @ 13930271.13930271.c9282d663ee3.js:1
bn @ 13930271.13930271.c9282d663ee3.js:1
Un @ 13930271.13930271.c9282d663ee3.js:1
Promise.then
In @ 13930271.13930271.c9282d663ee3.js:1
Fn @ 13930271.13930271.c9282d663ee3.js:1
Us.a.scheduler @ 13930271.13930271.c9282d663ee3.js:1
d.scheduler @ 13930271.13930271.c9282d663ee3.js:1
trigger @ 13930271.13930271.c9282d663ee3.js:1
me @ 13930271.13930271.c9282d663ee3.js:1
notify @ 13930271.13930271.c9282d663ee3.js:1
trigger @ 13930271.13930271.c9282d663ee3.js:1
set value @ 13930271.13930271.c9282d663ee3.js:1
(anonymous) @ 8549619.8549619.caea39983e85.js:1
(anonymous) @ 8549619.8549619.caea39983e85.js:1
(anonymous) @ 8549619.8549619.caea39983e85.js:1
Ie @ 8549619.8549619.caea39983e85.js:1
a @ 8549619.8549619.caea39983e85.js:1
Promise.then
Ie @ 8549619.8549619.caea39983e85.js:1
a @ 8549619.8549619.caea39983e85.js:1
(anonymous) @ 8549619.8549619.caea39983e85.js:1
n @ 8549619.8549619.caea39983e85.js:1
(anonymous) @ 8549619.8549619.caea39983e85.js:1
(anonymous) @ apps_host-b2c-web-v3.bootstrap.98130127.cdc4b019fb39.js:1
(anonymous) @ apps_host-b2c-web-v3.bootstrap.98130127.cdc4b019fb39.js:1
(anonymous) @ apps_host-b2c-web-v3.bootstrap.98130127.cdc4b019fb39.js:1
ir @ apps_host-b2c-web-v3.bootstrap.98130127.cdc4b019fb39.js:1
a @ apps_host-b2c-web-v3.bootstrap.98130127.cdc4b019fb39.js:1
(anonymous) @ apps_host-b2c-web-v3.bootstrap.98130127.cdc4b019fb39.js:1
(anonymous) @ apps_host-b2c-web-v3.bootstrap.98130127.cdc4b019fb39.js:1
(anonymous) @ 13930271.13930271.c9282d663ee3.js:1
bn @ 13930271.13930271.c9282d663ee3.js:1
Sn @ 13930271.13930271.c9282d663ee3.js:1
Zo.t.__weh.t.__weh @ 13930271.13930271.c9282d663ee3.js:1
D @ 13930271.13930271.c9282d663ee3.js:1
l @ 13930271.13930271.c9282d663ee3.js:1
run @ 13930271.13930271.c9282d663ee3.js:1
V @ 13930271.13930271.c9282d663ee3.js:1
L @ 13930271.13930271.c9282d663ee3.js:1
I @ 13930271.13930271.c9282d663ee3.js:1
_ @ 13930271.13930271.c9282d663ee3.js:1
l @ 13930271.13930271.c9282d663ee3.js:1
run @ 13930271.13930271.c9282d663ee3.js:1
V @ 13930271.13930271.c9282d663ee3.js:1
L @ 13930271.13930271.c9282d663ee3.js:1
I @ 13930271.13930271.c9282d663ee3.js:1
_ @ 13930271.13930271.c9282d663ee3.js:1
X @ 13930271.13930271.c9282d663ee3.js:1
mount @ 13930271.13930271.c9282d663ee3.js:1
t.mount @ 13930271.13930271.c9282d663ee3.js:1
(anonymous) @ apps_host-b2c-web-v3.bootstrap.98130127.cdc4b019fb39.js:1
Promise.then
(anonymous) @ apps_host-b2c-web-v3.bootstrap.98130127.cdc4b019fb39.js:1
(anonymous) @ apps_host-b2c-web-v3.bootstrap.98130127.cdc4b019fb39.js:1
(anonymous) @ apps_host-b2c-web-v3.bootstrap.98130127.cdc4b019fb39.js:1
fr @ apps_host-b2c-web-v3.bootstrap.98130127.cdc4b019fb39.js:1
a @ apps_host-b2c-web-v3.bootstrap.98130127.cdc4b019fb39.js:1
Promise.then
fr @ apps_host-b2c-web-v3.bootstrap.98130127.cdc4b019fb39.js:1
a @ apps_host-b2c-web-v3.bootstrap.98130127.cdc4b019fb39.js:1
Promise.then
fr @ apps_host-b2c-web-v3.bootstrap.98130127.cdc4b019fb39.js:1
a @ apps_host-b2c-web-v3.bootstrap.98130127.cdc4b019fb39.js:1
(anonymous) @ apps_host-b2c-web-v3.bootstrap.98130127.cdc4b019fb39.js:1
t @ apps_host-b2c-web-v3.bootstrap.98130127.cdc4b019fb39.js:1
(anonymous) @ apps_host-b2c-web-v3.bootstrap.98130127.cdc4b019fb39.js:1
(anonymous) @ main.efbdb3f00ef7.js:1
Promise.then
58031907 @ main.efbdb3f00ef7.js:1
D @ main.efbdb3f00ef7.js:1
(anonymous) @ main.efbdb3f00ef7.js:1
(anonymous) @ main.efbdb3f00ef7.js:1
PendingScript
(anonymous) @ 62?ai=1298934245&co=25&cu=27&lg=fr&wh=55&ut=eyJhbGciOiJFUzI1NiIsImtpZCI6IjEiLCJ0eXAiOiJKV1QifQ.eyJzdWIiOiI1MC8xMjk4OTM0MjQ1IiwicGlkIjoiMjQyIiwianRpIjoiMC80ZjJlY2I4MmY1Njc0OTE3NTAwYzMxYmY4NTU2MWYwNGE4ODBlMjQ0YzBmMDFhYTBkMzAwNThmZTMwOWIzODg4IiwiYXBwIjoiTkEiLCJpbm5lciI6InRydWUiLCJuYmYiOjE3Njg3MTk4OTYsImV4cCI6MTc2ODczNDI5NiwiaWF0IjoxNzY4NzE5ODk2fQ.L4hB__rZv3wLgykFsoqrfBNQg4YbosKASh3bnxVqXw7APNEJ4Be47SExBg-9hBMylr8DNK_zCW-TFSLERvnQeQ&tzo=1:3
(anonymous) @ 62?ai=1298934245&co=25&cu=27&lg=fr&wh=55&ut=eyJhbGciOiJFUzI1NiIsImtpZCI6IjEiLCJ0eXAiOiJKV1QifQ.eyJzdWIiOiI1MC8xMjk4OTM0MjQ1IiwicGlkIjoiMjQyIiwianRpIjoiMC80ZjJlY2I4MmY1Njc0OTE3NTAwYzMxYmY4NTU2MWYwNGE4ODBlMjQ0YzBmMDFhYTBkMzAwNThmZTMwOWIzODg4IiwiYXBwIjoiTkEiLCJpbm5lciI6InRydWUiLCJuYmYiOjE3Njg3MTk4OTYsImV4cCI6MTc2ODczNDI5NiwiaWF0IjoxNzY4NzE5ODk2fQ.L4hB__rZv3wLgykFsoqrfBNQg4YbosKASh3bnxVqXw7APNEJ4Be47SExBg-9hBMylr8DNK_zCW-TFSLERvnQeQ&tzo=1:3
u @ 62?ai=1298934245&co=25&cu=27&lg=fr&wh=55&ut=eyJhbGciOiJFUzI1NiIsImtpZCI6IjEiLCJ0eXAiOiJKV1QifQ.eyJzdWIiOiI1MC8xMjk4OTM0MjQ1IiwicGlkIjoiMjQyIiwianRpIjoiMC80ZjJlY2I4MmY1Njc0OTE3NTAwYzMxYmY4NTU2MWYwNGE4ODBlMjQ0YzBmMDFhYTBkMzAwNThmZTMwOWIzODg4IiwiYXBwIjoiTkEiLCJpbm5lciI6InRydWUiLCJuYmYiOjE3Njg3MTk4OTYsImV4cCI6MTc2ODczNDI5NiwiaWF0IjoxNzY4NzE5ODk2fQ.L4hB__rZv3wLgykFsoqrfBNQg4YbosKASh3bnxVqXw7APNEJ4Be47SExBg-9hBMylr8DNK_zCW-TFSLERvnQeQ&tzo=1:3
onFailure @ 62?ai=1298934245&co=25&cu=27&lg=fr&wh=55&ut=eyJhbGciOiJFUzI1NiIsImtpZCI6IjEiLCJ0eXAiOiJKV1QifQ.eyJzdWIiOiI1MC8xMjk4OTM0MjQ1IiwicGlkIjoiMjQyIiwianRpIjoiMC80ZjJlY2I4MmY1Njc0OTE3NTAwYzMxYmY4NTU2MWYwNGE4ODBlMjQ0YzBmMDFhYTBkMzAwNThmZTMwOWIzODg4IiwiYXBwIjoiTkEiLCJpbm5lciI6InRydWUiLCJuYmYiOjE3Njg3MTk4OTYsImV4cCI6MTc2ODczNDI5NiwiaWF0IjoxNzY4NzE5ODk2fQ.L4hB__rZv3wLgykFsoqrfBNQg4YbosKASh3bnxVqXw7APNEJ4Be47SExBg-9hBMylr8DNK_zCW-TFSLERvnQeQ&tzo=1:3
u @ 62?ai=1298934245&co=25&cu=27&lg=fr&wh=55&ut=eyJhbGciOiJFUzI1NiIsImtpZCI6IjEiLCJ0eXAiOiJKV1QifQ.eyJzdWIiOiI1MC8xMjk4OTM0MjQ1IiwicGlkIjoiMjQyIiwianRpIjoiMC80ZjJlY2I4MmY1Njc0OTE3NTAwYzMxYmY4NTU2MWYwNGE4ODBlMjQ0YzBmMDFhYTBkMzAwNThmZTMwOWIzODg4IiwiYXBwIjoiTkEiLCJpbm5lciI6InRydWUiLCJuYmYiOjE3Njg3MTk4OTYsImV4cCI6MTc2ODczNDI5NiwiaWF0IjoxNzY4NzE5ODk2fQ.L4hB__rZv3wLgykFsoqrfBNQg4YbosKASh3bnxVqXw7APNEJ4Be47SExBg-9hBMylr8DNK_zCW-TFSLERvnQeQ&tzo=1:3
s.onerror @ 62?ai=1298934245&co=25&cu=27&lg=fr&wh=55&ut=eyJhbGciOiJFUzI1NiIsImtpZCI6IjEiLCJ0eXAiOiJKV1QifQ.eyJzdWIiOiI1MC8xMjk4OTM0MjQ1IiwicGlkIjoiMjQyIiwianRpIjoiMC80ZjJlY2I4MmY1Njc0OTE3NTAwYzMxYmY4NTU2MWYwNGE4ODBlMjQ0YzBmMDFhYTBkMzAwNThmZTMwOWIzODg4IiwiYXBwIjoiTkEiLCJpbm5lciI6InRydWUiLCJuYmYiOjE3Njg3MTk4OTYsImV4cCI6MTc2ODczNDI5NiwiaWF0IjoxNzY4NzE5ODk2fQ.L4hB__rZv3wLgykFsoqrfBNQg4YbosKASh3bnxVqXw7APNEJ4Be47SExBg-9hBMylr8DNK_zCW-TFSLERvnQeQ&tzo=1:3
XMLHttpRequest.send
(anonymous) @ 62?ai=1298934245&co=25&cu=27&lg=fr&wh=55&ut=eyJhbGciOiJFUzI1NiIsImtpZCI6IjEiLCJ0eXAiOiJKV1QifQ.eyJzdWIiOiI1MC8xMjk4OTM0MjQ1IiwicGlkIjoiMjQyIiwianRpIjoiMC80ZjJlY2I4MmY1Njc0OTE3NTAwYzMxYmY4NTU2MWYwNGE4ODBlMjQ0YzBmMDFhYTBkMzAwNThmZTMwOWIzODg4IiwiYXBwIjoiTkEiLCJpbm5lciI6InRydWUiLCJuYmYiOjE3Njg3MTk4OTYsImV4cCI6MTc2ODczNDI5NiwiaWF0IjoxNzY4NzE5ODk2fQ.L4hB__rZv3wLgykFsoqrfBNQg4YbosKASh3bnxVqXw7APNEJ4Be47SExBg-9hBMylr8DNK_zCW-TFSLERvnQeQ&tzo=1:3
onSuccess @ 62?ai=1298934245&co=25&cu=27&lg=fr&wh=55&ut=eyJhbGciOiJFUzI1NiIsImtpZCI6IjEiLCJ0eXAiOiJKV1QifQ.eyJzdWIiOiI1MC8xMjk4OTM0MjQ1IiwicGlkIjoiMjQyIiwianRpIjoiMC80ZjJlY2I4MmY1Njc0OTE3NTAwYzMxYmY4NTU2MWYwNGE4ODBlMjQ0YzBmMDFhYTBkMzAwNThmZTMwOWIzODg4IiwiYXBwIjoiTkEiLCJpbm5lciI6InRydWUiLCJuYmYiOjE3Njg3MTk4OTYsImV4cCI6MTc2ODczNDI5NiwiaWF0IjoxNzY4NzE5ODk2fQ.L4hB__rZv3wLgykFsoqrfBNQg4YbosKASh3bnxVqXw7APNEJ4Be47SExBg-9hBMylr8DNK_zCW-TFSLERvnQeQ&tzo=1:3
o.onload @ 62?ai=1298934245&co=25&cu=27&lg=fr&wh=55&ut=eyJhbGciOiJFUzI1NiIsImtpZCI6IjEiLCJ0eXAiOiJKV1QifQ.eyJzdWIiOiI1MC8xMjk4OTM0MjQ1IiwicGlkIjoiMjQyIiwianRpIjoiMC80ZjJlY2I4MmY1Njc0OTE3NTAwYzMxYmY4NTU2MWYwNGE4ODBlMjQ0YzBmMDFhYTBkMzAwNThmZTMwOWIzODg4IiwiYXBwIjoiTkEiLCJpbm5lciI6InRydWUiLCJuYmYiOjE3Njg3MTk4OTYsImV4cCI6MTc2ODczNDI5NiwiaWF0IjoxNzY4NzE5ODk2fQ.L4hB__rZv3wLgykFsoqrfBNQg4YbosKASh3bnxVqXw7APNEJ4Be47SExBg-9hBMylr8DNK_zCW-TFSLERvnQeQ&tzo=1:3
XMLHttpRequest.send
(anonymous) @ 62?ai=1298934245&co=25&cu=27&lg=fr&wh=55&ut=eyJhbGciOiJFUzI1NiIsImtpZCI6IjEiLCJ0eXAiOiJKV1QifQ.eyJzdWIiOiI1MC8xMjk4OTM0MjQ1IiwicGlkIjoiMjQyIiwianRpIjoiMC80ZjJlY2I4MmY1Njc0OTE3NTAwYzMxYmY4NTU2MWYwNGE4ODBlMjQ0YzBmMDFhYTBkMzAwNThmZTMwOWIzODg4IiwiYXBwIjoiTkEiLCJpbm5lciI6InRydWUiLCJuYmYiOjE3Njg3MTk4OTYsImV4cCI6MTc2ODczNDI5NiwiaWF0IjoxNzY4NzE5ODk2fQ.L4hB__rZv3wLgykFsoqrfBNQg4YbosKASh3bnxVqXw7APNEJ4Be47SExBg-9hBMylr8DNK_zCW-TFSLERvnQeQ&tzo=1:3
(anonymous) @ 62?ai=1298934245&co=25&cu=27&lg=fr&wh=55&ut=eyJhbGciOiJFUzI1NiIsImtpZCI6IjEiLCJ0eXAiOiJKV1QifQ.eyJzdWIiOiI1MC8xMjk4OTM0MjQ1IiwicGlkIjoiMjQyIiwianRpIjoiMC80ZjJlY2I4MmY1Njc0OTE3NTAwYzMxYmY4NTU2MWYwNGE4ODBlMjQ0YzBmMDFhYTBkMzAwNThmZTMwOWIzODg4IiwiYXBwIjoiTkEiLCJpbm5lciI6InRydWUiLCJuYmYiOjE3Njg3MTk4OTYsImV4cCI6MTc2ODczNDI5NiwiaWF0IjoxNzY4NzE5ODk2fQ.L4hB__rZv3wLgykFsoqrfBNQg4YbosKASh3bnxVqXw7APNEJ4Be47SExBg-9hBMylr8DNK_zCW-TFSLERvnQeQ&tzo=1:3
(anonymous) @ 62?ai=1298934245&co=25&cu=27&lg=fr&wh=55&ut=eyJhbGciOiJFUzI1NiIsImtpZCI6IjEiLCJ0eXAiOiJKV1QifQ.eyJzdWIiOiI1MC8xMjk4OTM0MjQ1IiwicGlkIjoiMjQyIiwianRpIjoiMC80ZjJlY2I4MmY1Njc0OTE3NTAwYzMxYmY4NTU2MWYwNGE4ODBlMjQ0YzBmMDFhYTBkMzAwNThmZTMwOWIzODg4IiwiYXBwIjoiTkEiLCJpbm5lciI6InRydWUiLCJuYmYiOjE3Njg3MTk4OTYsImV4cCI6MTc2ODczNDI5NiwiaWF0IjoxNzY4NzE5ODk2fQ.L4hB__rZv3wLgykFsoqrfBNQg4YbosKASh3bnxVqXw7APNEJ4Be47SExBg-9hBMylr8DNK_zCW-TFSLERvnQeQ&tzo=1:3
67107808.67107808.d882e062f7a5.js:1 [Assets] Asset id https://localhost:3443/games-frame/mfs/game-thimbles/desktop.manifest.7f988f59001c.json was not found in the Cache
value @ 67107808.67107808.d882e062f7a5.js:1
value @ 67107808.67107808.d882e062f7a5.js:1
(anonymous) @ 67107808.67107808.d882e062f7a5.js:1
(anonymous) @ 67107808.67107808.d882e062f7a5.js:1
(anonymous) @ 67107808.67107808.d882e062f7a5.js:1
g @ 67107808.67107808.d882e062f7a5.js:1
a @ 67107808.67107808.d882e062f7a5.js:1
(anonymous) @ 67107808.67107808.d882e062f7a5.js:1
(anonymous) @ 67107808.67107808.d882e062f7a5.js:1
c.value @ 67107808.67107808.d882e062f7a5.js:1
(anonymous) @ 67107808.67107808.d882e062f7a5.js:1
(anonymous) @ 67107808.67107808.d882e062f7a5.js:1
(anonymous) @ 67107808.67107808.d882e062f7a5.js:1
g @ 67107808.67107808.d882e062f7a5.js:1
a @ 67107808.67107808.d882e062f7a5.js:1
Promise.then
g @ 67107808.67107808.d882e062f7a5.js:1
a @ 67107808.67107808.d882e062f7a5.js:1
(anonymous) @ 67107808.67107808.d882e062f7a5.js:1
(anonymous) @ 67107808.67107808.d882e062f7a5.js:1
c.value @ 67107808.67107808.d882e062f7a5.js:1
(anonymous) @ 63925496.63925496.d107be7e3b37.js:1
(anonymous) @ 63925496.63925496.d107be7e3b37.js:1
(anonymous) @ 63925496.63925496.d107be7e3b37.js:1
F @ 63925496.63925496.d107be7e3b37.js:1
a @ 63925496.63925496.d107be7e3b37.js:1
Promise.then
F @ 63925496.63925496.d107be7e3b37.js:1
a @ 63925496.63925496.d107be7e3b37.js:1
(anonymous) @ 63925496.63925496.d107be7e3b37.js:1
o @ 63925496.63925496.d107be7e3b37.js:1
z.value @ 63925496.63925496.d107be7e3b37.js:1
(anonymous) @ 67826302.67826302.6c5ee57c4b64.js:1
initApp @ 67826302.67826302.6c5ee57c4b64.js:1
(anonymous) @ 67826302.67826302.6c5ee57c4b64.js:1
(anonymous) @ 67826302.67826302.6c5ee57c4b64.js:1
(anonymous) @ 67826302.67826302.6c5ee57c4b64.js:1
dt @ 67826302.67826302.6c5ee57c4b64.js:1
a @ 67826302.67826302.6c5ee57c4b64.js:1
(anonymous) @ 67826302.67826302.6c5ee57c4b64.js:1
(anonymous) @ 67826302.67826302.6c5ee57c4b64.js:1
mounted @ 67826302.67826302.6c5ee57c4b64.js:1
(anonymous) @ 13930271.13930271.c9282d663ee3.js:1
bn @ 13930271.13930271.c9282d663ee3.js:1
Sn @ 13930271.13930271.c9282d663ee3.js:1
Zo.t.__weh.t.__weh @ 13930271.13930271.c9282d663ee3.js:1
Dn @ 13930271.13930271.c9282d663ee3.js:1
Un @ 13930271.13930271.c9282d663ee3.js:1
Promise.then
In @ 13930271.13930271.c9282d663ee3.js:1
Fn @ 13930271.13930271.c9282d663ee3.js:1
V.c.scheduler @ 13930271.13930271.c9282d663ee3.js:1
trigger @ 13930271.13930271.c9282d663ee3.js:1
me @ 13930271.13930271.c9282d663ee3.js:1
Ue @ 13930271.13930271.c9282d663ee3.js:1
set @ 13930271.13930271.c9282d663ee3.js:1
set @ 13930271.13930271.c9282d663ee3.js:1
(anonymous) @ apps_host-b2c-web-v3.bootstrap.98130127.cdc4b019fb39.js:1
(anonymous) @ apps_host-b2c-web-v3.bootstrap.98130127.cdc4b019fb39.js:1
(anonymous) @ apps_host-b2c-web-v3.bootstrap.98130127.cdc4b019fb39.js:1
ke @ apps_host-b2c-web-v3.bootstrap.98130127.cdc4b019fb39.js:1
a @ apps_host-b2c-web-v3.bootstrap.98130127.cdc4b019fb39.js:1
Promise.then
ke @ apps_host-b2c-web-v3.bootstrap.98130127.cdc4b019fb39.js:1
a @ apps_host-b2c-web-v3.bootstrap.98130127.cdc4b019fb39.js:1
(anonymous) @ apps_host-b2c-web-v3.bootstrap.98130127.cdc4b019fb39.js:1
(anonymous) @ apps_host-b2c-web-v3.bootstrap.98130127.cdc4b019fb39.js:1
(anonymous) @ apps_host-b2c-web-v3.bootstrap.98130127.cdc4b019fb39.js:1
(anonymous) @ apps_host-b2c-web-v3.bootstrap.98130127.cdc4b019fb39.js:1
(anonymous) @ apps_host-b2c-web-v3.bootstrap.98130127.cdc4b019fb39.js:1
(anonymous) @ apps_host-b2c-web-v3.bootstrap.98130127.cdc4b019fb39.js:1
ke @ apps_host-b2c-web-v3.bootstrap.98130127.cdc4b019fb39.js:1
a @ apps_host-b2c-web-v3.bootstrap.98130127.cdc4b019fb39.js:1
(anonymous) @ apps_host-b2c-web-v3.bootstrap.98130127.cdc4b019fb39.js:1
(anonymous) @ apps_host-b2c-web-v3.bootstrap.98130127.cdc4b019fb39.js:1
mountComponents @ apps_host-b2c-web-v3.bootstrap.98130127.cdc4b019fb39.js:1
(anonymous) @ apps_host-b2c-web-v3.bootstrap.98130127.cdc4b019fb39.js:1
(anonymous) @ apps_host-b2c-web-v3.bootstrap.98130127.cdc4b019fb39.js:1
(anonymous) @ apps_host-b2c-web-v3.bootstrap.98130127.cdc4b019fb39.js:1
ke @ apps_host-b2c-web-v3.bootstrap.98130127.cdc4b019fb39.js:1
a @ apps_host-b2c-web-v3.bootstrap.98130127.cdc4b019fb39.js:1
Promise.then
ke @ apps_host-b2c-web-v3.bootstrap.98130127.cdc4b019fb39.js:1
a @ apps_host-b2c-web-v3.bootstrap.98130127.cdc4b019fb39.js:1
Promise.then
ke @ apps_host-b2c-web-v3.bootstrap.98130127.cdc4b019fb39.js:1
a @ apps_host-b2c-web-v3.bootstrap.98130127.cdc4b019fb39.js:1
Promise.then
ke @ apps_host-b2c-web-v3.bootstrap.98130127.cdc4b019fb39.js:1
a @ apps_host-b2c-web-v3.bootstrap.98130127.cdc4b019fb39.js:1
Promise.then
ke @ apps_host-b2c-web-v3.bootstrap.98130127.cdc4b019fb39.js:1
a @ apps_host-b2c-web-v3.bootstrap.98130127.cdc4b019fb39.js:1
(anonymous) @ apps_host-b2c-web-v3.bootstrap.98130127.cdc4b019fb39.js:1
(anonymous) @ apps_host-b2c-web-v3.bootstrap.98130127.cdc4b019fb39.js:1
loadResources @ apps_host-b2c-web-v3.bootstrap.98130127.cdc4b019fb39.js:1
(anonymous) @ apps_host-b2c-web-v3.bootstrap.98130127.cdc4b019fb39.js:1
(anonymous) @ apps_host-b2c-web-v3.bootstrap.98130127.cdc4b019fb39.js:1
(anonymous) @ apps_host-b2c-web-v3.bootstrap.98130127.cdc4b019fb39.js:1
ke @ apps_host-b2c-web-v3.bootstrap.98130127.cdc4b019fb39.js:1
a @ apps_host-b2c-web-v3.bootstrap.98130127.cdc4b019fb39.js:1
(anonymous) @ apps_host-b2c-web-v3.bootstrap.98130127.cdc4b019fb39.js:1
(anonymous) @ apps_host-b2c-web-v3.bootstrap.98130127.cdc4b019fb39.js:1
registerGame @ apps_host-b2c-web-v3.bootstrap.98130127.cdc4b019fb39.js:1
(anonymous) @ apps_host-b2c-web-v3.bootstrap.98130127.cdc4b019fb39.js:1
(anonymous) @ apps_host-b2c-web-v3.bootstrap.98130127.cdc4b019fb39.js:1
(anonymous) @ apps_host-b2c-web-v3.bootstrap.98130127.cdc4b019fb39.js:1
ke @ apps_host-b2c-web-v3.bootstrap.98130127.cdc4b019fb39.js:1
a @ apps_host-b2c-web-v3.bootstrap.98130127.cdc4b019fb39.js:1
(anonymous) @ apps_host-b2c-web-v3.bootstrap.98130127.cdc4b019fb39.js:1
(anonymous) @ apps_host-b2c-web-v3.bootstrap.98130127.cdc4b019fb39.js:1
beforeMount @ apps_host-b2c-web-v3.bootstrap.98130127.cdc4b019fb39.js:1
(anonymous) @ 13930271.13930271.c9282d663ee3.js:1
bn @ 13930271.13930271.c9282d663ee3.js:1
Sn @ 13930271.13930271.c9282d663ee3.js:1
Zo.t.__weh.t.__weh @ 13930271.13930271.c9282d663ee3.js:1
D @ 13930271.13930271.c9282d663ee3.js:1
l @ 13930271.13930271.c9282d663ee3.js:1
run @ 13930271.13930271.c9282d663ee3.js:1
V @ 13930271.13930271.c9282d663ee3.js:1
L @ 13930271.13930271.c9282d663ee3.js:1
I @ 13930271.13930271.c9282d663ee3.js:1
_ @ 13930271.13930271.c9282d663ee3.js:1
l @ 13930271.13930271.c9282d663ee3.js:1
run @ 13930271.13930271.c9282d663ee3.js:1
V @ 13930271.13930271.c9282d663ee3.js:1
L @ 13930271.13930271.c9282d663ee3.js:1
I @ 13930271.13930271.c9282d663ee3.js:1
_ @ 13930271.13930271.c9282d663ee3.js:1
R @ 13930271.13930271.c9282d663ee3.js:1
P @ 13930271.13930271.c9282d663ee3.js:1
_ @ 13930271.13930271.c9282d663ee3.js:1
R @ 13930271.13930271.c9282d663ee3.js:1
P @ 13930271.13930271.c9282d663ee3.js:1
_ @ 13930271.13930271.c9282d663ee3.js:1
R @ 13930271.13930271.c9282d663ee3.js:1
T @ 13930271.13930271.c9282d663ee3.js:1
x @ 13930271.13930271.c9282d663ee3.js:1
_ @ 13930271.13930271.c9282d663ee3.js:1
l @ 13930271.13930271.c9282d663ee3.js:1
run @ 13930271.13930271.c9282d663ee3.js:1
runIfDirty @ 13930271.13930271.c9282d663ee3.js:1
bn @ 13930271.13930271.c9282d663ee3.js:1
Un @ 13930271.13930271.c9282d663ee3.js:1
Promise.then
In @ 13930271.13930271.c9282d663ee3.js:1
Fn @ 13930271.13930271.c9282d663ee3.js:1
Us.a.scheduler @ 13930271.13930271.c9282d663ee3.js:1
d.scheduler @ 13930271.13930271.c9282d663ee3.js:1
trigger @ 13930271.13930271.c9282d663ee3.js:1
me @ 13930271.13930271.c9282d663ee3.js:1
notify @ 13930271.13930271.c9282d663ee3.js:1
trigger @ 13930271.13930271.c9282d663ee3.js:1
set value @ 13930271.13930271.c9282d663ee3.js:1
(anonymous) @ 8549619.8549619.caea39983e85.js:1
(anonymous) @ 8549619.8549619.caea39983e85.js:1
(anonymous) @ 8549619.8549619.caea39983e85.js:1
Ie @ 8549619.8549619.caea39983e85.js:1
a @ 8549619.8549619.caea39983e85.js:1
Promise.then
Ie @ 8549619.8549619.caea39983e85.js:1
a @ 8549619.8549619.caea39983e85.js:1
(anonymous) @ 8549619.8549619.caea39983e85.js:1
n @ 8549619.8549619.caea39983e85.js:1
(anonymous) @ 8549619.8549619.caea39983e85.js:1
(anonymous) @ apps_host-b2c-web-v3.bootstrap.98130127.cdc4b019fb39.js:1
(anonymous) @ apps_host-b2c-web-v3.bootstrap.98130127.cdc4b019fb39.js:1
(anonymous) @ apps_host-b2c-web-v3.bootstrap.98130127.cdc4b019fb39.js:1
ir @ apps_host-b2c-web-v3.bootstrap.98130127.cdc4b019fb39.js:1
a @ apps_host-b2c-web-v3.bootstrap.98130127.cdc4b019fb39.js:1
(anonymous) @ apps_host-b2c-web-v3.bootstrap.98130127.cdc4b019fb39.js:1
(anonymous) @ apps_host-b2c-web-v3.bootstrap.98130127.cdc4b019fb39.js:1
(anonymous) @ 13930271.13930271.c9282d663ee3.js:1
bn @ 13930271.13930271.c9282d663ee3.js:1
Sn @ 13930271.13930271.c9282d663ee3.js:1
Zo.t.__weh.t.__weh @ 13930271.13930271.c9282d663ee3.js:1
D @ 13930271.13930271.c9282d663ee3.js:1
l @ 13930271.13930271.c9282d663ee3.js:1
run @ 13930271.13930271.c9282d663ee3.js:1
V @ 13930271.13930271.c9282d663ee3.js:1
L @ 13930271.13930271.c9282d663ee3.js:1
I @ 13930271.13930271.c9282d663ee3.js:1
_ @ 13930271.13930271.c9282d663ee3.js:1
l @ 13930271.13930271.c9282d663ee3.js:1
run @ 13930271.13930271.c9282d663ee3.js:1
V @ 13930271.13930271.c9282d663ee3.js:1
L @ 13930271.13930271.c9282d663ee3.js:1
I @ 13930271.13930271.c9282d663ee3.js:1
_ @ 13930271.13930271.c9282d663ee3.js:1
X @ 13930271.13930271.c9282d663ee3.js:1
mount @ 13930271.13930271.c9282d663ee3.js:1
t.mount @ 13930271.13930271.c9282d663ee3.js:1
(anonymous) @ apps_host-b2c-web-v3.bootstrap.98130127.cdc4b019fb39.js:1
Promise.then
(anonymous) @ apps_host-b2c-web-v3.bootstrap.98130127.cdc4b019fb39.js:1
(anonymous) @ apps_host-b2c-web-v3.bootstrap.98130127.cdc4b019fb39.js:1
(anonymous) @ apps_host-b2c-web-v3.bootstrap.98130127.cdc4b019fb39.js:1
fr @ apps_host-b2c-web-v3.bootstrap.98130127.cdc4b019fb39.js:1
a @ apps_host-b2c-web-v3.bootstrap.98130127.cdc4b019fb39.js:1
Promise.then
fr @ apps_host-b2c-web-v3.bootstrap.98130127.cdc4b019fb39.js:1
a @ apps_host-b2c-web-v3.bootstrap.98130127.cdc4b019fb39.js:1
Promise.then
fr @ apps_host-b2c-web-v3.bootstrap.98130127.cdc4b019fb39.js:1
a @ apps_host-b2c-web-v3.bootstrap.98130127.cdc4b019fb39.js:1
(anonymous) @ apps_host-b2c-web-v3.bootstrap.98130127.cdc4b019fb39.js:1
t @ apps_host-b2c-web-v3.bootstrap.98130127.cdc4b019fb39.js:1
(anonymous) @ apps_host-b2c-web-v3.bootstrap.98130127.cdc4b019fb39.js:1
(anonymous) @ main.efbdb3f00ef7.js:1
Promise.then
58031907 @ main.efbdb3f00ef7.js:1
D @ main.efbdb3f00ef7.js:1
(anonymous) @ main.efbdb3f00ef7.js:1
(anonymous) @ main.efbdb3f00ef7.js:1
PendingScript
(anonymous) @ 62?ai=1298934245&co=25&cu=27&lg=fr&wh=55&ut=eyJhbGciOiJFUzI1NiIsImtpZCI6IjEiLCJ0eXAiOiJKV1QifQ.eyJzdWIiOiI1MC8xMjk4OTM0MjQ1IiwicGlkIjoiMjQyIiwianRpIjoiMC80ZjJlY2I4MmY1Njc0OTE3NTAwYzMxYmY4NTU2MWYwNGE4ODBlMjQ0YzBmMDFhYTBkMzAwNThmZTMwOWIzODg4IiwiYXBwIjoiTkEiLCJpbm5lciI6InRydWUiLCJuYmYiOjE3Njg3MTk4OTYsImV4cCI6MTc2ODczNDI5NiwiaWF0IjoxNzY4NzE5ODk2fQ.L4hB__rZv3wLgykFsoqrfBNQg4YbosKASh3bnxVqXw7APNEJ4Be47SExBg-9hBMylr8DNK_zCW-TFSLERvnQeQ&tzo=1:3
(anonymous) @ 62?ai=1298934245&co=25&cu=27&lg=fr&wh=55&ut=eyJhbGciOiJFUzI1NiIsImtpZCI6IjEiLCJ0eXAiOiJKV1QifQ.eyJzdWIiOiI1MC8xMjk4OTM0MjQ1IiwicGlkIjoiMjQyIiwianRpIjoiMC80ZjJlY2I4MmY1Njc0OTE3NTAwYzMxYmY4NTU2MWYwNGE4ODBlMjQ0YzBmMDFhYTBkMzAwNThmZTMwOWIzODg4IiwiYXBwIjoiTkEiLCJpbm5lciI6InRydWUiLCJuYmYiOjE3Njg3MTk4OTYsImV4cCI6MTc2ODczNDI5NiwiaWF0IjoxNzY4NzE5ODk2fQ.L4hB__rZv3wLgykFsoqrfBNQg4YbosKASh3bnxVqXw7APNEJ4Be47SExBg-9hBMylr8DNK_zCW-TFSLERvnQeQ&tzo=1:3
u @ 62?ai=1298934245&co=25&cu=27&lg=fr&wh=55&ut=eyJhbGciOiJFUzI1NiIsImtpZCI6IjEiLCJ0eXAiOiJKV1QifQ.eyJzdWIiOiI1MC8xMjk4OTM0MjQ1IiwicGlkIjoiMjQyIiwianRpIjoiMC80ZjJlY2I4MmY1Njc0OTE3NTAwYzMxYmY4NTU2MWYwNGE4ODBlMjQ0YzBmMDFhYTBkMzAwNThmZTMwOWIzODg4IiwiYXBwIjoiTkEiLCJpbm5lciI6InRydWUiLCJuYmYiOjE3Njg3MTk4OTYsImV4cCI6MTc2ODczNDI5NiwiaWF0IjoxNzY4NzE5ODk2fQ.L4hB__rZv3wLgykFsoqrfBNQg4YbosKASh3bnxVqXw7APNEJ4Be47SExBg-9hBMylr8DNK_zCW-TFSLERvnQeQ&tzo=1:3
onFailure @ 62?ai=1298934245&co=25&cu=27&lg=fr&wh=55&ut=eyJhbGciOiJFUzI1NiIsImtpZCI6IjEiLCJ0eXAiOiJKV1QifQ.eyJzdWIiOiI1MC8xMjk4OTM0MjQ1IiwicGlkIjoiMjQyIiwianRpIjoiMC80ZjJlY2I4MmY1Njc0OTE3NTAwYzMxYmY4NTU2MWYwNGE4ODBlMjQ0YzBmMDFhYTBkMzAwNThmZTMwOWIzODg4IiwiYXBwIjoiTkEiLCJpbm5lciI6InRydWUiLCJuYmYiOjE3Njg3MTk4OTYsImV4cCI6MTc2ODczNDI5NiwiaWF0IjoxNzY4NzE5ODk2fQ.L4hB__rZv3wLgykFsoqrfBNQg4YbosKASh3bnxVqXw7APNEJ4Be47SExBg-9hBMylr8DNK_zCW-TFSLERvnQeQ&tzo=1:3
u @ 62?ai=1298934245&co=25&cu=27&lg=fr&wh=55&ut=eyJhbGciOiJFUzI1NiIsImtpZCI6IjEiLCJ0eXAiOiJKV1QifQ.eyJzdWIiOiI1MC8xMjk4OTM0MjQ1IiwicGlkIjoiMjQyIiwianRpIjoiMC80ZjJlY2I4MmY1Njc0OTE3NTAwYzMxYmY4NTU2MWYwNGE4ODBlMjQ0YzBmMDFhYTBkMzAwNThmZTMwOWIzODg4IiwiYXBwIjoiTkEiLCJpbm5lciI6InRydWUiLCJuYmYiOjE3Njg3MTk4OTYsImV4cCI6MTc2ODczNDI5NiwiaWF0IjoxNzY4NzE5ODk2fQ.L4hB__rZv3wLgykFsoqrfBNQg4YbosKASh3bnxVqXw7APNEJ4Be47SExBg-9hBMylr8DNK_zCW-TFSLERvnQeQ&tzo=1:3
s.onerror @ 62?ai=1298934245&co=25&cu=27&lg=fr&wh=55&ut=eyJhbGciOiJFUzI1NiIsImtpZCI6IjEiLCJ0eXAiOiJKV1QifQ.eyJzdWIiOiI1MC8xMjk4OTM0MjQ1IiwicGlkIjoiMjQyIiwianRpIjoiMC80ZjJlY2I4MmY1Njc0OTE3NTAwYzMxYmY4NTU2MWYwNGE4ODBlMjQ0YzBmMDFhYTBkMzAwNThmZTMwOWIzODg4IiwiYXBwIjoiTkEiLCJpbm5lciI6InRydWUiLCJuYmYiOjE3Njg3MTk4OTYsImV4cCI6MTc2ODczNDI5NiwiaWF0IjoxNzY4NzE5ODk2fQ.L4hB__rZv3wLgykFsoqrfBNQg4YbosKASh3bnxVqXw7APNEJ4Be47SExBg-9hBMylr8DNK_zCW-TFSLERvnQeQ&tzo=1:3
XMLHttpRequest.send
(anonymous) @ 62?ai=1298934245&co=25&cu=27&lg=fr&wh=55&ut=eyJhbGciOiJFUzI1NiIsImtpZCI6IjEiLCJ0eXAiOiJKV1QifQ.eyJzdWIiOiI1MC8xMjk4OTM0MjQ1IiwicGlkIjoiMjQyIiwianRpIjoiMC80ZjJlY2I4MmY1Njc0OTE3NTAwYzMxYmY4NTU2MWYwNGE4ODBlMjQ0YzBmMDFhYTBkMzAwNThmZTMwOWIzODg4IiwiYXBwIjoiTkEiLCJpbm5lciI6InRydWUiLCJuYmYiOjE3Njg3MTk4OTYsImV4cCI6MTc2ODczNDI5NiwiaWF0IjoxNzY4NzE5ODk2fQ.L4hB__rZv3wLgykFsoqrfBNQg4YbosKASh3bnxVqXw7APNEJ4Be47SExBg-9hBMylr8DNK_zCW-TFSLERvnQeQ&tzo=1:3
onSuccess @ 62?ai=1298934245&co=25&cu=27&lg=fr&wh=55&ut=eyJhbGciOiJFUzI1NiIsImtpZCI6IjEiLCJ0eXAiOiJKV1QifQ.eyJzdWIiOiI1MC8xMjk4OTM0MjQ1IiwicGlkIjoiMjQyIiwianRpIjoiMC80ZjJlY2I4MmY1Njc0OTE3NTAwYzMxYmY4NTU2MWYwNGE4ODBlMjQ0YzBmMDFhYTBkMzAwNThmZTMwOWIzODg4IiwiYXBwIjoiTkEiLCJpbm5lciI6InRydWUiLCJuYmYiOjE3Njg3MTk4OTYsImV4cCI6MTc2ODczNDI5NiwiaWF0IjoxNzY4NzE5ODk2fQ.L4hB__rZv3wLgykFsoqrfBNQg4YbosKASh3bnxVqXw7APNEJ4Be47SExBg-9hBMylr8DNK_zCW-TFSLERvnQeQ&tzo=1:3
o.onload @ 62?ai=1298934245&co=25&cu=27&lg=fr&wh=55&ut=eyJhbGciOiJFUzI1NiIsImtpZCI6IjEiLCJ0eXAiOiJKV1QifQ.eyJzdWIiOiI1MC8xMjk4OTM0MjQ1IiwicGlkIjoiMjQyIiwianRpIjoiMC80ZjJlY2I4MmY1Njc0OTE3NTAwYzMxYmY4NTU2MWYwNGE4ODBlMjQ0YzBmMDFhYTBkMzAwNThmZTMwOWIzODg4IiwiYXBwIjoiTkEiLCJpbm5lciI6InRydWUiLCJuYmYiOjE3Njg3MTk4OTYsImV4cCI6MTc2ODczNDI5NiwiaWF0IjoxNzY4NzE5ODk2fQ.L4hB__rZv3wLgykFsoqrfBNQg4YbosKASh3bnxVqXw7APNEJ4Be47SExBg-9hBMylr8DNK_zCW-TFSLERvnQeQ&tzo=1:3
XMLHttpRequest.send
(anonymous) @ 62?ai=1298934245&co=25&cu=27&lg=fr&wh=55&ut=eyJhbGciOiJFUzI1NiIsImtpZCI6IjEiLCJ0eXAiOiJKV1QifQ.eyJzdWIiOiI1MC8xMjk4OTM0MjQ1IiwicGlkIjoiMjQyIiwianRpIjoiMC80ZjJlY2I4MmY1Njc0OTE3NTAwYzMxYmY4NTU2MWYwNGE4ODBlMjQ0YzBmMDFhYTBkMzAwNThmZTMwOWIzODg4IiwiYXBwIjoiTkEiLCJpbm5lciI6InRydWUiLCJuYmYiOjE3Njg3MTk4OTYsImV4cCI6MTc2ODczNDI5NiwiaWF0IjoxNzY4NzE5ODk2fQ.L4hB__rZv3wLgykFsoqrfBNQg4YbosKASh3bnxVqXw7APNEJ4Be47SExBg-9hBMylr8DNK_zCW-TFSLERvnQeQ&tzo=1:3
(anonymous) @ 62?ai=1298934245&co=25&cu=27&lg=fr&wh=55&ut=eyJhbGciOiJFUzI1NiIsImtpZCI6IjEiLCJ0eXAiOiJKV1QifQ.eyJzdWIiOiI1MC8xMjk4OTM0MjQ1IiwicGlkIjoiMjQyIiwianRpIjoiMC80ZjJlY2I4MmY1Njc0OTE3NTAwYzMxYmY4NTU2MWYwNGE4ODBlMjQ0YzBmMDFhYTBkMzAwNThmZTMwOWIzODg4IiwiYXBwIjoiTkEiLCJpbm5lciI6InRydWUiLCJuYmYiOjE3Njg3MTk4OTYsImV4cCI6MTc2ODczNDI5NiwiaWF0IjoxNzY4NzE5ODk2fQ.L4hB__rZv3wLgykFsoqrfBNQg4YbosKASh3bnxVqXw7APNEJ4Be47SExBg-9hBMylr8DNK_zCW-TFSLERvnQeQ&tzo=1:3
(anonymous) @ 62?ai=1298934245&co=25&cu=27&lg=fr&wh=55&ut=eyJhbGciOiJFUzI1NiIsImtpZCI6IjEiLCJ0eXAiOiJKV1QifQ.eyJzdWIiOiI1MC8xMjk4OTM0MjQ1IiwicGlkIjoiMjQyIiwianRpIjoiMC80ZjJlY2I4MmY1Njc0OTE3NTAwYzMxYmY4NTU2MWYwNGE4ODBlMjQ0YzBmMDFhYTBkMzAwNThmZTMwOWIzODg4IiwiYXBwIjoiTkEiLCJpbm5lciI6InRydWUiLCJuYmYiOjE3Njg3MTk4OTYsImV4cCI6MTc2ODczNDI5NiwiaWF0IjoxNzY4NzE5ODk2fQ.L4hB__rZv3wLgykFsoqrfBNQg4YbosKASh3bnxVqXw7APNEJ4Be47SExBg-9hBMylr8DNK_zCW-TFSLERvnQeQ&tzo=1:3
67107808.67107808.d882e062f7a5.js:1 PixiJS Deprecation Warning: utils.rgb2hex is deprecated, use Color#toNumber insteadDeprecated since v7.2.0
// 'this' is the Application instance. Save it globally.
window.__pixiApp = this;
console.log("🎉 APPLICATION CAPTURED!", window.__pixiApp);
// Remove the breakpoint and resume
debugger; // This line is just for you to read - don't type it.
VM3890:3 🎉 APPLICATION CAPTURED! Window {window: Window, self: Window, document: document, name: '', location: Location, …}
undefined
// Try to capture the application by finding it on the window object
let capturedApp = null;
const possibleNames = ['app', 'application', 'game', 'pixiApp', 'thimblesApp', 'Te', 'ke'];

for (const name of possibleNames) {
    try {
        if (window[name] && window[name].stage && window[name].renderer) {
            capturedApp = window[name];
            console.log(`✅ Found app as window.${name}`);
            break;
        }
    } catch(e) {}
}

// If not found directly, search through all window properties
if (!capturedApp) {
    for (const key in window) {
        try {
            const obj = window[key];
            if (obj && obj.stage && obj.renderer && obj.ticker) {
                capturedApp = obj;
                console.log(`✅ Found app as window.${key}`);
                break;
            }
        } catch(e) {}
    }
}

if (capturedApp) {
    window.__pixiApp = capturedApp;
    console.log('🎉 Application captured!', window.__pixiApp);
} else {
    console.log('❌ No app found in global scope. Trying canvas method...');
}
VM3903:33 ❌ No app found in global scope. Trying canvas method...
undefined
const canvas = document.querySelector('canvas.thimbles__canvas');
let app = null;

// Check all properties of the canvas
for (const key in canvas) {
    try {
        const value = canvas[key];
        if (value && value.stage && value.renderer) {
            app = value;
            console.log(`✅ Found app attached to canvas.${key}`);
            break;
        }
    } catch(e) {}
}

if (app) {
    window.__pixiApp = app;
    console.log('🎉 Application captured via canvas!', window.__pixiApp);
} else {
    console.log('❌ App not on canvas. Trying last resort...');
}
VM3907:20 ❌ App not on canvas. Trying last resort...
undefined
// First, let's get a reference to the Application class (Te)
// We know from the code that 'Te' is defined in that bundle
// Try to evaluate it in the context of the bundle
const appClass = eval('Te'); // or eval('ke')

if (appClass && typeof appClass === 'function') {
    console.log('✅ Got Application class:', appClass);
    
    // Create a minimal config matching your canvas size
    const testApp = new appClass({
        width: 588,
        height: 919,
        backgroundAlpha: 0 // Transparent so we don't interfere
    });
    
    console.log('🧪 Test application created:', testApp);
    console.log('📐 Stage structure:', testApp.stage);
    console.log('🎨 Renderer type:', testApp.renderer.type);
    
    window.__testApp = testApp;
} else {
    console.log('❌ Could not access Te/ke class directly');
}
VM3912:1 Uncaught ReferenceError: Te is not defined
    at eval (eval at <anonymous> (62?ai=1298934245&co=25&cu=27&lg=fr&wh=55&ut=eyJhbGciOiJFUzI1NiIsImtpZCI6IjEiLCJ0eXAiOiJKV1QifQ.eyJz…:4:18), <anonymous>:1:1)
    at <anonymous>:4:18
eval @ VM3912:1
(anonymous) @ VM3911:4
