// Install the enhanced hook
enhancedEmitHook();

console.log(`
===========================================
🎯 ENHANCED INTERCEPTION READY
===========================================
The hook will now:
1. Show which cup you chose
2. Search for winning cup data in real-time
3. Show the game's win/lose verdict
4. DEDUCE winning cups if you lose

Play a round and choose ANY cup!
===========================================
`);
VM395:58 ✅ Enhanced emit hook installed!
VM395:138 
===========================================
🎯 ENHANCED INTERCEPTION READY
===========================================
The hook will now:
1. Show which cup you chose
2. Search for winning cup data in real-time
3. Show the game's win/lose verdict
4. DEDUCE winning cups if you lose

Play a round and choose ANY cup!
===========================================

undefined

VM395:14 🎯 ULTIMATE INTERCEPT: onSelectThimble
VM395:18 🖱️ Player chose: Cup 2 (LEFT)
VM395:21 🔍 Freezing game state to search for winning cups...
VM395:125 Uncaught TypeError: obj.hasOwnProperty is not a function
    at deepSearch (<anonymous>:125:21)
    at deepSearch (<anonymous>:126:17)
    at captureWinningCupData (<anonymous>:131:5)
    at game.emit (<anonymous>:22:36)
    at t.value (Thimbles.Desktop.23684509.503e94b72c6f.js:1:22463)
    at t.value (63925496.63925496.0e7e6ef6c607.js:1:756069)
    at t.value (63925496.63925496.0e7e6ef6c607.js:1:746887)
    at t.value (63925496.63925496.0e7e6ef6c607.js:1:743837)
    at t.value (63925496.63925496.0e7e6ef6c607.js:1:743001)
    at t.value (63925496.63925496.0e7e6ef6c607.js:1:747011)
deepSearch @ VM395:125
deepSearch @ VM395:126
captureWinningCupData @ VM395:131
game.emit @ VM395:22
value @ Thimbles.Desktop.23684509.503e94b72c6f.js:1
value @ 63925496.63925496.0e7e6ef6c607.js:1
value @ 63925496.63925496.0e7e6ef6c607.js:1
value @ 63925496.63925496.0e7e6ef6c607.js:1
value @ 63925496.63925496.0e7e6ef6c607.js:1
value @ 63925496.63925496.0e7e6ef6c607.js:1
value @ 63925496.63925496.0e7e6ef6c607.js:1
value @ 63925496.63925496.0e7e6ef6c607.js:1
14687768.14687768.ceeffc82bbe4.js:1  GET https://localhost:3443/games-frame/service-api/games-feed/Jackpot/GetJackpotInfoByCur?language=fr&whence=55&currencyId=27 504 (Gateway Timeout)
(anonymous) @ 14687768.14687768.ceeffc82bbe4.js:1
xhr @ 14687768.14687768.ceeffc82bbe4.js:1
(anonymous) @ 47257778.47257778.4f4d2da96735.js:1
ft @ 14687768.14687768.ceeffc82bbe4.js:1
Promise.then
_request @ 14687768.14687768.ceeffc82bbe4.js:1
request @ 14687768.14687768.ceeffc82bbe4.js:1
(anonymous) @ 14687768.14687768.ceeffc82bbe4.js:1
(anonymous) @ 14687768.14687768.ceeffc82bbe4.js:1
(anonymous) @ apps_host-b2c-web-v3.bootstrap.98130127.37091db67037.js:1
(anonymous) @ apps_host-b2c-web-v3.bootstrap.98130127.37091db67037.js:1
(anonymous) @ apps_host-b2c-web-v3.bootstrap.98130127.37091db67037.js:1
s @ apps_host-b2c-web-v3.bootstrap.98130127.37091db67037.js:1
a @ apps_host-b2c-web-v3.bootstrap.98130127.37091db67037.js:1
(anonymous) @ apps_host-b2c-web-v3.bootstrap.98130127.37091db67037.js:1
(anonymous) @ apps_host-b2c-web-v3.bootstrap.98130127.37091db67037.js:1
getJackpot @ apps_host-b2c-web-v3.bootstrap.98130127.37091db67037.js:1
(anonymous) @ 5693519.5693519.5f2e6e7cab2e.js:1
(anonymous) @ 5693519.5693519.5f2e6e7cab2e.js:1
(anonymous) @ 5693519.5693519.5f2e6e7cab2e.js:1
(anonymous) @ 5693519.5693519.5f2e6e7cab2e.js:1
(anonymous) @ apps_host-b2c-web-v3.bootstrap.98130127.37091db67037.js:1

examineThimbleEvent();
VM548:3 🔍 onSelectThimble Event Object Analysis:
VM548:4 Full object: o {context: e, once: false, fn: ƒ}
VM548:5 Function (fn): ƒ (e){var n=this;return dt(mt().m(function r(){var o,i;return mt().w(function(r){for(;;)switch(r.p=r.n){case 0:return n.selectedThimbleId=e,r.p=1,r.n=2,n.makePostRequest("MakeAction",{AN:n.actionNumber…
VM548:6 Context: e {_events: n, _eventsCount: 1, preferredTextureResolution: 1, app: e, device: e, …}
VM548:7 Function source (first 300 chars): function () { [native code] }
VM548:10 
🎯 Attempting to analyze function closure...
VM548:24 ✅ Installed direct function interceptor
undefined
