62?co=25&cu=27&lg=en&wh=55&tzo=1:3  GET https://gamscdn.com/web-v3/version.json net::ERR_CERT_COMMON_NAME_INVALID
(anonymous) @ 62?co=25&cu=27&lg=en&wh=55&tzo=1:3
onSuccess @ 62?co=25&cu=27&lg=en&wh=55&tzo=1:3
o.onload @ 62?co=25&cu=27&lg=en&wh=55&tzo=1:3
XMLHttpRequest.send
(anonymous) @ 62?co=25&cu=27&lg=en&wh=55&tzo=1:3
(anonymous) @ 62?co=25&cu=27&lg=en&wh=55&tzo=1:3
(anonymous) @ 62?co=25&cu=27&lg=en&wh=55&tzo=1:3
63925496.63925496.b05e9dbac0a1.js:1 PixiJS Deprecation Warning: renderer.plugins.interaction has been deprecated, use renderer.eventsDeprecated since v7.0.0
63925496.63925496.b05e9dbac0a1.js:1 [Assets] Asset id https://localhost/games-frame/mfs/game-thimbles/common.manifest.6fc7d90bc807.json was not found in the Cache
value @ 63925496.63925496.b05e9dbac0a1.js:1
value @ 63925496.63925496.b05e9dbac0a1.js:1
(anonymous) @ 76396570.76396570.8d0f8db10fa5.js:1
(anonymous) @ 76396570.76396570.8d0f8db10fa5.js:1
(anonymous) @ 76396570.76396570.8d0f8db10fa5.js:1
g @ 76396570.76396570.8d0f8db10fa5.js:1
a @ 76396570.76396570.8d0f8db10fa5.js:1
(anonymous) @ 76396570.76396570.8d0f8db10fa5.js:1
(anonymous) @ 76396570.76396570.8d0f8db10fa5.js:1
c.value @ 76396570.76396570.8d0f8db10fa5.js:1
(anonymous) @ 76396570.76396570.8d0f8db10fa5.js:1
(anonymous) @ 76396570.76396570.8d0f8db10fa5.js:1
(anonymous) @ 76396570.76396570.8d0f8db10fa5.js:1
g @ 76396570.76396570.8d0f8db10fa5.js:1
a @ 76396570.76396570.8d0f8db10fa5.js:1
Promise.then
g @ 76396570.76396570.8d0f8db10fa5.js:1
a @ 76396570.76396570.8d0f8db10fa5.js:1
(anonymous) @ 76396570.76396570.8d0f8db10fa5.js:1
(anonymous) @ 76396570.76396570.8d0f8db10fa5.js:1
c.value @ 76396570.76396570.8d0f8db10fa5.js:1
(anonymous) @ 63925496.63925496.b05e9dbac0a1.js:1
(anonymous) @ 63925496.63925496.b05e9dbac0a1.js:1
(anonymous) @ 63925496.63925496.b05e9dbac0a1.js:1
F @ 63925496.63925496.b05e9dbac0a1.js:1
a @ 63925496.63925496.b05e9dbac0a1.js:1
Promise.then
F @ 63925496.63925496.b05e9dbac0a1.js:1
a @ 63925496.63925496.b05e9dbac0a1.js:1
(anonymous) @ 63925496.63925496.b05e9dbac0a1.js:1
o @ 63925496.63925496.b05e9dbac0a1.js:1
z.value @ 63925496.63925496.b05e9dbac0a1.js:1
(anonymous) @ 67826302.67826302.8f8a7a6aa504.js:1
initApp @ 67826302.67826302.8f8a7a6aa504.js:1
(anonymous) @ 67826302.67826302.8f8a7a6aa504.js:1
(anonymous) @ 67826302.67826302.8f8a7a6aa504.js:1
(anonymous) @ 67826302.67826302.8f8a7a6aa504.js:1
dt @ 67826302.67826302.8f8a7a6aa504.js:1
a @ 67826302.67826302.8f8a7a6aa504.js:1
(anonymous) @ 67826302.67826302.8f8a7a6aa504.js:1
(anonymous) @ 67826302.67826302.8f8a7a6aa504.js:1
mounted @ 67826302.67826302.8f8a7a6aa504.js:1
(anonymous) @ 13930271.13930271.c9282d663ee3.js:1
bn @ 13930271.13930271.c9282d663ee3.js:1
Sn @ 13930271.13930271.c9282d663ee3.js:1
Zo.t.__weh.t.__weh @ 13930271.13930271.c9282d663ee3.js:1
Dn @ 13930271.13930271.c9282d663ee3.js:1
Un @ 13930271.13930271.c9282d663ee3.js:1
Promise.then
In @ 13930271.13930271.c9282d663ee3.js:1
Fn @ 13930271.13930271.c9282d663ee3.js:1
V.c.scheduler @ 13930271.13930271.c9282d663ee3.js:1
trigger @ 13930271.13930271.c9282d663ee3.js:1
me @ 13930271.13930271.c9282d663ee3.js:1
Ue @ 13930271.13930271.c9282d663ee3.js:1
set @ 13930271.13930271.c9282d663ee3.js:1
set @ 13930271.13930271.c9282d663ee3.js:1
(anonymous) @ apps_host-b2c-web-v3.bootstrap.98130127.e94225250429.js:1
(anonymous) @ apps_host-b2c-web-v3.bootstrap.98130127.e94225250429.js:1
(anonymous) @ apps_host-b2c-web-v3.bootstrap.98130127.e94225250429.js:1
Ge @ apps_host-b2c-web-v3.bootstrap.98130127.e94225250429.js:1
a @ apps_host-b2c-web-v3.bootstrap.98130127.e94225250429.js:1
Promise.then
Ge @ apps_host-b2c-web-v3.bootstrap.98130127.e94225250429.js:1
a @ apps_host-b2c-web-v3.bootstrap.98130127.e94225250429.js:1
(anonymous) @ apps_host-b2c-web-v3.bootstrap.98130127.e94225250429.js:1
(anonymous) @ apps_host-b2c-web-v3.bootstrap.98130127.e94225250429.js:1
(anonymous) @ apps_host-b2c-web-v3.bootstrap.98130127.e94225250429.js:1
(anonymous) @ apps_host-b2c-web-v3.bootstrap.98130127.e94225250429.js:1
(anonymous) @ apps_host-b2c-web-v3.bootstrap.98130127.e94225250429.js:1
(anonymous) @ apps_host-b2c-web-v3.bootstrap.98130127.e94225250429.js:1
Ge @ apps_host-b2c-web-v3.bootstrap.98130127.e94225250429.js:1
a @ apps_host-b2c-web-v3.bootstrap.98130127.e94225250429.js:1
(anonymous) @ apps_host-b2c-web-v3.bootstrap.98130127.e94225250429.js:1
(anonymous) @ apps_host-b2c-web-v3.bootstrap.98130127.e94225250429.js:1
mountComponents @ apps_host-b2c-web-v3.bootstrap.98130127.e94225250429.js:1
(anonymous) @ apps_host-b2c-web-v3.bootstrap.98130127.e94225250429.js:1
(anonymous) @ apps_host-b2c-web-v3.bootstrap.98130127.e94225250429.js:1
(anonymous) @ apps_host-b2c-web-v3.bootstrap.98130127.e94225250429.js:1
Ge @ apps_host-b2c-web-v3.bootstrap.98130127.e94225250429.js:1
a @ apps_host-b2c-web-v3.bootstrap.98130127.e94225250429.js:1
Promise.then
Ge @ apps_host-b2c-web-v3.bootstrap.98130127.e94225250429.js:1
a @ apps_host-b2c-web-v3.bootstrap.98130127.e94225250429.js:1
Promise.then
Ge @ apps_host-b2c-web-v3.bootstrap.98130127.e94225250429.js:1
a @ apps_host-b2c-web-v3.bootstrap.98130127.e94225250429.js:1
Promise.then
Ge @ apps_host-b2c-web-v3.bootstrap.98130127.e94225250429.js:1
a @ apps_host-b2c-web-v3.bootstrap.98130127.e94225250429.js:1
Promise.then
Ge @ apps_host-b2c-web-v3.bootstrap.98130127.e94225250429.js:1
a @ apps_host-b2c-web-v3.bootstrap.98130127.e94225250429.js:1
(anonymous) @ apps_host-b2c-web-v3.bootstrap.98130127.e94225250429.js:1
(anonymous) @ apps_host-b2c-web-v3.bootstrap.98130127.e94225250429.js:1
loadResources @ apps_host-b2c-web-v3.bootstrap.98130127.e94225250429.js:1
(anonymous) @ apps_host-b2c-web-v3.bootstrap.98130127.e94225250429.js:1
(anonymous) @ apps_host-b2c-web-v3.bootstrap.98130127.e94225250429.js:1
(anonymous) @ apps_host-b2c-web-v3.bootstrap.98130127.e94225250429.js:1
Ge @ apps_host-b2c-web-v3.bootstrap.98130127.e94225250429.js:1
a @ apps_host-b2c-web-v3.bootstrap.98130127.e94225250429.js:1
(anonymous) @ apps_host-b2c-web-v3.bootstrap.98130127.e94225250429.js:1
(anonymous) @ apps_host-b2c-web-v3.bootstrap.98130127.e94225250429.js:1
registerGame @ apps_host-b2c-web-v3.bootstrap.98130127.e94225250429.js:1
(anonymous) @ apps_host-b2c-web-v3.bootstrap.98130127.e94225250429.js:1
(anonymous) @ apps_host-b2c-web-v3.bootstrap.98130127.e94225250429.js:1
(anonymous) @ apps_host-b2c-web-v3.bootstrap.98130127.e94225250429.js:1
Ge @ apps_host-b2c-web-v3.bootstrap.98130127.e94225250429.js:1
a @ apps_host-b2c-web-v3.bootstrap.98130127.e94225250429.js:1
(anonymous) @ apps_host-b2c-web-v3.bootstrap.98130127.e94225250429.js:1
(anonymous) @ apps_host-b2c-web-v3.bootstrap.98130127.e94225250429.js:1
beforeMount @ apps_host-b2c-web-v3.bootstrap.98130127.e94225250429.js:1
(anonymous) @ 13930271.13930271.c9282d663ee3.js:1
bn @ 13930271.13930271.c9282d663ee3.js:1
Sn @ 13930271.13930271.c9282d663ee3.js:1
Zo.t.__weh.t.__weh @ 13930271.13930271.c9282d663ee3.js:1
D @ 13930271.13930271.c9282d663ee3.js:1
l @ 13930271.13930271.c9282d663ee3.js:1
run @ 13930271.13930271.c9282d663ee3.js:1
V @ 13930271.13930271.c9282d663ee3.js:1
L @ 13930271.13930271.c9282d663ee3.js:1
I @ 13930271.13930271.c9282d663ee3.js:1
_ @ 13930271.13930271.c9282d663ee3.js:1
l @ 13930271.13930271.c9282d663ee3.js:1
run @ 13930271.13930271.c9282d663ee3.js:1
V @ 13930271.13930271.c9282d663ee3.js:1
L @ 13930271.13930271.c9282d663ee3.js:1
I @ 13930271.13930271.c9282d663ee3.js:1
_ @ 13930271.13930271.c9282d663ee3.js:1
R @ 13930271.13930271.c9282d663ee3.js:1
P @ 13930271.13930271.c9282d663ee3.js:1
_ @ 13930271.13930271.c9282d663ee3.js:1
R @ 13930271.13930271.c9282d663ee3.js:1
P @ 13930271.13930271.c9282d663ee3.js:1
_ @ 13930271.13930271.c9282d663ee3.js:1
R @ 13930271.13930271.c9282d663ee3.js:1
T @ 13930271.13930271.c9282d663ee3.js:1
x @ 13930271.13930271.c9282d663ee3.js:1
_ @ 13930271.13930271.c9282d663ee3.js:1
l @ 13930271.13930271.c9282d663ee3.js:1
run @ 13930271.13930271.c9282d663ee3.js:1
runIfDirty @ 13930271.13930271.c9282d663ee3.js:1
bn @ 13930271.13930271.c9282d663ee3.js:1
Un @ 13930271.13930271.c9282d663ee3.js:1
Promise.then
In @ 13930271.13930271.c9282d663ee3.js:1
Fn @ 13930271.13930271.c9282d663ee3.js:1
Us.a.scheduler @ 13930271.13930271.c9282d663ee3.js:1
d.scheduler @ 13930271.13930271.c9282d663ee3.js:1
trigger @ 13930271.13930271.c9282d663ee3.js:1
me @ 13930271.13930271.c9282d663ee3.js:1
notify @ 13930271.13930271.c9282d663ee3.js:1
trigger @ 13930271.13930271.c9282d663ee3.js:1
set value @ 13930271.13930271.c9282d663ee3.js:1
(anonymous) @ 8549619.8549619.caea39983e85.js:1
(anonymous) @ 8549619.8549619.caea39983e85.js:1
(anonymous) @ 8549619.8549619.caea39983e85.js:1
Ie @ 8549619.8549619.caea39983e85.js:1
a @ 8549619.8549619.caea39983e85.js:1
Promise.then
Ie @ 8549619.8549619.caea39983e85.js:1
a @ 8549619.8549619.caea39983e85.js:1
(anonymous) @ 8549619.8549619.caea39983e85.js:1
n @ 8549619.8549619.caea39983e85.js:1
(anonymous) @ 8549619.8549619.caea39983e85.js:1
(anonymous) @ apps_host-b2c-web-v3.bootstrap.98130127.e94225250429.js:1
(anonymous) @ apps_host-b2c-web-v3.bootstrap.98130127.e94225250429.js:1
(anonymous) @ apps_host-b2c-web-v3.bootstrap.98130127.e94225250429.js:1
or @ apps_host-b2c-web-v3.bootstrap.98130127.e94225250429.js:1
a @ apps_host-b2c-web-v3.bootstrap.98130127.e94225250429.js:1
(anonymous) @ apps_host-b2c-web-v3.bootstrap.98130127.e94225250429.js:1
(anonymous) @ apps_host-b2c-web-v3.bootstrap.98130127.e94225250429.js:1
(anonymous) @ 13930271.13930271.c9282d663ee3.js:1
bn @ 13930271.13930271.c9282d663ee3.js:1
Sn @ 13930271.13930271.c9282d663ee3.js:1
Zo.t.__weh.t.__weh @ 13930271.13930271.c9282d663ee3.js:1
D @ 13930271.13930271.c9282d663ee3.js:1
l @ 13930271.13930271.c9282d663ee3.js:1
run @ 13930271.13930271.c9282d663ee3.js:1
V @ 13930271.13930271.c9282d663ee3.js:1
L @ 13930271.13930271.c9282d663ee3.js:1
I @ 13930271.13930271.c9282d663ee3.js:1
_ @ 13930271.13930271.c9282d663ee3.js:1
l @ 13930271.13930271.c9282d663ee3.js:1
run @ 13930271.13930271.c9282d663ee3.js:1
V @ 13930271.13930271.c9282d663ee3.js:1
L @ 13930271.13930271.c9282d663ee3.js:1
I @ 13930271.13930271.c9282d663ee3.js:1
_ @ 13930271.13930271.c9282d663ee3.js:1
X @ 13930271.13930271.c9282d663ee3.js:1
mount @ 13930271.13930271.c9282d663ee3.js:1
t.mount @ 13930271.13930271.c9282d663ee3.js:1
(anonymous) @ apps_host-b2c-web-v3.bootstrap.98130127.e94225250429.js:1
Promise.then
(anonymous) @ apps_host-b2c-web-v3.bootstrap.98130127.e94225250429.js:1
(anonymous) @ apps_host-b2c-web-v3.bootstrap.98130127.e94225250429.js:1
(anonymous) @ apps_host-b2c-web-v3.bootstrap.98130127.e94225250429.js:1
lr @ apps_host-b2c-web-v3.bootstrap.98130127.e94225250429.js:1
a @ apps_host-b2c-web-v3.bootstrap.98130127.e94225250429.js:1
Promise.then
lr @ apps_host-b2c-web-v3.bootstrap.98130127.e94225250429.js:1
a @ apps_host-b2c-web-v3.bootstrap.98130127.e94225250429.js:1
Promise.then
lr @ apps_host-b2c-web-v3.bootstrap.98130127.e94225250429.js:1
a @ apps_host-b2c-web-v3.bootstrap.98130127.e94225250429.js:1
(anonymous) @ apps_host-b2c-web-v3.bootstrap.98130127.e94225250429.js:1
t @ apps_host-b2c-web-v3.bootstrap.98130127.e94225250429.js:1
(anonymous) @ apps_host-b2c-web-v3.bootstrap.98130127.e94225250429.js:1
(anonymous) @ main.8bfb9cc540ee.js:1
Promise.then
58031907 @ main.8bfb9cc540ee.js:1
D @ main.8bfb9cc540ee.js:1
(anonymous) @ main.8bfb9cc540ee.js:1
(anonymous) @ main.8bfb9cc540ee.js:1
63925496.63925496.b05e9dbac0a1.js:1 [Assets] Asset id https://localhost/games-frame/mfs/game-thimbles/desktop.manifest.65c4b08b0376.json was not found in the Cache
value @ 63925496.63925496.b05e9dbac0a1.js:1
value @ 63925496.63925496.b05e9dbac0a1.js:1
(anonymous) @ 76396570.76396570.8d0f8db10fa5.js:1
(anonymous) @ 76396570.76396570.8d0f8db10fa5.js:1
(anonymous) @ 76396570.76396570.8d0f8db10fa5.js:1
g @ 76396570.76396570.8d0f8db10fa5.js:1
a @ 76396570.76396570.8d0f8db10fa5.js:1
(anonymous) @ 76396570.76396570.8d0f8db10fa5.js:1
(anonymous) @ 76396570.76396570.8d0f8db10fa5.js:1
c.value @ 76396570.76396570.8d0f8db10fa5.js:1
(anonymous) @ 76396570.76396570.8d0f8db10fa5.js:1
(anonymous) @ 76396570.76396570.8d0f8db10fa5.js:1
(anonymous) @ 76396570.76396570.8d0f8db10fa5.js:1
g @ 76396570.76396570.8d0f8db10fa5.js:1
a @ 76396570.76396570.8d0f8db10fa5.js:1
Promise.then
g @ 76396570.76396570.8d0f8db10fa5.js:1
a @ 76396570.76396570.8d0f8db10fa5.js:1
(anonymous) @ 76396570.76396570.8d0f8db10fa5.js:1
(anonymous) @ 76396570.76396570.8d0f8db10fa5.js:1
c.value @ 76396570.76396570.8d0f8db10fa5.js:1
(anonymous) @ 63925496.63925496.b05e9dbac0a1.js:1
(anonymous) @ 63925496.63925496.b05e9dbac0a1.js:1
(anonymous) @ 63925496.63925496.b05e9dbac0a1.js:1
F @ 63925496.63925496.b05e9dbac0a1.js:1
a @ 63925496.63925496.b05e9dbac0a1.js:1
Promise.then
F @ 63925496.63925496.b05e9dbac0a1.js:1
a @ 63925496.63925496.b05e9dbac0a1.js:1
(anonymous) @ 63925496.63925496.b05e9dbac0a1.js:1
o @ 63925496.63925496.b05e9dbac0a1.js:1
z.value @ 63925496.63925496.b05e9dbac0a1.js:1
(anonymous) @ 67826302.67826302.8f8a7a6aa504.js:1
initApp @ 67826302.67826302.8f8a7a6aa504.js:1
(anonymous) @ 67826302.67826302.8f8a7a6aa504.js:1
(anonymous) @ 67826302.67826302.8f8a7a6aa504.js:1
(anonymous) @ 67826302.67826302.8f8a7a6aa504.js:1
dt @ 67826302.67826302.8f8a7a6aa504.js:1
a @ 67826302.67826302.8f8a7a6aa504.js:1
(anonymous) @ 67826302.67826302.8f8a7a6aa504.js:1
(anonymous) @ 67826302.67826302.8f8a7a6aa504.js:1
mounted @ 67826302.67826302.8f8a7a6aa504.js:1
(anonymous) @ 13930271.13930271.c9282d663ee3.js:1
bn @ 13930271.13930271.c9282d663ee3.js:1
Sn @ 13930271.13930271.c9282d663ee3.js:1
Zo.t.__weh.t.__weh @ 13930271.13930271.c9282d663ee3.js:1
Dn @ 13930271.13930271.c9282d663ee3.js:1
Un @ 13930271.13930271.c9282d663ee3.js:1
Promise.then
In @ 13930271.13930271.c9282d663ee3.js:1
Fn @ 13930271.13930271.c9282d663ee3.js:1
V.c.scheduler @ 13930271.13930271.c9282d663ee3.js:1
trigger @ 13930271.13930271.c9282d663ee3.js:1
me @ 13930271.13930271.c9282d663ee3.js:1
Ue @ 13930271.13930271.c9282d663ee3.js:1
set @ 13930271.13930271.c9282d663ee3.js:1
set @ 13930271.13930271.c9282d663ee3.js:1
(anonymous) @ apps_host-b2c-web-v3.bootstrap.98130127.e94225250429.js:1
(anonymous) @ apps_host-b2c-web-v3.bootstrap.98130127.e94225250429.js:1
(anonymous) @ apps_host-b2c-web-v3.bootstrap.98130127.e94225250429.js:1
Ge @ apps_host-b2c-web-v3.bootstrap.98130127.e94225250429.js:1
a @ apps_host-b2c-web-v3.bootstrap.98130127.e94225250429.js:1
Promise.then
Ge @ apps_host-b2c-web-v3.bootstrap.98130127.e94225250429.js:1
a @ apps_host-b2c-web-v3.bootstrap.98130127.e94225250429.js:1
(anonymous) @ apps_host-b2c-web-v3.bootstrap.98130127.e94225250429.js:1
(anonymous) @ apps_host-b2c-web-v3.bootstrap.98130127.e94225250429.js:1
(anonymous) @ apps_host-b2c-web-v3.bootstrap.98130127.e94225250429.js:1
(anonymous) @ apps_host-b2c-web-v3.bootstrap.98130127.e94225250429.js:1
(anonymous) @ apps_host-b2c-web-v3.bootstrap.98130127.e94225250429.js:1
(anonymous) @ apps_host-b2c-web-v3.bootstrap.98130127.e94225250429.js:1
Ge @ apps_host-b2c-web-v3.bootstrap.98130127.e94225250429.js:1
a @ apps_host-b2c-web-v3.bootstrap.98130127.e94225250429.js:1
(anonymous) @ apps_host-b2c-web-v3.bootstrap.98130127.e94225250429.js:1
(anonymous) @ apps_host-b2c-web-v3.bootstrap.98130127.e94225250429.js:1
mountComponents @ apps_host-b2c-web-v3.bootstrap.98130127.e94225250429.js:1
(anonymous) @ apps_host-b2c-web-v3.bootstrap.98130127.e94225250429.js:1
(anonymous) @ apps_host-b2c-web-v3.bootstrap.98130127.e94225250429.js:1
(anonymous) @ apps_host-b2c-web-v3.bootstrap.98130127.e94225250429.js:1
Ge @ apps_host-b2c-web-v3.bootstrap.98130127.e94225250429.js:1
a @ apps_host-b2c-web-v3.bootstrap.98130127.e94225250429.js:1
Promise.then
Ge @ apps_host-b2c-web-v3.bootstrap.98130127.e94225250429.js:1
a @ apps_host-b2c-web-v3.bootstrap.98130127.e94225250429.js:1
Promise.then
Ge @ apps_host-b2c-web-v3.bootstrap.98130127.e94225250429.js:1
a @ apps_host-b2c-web-v3.bootstrap.98130127.e94225250429.js:1
Promise.then
Ge @ apps_host-b2c-web-v3.bootstrap.98130127.e94225250429.js:1
a @ apps_host-b2c-web-v3.bootstrap.98130127.e94225250429.js:1
Promise.then
Ge @ apps_host-b2c-web-v3.bootstrap.98130127.e94225250429.js:1
a @ apps_host-b2c-web-v3.bootstrap.98130127.e94225250429.js:1
(anonymous) @ apps_host-b2c-web-v3.bootstrap.98130127.e94225250429.js:1
(anonymous) @ apps_host-b2c-web-v3.bootstrap.98130127.e94225250429.js:1
loadResources @ apps_host-b2c-web-v3.bootstrap.98130127.e94225250429.js:1
(anonymous) @ apps_host-b2c-web-v3.bootstrap.98130127.e94225250429.js:1
(anonymous) @ apps_host-b2c-web-v3.bootstrap.98130127.e94225250429.js:1
(anonymous) @ apps_host-b2c-web-v3.bootstrap.98130127.e94225250429.js:1
Ge @ apps_host-b2c-web-v3.bootstrap.98130127.e94225250429.js:1
a @ apps_host-b2c-web-v3.bootstrap.98130127.e94225250429.js:1
(anonymous) @ apps_host-b2c-web-v3.bootstrap.98130127.e94225250429.js:1
(anonymous) @ apps_host-b2c-web-v3.bootstrap.98130127.e94225250429.js:1
registerGame @ apps_host-b2c-web-v3.bootstrap.98130127.e94225250429.js:1
(anonymous) @ apps_host-b2c-web-v3.bootstrap.98130127.e94225250429.js:1
(anonymous) @ apps_host-b2c-web-v3.bootstrap.98130127.e94225250429.js:1
(anonymous) @ apps_host-b2c-web-v3.bootstrap.98130127.e94225250429.js:1
Ge @ apps_host-b2c-web-v3.bootstrap.98130127.e94225250429.js:1
a @ apps_host-b2c-web-v3.bootstrap.98130127.e94225250429.js:1
(anonymous) @ apps_host-b2c-web-v3.bootstrap.98130127.e94225250429.js:1
(anonymous) @ apps_host-b2c-web-v3.bootstrap.98130127.e94225250429.js:1
beforeMount @ apps_host-b2c-web-v3.bootstrap.98130127.e94225250429.js:1
(anonymous) @ 13930271.13930271.c9282d663ee3.js:1
bn @ 13930271.13930271.c9282d663ee3.js:1
Sn @ 13930271.13930271.c9282d663ee3.js:1
Zo.t.__weh.t.__weh @ 13930271.13930271.c9282d663ee3.js:1
D @ 13930271.13930271.c9282d663ee3.js:1
l @ 13930271.13930271.c9282d663ee3.js:1
run @ 13930271.13930271.c9282d663ee3.js:1
V @ 13930271.13930271.c9282d663ee3.js:1
L @ 13930271.13930271.c9282d663ee3.js:1
I @ 13930271.13930271.c9282d663ee3.js:1
_ @ 13930271.13930271.c9282d663ee3.js:1
l @ 13930271.13930271.c9282d663ee3.js:1
run @ 13930271.13930271.c9282d663ee3.js:1
V @ 13930271.13930271.c9282d663ee3.js:1
L @ 13930271.13930271.c9282d663ee3.js:1
I @ 13930271.13930271.c9282d663ee3.js:1
_ @ 13930271.13930271.c9282d663ee3.js:1
R @ 13930271.13930271.c9282d663ee3.js:1
P @ 13930271.13930271.c9282d663ee3.js:1
_ @ 13930271.13930271.c9282d663ee3.js:1
R @ 13930271.13930271.c9282d663ee3.js:1
P @ 13930271.13930271.c9282d663ee3.js:1
_ @ 13930271.13930271.c9282d663ee3.js:1
R @ 13930271.13930271.c9282d663ee3.js:1
T @ 13930271.13930271.c9282d663ee3.js:1
x @ 13930271.13930271.c9282d663ee3.js:1
_ @ 13930271.13930271.c9282d663ee3.js:1
l @ 13930271.13930271.c9282d663ee3.js:1
run @ 13930271.13930271.c9282d663ee3.js:1
runIfDirty @ 13930271.13930271.c9282d663ee3.js:1
bn @ 13930271.13930271.c9282d663ee3.js:1
Un @ 13930271.13930271.c9282d663ee3.js:1
Promise.then
In @ 13930271.13930271.c9282d663ee3.js:1
Fn @ 13930271.13930271.c9282d663ee3.js:1
Us.a.scheduler @ 13930271.13930271.c9282d663ee3.js:1
d.scheduler @ 13930271.13930271.c9282d663ee3.js:1
trigger @ 13930271.13930271.c9282d663ee3.js:1
me @ 13930271.13930271.c9282d663ee3.js:1
notify @ 13930271.13930271.c9282d663ee3.js:1
trigger @ 13930271.13930271.c9282d663ee3.js:1
set value @ 13930271.13930271.c9282d663ee3.js:1
(anonymous) @ 8549619.8549619.caea39983e85.js:1
(anonymous) @ 8549619.8549619.caea39983e85.js:1
(anonymous) @ 8549619.8549619.caea39983e85.js:1
Ie @ 8549619.8549619.caea39983e85.js:1
a @ 8549619.8549619.caea39983e85.js:1
Promise.then
Ie @ 8549619.8549619.caea39983e85.js:1
a @ 8549619.8549619.caea39983e85.js:1
(anonymous) @ 8549619.8549619.caea39983e85.js:1
n @ 8549619.8549619.caea39983e85.js:1
(anonymous) @ 8549619.8549619.caea39983e85.js:1
(anonymous) @ apps_host-b2c-web-v3.bootstrap.98130127.e94225250429.js:1
(anonymous) @ apps_host-b2c-web-v3.bootstrap.98130127.e94225250429.js:1
(anonymous) @ apps_host-b2c-web-v3.bootstrap.98130127.e94225250429.js:1
or @ apps_host-b2c-web-v3.bootstrap.98130127.e94225250429.js:1
a @ apps_host-b2c-web-v3.bootstrap.98130127.e94225250429.js:1
(anonymous) @ apps_host-b2c-web-v3.bootstrap.98130127.e94225250429.js:1
(anonymous) @ apps_host-b2c-web-v3.bootstrap.98130127.e94225250429.js:1
(anonymous) @ 13930271.13930271.c9282d663ee3.js:1
bn @ 13930271.13930271.c9282d663ee3.js:1
Sn @ 13930271.13930271.c9282d663ee3.js:1
Zo.t.__weh.t.__weh @ 13930271.13930271.c9282d663ee3.js:1
D @ 13930271.13930271.c9282d663ee3.js:1
l @ 13930271.13930271.c9282d663ee3.js:1
run @ 13930271.13930271.c9282d663ee3.js:1
V @ 13930271.13930271.c9282d663ee3.js:1
L @ 13930271.13930271.c9282d663ee3.js:1
I @ 13930271.13930271.c9282d663ee3.js:1
_ @ 13930271.13930271.c9282d663ee3.js:1
l @ 13930271.13930271.c9282d663ee3.js:1
run @ 13930271.13930271.c9282d663ee3.js:1
V @ 13930271.13930271.c9282d663ee3.js:1
L @ 13930271.13930271.c9282d663ee3.js:1
I @ 13930271.13930271.c9282d663ee3.js:1
_ @ 13930271.13930271.c9282d663ee3.js:1
X @ 13930271.13930271.c9282d663ee3.js:1
mount @ 13930271.13930271.c9282d663ee3.js:1
t.mount @ 13930271.13930271.c9282d663ee3.js:1
(anonymous) @ apps_host-b2c-web-v3.bootstrap.98130127.e94225250429.js:1
Promise.then
(anonymous) @ apps_host-b2c-web-v3.bootstrap.98130127.e94225250429.js:1
(anonymous) @ apps_host-b2c-web-v3.bootstrap.98130127.e94225250429.js:1
(anonymous) @ apps_host-b2c-web-v3.bootstrap.98130127.e94225250429.js:1
lr @ apps_host-b2c-web-v3.bootstrap.98130127.e94225250429.js:1
a @ apps_host-b2c-web-v3.bootstrap.98130127.e94225250429.js:1
Promise.then
lr @ apps_host-b2c-web-v3.bootstrap.98130127.e94225250429.js:1
a @ apps_host-b2c-web-v3.bootstrap.98130127.e94225250429.js:1
Promise.then
lr @ apps_host-b2c-web-v3.bootstrap.98130127.e94225250429.js:1
a @ apps_host-b2c-web-v3.bootstrap.98130127.e94225250429.js:1
(anonymous) @ apps_host-b2c-web-v3.bootstrap.98130127.e94225250429.js:1
t @ apps_host-b2c-web-v3.bootstrap.98130127.e94225250429.js:1
(anonymous) @ apps_host-b2c-web-v3.bootstrap.98130127.e94225250429.js:1
(anonymous) @ main.8bfb9cc540ee.js:1
Promise.then
58031907 @ main.8bfb9cc540ee.js:1
D @ main.8bfb9cc540ee.js:1
(anonymous) @ main.8bfb9cc540ee.js:1
(anonymous) @ main.8bfb9cc540ee.js:1
63925496.63925496.b05e9dbac0a1.js:1 PixiJS Deprecation Warning: utils.rgb2hex is deprecated, use Color#toNumber insteadDeprecated since v7.2.0
// PASTE THIS IN CONSOLE to analyze your animation:
(()=>{const c=document.querySelector('canvas.thimbles__canvas');if(!c)return console.log('❌ Thimbles canvas not found');const gl=c.getContext('webgl2')||c.getContext('webgl');console.log('🔍 ANALYSIS RESULTS:');console.log('- Canvas:',c.className,c.width+'x'+c.height);console.log('- WebGL:',gl?`${gl.constructor.name} (preserveDrawingBuffer: ${gl.getContextAttributes().preserveDrawingBuffer})`:'No context');const frames=new Set();for(let i=0;i<10;i++)setTimeout(()=>{try{const f=document.createElement('canvas');f.width=c.width;f.height=c.height;const ctx=f.getContext('2d');ctx.drawImage(c,0,0);const p=ctx.getImageData(50,50,1,1).data;frames.add(`${p[0]},${p[1]},${p[2]}`);if(i===9){console.log('- Unique frames (10 samples):',frames.size,frames.size<3?'🔄 LOOPING':'🎮 DYNAMIC');console.log('- Recommendation:',frames.size<3?'This is a LOADING SCREEN. Start the game for real animations.':'This is GAMEPLAY animation. Capture now!')}}catch(e){}},i*200)})()
VM9864:2 🔍 ANALYSIS RESULTS:
VM9864:2 - Canvas: thimbles__canvas 849x919
VM9864:2 - WebGL: WebGL2RenderingContext (preserveDrawingBuffer: false)
undefined
VM9864:2 - Unique frames (10 samples): 1 🔄 LOOPING
VM9864:2 - Recommendation: This is a LOADING SCREEN. Start the game for real animations.
// UNITY-SPECIFIC CAPTURE - PASTE IN CONSOLE:
javascript:(function(){const canvas=document.querySelector('canvas.thimbles__canvas');if(!canvas)return alert('Canvas not found');const originalGetContext=HTMLCanvasElement.prototype.getContext;let capturedFrames=[];HTMLCanvasElement.prototype.getContext=function(type,options){if(type&&type.includes('webgl')){const newOptions=Object.assign({},options,{preserveDrawingBuffer:true});console.log('🔧 Overriding WebGL context to enable capture');const ctx=originalGetContext.call(this,type,newOptions);if(ctx){const originalSwap=ctx.swapBuffers;ctx.swapBuffers=function(){try{const tempCanvas=document.createElement('canvas');tempCanvas.width=canvas.width;tempCanvas.height=canvas.height;const tempCtx=tempCanvas.getContext('2d');tempCtx.drawImage(canvas,0,0);const pixel=tempCtx.getImageData(50,50,1,1).data;if(pixel[0]>10||pixel[1]>10||pixel[2]>10){capturedFrames.push(tempCanvas);console.log('📸 Frame captured:',capturedFrames.length)}}catch(e){}return originalSwap.call(this)};}return ctx;}return originalGetContext.call(this,type,options);};console.log('🎬 Unity capture activated. Animation will now be captured.');setTimeout(()=>{if(capturedFrames.length>0){console.log(`💾 Exporting ${capturedFrames.length} frames...`);capturedFrames.forEach((frame,i)=>{const link=document.createElement('a');link.href=frame.toDataURL('image/png');link.download=`thimbles-frame-${i}.png`;link.click()})}else{console.log('❌ No frames captured. Try starting the game.')}},3000);})()
VM9868:2 🎬 Unity capture activated. Animation will now be captured.
undefined
VM9868:2 ❌ No frames captured. Try starting the game.
// 1. Check WebGL state
const canvas = document.querySelector('canvas.thimbles__canvas');
const gl = canvas.getContext('webgl2') || canvas.getContext('webgl');
console.log('preserveDrawingBuffer:', gl.getContextAttributes().preserveDrawingBuffer);
VM9868:2 🔧 Overriding WebGL context to enable capture
VM9872:4 preserveDrawingBuffer: false
undefined
// 2. Check for Unity instance
console.log('Unity instance exists:', !!window.unityInstance);
VM9876:2 Unity instance exists: false
undefined
// 3. Check animation loop
let frameCount = 0;
const observer = new MutationObserver(() => frameCount++);
observer.observe(canvas, { attributes: true });
setTimeout(() => {
  console.log('Frames in 2 seconds:', frameCount);
  observer.disconnect();
}, 2000);
137
VM9880:6 Frames in 2 seconds: 0
// 4. Check if it's loading vs gameplay
const testPixel = () => {
  const temp = document.createElement('canvas');
  temp.width = canvas.width;
  temp.height = canvas.height;
  const ctx = temp.getContext('2d');
  ctx.drawImage(canvas, 0, 0);
  const pixel = ctx.getImageData(50, 50, 1, 1).data;
  console.log('Current pixel (R,G,B):', pixel[0], pixel[1], pixel[2]);
};
setInterval(testPixel, 1000);
140
VM9884:9 Current pixel (R,G,B): 0 0 0
VM9884:9 Current pixel (R,G,B): 0 0 0
VM9884:9 Current pixel (R,G,B): 0 0 0
VM9884:9 Current pixel (R,G,B): 0 0 0
VM9884:9 Current pixel (R,G,B): 0 0 0
VM9884:9 Current pixel (R,G,B): 0 0 0
VM9884:9 Current pixel (R,G,B): 0 0 0
VM9884:9 Current pixel (R,G,B): 0 0 0
VM9884:9 Current pixel (R,G,B): 0 0 0
VM9884:9 Current pixel (R,G,B): 0 0 0
VM9884:9 Current pixel (R,G,B): 0 0 0
