VM477:5 Type of interactiveSlots: object
VM477:6 interactiveSlots length: 3
VM477:7 interactiveSlots constructor: Array
VM477:10 First interactiveSlot: t {darkColor: null, attachment: e, attachmentState: 757, sequenceIndex: -1, deform: Array(0), …}
VM477:11 Keys of first slot: (13) ['darkColor', 'attachment', 'attachmentState', 'sequenceIndex', 'deform', 'data', 'bone', 'color', 'blendMode', 'meshes', 'currentMesh', 'currentMeshId', 'currentMeshName']
VM477:15 
--- Slot 0 ---
VM477:15 
--- Slot 1 ---
VM477:15 
--- Slot 2 ---
VM477:42 
=== Thimbles.game property ===
VM477:44 Type of thimbles.game: object
VM477:45 Keys: (15) ['_events', '_eventsCount', 'preferredTextureResolution', 'app', 'device', 'loader', 'sceneParser', 'audioManager', 'isGameReady', 'spineStorage', 'resultPopup', 'background', 'thimbles', 'light', 'info']
VM477:62 
=== State Candidates Details ===
VM477:65 
Candidate 0: "device"
VM477:66 Object: e {_events: n, _eventsCount: 0, _currentDevice: 'desktop', _currentValueLandscape: false, view: body.app-stage.notranslate.webp-support.app-stage--2375.app-stage--v3}
VM477:65 
Candidate 1: "audioManager"
VM477:66 Object: e {sounds: Map(0), _mute: false, isGlobalPauseState: false, _locked: true, pauseSounds: Array(0), …}
VM477:107 
=== Checking for Game Mode ===
undefined
