VM1270:51 ✅ Ball tracking STARTED. Now start a mix!
333
VM1270:43 🎯 Found 2 ball(s) in skeleton: (2) [{…}, {…}]
VM1270:43 🎯 Found 2 ball(s) in skeleton: (2) [{…}, {…}]
VM1270:43 🎯 Found 2 ball(s) in skeleton: (2) [{…}, {…}]
VM1270:43 🎯 Found 2 ball(s) in skeleton: (2) [{…}, {…}]
VM1270:43 🎯 Found 2 ball(s) in skeleton: (2) [{…}, {…}]
VM1270:43 🎯 Found 2 ball(s) in skeleton: (2) [{…}, {…}]
VM1270:43 🎯 Found 2 ball(s) in skeleton: (2) [{…}, {…}]
VM1270:43 🎯 Found 2 ball(s) in skeleton: (2) [{…}, {…}]
VM1270:43 🎯 Found 2 ball(s) in skeleton: (2) [{…}, {…}]
VM1270:43 🎯 Found 2 ball(s) in skeleton: (2) [{…}, {…}]
VM1270:43 🎯 Found 2 ball(s) in skeleton: (2) [{…}, {…}]
VM1270:43 🎯 Found 2 ball(s) in skeleton: (2) [{…}, {…}]
VM1270:43 🎯 Found 2 ball(s) in skeleton: (2) [{…}, {…}]
VM1270:43 🎯 Found 2 ball(s) in skeleton: (2) [{…}, {…}]
VM1270:58 🛑 Ball tracking STOPPED.
VM1270:59 Captured states: (14) [{…}, {…}, {…}, {…}, {…}, {…}, {…}, {…}, {…}, {…}, {…}, {…}, {…}, {…}]
VM1270:67 
=== ANALYSIS ===
VM1270:80 No ball attachments found in tracks.
VM1270:91 Found balls in skeleton slots: (28) [{…}, {…}, {…}, {…}, {…}, {…}, {…}, {…}, {…}, {…}, {…}, {…}, {…}, {…}, {…}, {…}, {…}, {…}, {…}, {…}, {…}, {…}, {…}, {…}, {…}, {…}, {…}, {…}]
VM869:8 Cup 0: attachmentState changed from 57121 to 140202
VM869:13 🎯 POSSIBLE BALL DETECTED in Cup 0! State code: 140202
VM869:8 Cup 1: attachmentState changed from 57121 to 140202
VM869:13 🎯 POSSIBLE BALL DETECTED in Cup 1! State code: 140202
VM869:8 Cup 2: attachmentState changed from 57121 to 140202
VM869:13 🎯 POSSIBLE BALL DETECTED in Cup 2! State code: 140202
VM869:8 Cup 0: attachmentState changed from 140202 to 140204
VM869:13 🎯 POSSIBLE BALL DETECTED in Cup 0! State code: 140204
VM869:8 Cup 1: attachmentState changed from 140202 to 140204
VM869:13 🎯 POSSIBLE BALL DETECTED in Cup 1! State code: 140204
VM869:8 Cup 2: attachmentState changed from 140202 to 140204
VM869:13 🎯 POSSIBLE BALL DETECTED in Cup 2! State code: 140204
VM869:8 Cup 0: attachmentState changed from 140204 to 140206
VM869:13 🎯 POSSIBLE BALL DETECTED in Cup 0! State code: 140206
VM869:8 Cup 1: attachmentState changed from 140204 to 140206
VM869:13 🎯 POSSIBLE BALL DETECTED in Cup 1! State code: 140206
VM869:8 Cup 2: attachmentState changed from 140204 to 140206
VM869:13 🎯 POSSIBLE BALL DETECTED in Cup 2! State code: 140206
VM869:8 Cup 0: attachmentState changed from 140206 to 140208
VM869:13 🎯 POSSIBLE BALL DETECTED in Cup 0! State code: 140208
VM869:8 Cup 1: attachmentState changed from 140206 to 140208
VM869:13 🎯 POSSIBLE BALL DETECTED in Cup 1! State code: 140208
VM869:8 Cup 2: attachmentState changed from 140206 to 140208
VM869:13 🎯 POSSIBLE BALL DETECTED in Cup 2! State code: 140208
VM869:8 Cup 0: attachmentState changed from 140208 to 140210
VM869:13 🎯 POSSIBLE BALL DETECTED in Cup 0! State code: 140210
VM869:8 Cup 1: attachmentState changed from 140208 to 140210
VM869:13 🎯 POSSIBLE BALL DETECTED in Cup 1! State code: 140210
VM869:8 Cup 2: attachmentState changed from 140208 to 140210
VM869:13 🎯 POSSIBLE BALL DETECTED in Cup 2! State code: 140210
VM869:8 Cup 0: attachmentState changed from 140210 to 140212
VM869:13 🎯 POSSIBLE BALL DETECTED in Cup 0! State code: 140212
VM869:8 Cup 1: attachmentState changed from 140210 to 140212
VM869:13 🎯 POSSIBLE BALL DETECTED in Cup 1! State code: 140212
VM869:8 Cup 2: attachmentState changed from 140210 to 140212
VM869:13 🎯 POSSIBLE BALL DETECTED in Cup 2! State code: 140212
 Cup 0: attachmentState changed from 140212 to 140214
 🎯 POSSIBLE BALL DETECTED in Cup 0! State code: 140214
 Cup 1: attachmentState changed from 140212 to 140214
 🎯 POSSIBLE BALL DETECTED in Cup 1! State code: 140214
 Cup 2: attachmentState changed from 140212 to 140214
VM869:13 🎯 POSSIBLE BALL DETECTED in Cup 2! State code: 140214
VM869:8 Cup 0: attachmentState changed from 140214 to 140216
VM869:13 🎯 POSSIBLE BALL DETECTED in Cup 0! State code: 140216
VM869:8 Cup 1: attachmentState changed from 140214 to 140216
VM869:13 🎯 POSSIBLE BALL DETECTED in Cup 1! State code: 140216
VM869:8 Cup 2: attachmentState changed from 140214 to 140216
VM869:13 🎯 POSSIBLE BALL DETECTED in Cup 2! State code: 140216
VM869:8 Cup 0: attachmentState changed from 140216 to 140218
VM869:13 🎯 POSSIBLE BALL DETECTED in Cup 0! State code: 140218
VM869:8 Cup 1: attachmentState changed from 140216 to 140218
VM869:13 🎯 POSSIBLE BALL DETECTED in Cup 1! State code: 140218
VM869:8 Cup 2: attachmentState changed from 140216 to 140218
VM869:13 🎯 POSSIBLE BALL DETECTED in Cup 2! State code: 140218
VM869:8 Cup 0: attachmentState changed from 140218 to 140220
VM869:13 🎯 POSSIBLE BALL DETECTED in Cup 0! State code: 140220
VM869:8 Cup 1: attachmentState changed from 140218 to 140220
VM869:13 🎯 POSSIBLE BALL DETECTED in Cup 1! State code: 140220
VM869:8 Cup 2: attachmentState changed from 140218 to 140220
VM869:13 🎯 POSSIBLE BALL DETECTED in Cup 2! State code: 140220
VM869:8 Cup 0: attachmentState changed from 140220 to 140222
VM869:13 🎯 POSSIBLE BALL DETECTED in Cup 0! State code: 140222
VM869:8 Cup 1: attachmentState changed from 140220 to 140222
VM869:13 🎯 POSSIBLE BALL DETECTED in Cup 1! State code: 140222
VM869:8 Cup 2: attachmentState changed from 140220 to 140222
VM869:13 🎯 POSSIBLE BALL DETECTED in Cup 2! State code: 140222
VM869:8 Cup 0: attachmentState changed from 140222 to 140224
VM869:13 🎯 POSSIBLE BALL DETECTED in Cup 0! State code: 140224
VM869:8 Cup 1: attachmentState changed from 140222 to 140224
VM869:13 🎯 POSSIBLE BALL DETECTED in Cup 1! State code: 140224
VM869:8 Cup 2: attachmentState changed from 140222 to 140224
VM869:13 🎯 POSSIBLE BALL DETECTED in Cup 2! State code: 140224
VM869:8 Cup 0: attachmentState changed from 140224 to 140226
VM869:13 🎯 POSSIBLE BALL DETECTED in Cup 0! State code: 140226
VM869:8 Cup 1: attachmentState changed from 140224 to 140226
VM869:13 🎯 POSSIBLE BALL DETECTED in Cup 1! State code: 140226
VM869:8 Cup 2: attachmentState changed from 140224 to 140226
VM869:13 🎯 POSSIBLE BALL DETECTED in Cup 2! State code: 140226
VM869:8 Cup 0: attachmentState changed from 140226 to 140228
VM869:13 🎯 POSSIBLE BALL DETECTED in Cup 0! State code: 140228
VM869:8 Cup 1: attachmentState changed from 140226 to 140228
VM869:13 🎯 POSSIBLE BALL DETECTED in Cup 1! State code: 140228
VM869:8 Cup 2: attachmentState changed from 140226 to 140228
VM869:13 🎯 POSSIBLE BALL DETECTED in Cup 2! State code: 140228
VM869:8 Cup 0: attachmentState changed from 140228 to 140230
VM869:13 🎯 POSSIBLE BALL DETECTED in Cup 0! State code: 140230
VM869:8 Cup 1: attachmentState changed from 140228 to 140230
VM869:13 🎯 POSSIBLE BALL DETECTED in Cup 1! State code: 140230
VM869:8 Cup 2: attachmentState changed from 140228 to 140230
VM869:13 🎯 POSSIBLE BALL DETECTED in Cup 2! State code: 140230
VM869:8 Cup 0: attachmentState changed from 140230 to 140232
VM869:13 🎯 POSSIBLE BALL DETECTED in Cup 0! State code: 140232
VM869:8 Cup 1: attachmentState changed from 140230 to 140232
VM869:13 🎯 POSSIBLE BALL DETECTED in Cup 1! State code: 140232
VM869:8 Cup 2: attachmentState changed from 140230 to 140232
VM869:13 🎯 POSSIBLE BALL DETECTED in Cup 2! State code: 140232
VM869:8 Cup 0: attachmentState changed from 140232 to 140234
VM869:13 🎯 POSSIBLE BALL DETECTED in Cup 0! State code: 140234
VM869:8 Cup 1: attachmentState changed from 140232 to 140234
VM869:13 🎯 POSSIBLE BALL DETECTED in Cup 1! State code: 140234
VM869:8 Cup 2: attachmentState changed from 140232 to 140234
VM869:13 🎯 POSSIBLE BALL DETECTED in Cup 2! State code: 140234
VM869:8 Cup 0: attachmentState changed from 140234 to 140236
VM869:13 🎯 POSSIBLE BALL DETECTED in Cup 0! State code: 140236
VM869:8 Cup 1: attachmentState changed from 140234 to 140236
VM869:13 🎯 POSSIBLE BALL DETECTED in Cup 1! State code: 140236
VM869:8 Cup 2: attachmentState changed from 140234 to 140236
VM869:13 🎯 POSSIBLE BALL DETECTED in Cup 2! State code: 140236
VM869:8 Cup 0: attachmentState changed from 140236 to 140238
VM869:13 🎯 POSSIBLE BALL DETECTED in Cup 0! State code: 140238
VM869:8 Cup 1: attachmentState changed from 140236 to 140238
VM869:13 🎯 POSSIBLE BALL DETECTED in Cup 1! State code: 140238
VM869:8 Cup 2: attachmentState changed from 140236 to 140238
VM869:13 🎯 POSSIBLE BALL DETECTED in Cup 2! State code: 140238
 Cup 0: attachmentState changed from 140238 to 140240
 🎯 POSSIBLE BALL DETECTED in Cup 0! State code: 140240
 Cup 1: attachmentState changed from 140238 to 140240
 🎯 POSSIBLE BALL DETECTED in Cup 1! State code: 140240
 Cup 2: attachmentState changed from 140238 to 140240
 🎯 POSSIBLE BALL DETECTED in Cup 2! State code: 140240
 Cup 0: attachmentState changed from 140240 to 140242
 🎯 POSSIBLE BALL DETECTED in Cup 0! State code: 140242
 Cup 1: attachmentState changed from 140240 to 140242
 🎯 POSSIBLE BALL DETECTED in Cup 1! State code: 140242
 Cup 2: attachmentState changed from 140240 to 140242
 🎯 POSSIBLE BALL DETECTED in Cup 2! State code: 140242
 Cup 0: attachmentState changed from 140242 to 140244
 🎯 POSSIBLE BALL DETECTED in Cup 0! State code: 140244
 Cup 1: attachmentState changed from 140242 to 140244
 🎯 POSSIBLE BALL DETECTED in Cup 1! State code: 140244
 Cup 2: attachmentState changed from 140242 to 140244
 🎯 POSSIBLE BALL DETECTED in Cup 2! State code: 140244
 Cup 0: attachmentState changed from 140244 to 140246
 🎯 POSSIBLE BALL DETECTED in Cup 0! State code: 140246
 Cup 1: attachmentState changed from 140244 to 140246
 🎯 POSSIBLE BALL DETECTED in Cup 1! State code: 140246
 Cup 2: attachmentState changed from 140244 to 140246
 🎯 POSSIBLE BALL DETECTED in Cup 2! State code: 140246
 Cup 0: attachmentState changed from 140246 to 140248
 🎯 POSSIBLE BALL DETECTED in Cup 0! State code: 140248
 Cup 1: attachmentState changed from 140246 to 140248
 🎯 POSSIBLE BALL DETECTED in Cup 1! State code: 140248
 Cup 2: attachmentState changed from 140246 to 140248
VM869:13 🎯 POSSIBLE BALL DETECTED in Cup 2! State code: 140248
VM869:8 Cup 0: attachmentState changed from 140248 to 140250
VM869:13 🎯 POSSIBLE BALL DETECTED in Cup 0! State code: 140250
VM869:8 Cup 1: attachmentState changed from 140248 to 140250
VM869:13 🎯 POSSIBLE BALL DETECTED in Cup 1! State code: 140250
VM869:8 Cup 2: attachmentState changed from 140248 to 140250
VM869:13 🎯 POSSIBLE BALL DETECTED in Cup 2! State code: 140250
VM869:8 Cup 0: attachmentState changed from 140250 to 140252
VM869:13 🎯 POSSIBLE BALL DETECTED in Cup 0! State code: 140252
VM869:8 Cup 1: attachmentState changed from 140250 to 140252
VM869:13 🎯 POSSIBLE BALL DETECTED in Cup 1! State code: 140252
VM869:8 Cup 2: attachmentState changed from 140250 to 140252
VM869:13 🎯 POSSIBLE BALL DETECTED in Cup 2! State code: 140252
VM869:8 Cup 0: attachmentState changed from 140252 to 140254
VM869:13 🎯 POSSIBLE BALL DETECTED in Cup 0! State code: 140254
VM869:8 Cup 1: attachmentState changed from 140252 to 140254
VM869:13 🎯 POSSIBLE BALL DETECTED in Cup 1! State code: 140254
VM869:8 Cup 2: attachmentState changed from 140252 to 140254
VM869:13 🎯 POSSIBLE BALL DETECTED in Cup 2! State code: 140254
VM869:8 Cup 0: attachmentState changed from 140254 to 140256
VM869:13 🎯 POSSIBLE BALL DETECTED in Cup 0! State code: 140256
VM869:8 Cup 1: attachmentState changed from 140254 to 140256
VM869:13 🎯 POSSIBLE BALL DETECTED in Cup 1! State code: 140256
VM869:8 Cup 2: attachmentState changed from 140254 to 140256
VM869:13 🎯 POSSIBLE BALL DETECTED in Cup 2! State code: 140256
VM869:8 Cup 0: attachmentState changed from 140256 to 140258
VM869:13 🎯 POSSIBLE BALL DETECTED in Cup 0! State code: 140258
VM869:8 Cup 1: attachmentState changed from 140256 to 140258
VM869:13 🎯 POSSIBLE BALL DETECTED in Cup 1! State code: 140258
VM869:8 Cup 2: attachmentState changed from 140256 to 140258
VM869:13 🎯 POSSIBLE BALL DETECTED in Cup 2! State code: 140258
VM869:8 Cup 0: attachmentState changed from 140258 to 140260
VM869:13 🎯 POSSIBLE BALL DETECTED in Cup 0! State code: 140260
VM869:8 Cup 1: attachmentState changed from 140258 to 140260
VM869:13 🎯 POSSIBLE BALL DETECTED in Cup 1! State code: 140260
VM869:8 Cup 2: attachmentState changed from 140258 to 140260
VM869:13 🎯 POSSIBLE BALL DETECTED in Cup 2! State code: 140260
 Cup 0: attachmentState changed from 140260 to 140262
 🎯 POSSIBLE BALL DETECTED in Cup 0! State code: 140262
 Cup 1: attachmentState changed from 140260 to 140262
 🎯 POSSIBLE BALL DETECTED in Cup 1! State code: 140262
 Cup 2: attachmentState changed from 140260 to 140262
VM869:13 🎯 POSSIBLE BALL DETECTED in Cup 2! State code: 140262
VM869:8 Cup 0: attachmentState changed from 140262 to 140264
VM869:13 🎯 POSSIBLE BALL DETECTED in Cup 0! State code: 140264
VM869:8 Cup 1: attachmentState changed from 140262 to 140264
VM869:13 🎯 POSSIBLE BALL DETECTED in Cup 1! State code: 140264
VM869:8 Cup 2: attachmentState changed from 140262 to 140264
VM869:13 🎯 POSSIBLE BALL DETECTED in Cup 2! State code: 140264
VM869:8 Cup 0: attachmentState changed from 140264 to 140266
VM869:13 🎯 POSSIBLE BALL DETECTED in Cup 0! State code: 140266
VM869:8 Cup 1: attachmentState changed from 140264 to 140266
VM869:13 🎯 POSSIBLE BALL DETECTED in Cup 1! State code: 140266
VM869:8 Cup 2: attachmentState changed from 140264 to 140266
VM869:13 🎯 POSSIBLE BALL DETECTED in Cup 2! State code: 140266
VM869:8 Cup 0: attachmentState changed from 140266 to 140268
VM869:13 🎯 POSSIBLE BALL DETECTED in Cup 0! State code: 140268
VM869:8 Cup 1: attachmentState changed from 140266 to 140268
VM869:13 🎯 POSSIBLE BALL DETECTED in Cup 1! State code: 140268
VM869:8 Cup 2: attachmentState changed from 140266 to 140268
VM869:13 🎯 POSSIBLE BALL DETECTED in Cup 2! State code: 140268
VM869:8 Cup 0: attachmentState changed from 140268 to 140270
VM869:13 🎯 POSSIBLE BALL DETECTED in Cup 0! State code: 140270
VM869:8 Cup 1: attachmentState changed from 140268 to 140270
VM869:13 🎯 POSSIBLE BALL DETECTED in Cup 1! State code: 140270
VM869:8 Cup 2: attachmentState changed from 140268 to 140270
VM869:13 🎯 POSSIBLE BALL DETECTED in Cup 2! State code: 140270
VM869:8 Cup 0: attachmentState changed from 140270 to 140272
VM869:13 🎯 POSSIBLE BALL DETECTED in Cup 0! State code: 140272
VM869:8 Cup 1: attachmentState changed from 140270 to 140272
VM869:13 🎯 POSSIBLE BALL DETECTED in Cup 1! State code: 140272
VM869:8 Cup 2: attachmentState changed from 140270 to 140272
VM869:13 🎯 POSSIBLE BALL DETECTED in Cup 2! State code: 140272
VM869:8 Cup 0: attachmentState changed from 140272 to 140274
VM869:13 🎯 POSSIBLE BALL DETECTED in Cup 0! State code: 140274
VM869:8 Cup 1: attachmentState changed from 140272 to 140274
VM869:13 🎯 POSSIBLE BALL DETECTED in Cup 1! State code: 140274
VM869:8 Cup 2: attachmentState changed from 140272 to 140274
VM869:13 🎯 POSSIBLE BALL DETECTED in Cup 2! State code: 140274
 Cup 0: attachmentState changed from 140274 to 140276
 🎯 POSSIBLE BALL DETECTED in Cup 0! State code: 140276
 Cup 1: attachmentState changed from 140274 to 140276
 🎯 POSSIBLE BALL DETECTED in Cup 1! State code: 140276
 Cup 2: attachmentState changed from 140274 to 140276
VM869:13 🎯 POSSIBLE BALL DETECTED in Cup 2! State code: 140276
VM869:8 Cup 0: attachmentState changed from 140276 to 140278
VM869:13 🎯 POSSIBLE BALL DETECTED in Cup 0! State code: 140278
VM869:8 Cup 1: attachmentState changed from 140276 to 140278
VM869:13 🎯 POSSIBLE BALL DETECTED in Cup 1! State code: 140278
VM869:8 Cup 2: attachmentState changed from 140276 to 140278
VM869:13 🎯 POSSIBLE BALL DETECTED in Cup 2! State code: 140278
VM869:8 Cup 0: attachmentState changed from 140278 to 140280
VM869:13 🎯 POSSIBLE BALL DETECTED in Cup 0! State code: 140280
VM869:8 Cup 1: attachmentState changed from 140278 to 140280
VM869:13 🎯 POSSIBLE BALL DETECTED in Cup 1! State code: 140280
VM869:8 Cup 2: attachmentState changed from 140278 to 140280
VM869:13 🎯 POSSIBLE BALL DETECTED in Cup 2! State code: 140280
VM869:8 Cup 0: attachmentState changed from 140280 to 140282
VM869:13 🎯 POSSIBLE BALL DETECTED in Cup 0! State code: 140282
VM869:8 Cup 1: attachmentState changed from 140280 to 140282
VM869:13 🎯 POSSIBLE BALL DETECTED in Cup 1! State code: 140282
VM869:8 Cup 2: attachmentState changed from 140280 to 140282
VM869:13 🎯 POSSIBLE BALL DETECTED in Cup 2! State code: 140282
VM869:8 Cup 0: attachmentState changed from 140282 to 140284
VM869:13 🎯 POSSIBLE BALL DETECTED in Cup 0! State code: 140284
VM869:8 Cup 1: attachmentState changed from 140282 to 140284
VM869:13 🎯 POSSIBLE BALL DETECTED in Cup 1! State code: 140284
VM869:8 Cup 2: attachmentState changed from 140282 to 140284
VM869:13 🎯 POSSIBLE BALL DETECTED in Cup 2! State code: 140284
VM869:8 Cup 0: attachmentState changed from 140284 to 140286
VM869:13 🎯 POSSIBLE BALL DETECTED in Cup 0! State code: 140286
VM869:8 Cup 1: attachmentState changed from 140284 to 140286
VM869:13 🎯 POSSIBLE BALL DETECTED in Cup 1! State code: 140286
VM869:8 Cup 2: attachmentState changed from 140284 to 140286
VM869:13 🎯 POSSIBLE BALL DETECTED in Cup 2! State code: 140286
VM869:8 Cup 0: attachmentState changed from 140286 to 140288
VM869:13 🎯 POSSIBLE BALL DETECTED in Cup 0! State code: 140288
VM869:8 Cup 1: attachmentState changed from 140286 to 140288
VM869:13 🎯 POSSIBLE BALL DETECTED in Cup 1! State code: 140288
VM869:8 Cup 2: attachmentState changed from 140286 to 140288
VM869:13 🎯 POSSIBLE BALL DETECTED in Cup 2! State code: 140288
VM869:8 Cup 0: attachmentState changed from 140288 to 140290
VM869:13 🎯 POSSIBLE BALL DETECTED in Cup 0! State code: 140290
VM869:8 Cup 1: attachmentState changed from 140288 to 140290
VM869:13 🎯 POSSIBLE BALL DETECTED in Cup 1! State code: 140290
VM869:8 Cup 2: attachmentState changed from 140288 to 140290
VM869:13 🎯 POSSIBLE BALL DETECTED in Cup 2! State code: 140290
VM869:8 Cup 0: attachmentState changed from 140290 to 140292
VM869:13 🎯 POSSIBLE BALL DETECTED in Cup 0! State code: 140292
VM869:8 Cup 1: attachmentState changed from 140290 to 140292
VM869:13 🎯 POSSIBLE BALL DETECTED in Cup 1! State code: 140292
VM869:8 Cup 2: attachmentState changed from 140290 to 140292
VM869:13 🎯 POSSIBLE BALL DETECTED in Cup 2! State code: 140292
VM869:8 Cup 0: attachmentState changed from 140292 to 140294
VM869:13 🎯 POSSIBLE BALL DETECTED in Cup 0! State code: 140294
VM869:8 Cup 1: attachmentState changed from 140292 to 140294
VM869:13 🎯 POSSIBLE BALL DETECTED in Cup 1! State code: 140294
VM869:8 Cup 2: attachmentState changed from 140292 to 140294
VM869:13 🎯 POSSIBLE BALL DETECTED in Cup 2! State code: 140294
VM869:8 Cup 0: attachmentState changed from 140294 to 140296
VM869:13 🎯 POSSIBLE BALL DETECTED in Cup 0! State code: 140296
VM869:8 Cup 1: attachmentState changed from 140294 to 140296
VM869:13 🎯 POSSIBLE BALL DETECTED in Cup 1! State code: 140296
VM869:8 Cup 2: attachmentState changed from 140294 to 140296
VM869:13 🎯 POSSIBLE BALL DETECTED in Cup 2! State code: 140296
VM869:8 Cup 0: attachmentState changed from 140296 to 140298
VM869:13 🎯 POSSIBLE BALL DETECTED in Cup 0! State code: 140298
VM869:8 Cup 1: attachmentState changed from 140296 to 140298
VM869:13 🎯 POSSIBLE BALL DETECTED in Cup 1! State code: 140298
VM869:8 Cup 2: attachmentState changed from 140296 to 140298
VM869:13 🎯 POSSIBLE BALL DETECTED in Cup 2! State code: 140298
 Cup 0: attachmentState changed from 140298 to 140300
 🎯 POSSIBLE BALL DETECTED in Cup 0! State code: 140300
 Cup 1: attachmentState changed from 140298 to 140300
 🎯 POSSIBLE BALL DETECTED in Cup 1! State code: 140300
 Cup 2: attachmentState changed from 140298 to 140300
 🎯 POSSIBLE BALL DETECTED in Cup 2! State code: 140300
 Cup 0: attachmentState changed from 140300 to 140302
 🎯 POSSIBLE BALL DETECTED in Cup 0! State code: 140302
 Cup 1: attachmentState changed from 140300 to 140302
 🎯 POSSIBLE BALL DETECTED in Cup 1! State code: 140302
 Cup 2: attachmentState changed from 140300 to 140302
 🎯 POSSIBLE BALL DETECTED in Cup 2! State code: 140302
 Cup 0: attachmentState changed from 140302 to 140304
 🎯 POSSIBLE BALL DETECTED in Cup 0! State code: 140304
 Cup 1: attachmentState changed from 140302 to 140304
 🎯 POSSIBLE BALL DETECTED in Cup 1! State code: 140304
 Cup 2: attachmentState changed from 140302 to 140304
 🎯 POSSIBLE BALL DETECTED in Cup 2! State code: 140304
 Cup 0: attachmentState changed from 140304 to 140306
 🎯 POSSIBLE BALL DETECTED in Cup 0! State code: 140306
 Cup 1: attachmentState changed from 140304 to 140306
 🎯 POSSIBLE BALL DETECTED in Cup 1! State code: 140306
 Cup 2: attachmentState changed from 140304 to 140306
VM869:13 🎯 POSSIBLE BALL DETECTED in Cup 2! State code: 140306
VM869:8 Cup 0: attachmentState changed from 140306 to 140308
VM869:13 🎯 POSSIBLE BALL DETECTED in Cup 0! State code: 140308
VM869:8 Cup 1: attachmentState changed from 140306 to 140308
VM869:13 🎯 POSSIBLE BALL DETECTED in Cup 1! State code: 140308
VM869:8 Cup 2: attachmentState changed from 140306 to 140308
VM869:13 🎯 POSSIBLE BALL DETECTED in Cup 2! State code: 140308
VM869:8 Cup 0: attachmentState changed from 140308 to 140310
VM869:13 🎯 POSSIBLE BALL DETECTED in Cup 0! State code: 140310
VM869:8 Cup 1: attachmentState changed from 140308 to 140310
VM869:13 🎯 POSSIBLE BALL DETECTED in Cup 1! State code: 140310
VM869:8 Cup 2: attachmentState changed from 140308 to 140310
VM869:13 🎯 POSSIBLE BALL DETECTED in Cup 2! State code: 140310
VM869:8 Cup 0: attachmentState changed from 140310 to 140312
VM869:13 🎯 POSSIBLE BALL DETECTED in Cup 0! State code: 140312
VM869:8 Cup 1: attachmentState changed from 140310 to 140312
VM869:13 🎯 POSSIBLE BALL DETECTED in Cup 1! State code: 140312
VM869:8 Cup 2: attachmentState changed from 140310 to 140312
VM869:13 🎯 POSSIBLE BALL DETECTED in Cup 2! State code: 140312
VM869:8 Cup 0: attachmentState changed from 140312 to 140314
VM869:13 🎯 POSSIBLE BALL DETECTED in Cup 0! State code: 140314
VM869:8 Cup 1: attachmentState changed from 140312 to 140314
VM869:13 🎯 POSSIBLE BALL DETECTED in Cup 1! State code: 140314
VM869:8 Cup 2: attachmentState changed from 140312 to 140314
VM869:13 🎯 POSSIBLE BALL DETECTED in Cup 2! State code: 140314
VM869:8 Cup 0: attachmentState changed from 140314 to 140316
VM869:13 🎯 POSSIBLE BALL DETECTED in Cup 0! State code: 140316
VM869:8 Cup 1: attachmentState changed from 140314 to 140316
VM869:13 🎯 POSSIBLE BALL DETECTED in Cup 1! State code: 140316
VM869:8 Cup 2: attachmentState changed from 140314 to 140316
VM869:13 🎯 POSSIBLE BALL DETECTED in Cup 2! State code: 140316
VM869:8 Cup 0: attachmentState changed from 140316 to 140318
VM869:13 🎯 POSSIBLE BALL DETECTED in Cup 0! State code: 140318
VM869:8 Cup 1: attachmentState changed from 140316 to 140318
VM869:13 🎯 POSSIBLE BALL DETECTED in Cup 1! State code: 140318
VM869:8 Cup 2: attachmentState changed from 140316 to 140318
VM869:13 🎯 POSSIBLE BALL DETECTED in Cup 2! State code: 140318
VM869:8 Cup 0: attachmentState changed from 140318 to 140320
VM869:13 🎯 POSSIBLE BALL DETECTED in Cup 0! State code: 140320
VM869:8 Cup 1: attachmentState changed from 140318 to 140320
VM869:13 🎯 POSSIBLE BALL DETECTED in Cup 1! State code: 140320
VM869:8 Cup 2: attachmentState changed from 140318 to 140320
VM869:13 🎯 POSSIBLE BALL DETECTED in Cup 2! State code: 140320
VM869:8 Cup 0: attachmentState changed from 140320 to 140322
VM869:13 🎯 POSSIBLE BALL DETECTED in Cup 0! State code: 140322
VM869:8 Cup 1: attachmentState changed from 140320 to 140322
VM869:13 🎯 POSSIBLE BALL DETECTED in Cup 1! State code: 140322
VM869:8 Cup 2: attachmentState changed from 140320 to 140322
VM869:13 🎯 POSSIBLE BALL DETECTED in Cup 2! State code: 140322
VM869:8 Cup 0: attachmentState changed from 140322 to 140324
VM869:13 🎯 POSSIBLE BALL DETECTED in Cup 0! State code: 140324
VM869:8 Cup 1: attachmentState changed from 140322 to 140324
VM869:13 🎯 POSSIBLE BALL DETECTED in Cup 1! State code: 140324
VM869:8 Cup 2: attachmentState changed from 140322 to 140324
VM869:13 🎯 POSSIBLE BALL DETECTED in Cup 2! State code: 140324
VM869:8 Cup 0: attachmentState changed from 140324 to 140326
VM869:13 🎯 POSSIBLE BALL DETECTED in Cup 0! State code: 140326
VM869:8 Cup 1: attachmentState changed from 140324 to 140326
VM869:13 🎯 POSSIBLE BALL DETECTED in Cup 1! State code: 140326
VM869:8 Cup 2: attachmentState changed from 140324 to 140326
VM869:13 🎯 POSSIBLE BALL DETECTED in Cup 2! State code: 140326
VM869:8 Cup 0: attachmentState changed from 140326 to 140328
VM869:13 🎯 POSSIBLE BALL DETECTED in Cup 0! State code: 140328
VM869:8 Cup 1: attachmentState changed from 140326 to 140328
VM869:13 🎯 POSSIBLE BALL DETECTED in Cup 1! State code: 140328
VM869:8 Cup 2: attachmentState changed from 140326 to 140328
VM869:13 🎯 POSSIBLE BALL DETECTED in Cup 2! State code: 140328
 Cup 0: attachmentState changed from 140328 to 140330
 🎯 POSSIBLE BALL DETECTED in Cup 0! State code: 140330
 Cup 1: attachmentState changed from 140328 to 140330
 🎯 POSSIBLE BALL DETECTED in Cup 1! State code: 140330
 Cup 2: attachmentState changed from 140328 to 140330
 🎯 POSSIBLE BALL DETECTED in Cup 2! State code: 140330
 Cup 0: attachmentState changed from 140330 to 140332
 🎯 POSSIBLE BALL DETECTED in Cup 0! State code: 140332
 Cup 1: attachmentState changed from 140330 to 140332
 🎯 POSSIBLE BALL DETECTED in Cup 1! State code: 140332
 Cup 2: attachmentState changed from 140330 to 140332
 🎯 POSSIBLE BALL DETECTED in Cup 2! State code: 140332
 Cup 0: attachmentState changed from 140332 to 140334
 🎯 POSSIBLE BALL DETECTED in Cup 0! State code: 140334
 Cup 1: attachmentState changed from 140332 to 140334
 🎯 POSSIBLE BALL DETECTED in Cup 1! State code: 140334
 Cup 2: attachmentState changed from 140332 to 140334
VM869:13 🎯 POSSIBLE BALL DETECTED in Cup 2! State code: 140334
VM869:8 Cup 0: attachmentState changed from 140334 to 140336
VM869:13 🎯 POSSIBLE BALL DETECTED in Cup 0! State code: 140336
VM869:8 Cup 1: attachmentState changed from 140334 to 140336
VM869:13 🎯 POSSIBLE BALL DETECTED in Cup 1! State code: 140336
VM869:8 Cup 2: attachmentState changed from 140334 to 140336
VM869:13 🎯 POSSIBLE BALL DETECTED in Cup 2! State code: 140336
VM869:8 Cup 0: attachmentState changed from 140336 to 140338
VM869:13 🎯 POSSIBLE BALL DETECTED in Cup 0! State code: 140338
VM869:8 Cup 1: attachmentState changed from 140336 to 140338
VM869:13 🎯 POSSIBLE BALL DETECTED in Cup 1! State code: 140338
VM869:8 Cup 2: attachmentState changed from 140336 to 140338
VM869:13 🎯 POSSIBLE BALL DETECTED in Cup 2! State code: 140338
VM869:8 Cup 0: attachmentState changed from 140338 to 140340
VM869:13 🎯 POSSIBLE BALL DETECTED in Cup 0! State code: 140340
VM869:8 Cup 1: attachmentState changed from 140338 to 140340
VM869:13 🎯 POSSIBLE BALL DETECTED in Cup 1! State code: 140340
VM869:8 Cup 2: attachmentState changed from 140338 to 140340
VM869:13 🎯 POSSIBLE BALL DETECTED in Cup 2! State code: 140340
VM869:8 Cup 0: attachmentState changed from 140340 to 140342
VM869:13 🎯 POSSIBLE BALL DETECTED in Cup 0! State code: 140342
VM869:8 Cup 1: attachmentState changed from 140340 to 140342
VM869:13 🎯 POSSIBLE BALL DETECTED in Cup 1! State code: 140342
VM869:8 Cup 2: attachmentState changed from 140340 to 140342
VM869:13 🎯 POSSIBLE BALL DETECTED in Cup 2! State code: 140342
VM869:8 Cup 0: attachmentState changed from 140342 to 140344
VM869:13 🎯 POSSIBLE BALL DETECTED in Cup 0! State code: 140344
VM869:8 Cup 1: attachmentState changed from 140342 to 140344
VM869:13 🎯 POSSIBLE BALL DETECTED in Cup 1! State code: 140344
VM869:8 Cup 2: attachmentState changed from 140342 to 140344
VM869:13 🎯 POSSIBLE BALL DETECTED in Cup 2! State code: 140344
VM869:8 Cup 0: attachmentState changed from 140344 to 140346
VM869:13 🎯 POSSIBLE BALL DETECTED in Cup 0! State code: 140346
VM869:8 Cup 1: attachmentState changed from 140344 to 140346
VM869:13 🎯 POSSIBLE BALL DETECTED in Cup 1! State code: 140346
VM869:8 Cup 2: attachmentState changed from 140344 to 140346
VM869:13 🎯 POSSIBLE BALL DETECTED in Cup 2! State code: 140346
VM869:8 Cup 0: attachmentState changed from 140346 to 140348
VM869:13 🎯 POSSIBLE BALL DETECTED in Cup 0! State code: 140348
VM869:8 Cup 1: attachmentState changed from 140346 to 140348
VM869:13 🎯 POSSIBLE BALL DETECTED in Cup 1! State code: 140348
VM869:8 Cup 2: attachmentState changed from 140346 to 140348
VM869:13 🎯 POSSIBLE BALL DETECTED in Cup 2! State code: 140348
VM869:8 Cup 0: attachmentState changed from 140348 to 140350
VM869:13 🎯 POSSIBLE BALL DETECTED in Cup 0! State code: 140350
VM869:8 Cup 1: attachmentState changed from 140348 to 140350
VM869:13 🎯 POSSIBLE BALL DETECTED in Cup 1! State code: 140350
VM869:8 Cup 2: attachmentState changed from 140348 to 140350
VM869:13 🎯 POSSIBLE BALL DETECTED in Cup 2! State code: 140350
VM869:8 Cup 0: attachmentState changed from 140350 to 140352
VM869:13 🎯 POSSIBLE BALL DETECTED in Cup 0! State code: 140352
VM869:8 Cup 1: attachmentState changed from 140350 to 140352
VM869:13 🎯 POSSIBLE BALL DETECTED in Cup 1! State code: 140352
VM869:8 Cup 2: attachmentState changed from 140350 to 140352
VM869:13 🎯 POSSIBLE BALL DETECTED in Cup 2! State code: 140352
VM869:8 Cup 0: attachmentState changed from 140352 to 140354
VM869:13 🎯 POSSIBLE BALL DETECTED in Cup 0! State code: 140354
VM869:8 Cup 1: attachmentState changed from 140352 to 140354
VM869:13 🎯 POSSIBLE BALL DETECTED in Cup 1! State code: 140354
VM869:8 Cup 2: attachmentState changed from 140352 to 140354
VM869:13 🎯 POSSIBLE BALL DETECTED in Cup 2! State code: 140354
VM869:8 Cup 0: attachmentState changed from 140354 to 140356
VM869:13 🎯 POSSIBLE BALL DETECTED in Cup 0! State code: 140356
VM869:8 Cup 1: attachmentState changed from 140354 to 140356
VM869:13 🎯 POSSIBLE BALL DETECTED in Cup 1! State code: 140356
VM869:8 Cup 2: attachmentState changed from 140354 to 140356
VM869:13 🎯 POSSIBLE BALL DETECTED in Cup 2! State code: 140356
 Cup 0: attachmentState changed from 140356 to 140358
 🎯 POSSIBLE BALL DETECTED in Cup 0! State code: 140358
 Cup 1: attachmentState changed from 140356 to 140358
 🎯 POSSIBLE BALL DETECTED in Cup 1! State code: 140358
 Cup 2: attachmentState changed from 140356 to 140358
 🎯 POSSIBLE BALL DETECTED in Cup 2! State code: 140358
 Cup 0: attachmentState changed from 140358 to 140360
 🎯 POSSIBLE BALL DETECTED in Cup 0! State code: 140360
 Cup 1: attachmentState changed from 140358 to 140360
 🎯 POSSIBLE BALL DETECTED in Cup 1! State code: 140360
 Cup 2: attachmentState changed from 140358 to 140360
 🎯 POSSIBLE BALL DETECTED in Cup 2! State code: 140360
 Cup 0: attachmentState changed from 140360 to 140362
 🎯 POSSIBLE BALL DETECTED in Cup 0! State code: 140362
 Cup 1: attachmentState changed from 140360 to 140362
 🎯 POSSIBLE BALL DETECTED in Cup 1! State code: 140362
 Cup 2: attachmentState changed from 140360 to 140362
 🎯 POSSIBLE BALL DETECTED in Cup 2! State code: 140362
 Cup 0: attachmentState changed from 140362 to 140364
 🎯 POSSIBLE BALL DETECTED in Cup 0! State code: 140364
 Cup 1: attachmentState changed from 140362 to 140364
 🎯 POSSIBLE BALL DETECTED in Cup 1! State code: 140364
 Cup 2: attachmentState changed from 140362 to 140364
VM869:13 🎯 POSSIBLE BALL DETECTED in Cup 2! State code: 140364
VM869:8 Cup 0: attachmentState changed from 140364 to 140366
VM869:13 🎯 POSSIBLE BALL DETECTED in Cup 0! State code: 140366
VM869:8 Cup 1: attachmentState changed from 140364 to 140366
VM869:13 🎯 POSSIBLE BALL DETECTED in Cup 1! State code: 140366
VM869:8 Cup 2: attachmentState changed from 140364 to 140366
VM869:13 🎯 POSSIBLE BALL DETECTED in Cup 2! State code: 140366
VM869:8 Cup 0: attachmentState changed from 140366 to 140368
VM869:13 🎯 POSSIBLE BALL DETECTED in Cup 0! State code: 140368
VM869:8 Cup 1: attachmentState changed from 140366 to 140368
VM869:13 🎯 POSSIBLE BALL DETECTED in Cup 1! State code: 140368
VM869:8 Cup 2: attachmentState changed from 140366 to 140368
VM869:13 🎯 POSSIBLE BALL DETECTED in Cup 2! State code: 140368
VM869:8 Cup 0: attachmentState changed from 140368 to 140370
VM869:13 🎯 POSSIBLE BALL DETECTED in Cup 0! State code: 140370
VM869:8 Cup 1: attachmentState changed from 140368 to 140370
VM869:13 🎯 POSSIBLE BALL DETECTED in Cup 1! State code: 140370
VM869:8 Cup 2: attachmentState changed from 140368 to 140370
VM869:13 🎯 POSSIBLE BALL DETECTED in Cup 2! State code: 140370
VM869:8 Cup 0: attachmentState changed from 140370 to 140372
VM869:13 🎯 POSSIBLE BALL DETECTED in Cup 0! State code: 140372
VM869:8 Cup 1: attachmentState changed from 140370 to 140372
VM869:13 🎯 POSSIBLE BALL DETECTED in Cup 1! State code: 140372
VM869:8 Cup 2: attachmentState changed from 140370 to 140372
VM869:13 🎯 POSSIBLE BALL DETECTED in Cup 2! State code: 140372
VM869:8 Cup 0: attachmentState changed from 140372 to 140374
VM869:13 🎯 POSSIBLE BALL DETECTED in Cup 0! State code: 140374
VM869:8 Cup 1: attachmentState changed from 140372 to 140374
VM869:13 🎯 POSSIBLE BALL DETECTED in Cup 1! State code: 140374
VM869:8 Cup 2: attachmentState changed from 140372 to 140374
VM869:13 🎯 POSSIBLE BALL DETECTED in Cup 2! State code: 140374
VM869:8 Cup 0: attachmentState changed from 140374 to 140376
VM869:13 🎯 POSSIBLE BALL DETECTED in Cup 0! State code: 140376
VM869:8 Cup 1: attachmentState changed from 140374 to 140376
VM869:13 🎯 POSSIBLE BALL DETECTED in Cup 1! State code: 140376
VM869:8 Cup 2: attachmentState changed from 140374 to 140376
VM869:13 🎯 POSSIBLE BALL DETECTED in Cup 2! State code: 140376
VM869:8 Cup 0: attachmentState changed from 140376 to 140378
VM869:13 🎯 POSSIBLE BALL DETECTED in Cup 0! State code: 140378
VM869:8 Cup 1: attachmentState changed from 140376 to 140378
VM869:13 🎯 POSSIBLE BALL DETECTED in Cup 1! State code: 140378
VM869:8 Cup 2: attachmentState changed from 140376 to 140378
VM869:13 🎯 POSSIBLE BALL DETECTED in Cup 2! State code: 140378
VM869:8 Cup 0: attachmentState changed from 140378 to 140380
VM869:13 🎯 POSSIBLE BALL DETECTED in Cup 0! State code: 140380
VM869:8 Cup 1: attachmentState changed from 140378 to 140380
VM869:13 🎯 POSSIBLE BALL DETECTED in Cup 1! State code: 140380
VM869:8 Cup 2: attachmentState changed from 140378 to 140380
VM869:13 🎯 POSSIBLE BALL DETECTED in Cup 2! State code: 140380
VM869:8 Cup 0: attachmentState changed from 140380 to 140382
VM869:13 🎯 POSSIBLE BALL DETECTED in Cup 0! State code: 140382
VM869:8 Cup 1: attachmentState changed from 140380 to 140382
VM869:13 🎯 POSSIBLE BALL DETECTED in Cup 1! State code: 140382
VM869:8 Cup 2: attachmentState changed from 140380 to 140382
VM869:13 🎯 POSSIBLE BALL DETECTED in Cup 2! State code: 140382
VM869:8 Cup 0: attachmentState changed from 140382 to 140384
VM869:13 🎯 POSSIBLE BALL DETECTED in Cup 0! State code: 140384
VM869:8 Cup 1: attachmentState changed from 140382 to 140384
VM869:13 🎯 POSSIBLE BALL DETECTED in Cup 1! State code: 140384
VM869:8 Cup 2: attachmentState changed from 140382 to 140384
VM869:13 🎯 POSSIBLE BALL DETECTED in Cup 2! State code: 140384
VM869:8 Cup 0: attachmentState changed from 140384 to 140386
VM869:13 🎯 POSSIBLE BALL DETECTED in Cup 0! State code: 140386
VM869:8 Cup 1: attachmentState changed from 140384 to 140386
VM869:13 🎯 POSSIBLE BALL DETECTED in Cup 1! State code: 140386
VM869:8 Cup 2: attachmentState changed from 140384 to 140386
VM869:13 🎯 POSSIBLE BALL DETECTED in Cup 2! State code: 140386
 Cup 0: attachmentState changed from 140386 to 140388
 🎯 POSSIBLE BALL DETECTED in Cup 0! State code: 140388
 Cup 1: attachmentState changed from 140386 to 140388
 🎯 POSSIBLE BALL DETECTED in Cup 1! State code: 140388
 Cup 2: attachmentState changed from 140386 to 140388
 🎯 POSSIBLE BALL DETECTED in Cup 2! State code: 140388
 Cup 0: attachmentState changed from 140388 to 140390
 🎯 POSSIBLE BALL DETECTED in Cup 0! State code: 140390
 Cup 1: attachmentState changed from 140388 to 140390
 🎯 POSSIBLE BALL DETECTED in Cup 1! State code: 140390
 Cup 2: attachmentState changed from 140388 to 140390
 🎯 POSSIBLE BALL DETECTED in Cup 2! State code: 140390
 Cup 0: attachmentState changed from 140390 to 140391
 🎯 POSSIBLE BALL DETECTED in Cup 0! State code: 140391
 Cup 1: attachmentState changed from 140390 to 140391
 🎯 POSSIBLE BALL DETECTED in Cup 1! State code: 140391
 Cup 2: attachmentState changed from 140390 to 140391
 🎯 POSSIBLE BALL DETECTED in Cup 2! State code: 140391
 Cup 0: attachmentState changed from 140391 to 140393
 🎯 POSSIBLE BALL DETECTED in Cup 0! State code: 140393
 Cup 1: attachmentState changed from 140391 to 140393
 🎯 POSSIBLE BALL DETECTED in Cup 1! State code: 140393
 Cup 2: attachmentState changed from 140391 to 140393
VM869:13 🎯 POSSIBLE BALL DETECTED in Cup 2! State code: 140393
VM869:8 Cup 0: attachmentState changed from 140393 to 140395
VM869:13 🎯 POSSIBLE BALL DETECTED in Cup 0! State code: 140395
VM869:8 Cup 1: attachmentState changed from 140393 to 140395
VM869:13 🎯 POSSIBLE BALL DETECTED in Cup 1! State code: 140395
VM869:8 Cup 2: attachmentState changed from 140393 to 140395
VM869:13 🎯 POSSIBLE BALL DETECTED in Cup 2! State code: 140395
VM869:8 Cup 0: attachmentState changed from 140395 to 140397
VM869:13 🎯 POSSIBLE BALL DETECTED in Cup 0! State code: 140397
VM869:8 Cup 1: attachmentState changed from 140395 to 140397
VM869:13 🎯 POSSIBLE BALL DETECTED in Cup 1! State code: 140397
VM869:8 Cup 2: attachmentState changed from 140395 to 140397
VM869:13 🎯 POSSIBLE BALL DETECTED in Cup 2! State code: 140397
VM869:8 Cup 0: attachmentState changed from 140397 to 140399
VM869:13 🎯 POSSIBLE BALL DETECTED in Cup 0! State code: 140399
VM869:8 Cup 1: attachmentState changed from 140397 to 140399
VM869:13 🎯 POSSIBLE BALL DETECTED in Cup 1! State code: 140399
VM869:8 Cup 2: attachmentState changed from 140397 to 140399
VM869:13 🎯 POSSIBLE BALL DETECTED in Cup 2! State code: 140399
VM869:8 Cup 0: attachmentState changed from 140399 to 140401
VM869:13 🎯 POSSIBLE BALL DETECTED in Cup 0! State code: 140401
VM869:8 Cup 1: attachmentState changed from 140399 to 140401
VM869:13 🎯 POSSIBLE BALL DETECTED in Cup 1! State code: 140401
VM869:8 Cup 2: attachmentState changed from 140399 to 140401
VM869:13 🎯 POSSIBLE BALL DETECTED in Cup 2! State code: 140401
VM869:8 Cup 0: attachmentState changed from 140401 to 140403
VM869:13 🎯 POSSIBLE BALL DETECTED in Cup 0! State code: 140403
VM869:8 Cup 1: attachmentState changed from 140401 to 140403
VM869:13 🎯 POSSIBLE BALL DETECTED in Cup 1! State code: 140403
VM869:8 Cup 2: attachmentState changed from 140401 to 140403
VM869:13 🎯 POSSIBLE BALL DETECTED in Cup 2! State code: 140403
VM869:8 Cup 0: attachmentState changed from 140403 to 140405
VM869:13 🎯 POSSIBLE BALL DETECTED in Cup 0! State code: 140405
VM869:8 Cup 1: attachmentState changed from 140403 to 140405
VM869:13 🎯 POSSIBLE BALL DETECTED in Cup 1! State code: 140405
VM869:8 Cup 2: attachmentState changed from 140403 to 140405
VM869:13 🎯 POSSIBLE BALL DETECTED in Cup 2! State code: 140405
 Cup 0: attachmentState changed from 140405 to 140407
 🎯 POSSIBLE BALL DETECTED in Cup 0! State code: 140407
 Cup 1: attachmentState changed from 140405 to 140407
 🎯 POSSIBLE BALL DETECTED in Cup 1! State code: 140407
 Cup 2: attachmentState changed from 140405 to 140407
VM869:13 🎯 POSSIBLE BALL DETECTED in Cup 2! State code: 140407
VM869:8 Cup 0: attachmentState changed from 140407 to 140409
VM869:13 🎯 POSSIBLE BALL DETECTED in Cup 0! State code: 140409
VM869:8 Cup 1: attachmentState changed from 140407 to 140409
VM869:13 🎯 POSSIBLE BALL DETECTED in Cup 1! State code: 140409
VM869:8 Cup 2: attachmentState changed from 140407 to 140409
VM869:13 🎯 POSSIBLE BALL DETECTED in Cup 2! State code: 140409
VM869:8 Cup 0: attachmentState changed from 140409 to 140411
VM869:13 🎯 POSSIBLE BALL DETECTED in Cup 0! State code: 140411
VM869:8 Cup 1: attachmentState changed from 140409 to 140411
VM869:13 🎯 POSSIBLE BALL DETECTED in Cup 1! State code: 140411
VM869:8 Cup 2: attachmentState changed from 140409 to 140411
VM869:13 🎯 POSSIBLE BALL DETECTED in Cup 2! State code: 140411
VM869:8 Cup 0: attachmentState changed from 140411 to 140413
VM869:13 🎯 POSSIBLE BALL DETECTED in Cup 0! State code: 140413
VM869:8 Cup 1: attachmentState changed from 140411 to 140413
VM869:13 🎯 POSSIBLE BALL DETECTED in Cup 1! State code: 140413
VM869:8 Cup 2: attachmentState changed from 140411 to 140413
VM869:13 🎯 POSSIBLE BALL DETECTED in Cup 2! State code: 140413
VM869:8 Cup 0: attachmentState changed from 140413 to 140415
VM869:13 🎯 POSSIBLE BALL DETECTED in Cup 0! State code: 140415
VM869:8 Cup 1: attachmentState changed from 140413 to 140415
VM869:13 🎯 POSSIBLE BALL DETECTED in Cup 1! State code: 140415
VM869:8 Cup 2: attachmentState changed from 140413 to 140415
VM869:13 🎯 POSSIBLE BALL DETECTED in Cup 2! State code: 140415
VM869:8 Cup 0: attachmentState changed from 140415 to 140417
VM869:13 🎯 POSSIBLE BALL DETECTED in Cup 0! State code: 140417
VM869:8 Cup 1: attachmentState changed from 140415 to 140417
VM869:13 🎯 POSSIBLE BALL DETECTED in Cup 1! State code: 140417
VM869:8 Cup 2: attachmentState changed from 140415 to 140417
VM869:13 🎯 POSSIBLE BALL DETECTED in Cup 2! State code: 140417
VM869:8 Cup 0: attachmentState changed from 140417 to 140419
VM869:13 🎯 POSSIBLE BALL DETECTED in Cup 0! State code: 140419
VM869:8 Cup 1: attachmentState changed from 140417 to 140419
VM869:13 🎯 POSSIBLE BALL DETECTED in Cup 1! State code: 140419
VM869:8 Cup 2: attachmentState changed from 140417 to 140419
VM869:13 🎯 POSSIBLE BALL DETECTED in Cup 2! State code: 140419
VM869:8 Cup 0: attachmentState changed from 140419 to 140421
VM869:13 🎯 POSSIBLE BALL DETECTED in Cup 0! State code: 140421
VM869:8 Cup 1: attachmentState changed from 140419 to 140421
VM869:13 🎯 POSSIBLE BALL DETECTED in Cup 1! State code: 140421
VM869:8 Cup 2: attachmentState changed from 140419 to 140421
VM869:13 🎯 POSSIBLE BALL DETECTED in Cup 2! State code: 140421
window.ballTracker.stopTracking()
VM1270:58 🛑 Ball tracking STOPPED.
VM1270:59 Captured states: (14) [{…}, {…}, {…}, {…}, {…}, {…}, {…}, {…}, {…}, {…}, {…}, {…}, {…}, {…}]
VM1270:67 
=== ANALYSIS ===
VM1270:80 No ball attachments found in tracks.
VM1270:91 Found balls in skeleton slots: (28) [{…}, {…}, {…}, {…}, {…}, {…}, {…}, {…}, {…}, {…}, {…}, {…}, {…}, {…}, {…}, {…}, {…}, {…}, {…}, {…}, {…}, {…}, {…}, {…}, {…}, {…}, {…}, {…}]
undefined
