// Paste this into the console right after mixing finishes:
window.captureBalls();
VM592:2 Uncaught TypeError: window.captureBalls is not a function
    at <anonymous>:2:8
(anonymous) @ VM592:2
// Search the entire game instance for function names related to finishing actions
const game = window.__gameInstance;
const allFunctionNames = [];

// A helper to search deeper into objects
function findFunctions(obj, path = 'game', depth = 0) {
    if (depth > 2) return; // Don't search too deep to avoid loops

    for (let key in obj) {
        if (typeof obj[key] === 'function') {
            const fullPath = path + '.' + key;
            allFunctionNames.push(fullPath);
            // Specifically log promising ones
            if (key.match(/finish|complete|stop|end|reveal|select/i)) {
                console.log(`🎯 Found potential finish function: ${fullPath}`);
            }
        } else if (typeof obj[key] === 'object' && obj[key] !== null && key !== 'parent') {
            // Recurse into child objects, avoiding circular references
            findFunctions(obj[key], path + '.' + key, depth + 1);
        }
    }
}

findFunctions(game);
console.log("Total functions found:", allFunctionNames.length);
VM596:15 🎯 Found potential finish function: game.app.stage._renderCached
VM596:15 🎯 Found potential finish function: game.app.stage._renderCachedCanvas
VM596:15 🎯 Found potential finish function: game.app.stop
VM596:15 🎯 Found potential finish function: game.device.view.append
VM596:15 🎯 Found potential finish function: game.device.view.prepend
VM596:15 🎯 Found potential finish function: game.device.view.querySelector
VM596:15 🎯 Found potential finish function: game.device.view.querySelectorAll
VM596:15 🎯 Found potential finish function: game.device.view.webkitMatchesSelector
VM596:15 🎯 Found potential finish function: game.device.view.appendChild
VM596:15 🎯 Found potential finish function: game.resultPopup.container._renderCached
VM596:15 🎯 Found potential finish function: game.resultPopup.container._renderCachedCanvas
VM596:15 🎯 Found potential finish function: game.resultPopup.spine._renderCached
VM596:15 🎯 Found potential finish function: game.resultPopup.spine._renderCachedCanvas
VM596:15 🎯 Found potential finish function: game.resultPopup.label._renderCached
VM596:15 🎯 Found potential finish function: game.resultPopup.label._renderCachedCanvas
VM596:15 🎯 Found potential finish function: game.background.spine._renderCached
VM596:15 🎯 Found potential finish function: game.background.spine._renderCachedCanvas
VM596:15 🎯 Found potential finish function: game.thimbles.spine._renderCached
VM596:15 🎯 Found potential finish function: game.thimbles.spine._renderCachedCanvas
VM596:15 🎯 Found potential finish function: game.thimbles.smokeAnimation.onComplete
VM596:15 🎯 Found potential finish function: game.thimbles.smokeAnimation._renderCached
VM596:15 🎯 Found potential finish function: game.thimbles.smokeAnimation._renderCachedCanvas
VM596:15 🎯 Found potential finish function: game.light.spine._renderCached
VM596:15 🎯 Found potential finish function: game.light.spine._renderCachedCanvas
VM596:15 🎯 Found potential finish function: game.info.spine._renderCached
VM596:15 🎯 Found potential finish function: game.info.spine._renderCachedCanvas
VM596:25 Total functions found: 416
undefined
