VM481:2 Console was cleared
VM481:3 === Canvas Information Extractor ===
VM481:7 Total canvas elements found: 1
VM481:166 
=== Canvas 1 ===
VM481:222 ID: (no id)
VM481:223 Classes: thimbles__canvas
VM481:224 Dimensions: 588 x 919
VM481:225 Position: (0, 0)
VM481:226 Visible: true
VM481:229 Available contexts:
VM481:232   ✓ webgl2
VM481:234     Version: WebGL 2.0 (OpenGL ES 3.0 Chromium)
VM481:235     Renderer: WebKit WebGL
VM481:236     Vendor: WebKit
VM481:256 
=== Analysis ===
VM481:257 Likely game canvases: 1
VM481:262 
Recommended canvas for interception:
VM481:264 Canvas 1: 588x919 - (no id)
VM481:269 
Starting 2-second activity monitor on Canvas 1...
VM481:400 
=== Additional Commands ===
VM481:401 Access all canvas data: window.__canvasInfo
VM481:402 Access primary canvas: window.__primaryCanvas
VM481:403 Available utilities: window.__canvasUtils
VM481:404 
=== Try These Commands ===
VM481:405 1. window.__canvasUtils.testPixelReading(window.__primaryCanvas)
VM481:406 2. const frameCapture = window.__canvasUtils.captureCanvasFrames(window.__primaryCanvas, 500, 3)
VM481:407 3. const patcher = window.__canvasUtils.patchCanvasMethods(window.__primaryCanvas)
VM481:408 4. patcher.restore() // to restore original methods
[{…}]
VM481:272 Activity results: {drawCount: 597, resizeCount: 1, widthChanged: false, heightChanged: false}
VM481:275 ✓ Active canvas detected (597 draw calls in 2 seconds)
VM481:413 
=== Auto-running pixel test ===
VM481:378 Testing pixel reading...
VM481:381 Pixel at (0,0) RGBA values: (4) [0, 0, 0, 0]
[.WebGL-0xad401268d00] GL_INVALID_FRAMEBUFFER_OPERATION: glReadPixelsRobustANGLE: Framebuffer is incomplete: No attachments and default size is zero.
[.WebGL-0xad401268d00] GL_INVALID_FRAMEBUFFER_OPERATION: glReadPixelsRobustANGLE: Framebuffer is incomplete: No attachments and default size is zero.
[.WebGL-0xad401268d00] GL_INVALID_FRAMEBUFFER_OPERATION: glReadPixelsRobustANGLE: Framebuffer is incomplete: No attachments and default size is zero.
[.WebGL-0xad401268d00] GL_INVALID_FRAMEBUFFER_OPERATION: glReadPixelsRobustANGLE: Framebuffer is incomplete: No attachments and default size is zero.
[.WebGL-0xad401268d00] GL_INVALID_FRAMEBUFFER_OPERATION: glReadPixelsRobustANGLE: Framebuffer is incomplete: No attachments and default size is zero.
// 1. Test pixel reading
window.__canvasUtils.testPixelReading(window.__primaryCanvas);

// 2. Capture frames (will log to console)
const frameCapture = window.__canvasUtils.captureCanvasFrames(window.__primaryCanvas, 500, 3);

// 3. Patch methods to see draw calls (careful - may affect performance)
const patcher = window.__canvasUtils.patchCanvasMethods(window.__primaryCanvas);
// Wait for some game activity, then restore
setTimeout(() => {
    console.log('Total calls:', patcher.getCallCount());
    patcher.restore();
}, 5000);

// 4. Get detailed WebGL information
const canvas = window.__primaryCanvas;
const gl = canvas.getContext('webgl2') || canvas.getContext('webgl');
if (gl) {
    console.log('WebGL Parameters:');
    console.log('VERSION:', gl.getParameter(gl.VERSION));
    console.log('SHADING_LANGUAGE_VERSION:', gl.getParameter(gl.SHADING_LANGUAGE_VERSION));
    console.log('MAX_TEXTURE_SIZE:', gl.getParameter(gl.MAX_TEXTURE_SIZE));
    console.log('MAX_VIEWPORT_DIMS:', gl.getParameter(gl.MAX_VIEWPORT_DIMS));
}
VM481:378 Testing pixel reading...
VM481:381 Pixel at (0,0) RGBA values: (4) [0, 0, 0, 0]
VM481:289 Starting frame capture: 3 frames at 500ms intervals
VM481:340 Patching canvas methods...
VM481:354 ✓ Patched webgl2.drawArrays
VM481:354 ✓ Patched webgl2.drawElements
VM485:19 WebGL Parameters:
VM485:20 VERSION: WebGL 2.0 (OpenGL ES 3.0 Chromium)
VM485:21 SHADING_LANGUAGE_VERSION: WebGL GLSL ES 3.00 (OpenGL ES GLSL ES 3.0 Chromium)
VM485:22 MAX_TEXTURE_SIZE: 16384
VM485:23 MAX_VIEWPORT_DIMS: Int32Array(2) [32767, 32767, buffer: ArrayBuffer(8), byteLength: 8, byteOffset: 0, length: 2, Symbol(Symbol.toStringTag): 'Int32Array']
undefined
VM481:350 [webgl2.drawElements] #1 called with 4 arguments
VM481:350 [webgl2.drawElements] #2 called with 4 arguments
VM481:350 [webgl2.drawElements] #3 called with 4 arguments
VM481:350 [webgl2.drawElements] #4 called with 4 arguments
VM481:350 [webgl2.drawElements] #5 called with 4 arguments
VM481:350 [webgl2.drawElements] #6 called with 4 arguments
VM481:350 [webgl2.drawElements] #7 called with 4 arguments
VM481:350 [webgl2.drawElements] #8 called with 4 arguments
VM481:350 [webgl2.drawElements] #9 called with 4 arguments
VM481:350 [webgl2.drawElements] #10 called with 4 arguments
VM481:350 [webgl2.drawElements] #11 called with 4 arguments
VM481:350 [webgl2.drawElements] #12 called with 4 arguments
VM481:350 [webgl2.drawElements] #13 called with 4 arguments
VM481:350 [webgl2.drawElements] #14 called with 4 arguments
VM481:350 [webgl2.drawElements] #15 called with 4 arguments
VM481:350 [webgl2.drawElements] #16 called with 4 arguments
VM481:350 [webgl2.drawElements] #17 called with 4 arguments
VM481:350 [webgl2.drawElements] #18 called with 4 arguments
VM481:350 [webgl2.drawElements] #19 called with 4 arguments
VM481:350 [webgl2.drawElements] #20 called with 4 arguments
VM481:350 [webgl2.drawElements] #21 called with 4 arguments
VM481:350 [webgl2.drawElements] #22 called with 4 arguments
VM481:350 [webgl2.drawElements] #23 called with 4 arguments
VM481:350 [webgl2.drawElements] #24 called with 4 arguments
VM481:350 [webgl2.drawElements] #25 called with 4 arguments
VM481:350 [webgl2.drawElements] #26 called with 4 arguments
VM481:350 [webgl2.drawElements] #27 called with 4 arguments
VM481:350 [webgl2.drawElements] #28 called with 4 arguments
VM481:350 [webgl2.drawElements] #29 called with 4 arguments
VM481:350 [webgl2.drawElements] #30 called with 4 arguments
VM481:350 [webgl2.drawElements] #31 called with 4 arguments
VM481:350 [webgl2.drawElements] #32 called with 4 arguments
VM481:350 [webgl2.drawElements] #33 called with 4 arguments
VM481:350 [webgl2.drawElements] #34 called with 4 arguments
VM481:350 [webgl2.drawElements] #35 called with 4 arguments
VM481:350 [webgl2.drawElements] #36 called with 4 arguments
VM481:350 [webgl2.drawElements] #37 called with 4 arguments
VM481:350 [webgl2.drawElements] #38 called with 4 arguments
VM481:350 [webgl2.drawElements] #39 called with 4 arguments
VM481:350 [webgl2.drawElements] #40 called with 4 arguments
VM481:350 [webgl2.drawElements] #41 called with 4 arguments
VM481:350 [webgl2.drawElements] #42 called with 4 arguments
VM481:350 [webgl2.drawElements] #43 called with 4 arguments
VM481:350 [webgl2.drawElements] #44 called with 4 arguments
VM481:350 [webgl2.drawElements] #45 called with 4 arguments
VM481:350 [webgl2.drawElements] #46 called with 4 arguments
VM481:350 [webgl2.drawElements] #47 called with 4 arguments
VM481:350 [webgl2.drawElements] #48 called with 4 arguments
VM481:350 [webgl2.drawElements] #49 called with 4 arguments
VM481:350 [webgl2.drawElements] #50 called with 4 arguments
VM481:350 [webgl2.drawElements] #51 called with 4 arguments
VM481:350 [webgl2.drawElements] #52 called with 4 arguments
VM481:350 [webgl2.drawElements] #53 called with 4 arguments
VM481:350 [webgl2.drawElements] #54 called with 4 arguments
VM481:350 [webgl2.drawElements] #55 called with 4 arguments
VM481:350 [webgl2.drawElements] #56 called with 4 arguments
VM481:350 [webgl2.drawElements] #57 called with 4 arguments
VM481:350 [webgl2.drawElements] #58 called with 4 arguments
VM481:350 [webgl2.drawElements] #59 called with 4 arguments
VM481:350 [webgl2.drawElements] #60 called with 4 arguments
VM481:350 [webgl2.drawElements] #61 called with 4 arguments
VM481:350 [webgl2.drawElements] #62 called with 4 arguments
VM481:350 [webgl2.drawElements] #63 called with 4 arguments
VM481:350 [webgl2.drawElements] #64 called with 4 arguments
VM481:350 [webgl2.drawElements] #65 called with 4 arguments
VM481:350 [webgl2.drawElements] #66 called with 4 arguments
VM481:350 [webgl2.drawElements] #67 called with 4 arguments
VM481:350 [webgl2.drawElements] #68 called with 4 arguments
VM481:350 [webgl2.drawElements] #69 called with 4 arguments
VM481:350 [webgl2.drawElements] #70 called with 4 arguments
VM481:350 [webgl2.drawElements] #71 called with 4 arguments
VM481:350 [webgl2.drawElements] #72 called with 4 arguments
VM481:350 [webgl2.drawElements] #73 called with 4 arguments
VM481:350 [webgl2.drawElements] #74 called with 4 arguments
VM481:350 [webgl2.drawElements] #75 called with 4 arguments
VM481:350 [webgl2.drawElements] #76 called with 4 arguments
VM481:350 [webgl2.drawElements] #77 called with 4 arguments
VM481:350 [webgl2.drawElements] #78 called with 4 arguments
VM481:350 [webgl2.drawElements] #79 called with 4 arguments
VM481:350 [webgl2.drawElements] #80 called with 4 arguments
VM481:350 [webgl2.drawElements] #81 called with 4 arguments
VM481:350 [webgl2.drawElements] #82 called with 4 arguments
VM481:350 [webgl2.drawElements] #83 called with 4 arguments
VM481:350 [webgl2.drawElements] #84 called with 4 arguments
VM481:350 [webgl2.drawElements] #85 called with 4 arguments
VM481:350 [webgl2.drawElements] #86 called with 4 arguments
VM481:350 [webgl2.drawElements] #87 called with 4 arguments
VM481:350 [webgl2.drawElements] #88 called with 4 arguments
VM481:350 [webgl2.drawElements] #89 called with 4 arguments
VM481:350 [webgl2.drawElements] #90 called with 4 arguments
VM481:350 [webgl2.drawElements] #91 called with 4 arguments
VM481:350 [webgl2.drawElements] #92 called with 4 arguments
VM481:350 [webgl2.drawElements] #93 called with 4 arguments
VM481:304 Frame 1 captured
VM481:350 [webgl2.drawElements] #94 called with 4 arguments
VM481:350 [webgl2.drawElements] #95 called with 4 arguments
VM481:350 [webgl2.drawElements] #96 called with 4 arguments
VM481:350 [webgl2.drawElements] #97 called with 4 arguments
VM481:350 [webgl2.drawElements] #98 called with 4 arguments
VM481:350 [webgl2.drawElements] #99 called with 4 arguments
VM481:350 [webgl2.drawElements] #100 called with 4 arguments
VM481:350 [webgl2.drawElements] #101 called with 4 arguments
VM481:350 [webgl2.drawElements] #102 called with 4 arguments
VM481:350 [webgl2.drawElements] #103 called with 4 arguments
VM481:350 [webgl2.drawElements] #104 called with 4 arguments
VM481:350 [webgl2.drawElements] #105 called with 4 arguments
VM481:350 [webgl2.drawElements] #106 called with 4 arguments
VM481:350 [webgl2.drawElements] #107 called with 4 arguments
VM481:350 [webgl2.drawElements] #108 called with 4 arguments
VM481:350 [webgl2.drawElements] #109 called with 4 arguments
VM481:350 [webgl2.drawElements] #110 called with 4 arguments
VM481:350 [webgl2.drawElements] #111 called with 4 arguments
VM481:350 [webgl2.drawElements] #112 called with 4 arguments
VM481:350 [webgl2.drawElements] #113 called with 4 arguments
VM481:350 [webgl2.drawElements] #114 called with 4 arguments
VM481:350 [webgl2.drawElements] #115 called with 4 arguments
VM481:350 [webgl2.drawElements] #116 called with 4 arguments
VM481:350 [webgl2.drawElements] #117 called with 4 arguments
VM481:350 [webgl2.drawElements] #118 called with 4 arguments
VM481:350 [webgl2.drawElements] #119 called with 4 arguments
VM481:350 [webgl2.drawElements] #120 called with 4 arguments
VM481:350 [webgl2.drawElements] #121 called with 4 arguments
VM481:350 [webgl2.drawElements] #122 called with 4 arguments
VM481:350 [webgl2.drawElements] #123 called with 4 arguments
VM481:350 [webgl2.drawElements] #124 called with 4 arguments
VM481:350 [webgl2.drawElements] #125 called with 4 arguments
VM481:350 [webgl2.drawElements] #126 called with 4 arguments
VM481:350 [webgl2.drawElements] #127 called with 4 arguments
VM481:350 [webgl2.drawElements] #128 called with 4 arguments
VM481:350 [webgl2.drawElements] #129 called with 4 arguments
VM481:350 [webgl2.drawElements] #130 called with 4 arguments
VM481:350 [webgl2.drawElements] #131 called with 4 arguments
VM481:350 [webgl2.drawElements] #132 called with 4 arguments
VM481:350 [webgl2.drawElements] #133 called with 4 arguments
VM481:350 [webgl2.drawElements] #134 called with 4 arguments
VM481:350 [webgl2.drawElements] #135 called with 4 arguments
VM481:350 [webgl2.drawElements] #136 called with 4 arguments
VM481:350 [webgl2.drawElements] #137 called with 4 arguments
VM481:350 [webgl2.drawElements] #138 called with 4 arguments
VM481:350 [webgl2.drawElements] #139 called with 4 arguments
VM481:350 [webgl2.drawElements] #140 called with 4 arguments
VM481:350 [webgl2.drawElements] #141 called with 4 arguments
VM481:350 [webgl2.drawElements] #142 called with 4 arguments
VM481:350 [webgl2.drawElements] #143 called with 4 arguments
VM481:350 [webgl2.drawElements] #144 called with 4 arguments
VM481:350 [webgl2.drawElements] #145 called with 4 arguments
VM481:350 [webgl2.drawElements] #146 called with 4 arguments
VM481:350 [webgl2.drawElements] #147 called with 4 arguments
VM481:350 [webgl2.drawElements] #148 called with 4 arguments
VM481:350 [webgl2.drawElements] #149 called with 4 arguments
VM481:350 [webgl2.drawElements] #150 called with 4 arguments
VM481:350 [webgl2.drawElements] #151 called with 4 arguments
VM481:350 [webgl2.drawElements] #152 called with 4 arguments
VM481:350 [webgl2.drawElements] #153 called with 4 arguments
VM481:350 [webgl2.drawElements] #154 called with 4 arguments
VM481:350 [webgl2.drawElements] #155 called with 4 arguments
VM481:350 [webgl2.drawElements] #156 called with 4 arguments
VM481:350 [webgl2.drawElements] #157 called with 4 arguments
VM481:350 [webgl2.drawElements] #158 called with 4 arguments
VM481:350 [webgl2.drawElements] #159 called with 4 arguments
VM481:350 [webgl2.drawElements] #160 called with 4 arguments
VM481:350 [webgl2.drawElements] #161 called with 4 arguments
VM481:350 [webgl2.drawElements] #162 called with 4 arguments
VM481:350 [webgl2.drawElements] #163 called with 4 arguments
VM481:350 [webgl2.drawElements] #164 called with 4 arguments
VM481:350 [webgl2.drawElements] #165 called with 4 arguments
VM481:350 [webgl2.drawElements] #166 called with 4 arguments
VM481:350 [webgl2.drawElements] #167 called with 4 arguments
VM481:350 [webgl2.drawElements] #168 called with 4 arguments
VM481:350 [webgl2.drawElements] #169 called with 4 arguments
VM481:350 [webgl2.drawElements] #170 called with 4 arguments
VM481:350 [webgl2.drawElements] #171 called with 4 arguments
VM481:350 [webgl2.drawElements] #172 called with 4 arguments
VM481:350 [webgl2.drawElements] #173 called with 4 arguments
VM481:350 [webgl2.drawElements] #174 called with 4 arguments
VM481:350 [webgl2.drawElements] #175 called with 4 arguments
VM481:350 [webgl2.drawElements] #176 called with 4 arguments
VM481:350 [webgl2.drawElements] #177 called with 4 arguments
VM481:350 [webgl2.drawElements] #178 called with 4 arguments
VM481:350 [webgl2.drawElements] #179 called with 4 arguments
VM481:350 [webgl2.drawElements] #180 called with 4 arguments
VM481:304 Frame 2 captured
VM481:350 [webgl2.drawElements] #181 called with 4 arguments
VM481:350 [webgl2.drawElements] #182 called with 4 arguments
VM481:350 [webgl2.drawElements] #183 called with 4 arguments
VM481:350 [webgl2.drawElements] #184 called with 4 arguments
VM481:350 [webgl2.drawElements] #185 called with 4 arguments
VM481:350 [webgl2.drawElements] #186 called with 4 arguments
VM481:350 [webgl2.drawElements] #187 called with 4 arguments
VM481:350 [webgl2.drawElements] #188 called with 4 arguments
VM481:350 [webgl2.drawElements] #189 called with 4 arguments
VM481:350 [webgl2.drawElements] #190 called with 4 arguments
VM481:350 [webgl2.drawElements] #191 called with 4 arguments
VM481:350 [webgl2.drawElements] #192 called with 4 arguments
VM481:350 [webgl2.drawElements] #193 called with 4 arguments
VM481:350 [webgl2.drawElements] #194 called with 4 arguments
VM481:350 [webgl2.drawElements] #195 called with 4 arguments
VM481:350 [webgl2.drawElements] #196 called with 4 arguments
VM481:350 [webgl2.drawElements] #197 called with 4 arguments
VM481:350 [webgl2.drawElements] #198 called with 4 arguments
VM481:350 [webgl2.drawElements] #199 called with 4 arguments
VM481:350 [webgl2.drawElements] #200 called with 4 arguments
VM481:350 [webgl2.drawElements] #201 called with 4 arguments
VM481:350 [webgl2.drawElements] #202 called with 4 arguments
VM481:350 [webgl2.drawElements] #203 called with 4 arguments
VM481:350 [webgl2.drawElements] #204 called with 4 arguments
VM481:350 [webgl2.drawElements] #205 called with 4 arguments
VM481:350 [webgl2.drawElements] #206 called with 4 arguments
VM481:350 [webgl2.drawElements] #207 called with 4 arguments
VM481:350 [webgl2.drawElements] #208 called with 4 arguments
VM481:350 [webgl2.drawElements] #209 called with 4 arguments
VM481:350 [webgl2.drawElements] #210 called with 4 arguments
VM481:350 [webgl2.drawElements] #211 called with 4 arguments
VM481:350 [webgl2.drawElements] #212 called with 4 arguments
VM481:350 [webgl2.drawElements] #213 called with 4 arguments
VM481:350 [webgl2.drawElements] #214 called with 4 arguments
VM481:350 [webgl2.drawElements] #215 called with 4 arguments
VM481:350 [webgl2.drawElements] #216 called with 4 arguments
VM481:350 [webgl2.drawElements] #217 called with 4 arguments
VM481:350 [webgl2.drawElements] #218 called with 4 arguments
VM481:350 [webgl2.drawElements] #219 called with 4 arguments
VM481:350 [webgl2.drawElements] #220 called with 4 arguments
VM481:350 [webgl2.drawElements] #221 called with 4 arguments
VM481:350 [webgl2.drawElements] #222 called with 4 arguments
VM481:350 [webgl2.drawElements] #223 called with 4 arguments
VM481:350 [webgl2.drawElements] #224 called with 4 arguments
VM481:350 [webgl2.drawElements] #225 called with 4 arguments
VM481:350 [webgl2.drawElements] #226 called with 4 arguments
VM481:350 [webgl2.drawElements] #227 called with 4 arguments
VM481:350 [webgl2.drawElements] #228 called with 4 arguments
VM481:350 [webgl2.drawElements] #229 called with 4 arguments
VM481:350 [webgl2.drawElements] #230 called with 4 arguments
VM481:350 [webgl2.drawElements] #231 called with 4 arguments
VM481:350 [webgl2.drawElements] #232 called with 4 arguments
VM481:350 [webgl2.drawElements] #233 called with 4 arguments
VM481:350 [webgl2.drawElements] #234 called with 4 arguments
VM481:350 [webgl2.drawElements] #235 called with 4 arguments
VM481:350 [webgl2.drawElements] #236 called with 4 arguments
VM481:350 [webgl2.drawElements] #237 called with 4 arguments
VM481:350 [webgl2.drawElements] #238 called with 4 arguments
VM481:350 [webgl2.drawElements] #239 called with 4 arguments
VM481:350 [webgl2.drawElements] #240 called with 4 arguments
VM481:350 [webgl2.drawElements] #241 called with 4 arguments
VM481:350 [webgl2.drawElements] #242 called with 4 arguments
VM481:350 [webgl2.drawElements] #243 called with 4 arguments
VM481:350 [webgl2.drawElements] #244 called with 4 arguments
VM481:350 [webgl2.drawElements] #245 called with 4 arguments
VM481:350 [webgl2.drawElements] #246 called with 4 arguments
VM481:350 [webgl2.drawElements] #247 called with 4 arguments
VM481:350 [webgl2.drawElements] #248 called with 4 arguments
VM481:350 [webgl2.drawElements] #249 called with 4 arguments
VM481:350 [webgl2.drawElements] #250 called with 4 arguments
VM481:350 [webgl2.drawElements] #251 called with 4 arguments
VM481:350 [webgl2.drawElements] #252 called with 4 arguments
VM481:350 [webgl2.drawElements] #253 called with 4 arguments
VM481:350 [webgl2.drawElements] #254 called with 4 arguments
VM481:350 [webgl2.drawElements] #255 called with 4 arguments
VM481:350 [webgl2.drawElements] #256 called with 4 arguments
VM481:350 [webgl2.drawElements] #257 called with 4 arguments
VM481:350 [webgl2.drawElements] #258 called with 4 arguments
VM481:350 [webgl2.drawElements] #259 called with 4 arguments
VM481:350 [webgl2.drawElements] #260 called with 4 arguments
VM481:350 [webgl2.drawElements] #261 called with 4 arguments
VM481:350 [webgl2.drawElements] #262 called with 4 arguments
VM481:350 [webgl2.drawElements] #263 called with 4 arguments
VM481:350 [webgl2.drawElements] #264 called with 4 arguments
VM481:350 [webgl2.drawElements] #265 called with 4 arguments
VM481:350 [webgl2.drawElements] #266 called with 4 arguments
VM481:350 [webgl2.drawElements] #267 called with 4 arguments
VM481:350 [webgl2.drawElements] #268 called with 4 arguments
VM481:350 [webgl2.drawElements] #269 called with 4 arguments
VM481:350 [webgl2.drawElements] #270 called with 4 arguments
VM481:304 Frame 3 captured
VM481:308 
✓ Captured 3 frames
VM481:309 Frame data: (3) [{…}, {…}, {…}]
VM481:350 [webgl2.drawElements] #271 called with 4 arguments
VM481:350 [webgl2.drawElements] #272 called with 4 arguments
VM481:350 [webgl2.drawElements] #273 called with 4 arguments
VM481:350 [webgl2.drawElements] #274 called with 4 arguments
VM481:350 [webgl2.drawElements] #275 called with 4 arguments
VM481:350 [webgl2.drawElements] #276 called with 4 arguments
VM481:350 [webgl2.drawElements] #277 called with 4 arguments
VM481:350 [webgl2.drawElements] #278 called with 4 arguments
VM481:350 [webgl2.drawElements] #279 called with 4 arguments
VM481:350 [webgl2.drawElements] #280 called with 4 arguments
VM481:350 [webgl2.drawElements] #281 called with 4 arguments
VM481:350 [webgl2.drawElements] #282 called with 4 arguments
VM481:350 [webgl2.drawElements] #283 called with 4 arguments
VM481:350 [webgl2.drawElements] #284 called with 4 arguments
VM481:350 [webgl2.drawElements] #285 called with 4 arguments
VM481:350 [webgl2.drawElements] #286 called with 4 arguments
VM481:350 [webgl2.drawElements] #287 called with 4 arguments
VM481:350 [webgl2.drawElements] #288 called with 4 arguments
VM481:350 [webgl2.drawElements] #289 called with 4 arguments
VM481:350 [webgl2.drawElements] #290 called with 4 arguments
VM481:350 [webgl2.drawElements] #291 called with 4 arguments
VM481:350 [webgl2.drawElements] #292 called with 4 arguments
VM481:350 [webgl2.drawElements] #293 called with 4 arguments
VM481:350 [webgl2.drawElements] #294 called with 4 arguments
VM481:350 [webgl2.drawElements] #295 called with 4 arguments
VM481:350 [webgl2.drawElements] #296 called with 4 arguments
VM481:350 [webgl2.drawElements] #297 called with 4 arguments
VM481:350 [webgl2.drawElements] #298 called with 4 arguments
VM481:350 [webgl2.drawElements] #299 called with 4 arguments
VM481:350 [webgl2.drawElements] #300 called with 4 arguments
VM481:350 [webgl2.drawElements] #301 called with 4 arguments
VM481:350 [webgl2.drawElements] #302 called with 4 arguments
VM481:350 [webgl2.drawElements] #303 called with 4 arguments
VM481:350 [webgl2.drawElements] #304 called with 4 arguments
VM481:350 [webgl2.drawElements] #305 called with 4 arguments
VM481:350 [webgl2.drawElements] #306 called with 4 arguments
VM481:350 [webgl2.drawElements] #307 called with 4 arguments
VM481:350 [webgl2.drawElements] #308 called with 4 arguments
VM481:350 [webgl2.drawElements] #309 called with 4 arguments
VM481:350 [webgl2.drawElements] #310 called with 4 arguments
VM481:350 [webgl2.drawElements] #311 called with 4 arguments
VM481:350 [webgl2.drawElements] #312 called with 4 arguments
VM481:350 [webgl2.drawElements] #313 called with 4 arguments
VM481:350 [webgl2.drawElements] #314 called with 4 arguments
VM481:350 [webgl2.drawElements] #315 called with 4 arguments
VM481:350 [webgl2.drawElements] #316 called with 4 arguments
VM481:350 [webgl2.drawElements] #317 called with 4 arguments
VM481:350 [webgl2.drawElements] #318 called with 4 arguments
VM481:350 [webgl2.drawElements] #319 called with 4 arguments
VM481:350 [webgl2.drawElements] #320 called with 4 arguments
VM481:350 [webgl2.drawElements] #321 called with 4 arguments
VM481:350 [webgl2.drawElements] #322 called with 4 arguments
VM481:350 [webgl2.drawElements] #323 called with 4 arguments
VM481:350 [webgl2.drawElements] #324 called with 4 arguments
VM481:350 [webgl2.drawElements] #325 called with 4 arguments
VM481:350 [webgl2.drawElements] #326 called with 4 arguments
VM481:350 [webgl2.drawElements] #327 called with 4 arguments
VM481:350 [webgl2.drawElements] #328 called with 4 arguments
VM481:350 [webgl2.drawElements] #329 called with 4 arguments
VM481:350 [webgl2.drawElements] #330 called with 4 arguments
VM481:350 [webgl2.drawElements] #331 called with 4 arguments
VM481:350 [webgl2.drawElements] #332 called with 4 arguments
VM481:350 [webgl2.drawElements] #333 called with 4 arguments
VM481:350 [webgl2.drawElements] #334 called with 4 arguments
VM481:350 [webgl2.drawElements] #335 called with 4 arguments
VM481:350 [webgl2.drawElements] #336 called with 4 arguments
VM481:350 [webgl2.drawElements] #337 called with 4 arguments
VM481:350 [webgl2.drawElements] #338 called with 4 arguments
VM481:350 [webgl2.drawElements] #339 called with 4 arguments
VM481:350 [webgl2.drawElements] #340 called with 4 arguments
VM481:350 [webgl2.drawElements] #341 called with 4 arguments
VM481:350 [webgl2.drawElements] #342 called with 4 arguments
VM481:350 [webgl2.drawElements] #343 called with 4 arguments
VM481:350 [webgl2.drawElements] #344 called with 4 arguments
VM481:350 [webgl2.drawElements] #345 called with 4 arguments
VM481:350 [webgl2.drawElements] #346 called with 4 arguments
VM481:350 [webgl2.drawElements] #347 called with 4 arguments
VM481:350 [webgl2.drawElements] #348 called with 4 arguments
VM481:350 [webgl2.drawElements] #349 called with 4 arguments
VM481:350 [webgl2.drawElements] #350 called with 4 arguments
VM481:350 [webgl2.drawElements] #351 called with 4 arguments
VM481:350 [webgl2.drawElements] #352 called with 4 arguments
VM481:350 [webgl2.drawElements] #353 called with 4 arguments
VM481:350 [webgl2.drawElements] #354 called with 4 arguments
VM481:350 [webgl2.drawElements] #355 called with 4 arguments
VM481:350 [webgl2.drawElements] #356 called with 4 arguments
VM481:350 [webgl2.drawElements] #357 called with 4 arguments
VM481:350 [webgl2.drawElements] #358 called with 4 arguments
VM481:350 [webgl2.drawElements] #359 called with 4 arguments
VM481:350 [webgl2.drawElements] #360 called with 4 arguments
VM481:350 [webgl2.drawElements] #361 called with 4 arguments
VM481:350 [webgl2.drawElements] #362 called with 4 arguments
VM481:350 [webgl2.drawElements] #363 called with 4 arguments
VM481:350 [webgl2.drawElements] #364 called with 4 arguments
VM481:350 [webgl2.drawElements] #365 called with 4 arguments
VM481:350 [webgl2.drawElements] #366 called with 4 arguments
VM481:350 [webgl2.drawElements] #367 called with 4 arguments
VM481:350 [webgl2.drawElements] #368 called with 4 arguments
VM481:350 [webgl2.drawElements] #369 called with 4 arguments
VM481:350 [webgl2.drawElements] #370 called with 4 arguments
VM481:350 [webgl2.drawElements] #371 called with 4 arguments
VM481:350 [webgl2.drawElements] #372 called with 4 arguments
VM481:350 [webgl2.drawElements] #373 called with 4 arguments
VM481:350 [webgl2.drawElements] #374 called with 4 arguments
VM481:350 [webgl2.drawElements] #375 called with 4 arguments
VM481:350 [webgl2.drawElements] #376 called with 4 arguments
VM481:350 [webgl2.drawElements] #377 called with 4 arguments
VM481:350 [webgl2.drawElements] #378 called with 4 arguments
VM481:350 [webgl2.drawElements] #379 called with 4 arguments
VM481:350 [webgl2.drawElements] #380 called with 4 arguments
VM481:350 [webgl2.drawElements] #381 called with 4 arguments
VM481:350 [webgl2.drawElements] #382 called with 4 arguments
VM481:350 [webgl2.drawElements] #383 called with 4 arguments
VM481:350 [webgl2.drawElements] #384 called with 4 arguments
VM481:350 [webgl2.drawElements] #385 called with 4 arguments
VM481:350 [webgl2.drawElements] #386 called with 4 arguments
VM481:350 [webgl2.drawElements] #387 called with 4 arguments
VM481:350 [webgl2.drawElements] #388 called with 4 arguments
VM481:350 [webgl2.drawElements] #389 called with 4 arguments
VM481:350 [webgl2.drawElements] #390 called with 4 arguments
VM481:350 [webgl2.drawElements] #391 called with 4 arguments
VM481:350 [webgl2.drawElements] #392 called with 4 arguments
VM481:350 [webgl2.drawElements] #393 called with 4 arguments
VM481:350 [webgl2.drawElements] #394 called with 4 arguments
VM481:350 [webgl2.drawElements] #395 called with 4 arguments
VM481:350 [webgl2.drawElements] #396 called with 4 arguments
VM481:350 [webgl2.drawElements] #397 called with 4 arguments
VM481:350 [webgl2.drawElements] #398 called with 4 arguments
VM481:350 [webgl2.drawElements] #399 called with 4 arguments
VM481:350 [webgl2.drawElements] #400 called with 4 arguments
VM481:350 [webgl2.drawElements] #401 called with 4 arguments
VM481:350 [webgl2.drawElements] #402 called with 4 arguments
VM481:350 [webgl2.drawElements] #403 called with 4 arguments
VM481:350 [webgl2.drawElements] #404 called with 4 arguments
VM481:350 [webgl2.drawElements] #405 called with 4 arguments
VM481:350 [webgl2.drawElements] #406 called with 4 arguments
VM481:350 [webgl2.drawElements] #407 called with 4 arguments
VM481:350 [webgl2.drawElements] #408 called with 4 arguments
VM481:350 [webgl2.drawElements] #409 called with 4 arguments
VM481:350 [webgl2.drawElements] #410 called with 4 arguments
VM481:350 [webgl2.drawElements] #411 called with 4 arguments
VM481:350 [webgl2.drawElements] #412 called with 4 arguments
VM481:350 [webgl2.drawElements] #413 called with 4 arguments
VM481:350 [webgl2.drawElements] #414 called with 4 arguments
VM481:350 [webgl2.drawElements] #415 called with 4 arguments
VM481:350 [webgl2.drawElements] #416 called with 4 arguments
VM481:350 [webgl2.drawElements] #417 called with 4 arguments
VM481:350 [webgl2.drawElements] #418 called with 4 arguments
VM481:350 [webgl2.drawElements] #419 called with 4 arguments
VM481:350 [webgl2.drawElements] #420 called with 4 arguments
VM481:350 [webgl2.drawElements] #421 called with 4 arguments
VM481:350 [webgl2.drawElements] #422 called with 4 arguments
VM481:350 [webgl2.drawElements] #423 called with 4 arguments
VM481:350 [webgl2.drawElements] #424 called with 4 arguments
VM481:350 [webgl2.drawElements] #425 called with 4 arguments
VM481:350 [webgl2.drawElements] #426 called with 4 arguments
VM481:350 [webgl2.drawElements] #427 called with 4 arguments
VM481:350 [webgl2.drawElements] #428 called with 4 arguments
VM481:350 [webgl2.drawElements] #429 called with 4 arguments
VM481:350 [webgl2.drawElements] #430 called with 4 arguments
VM481:350 [webgl2.drawElements] #431 called with 4 arguments
VM481:350 [webgl2.drawElements] #432 called with 4 arguments
VM481:350 [webgl2.drawElements] #433 called with 4 arguments
VM481:350 [webgl2.drawElements] #434 called with 4 arguments
VM481:350 [webgl2.drawElements] #435 called with 4 arguments
VM481:350 [webgl2.drawElements] #436 called with 4 arguments
VM481:350 [webgl2.drawElements] #437 called with 4 arguments
VM481:350 [webgl2.drawElements] #438 called with 4 arguments
VM481:350 [webgl2.drawElements] #439 called with 4 arguments
VM481:350 [webgl2.drawElements] #440 called with 4 arguments
VM481:350 [webgl2.drawElements] #441 called with 4 arguments
VM481:350 [webgl2.drawElements] #442 called with 4 arguments
VM481:350 [webgl2.drawElements] #443 called with 4 arguments
VM481:350 [webgl2.drawElements] #444 called with 4 arguments
VM481:350 [webgl2.drawElements] #445 called with 4 arguments
VM481:350 [webgl2.drawElements] #446 called with 4 arguments
VM481:350 [webgl2.drawElements] #447 called with 4 arguments
VM481:350 [webgl2.drawElements] #448 called with 4 arguments
VM481:350 [webgl2.drawElements] #449 called with 4 arguments
VM481:350 [webgl2.drawElements] #450 called with 4 arguments
VM481:350 [webgl2.drawElements] #451 called with 4 arguments
VM481:350 [webgl2.drawElements] #452 called with 4 arguments
VM481:350 [webgl2.drawElements] #453 called with 4 arguments
VM481:350 [webgl2.drawElements] #454 called with 4 arguments
VM481:350 [webgl2.drawElements] #455 called with 4 arguments
VM481:350 [webgl2.drawElements] #456 called with 4 arguments
VM481:350 [webgl2.drawElements] #457 called with 4 arguments
VM481:350 [webgl2.drawElements] #458 called with 4 arguments
VM481:350 [webgl2.drawElements] #459 called with 4 arguments
VM481:350 [webgl2.drawElements] #460 called with 4 arguments
VM481:350 [webgl2.drawElements] #461 called with 4 arguments
VM481:350 [webgl2.drawElements] #462 called with 4 arguments
VM481:350 [webgl2.drawElements] #463 called with 4 arguments
VM481:350 [webgl2.drawElements] #464 called with 4 arguments
VM481:350 [webgl2.drawElements] #465 called with 4 arguments
VM481:350 [webgl2.drawElements] #466 called with 4 arguments
VM481:350 [webgl2.drawElements] #467 called with 4 arguments
VM481:350 [webgl2.drawElements] #468 called with 4 arguments
VM481:350 [webgl2.drawElements] #469 called with 4 arguments
VM481:350 [webgl2.drawElements] #470 called with 4 arguments
VM481:350 [webgl2.drawElements] #471 called with 4 arguments
VM481:350 [webgl2.drawElements] #472 called with 4 arguments
VM481:350 [webgl2.drawElements] #473 called with 4 arguments
VM481:350 [webgl2.drawElements] #474 called with 4 arguments
VM481:350 [webgl2.drawElements] #475 called with 4 arguments
VM481:350 [webgl2.drawElements] #476 called with 4 arguments
VM481:350 [webgl2.drawElements] #477 called with 4 arguments
VM481:350 [webgl2.drawElements] #478 called with 4 arguments
VM481:350 [webgl2.drawElements] #479 called with 4 arguments
VM481:350 [webgl2.drawElements] #480 called with 4 arguments
VM481:350 [webgl2.drawElements] #481 called with 4 arguments
VM481:350 [webgl2.drawElements] #482 called with 4 arguments
VM481:350 [webgl2.drawElements] #483 called with 4 arguments
VM481:350 [webgl2.drawElements] #484 called with 4 arguments
VM481:350 [webgl2.drawElements] #485 called with 4 arguments
VM481:350 [webgl2.drawElements] #486 called with 4 arguments
VM481:350 [webgl2.drawElements] #487 called with 4 arguments
VM481:350 [webgl2.drawElements] #488 called with 4 arguments
VM481:350 [webgl2.drawElements] #489 called with 4 arguments
VM481:350 [webgl2.drawElements] #490 called with 4 arguments
VM481:350 [webgl2.drawElements] #491 called with 4 arguments
VM481:350 [webgl2.drawElements] #492 called with 4 arguments
VM481:350 [webgl2.drawElements] #493 called with 4 arguments
VM481:350 [webgl2.drawElements] #494 called with 4 arguments
VM481:350 [webgl2.drawElements] #495 called with 4 arguments
VM481:350 [webgl2.drawElements] #496 called with 4 arguments
VM481:350 [webgl2.drawElements] #497 called with 4 arguments
VM481:350 [webgl2.drawElements] #498 called with 4 arguments
VM481:350 [webgl2.drawElements] #499 called with 4 arguments
VM481:350 [webgl2.drawElements] #500 called with 4 arguments
VM481:350 [webgl2.drawElements] #501 called with 4 arguments
VM481:350 [webgl2.drawElements] #502 called with 4 arguments
VM481:350 [webgl2.drawElements] #503 called with 4 arguments
VM481:350 [webgl2.drawElements] #504 called with 4 arguments
VM481:350 [webgl2.drawElements] #505 called with 4 arguments
VM481:350 [webgl2.drawElements] #506 called with 4 arguments
VM481:350 [webgl2.drawElements] #507 called with 4 arguments
VM481:350 [webgl2.drawElements] #508 called with 4 arguments
VM481:350 [webgl2.drawElements] #509 called with 4 arguments
VM481:350 [webgl2.drawElements] #510 called with 4 arguments
VM481:350 [webgl2.drawElements] #511 called with 4 arguments
VM481:350 [webgl2.drawElements] #512 called with 4 arguments
VM481:350 [webgl2.drawElements] #513 called with 4 arguments
VM481:350 [webgl2.drawElements] #514 called with 4 arguments
VM481:350 [webgl2.drawElements] #515 called with 4 arguments
VM481:350 [webgl2.drawElements] #516 called with 4 arguments
VM481:350 [webgl2.drawElements] #517 called with 4 arguments
VM481:350 [webgl2.drawElements] #518 called with 4 arguments
VM481:350 [webgl2.drawElements] #519 called with 4 arguments
VM481:350 [webgl2.drawElements] #520 called with 4 arguments
VM481:350 [webgl2.drawElements] #521 called with 4 arguments
VM481:350 [webgl2.drawElements] #522 called with 4 arguments
VM481:350 [webgl2.drawElements] #523 called with 4 arguments
VM481:350 [webgl2.drawElements] #524 called with 4 arguments
VM481:350 [webgl2.drawElements] #525 called with 4 arguments
VM481:350 [webgl2.drawElements] #526 called with 4 arguments
VM481:350 [webgl2.drawElements] #527 called with 4 arguments
VM481:350 [webgl2.drawElements] #528 called with 4 arguments
VM481:350 [webgl2.drawElements] #529 called with 4 arguments
VM481:350 [webgl2.drawElements] #530 called with 4 arguments
VM481:350 [webgl2.drawElements] #531 called with 4 arguments
VM481:350 [webgl2.drawElements] #532 called with 4 arguments
VM481:350 [webgl2.drawElements] #533 called with 4 arguments
VM481:350 [webgl2.drawElements] #534 called with 4 arguments
VM481:350 [webgl2.drawElements] #535 called with 4 arguments
VM481:350 [webgl2.drawElements] #536 called with 4 arguments
VM481:350 [webgl2.drawElements] #537 called with 4 arguments
VM481:350 [webgl2.drawElements] #538 called with 4 arguments
VM481:350 [webgl2.drawElements] #539 called with 4 arguments
VM481:350 [webgl2.drawElements] #540 called with 4 arguments
VM481:350 [webgl2.drawElements] #541 called with 4 arguments
VM481:350 [webgl2.drawElements] #542 called with 4 arguments
VM481:350 [webgl2.drawElements] #543 called with 4 arguments
VM481:350 [webgl2.drawElements] #544 called with 4 arguments
VM481:350 [webgl2.drawElements] #545 called with 4 arguments
VM481:350 [webgl2.drawElements] #546 called with 4 arguments
VM481:350 [webgl2.drawElements] #547 called with 4 arguments
VM481:350 [webgl2.drawElements] #548 called with 4 arguments
VM481:350 [webgl2.drawElements] #549 called with 4 arguments
VM481:350 [webgl2.drawElements] #550 called with 4 arguments
VM481:350 [webgl2.drawElements] #551 called with 4 arguments
VM481:350 [webgl2.drawElements] #552 called with 4 arguments
VM481:350 [webgl2.drawElements] #553 called with 4 arguments
VM481:350 [webgl2.drawElements] #554 called with 4 arguments
VM481:350 [webgl2.drawElements] #555 called with 4 arguments
VM481:350 [webgl2.drawElements] #556 called with 4 arguments
VM481:350 [webgl2.drawElements] #557 called with 4 arguments
VM481:350 [webgl2.drawElements] #558 called with 4 arguments
VM481:350 [webgl2.drawElements] #559 called with 4 arguments
VM481:350 [webgl2.drawElements] #560 called with 4 arguments
VM481:350 [webgl2.drawElements] #561 called with 4 arguments
VM481:350 [webgl2.drawElements] #562 called with 4 arguments
VM481:350 [webgl2.drawElements] #563 called with 4 arguments
VM481:350 [webgl2.drawElements] #564 called with 4 arguments
VM481:350 [webgl2.drawElements] #565 called with 4 arguments
VM481:350 [webgl2.drawElements] #566 called with 4 arguments
VM481:350 [webgl2.drawElements] #567 called with 4 arguments
VM481:350 [webgl2.drawElements] #568 called with 4 arguments
VM481:350 [webgl2.drawElements] #569 called with 4 arguments
VM481:350 [webgl2.drawElements] #570 called with 4 arguments
VM481:350 [webgl2.drawElements] #571 called with 4 arguments
VM481:350 [webgl2.drawElements] #572 called with 4 arguments
VM481:350 [webgl2.drawElements] #573 called with 4 arguments
VM481:350 [webgl2.drawElements] #574 called with 4 arguments
VM481:350 [webgl2.drawElements] #575 called with 4 arguments
VM481:350 [webgl2.drawElements] #576 called with 4 arguments
VM481:350 [webgl2.drawElements] #577 called with 4 arguments
VM481:350 [webgl2.drawElements] #578 called with 4 arguments
VM481:350 [webgl2.drawElements] #579 called with 4 arguments
VM481:350 [webgl2.drawElements] #580 called with 4 arguments
VM481:350 [webgl2.drawElements] #581 called with 4 arguments
VM481:350 [webgl2.drawElements] #582 called with 4 arguments
VM481:350 [webgl2.drawElements] #583 called with 4 arguments
VM481:350 [webgl2.drawElements] #584 called with 4 arguments
VM481:350 [webgl2.drawElements] #585 called with 4 arguments
VM481:350 [webgl2.drawElements] #586 called with 4 arguments
VM481:350 [webgl2.drawElements] #587 called with 4 arguments
VM481:350 [webgl2.drawElements] #588 called with 4 arguments
VM481:350 [webgl2.drawElements] #589 called with 4 arguments
VM481:350 [webgl2.drawElements] #590 called with 4 arguments
VM481:350 [webgl2.drawElements] #591 called with 4 arguments
VM481:350 [webgl2.drawElements] #592 called with 4 arguments
VM481:350 [webgl2.drawElements] #593 called with 4 arguments
VM481:350 [webgl2.drawElements] #594 called with 4 arguments
VM481:350 [webgl2.drawElements] #595 called with 4 arguments
VM481:350 [webgl2.drawElements] #596 called with 4 arguments
VM481:350 [webgl2.drawElements] #597 called with 4 arguments
VM481:350 [webgl2.drawElements] #598 called with 4 arguments
VM481:350 [webgl2.drawElements] #599 called with 4 arguments
VM481:350 [webgl2.drawElements] #600 called with 4 arguments
VM481:350 [webgl2.drawElements] #601 called with 4 arguments
VM481:350 [webgl2.drawElements] #602 called with 4 arguments
VM481:350 [webgl2.drawElements] #603 called with 4 arguments
VM481:350 [webgl2.drawElements] #604 called with 4 arguments
VM481:350 [webgl2.drawElements] #605 called with 4 arguments
VM481:350 [webgl2.drawElements] #606 called with 4 arguments
VM481:350 [webgl2.drawElements] #607 called with 4 arguments
VM481:350 [webgl2.drawElements] #608 called with 4 arguments
VM481:350 [webgl2.drawElements] #609 called with 4 arguments
VM481:350 [webgl2.drawElements] #610 called with 4 arguments
VM481:350 [webgl2.drawElements] #611 called with 4 arguments
VM481:350 [webgl2.drawElements] #612 called with 4 arguments
VM481:350 [webgl2.drawElements] #613 called with 4 arguments
VM481:350 [webgl2.drawElements] #614 called with 4 arguments
VM481:350 [webgl2.drawElements] #615 called with 4 arguments
VM481:350 [webgl2.drawElements] #616 called with 4 arguments
VM481:350 [webgl2.drawElements] #617 called with 4 arguments
VM481:350 [webgl2.drawElements] #618 called with 4 arguments
VM481:350 [webgl2.drawElements] #619 called with 4 arguments
VM481:350 [webgl2.drawElements] #620 called with 4 arguments
VM481:350 [webgl2.drawElements] #621 called with 4 arguments
VM481:350 [webgl2.drawElements] #622 called with 4 arguments
VM481:350 [webgl2.drawElements] #623 called with 4 arguments
VM481:350 [webgl2.drawElements] #624 called with 4 arguments
VM481:350 [webgl2.drawElements] #625 called with 4 arguments
VM481:350 [webgl2.drawElements] #626 called with 4 arguments
VM481:350 [webgl2.drawElements] #627 called with 4 arguments
VM481:350 [webgl2.drawElements] #628 called with 4 arguments
VM481:350 [webgl2.drawElements] #629 called with 4 arguments
VM481:350 [webgl2.drawElements] #630 called with 4 arguments
VM481:350 [webgl2.drawElements] #631 called with 4 arguments
VM481:350 [webgl2.drawElements] #632 called with 4 arguments
VM481:350 [webgl2.drawElements] #633 called with 4 arguments
VM481:350 [webgl2.drawElements] #634 called with 4 arguments
VM481:350 [webgl2.drawElements] #635 called with 4 arguments
VM481:350 [webgl2.drawElements] #636 called with 4 arguments
VM481:350 [webgl2.drawElements] #637 called with 4 arguments
VM481:350 [webgl2.drawElements] #638 called with 4 arguments
VM481:350 [webgl2.drawElements] #639 called with 4 arguments
VM481:350 [webgl2.drawElements] #640 called with 4 arguments
VM481:350 [webgl2.drawElements] #641 called with 4 arguments
VM481:350 [webgl2.drawElements] #642 called with 4 arguments
VM481:350 [webgl2.drawElements] #643 called with 4 arguments
VM481:350 [webgl2.drawElements] #644 called with 4 arguments
VM481:350 [webgl2.drawElements] #645 called with 4 arguments
VM481:350 [webgl2.drawElements] #646 called with 4 arguments
VM481:350 [webgl2.drawElements] #647 called with 4 arguments
VM481:350 [webgl2.drawElements] #648 called with 4 arguments
VM481:350 [webgl2.drawElements] #649 called with 4 arguments
VM481:350 [webgl2.drawElements] #650 called with 4 arguments
VM481:350 [webgl2.drawElements] #651 called with 4 arguments
VM481:350 [webgl2.drawElements] #652 called with 4 arguments
VM481:350 [webgl2.drawElements] #653 called with 4 arguments
VM481:350 [webgl2.drawElements] #654 called with 4 arguments
VM481:350 [webgl2.drawElements] #655 called with 4 arguments
VM481:350 [webgl2.drawElements] #656 called with 4 arguments
VM481:350 [webgl2.drawElements] #657 called with 4 arguments
VM481:350 [webgl2.drawElements] #658 called with 4 arguments
VM481:350 [webgl2.drawElements] #659 called with 4 arguments
VM481:350 [webgl2.drawElements] #660 called with 4 arguments
VM481:350 [webgl2.drawElements] #661 called with 4 arguments
VM481:350 [webgl2.drawElements] #662 called with 4 arguments
VM481:350 [webgl2.drawElements] #663 called with 4 arguments
VM481:350 [webgl2.drawElements] #664 called with 4 arguments
VM481:350 [webgl2.drawElements] #665 called with 4 arguments
VM481:350 [webgl2.drawElements] #666 called with 4 arguments
VM481:350 [webgl2.drawElements] #667 called with 4 arguments
VM481:350 [webgl2.drawElements] #668 called with 4 arguments
VM481:350 [webgl2.drawElements] #669 called with 4 arguments
VM481:350 [webgl2.drawElements] #670 called with 4 arguments
VM481:350 [webgl2.drawElements] #671 called with 4 arguments
VM481:350 [webgl2.drawElements] #672 called with 4 arguments
VM481:350 [webgl2.drawElements] #673 called with 4 arguments
VM481:350 [webgl2.drawElements] #674 called with 4 arguments
VM481:350 [webgl2.drawElements] #675 called with 4 arguments
VM481:350 [webgl2.drawElements] #676 called with 4 arguments
VM481:350 [webgl2.drawElements] #677 called with 4 arguments
VM481:350 [webgl2.drawElements] #678 called with 4 arguments
VM481:350 [webgl2.drawElements] #679 called with 4 arguments
VM481:350 [webgl2.drawElements] #680 called with 4 arguments
VM481:350 [webgl2.drawElements] #681 called with 4 arguments
VM481:350 [webgl2.drawElements] #682 called with 4 arguments
VM481:350 [webgl2.drawElements] #683 called with 4 arguments
VM481:350 [webgl2.drawElements] #684 called with 4 arguments
VM481:350 [webgl2.drawElements] #685 called with 4 arguments
VM481:350 [webgl2.drawElements] #686 called with 4 arguments
VM481:350 [webgl2.drawElements] #687 called with 4 arguments
VM481:350 [webgl2.drawElements] #688 called with 4 arguments
VM481:350 [webgl2.drawElements] #689 called with 4 arguments
VM481:350 [webgl2.drawElements] #690 called with 4 arguments
VM481:350 [webgl2.drawElements] #691 called with 4 arguments
VM481:350 [webgl2.drawElements] #692 called with 4 arguments
VM481:350 [webgl2.drawElements] #693 called with 4 arguments
VM481:350 [webgl2.drawElements] #694 called with 4 arguments
VM481:350 [webgl2.drawElements] #695 called with 4 arguments
VM481:350 [webgl2.drawElements] #696 called with 4 arguments
VM481:350 [webgl2.drawElements] #697 called with 4 arguments
VM481:350 [webgl2.drawElements] #698 called with 4 arguments
VM481:350 [webgl2.drawElements] #699 called with 4 arguments
VM481:350 [webgl2.drawElements] #700 called with 4 arguments
VM481:350 [webgl2.drawElements] #701 called with 4 arguments
VM481:350 [webgl2.drawElements] #702 called with 4 arguments
VM481:350 [webgl2.drawElements] #703 called with 4 arguments
VM481:350 [webgl2.drawElements] #704 called with 4 arguments
VM481:350 [webgl2.drawElements] #705 called with 4 arguments
VM481:350 [webgl2.drawElements] #706 called with 4 arguments
VM481:350 [webgl2.drawElements] #707 called with 4 arguments
VM481:350 [webgl2.drawElements] #708 called with 4 arguments
VM481:350 [webgl2.drawElements] #709 called with 4 arguments
VM481:350 [webgl2.drawElements] #710 called with 4 arguments
VM481:350 [webgl2.drawElements] #711 called with 4 arguments
VM481:350 [webgl2.drawElements] #712 called with 4 arguments
VM481:350 [webgl2.drawElements] #713 called with 4 arguments
VM481:350 [webgl2.drawElements] #714 called with 4 arguments
VM481:350 [webgl2.drawElements] #715 called with 4 arguments
VM481:350 [webgl2.drawElements] #716 called with 4 arguments
VM481:350 [webgl2.drawElements] #717 called with 4 arguments
VM481:350 [webgl2.drawElements] #718 called with 4 arguments
VM481:350 [webgl2.drawElements] #719 called with 4 arguments
VM481:350 [webgl2.drawElements] #720 called with 4 arguments
VM481:350 [webgl2.drawElements] #721 called with 4 arguments
VM481:350 [webgl2.drawElements] #722 called with 4 arguments
VM481:350 [webgl2.drawElements] #723 called with 4 arguments
VM481:350 [webgl2.drawElements] #724 called with 4 arguments
VM481:350 [webgl2.drawElements] #725 called with 4 arguments
VM481:350 [webgl2.drawElements] #726 called with 4 arguments
VM481:350 [webgl2.drawElements] #727 called with 4 arguments
VM481:350 [webgl2.drawElements] #728 called with 4 arguments
VM481:350 [webgl2.drawElements] #729 called with 4 arguments
VM481:350 [webgl2.drawElements] #730 called with 4 arguments
VM481:350 [webgl2.drawElements] #731 called with 4 arguments
VM481:350 [webgl2.drawElements] #732 called with 4 arguments
VM481:350 [webgl2.drawElements] #733 called with 4 arguments
VM481:350 [webgl2.drawElements] #734 called with 4 arguments
VM481:350 [webgl2.drawElements] #735 called with 4 arguments
VM481:350 [webgl2.drawElements] #736 called with 4 arguments
VM481:350 [webgl2.drawElements] #737 called with 4 arguments
VM481:350 [webgl2.drawElements] #738 called with 4 arguments
VM481:350 [webgl2.drawElements] #739 called with 4 arguments
VM481:350 [webgl2.drawElements] #740 called with 4 arguments
VM481:350 [webgl2.drawElements] #741 called with 4 arguments
VM481:350 [webgl2.drawElements] #742 called with 4 arguments
VM481:350 [webgl2.drawElements] #743 called with 4 arguments
VM481:350 [webgl2.drawElements] #744 called with 4 arguments
VM481:350 [webgl2.drawElements] #745 called with 4 arguments
VM481:350 [webgl2.drawElements] #746 called with 4 arguments
VM481:350 [webgl2.drawElements] #747 called with 4 arguments
VM481:350 [webgl2.drawElements] #748 called with 4 arguments
VM481:350 [webgl2.drawElements] #749 called with 4 arguments
VM481:350 [webgl2.drawElements] #750 called with 4 arguments
VM481:350 [webgl2.drawElements] #751 called with 4 arguments
VM481:350 [webgl2.drawElements] #752 called with 4 arguments
VM481:350 [webgl2.drawElements] #753 called with 4 arguments
VM481:350 [webgl2.drawElements] #754 called with 4 arguments
VM481:350 [webgl2.drawElements] #755 called with 4 arguments
VM481:350 [webgl2.drawElements] #756 called with 4 arguments
VM481:350 [webgl2.drawElements] #757 called with 4 arguments
VM481:350 [webgl2.drawElements] #758 called with 4 arguments
VM481:350 [webgl2.drawElements] #759 called with 4 arguments
VM481:350 [webgl2.drawElements] #760 called with 4 arguments
VM481:350 [webgl2.drawElements] #761 called with 4 arguments
VM481:350 [webgl2.drawElements] #762 called with 4 arguments
VM481:350 [webgl2.drawElements] #763 called with 4 arguments
VM481:350 [webgl2.drawElements] #764 called with 4 arguments
VM481:350 [webgl2.drawElements] #765 called with 4 arguments
VM481:350 [webgl2.drawElements] #766 called with 4 arguments
VM481:350 [webgl2.drawElements] #767 called with 4 arguments
VM481:350 [webgl2.drawElements] #768 called with 4 arguments
VM481:350 [webgl2.drawElements] #769 called with 4 arguments
VM481:350 [webgl2.drawElements] #770 called with 4 arguments
VM481:350 [webgl2.drawElements] #771 called with 4 arguments
VM481:350 [webgl2.drawElements] #772 called with 4 arguments
VM481:350 [webgl2.drawElements] #773 called with 4 arguments
VM481:350 [webgl2.drawElements] #774 called with 4 arguments
VM481:350 [webgl2.drawElements] #775 called with 4 arguments
VM481:350 [webgl2.drawElements] #776 called with 4 arguments
VM481:350 [webgl2.drawElements] #777 called with 4 arguments
VM481:350 [webgl2.drawElements] #778 called with 4 arguments
VM481:350 [webgl2.drawElements] #779 called with 4 arguments
VM481:350 [webgl2.drawElements] #780 called with 4 arguments
VM481:350 [webgl2.drawElements] #781 called with 4 arguments
VM481:350 [webgl2.drawElements] #782 called with 4 arguments
VM481:350 [webgl2.drawElements] #783 called with 4 arguments
VM481:350 [webgl2.drawElements] #784 called with 4 arguments
VM481:350 [webgl2.drawElements] #785 called with 4 arguments
VM481:350 [webgl2.drawElements] #786 called with 4 arguments
VM481:350 [webgl2.drawElements] #787 called with 4 arguments
VM481:350 [webgl2.drawElements] #788 called with 4 arguments
VM481:350 [webgl2.drawElements] #789 called with 4 arguments
VM481:350 [webgl2.drawElements] #790 called with 4 arguments
VM481:350 [webgl2.drawElements] #791 called with 4 arguments
VM481:350 [webgl2.drawElements] #792 called with 4 arguments
VM481:350 [webgl2.drawElements] #793 called with 4 arguments
VM481:350 [webgl2.drawElements] #794 called with 4 arguments
VM481:350 [webgl2.drawElements] #795 called with 4 arguments
VM481:350 [webgl2.drawElements] #796 called with 4 arguments
VM481:350 [webgl2.drawElements] #797 called with 4 arguments
VM481:350 [webgl2.drawElements] #798 called with 4 arguments
VM481:350 [webgl2.drawElements] #799 called with 4 arguments
VM481:350 [webgl2.drawElements] #800 called with 4 arguments
VM481:350 [webgl2.drawElements] #801 called with 4 arguments
VM481:350 [webgl2.drawElements] #802 called with 4 arguments
VM481:350 [webgl2.drawElements] #803 called with 4 arguments
VM481:350 [webgl2.drawElements] #804 called with 4 arguments
VM481:350 [webgl2.drawElements] #805 called with 4 arguments
VM481:350 [webgl2.drawElements] #806 called with 4 arguments
VM481:350 [webgl2.drawElements] #807 called with 4 arguments
VM481:350 [webgl2.drawElements] #808 called with 4 arguments
VM481:350 [webgl2.drawElements] #809 called with 4 arguments
VM481:350 [webgl2.drawElements] #810 called with 4 arguments
VM481:350 [webgl2.drawElements] #811 called with 4 arguments
VM481:350 [webgl2.drawElements] #812 called with 4 arguments
VM481:350 [webgl2.drawElements] #813 called with 4 arguments
VM481:350 [webgl2.drawElements] #814 called with 4 arguments
VM481:350 [webgl2.drawElements] #815 called with 4 arguments
VM481:350 [webgl2.drawElements] #816 called with 4 arguments
VM481:350 [webgl2.drawElements] #817 called with 4 arguments
VM481:350 [webgl2.drawElements] #818 called with 4 arguments
VM481:350 [webgl2.drawElements] #819 called with 4 arguments
VM481:350 [webgl2.drawElements] #820 called with 4 arguments
VM481:350 [webgl2.drawElements] #821 called with 4 arguments
VM481:350 [webgl2.drawElements] #822 called with 4 arguments
VM481:350 [webgl2.drawElements] #823 called with 4 arguments
VM481:350 [webgl2.drawElements] #824 called with 4 arguments
VM481:350 [webgl2.drawElements] #825 called with 4 arguments
VM481:350 [webgl2.drawElements] #826 called with 4 arguments
VM481:350 [webgl2.drawElements] #827 called with 4 arguments
VM481:350 [webgl2.drawElements] #828 called with 4 arguments
VM481:350 [webgl2.drawElements] #829 called with 4 arguments
VM481:350 [webgl2.drawElements] #830 called with 4 arguments
VM481:350 [webgl2.drawElements] #831 called with 4 arguments
VM481:350 [webgl2.drawElements] #832 called with 4 arguments
VM481:350 [webgl2.drawElements] #833 called with 4 arguments
VM481:350 [webgl2.drawElements] #834 called with 4 arguments
VM481:350 [webgl2.drawElements] #835 called with 4 arguments
VM481:350 [webgl2.drawElements] #836 called with 4 arguments
VM481:350 [webgl2.drawElements] #837 called with 4 arguments
VM481:350 [webgl2.drawElements] #838 called with 4 arguments
VM481:350 [webgl2.drawElements] #839 called with 4 arguments
VM481:350 [webgl2.drawElements] #840 called with 4 arguments
VM481:350 [webgl2.drawElements] #841 called with 4 arguments
VM481:350 [webgl2.drawElements] #842 called with 4 arguments
VM481:350 [webgl2.drawElements] #843 called with 4 arguments
VM481:350 [webgl2.drawElements] #844 called with 4 arguments
VM481:350 [webgl2.drawElements] #845 called with 4 arguments
VM481:350 [webgl2.drawElements] #846 called with 4 arguments
VM481:350 [webgl2.drawElements] #847 called with 4 arguments
VM481:350 [webgl2.drawElements] #848 called with 4 arguments
VM481:350 [webgl2.drawElements] #849 called with 4 arguments
VM481:350 [webgl2.drawElements] #850 called with 4 arguments
VM481:350 [webgl2.drawElements] #851 called with 4 arguments
VM481:350 [webgl2.drawElements] #852 called with 4 arguments
VM481:350 [webgl2.drawElements] #853 called with 4 arguments
VM481:350 [webgl2.drawElements] #854 called with 4 arguments
VM481:350 [webgl2.drawElements] #855 called with 4 arguments
VM481:350 [webgl2.drawElements] #856 called with 4 arguments
VM481:350 [webgl2.drawElements] #857 called with 4 arguments
VM481:350 [webgl2.drawElements] #858 called with 4 arguments
VM481:350 [webgl2.drawElements] #859 called with 4 arguments
VM481:350 [webgl2.drawElements] #860 called with 4 arguments
VM481:350 [webgl2.drawElements] #861 called with 4 arguments
VM481:350 [webgl2.drawElements] #862 called with 4 arguments
VM481:350 [webgl2.drawElements] #863 called with 4 arguments
VM481:350 [webgl2.drawElements] #864 called with 4 arguments
VM481:350 [webgl2.drawElements] #865 called with 4 arguments
VM481:350 [webgl2.drawElements] #866 called with 4 arguments
VM481:350 [webgl2.drawElements] #867 called with 4 arguments
VM481:350 [webgl2.drawElements] #868 called with 4 arguments
VM481:350 [webgl2.drawElements] #869 called with 4 arguments
VM481:350 [webgl2.drawElements] #870 called with 4 arguments
VM481:350 [webgl2.drawElements] #871 called with 4 arguments
VM481:350 [webgl2.drawElements] #872 called with 4 arguments
VM481:350 [webgl2.drawElements] #873 called with 4 arguments
VM481:350 [webgl2.drawElements] #874 called with 4 arguments
VM481:350 [webgl2.drawElements] #875 called with 4 arguments
VM481:350 [webgl2.drawElements] #876 called with 4 arguments
VM481:350 [webgl2.drawElements] #877 called with 4 arguments
VM481:350 [webgl2.drawElements] #878 called with 4 arguments
VM481:350 [webgl2.drawElements] #879 called with 4 arguments
VM481:350 [webgl2.drawElements] #880 called with 4 arguments
VM481:350 [webgl2.drawElements] #881 called with 4 arguments
VM481:350 [webgl2.drawElements] #882 called with 4 arguments
VM481:350 [webgl2.drawElements] #883 called with 4 arguments
VM481:350 [webgl2.drawElements] #884 called with 4 arguments
VM481:350 [webgl2.drawElements] #885 called with 4 arguments
VM481:350 [webgl2.drawElements] #886 called with 4 arguments
VM481:350 [webgl2.drawElements] #887 called with 4 arguments
VM481:350 [webgl2.drawElements] #888 called with 4 arguments
VM481:350 [webgl2.drawElements] #889 called with 4 arguments
VM481:350 [webgl2.drawElements] #890 called with 4 arguments
VM481:350 [webgl2.drawElements] #891 called with 4 arguments
VM481:350 [webgl2.drawElements] #892 called with 4 arguments
VM481:350 [webgl2.drawElements] #893 called with 4 arguments
VM481:350 [webgl2.drawElements] #894 called with 4 arguments
VM481:350 [webgl2.drawElements] #895 called with 4 arguments
VM481:350 [webgl2.drawElements] #896 called with 4 arguments
VM481:350 [webgl2.drawElements] #897 called with 4 arguments
VM481:350 [webgl2.drawElements] #898 called with 4 arguments
VM481:350 [webgl2.drawElements] #899 called with 4 arguments
VM481:350 [webgl2.drawElements] #900 called with 4 arguments
VM481:350 [webgl2.drawElements] #901 called with 4 arguments
VM481:350 [webgl2.drawElements] #902 called with 4 arguments
VM481:350 [webgl2.drawElements] #903 called with 4 arguments
VM481:350 [webgl2.drawElements] #904 called with 4 arguments
VM481:350 [webgl2.drawElements] #905 called with 4 arguments
VM481:350 [webgl2.drawElements] #906 called with 4 arguments
VM481:350 [webgl2.drawElements] #907 called with 4 arguments
VM481:350 [webgl2.drawElements] #908 called with 4 arguments
VM481:350 [webgl2.drawElements] #909 called with 4 arguments
VM481:350 [webgl2.drawElements] #910 called with 4 arguments
VM481:350 [webgl2.drawElements] #911 called with 4 arguments
VM481:350 [webgl2.drawElements] #912 called with 4 arguments
VM481:350 [webgl2.drawElements] #913 called with 4 arguments
VM481:350 [webgl2.drawElements] #914 called with 4 arguments
VM481:350 [webgl2.drawElements] #915 called with 4 arguments
VM481:350 [webgl2.drawElements] #916 called with 4 arguments
VM481:350 [webgl2.drawElements] #917 called with 4 arguments
VM481:350 [webgl2.drawElements] #918 called with 4 arguments
VM481:350 [webgl2.drawElements] #919 called with 4 arguments
VM481:350 [webgl2.drawElements] #920 called with 4 arguments
VM481:350 [webgl2.drawElements] #921 called with 4 arguments
VM481:350 [webgl2.drawElements] #922 called with 4 arguments
VM481:350 [webgl2.drawElements] #923 called with 4 arguments
VM481:350 [webgl2.drawElements] #924 called with 4 arguments
VM481:350 [webgl2.drawElements] #925 called with 4 arguments
VM481:350 [webgl2.drawElements] #926 called with 4 arguments
VM481:350 [webgl2.drawElements] #927 called with 4 arguments
VM481:350 [webgl2.drawElements] #928 called with 4 arguments
VM481:350 [webgl2.drawElements] #929 called with 4 arguments
VM481:350 [webgl2.drawElements] #930 called with 4 arguments
VM481:350 [webgl2.drawElements] #931 called with 4 arguments
VM481:350 [webgl2.drawElements] #932 called with 4 arguments
VM481:350 [webgl2.drawElements] #933 called with 4 arguments
VM481:350 [webgl2.drawElements] #934 called with 4 arguments
VM481:350 [webgl2.drawElements] #935 called with 4 arguments
VM481:350 [webgl2.drawElements] #936 called with 4 arguments
VM481:350 [webgl2.drawElements] #937 called with 4 arguments
VM481:350 [webgl2.drawElements] #938 called with 4 arguments
VM481:350 [webgl2.drawElements] #939 called with 4 arguments
VM481:350 [webgl2.drawElements] #940 called with 4 arguments
VM481:350 [webgl2.drawElements] #941 called with 4 arguments
VM481:350 [webgl2.drawElements] #942 called with 4 arguments
VM481:350 [webgl2.drawElements] #943 called with 4 arguments
VM481:350 [webgl2.drawElements] #944 called with 4 arguments
VM481:350 [webgl2.drawElements] #945 called with 4 arguments
VM481:350 [webgl2.drawElements] #946 called with 4 arguments
VM481:350 [webgl2.drawElements] #947 called with 4 arguments
VM481:350 [webgl2.drawElements] #948 called with 4 arguments
VM481:350 [webgl2.drawElements] #949 called with 4 arguments
VM481:350 [webgl2.drawElements] #950 called with 4 arguments
VM481:350 [webgl2.drawElements] #951 called with 4 arguments
VM481:350 [webgl2.drawElements] #952 called with 4 arguments
VM481:350 [webgl2.drawElements] #953 called with 4 arguments
VM481:350 [webgl2.drawElements] #954 called with 4 arguments
VM481:350 [webgl2.drawElements] #955 called with 4 arguments
VM481:350 [webgl2.drawElements] #956 called with 4 arguments
VM481:350 [webgl2.drawElements] #957 called with 4 arguments
VM481:350 [webgl2.drawElements] #958 called with 4 arguments
VM481:350 [webgl2.drawElements] #959 called with 4 arguments
VM481:350 [webgl2.drawElements] #960 called with 4 arguments
VM481:350 [webgl2.drawElements] #961 called with 4 arguments
VM481:350 [webgl2.drawElements] #962 called with 4 arguments
VM481:350 [webgl2.drawElements] #963 called with 4 arguments
VM481:350 [webgl2.drawElements] #964 called with 4 arguments
VM481:350 [webgl2.drawElements] #965 called with 4 arguments
VM481:350 [webgl2.drawElements] #966 called with 4 arguments
VM481:350 [webgl2.drawElements] #967 called with 4 arguments
VM481:350 [webgl2.drawElements] #968 called with 4 arguments
VM481:350 [webgl2.drawElements] #969 called with 4 arguments
VM481:350 [webgl2.drawElements] #970 called with 4 arguments
VM481:350 [webgl2.drawElements] #971 called with 4 arguments
VM481:350 [webgl2.drawElements] #972 called with 4 arguments
VM481:350 [webgl2.drawElements] #973 called with 4 arguments
VM481:350 [webgl2.drawElements] #974 called with 4 arguments
VM481:350 [webgl2.drawElements] #975 called with 4 arguments
VM481:350 [webgl2.drawElements] #976 called with 4 arguments
VM481:350 [webgl2.drawElements] #977 called with 4 arguments
VM481:350 [webgl2.drawElements] #978 called with 4 arguments
VM481:350 [webgl2.drawElements] #979 called with 4 arguments
VM481:350 [webgl2.drawElements] #980 called with 4 arguments
VM481:350 [webgl2.drawElements] #981 called with 4 arguments
VM481:350 [webgl2.drawElements] #982 called with 4 arguments
VM481:350 [webgl2.drawElements] #983 called with 4 arguments
VM481:350 [webgl2.drawElements] #984 called with 4 arguments
VM481:350 [webgl2.drawElements] #985 called with 4 arguments
VM481:350 [webgl2.drawElements] #986 called with 4 arguments
VM481:350 [webgl2.drawElements] #987 called with 4 arguments
VM481:350 [webgl2.drawElements] #988 called with 4 arguments
VM481:350 [webgl2.drawElements] #989 called with 4 arguments
VM481:350 [webgl2.drawElements] #990 called with 4 arguments
VM481:350 [webgl2.drawElements] #991 called with 4 arguments
VM481:350 [webgl2.drawElements] #992 called with 4 arguments
VM481:350 [webgl2.drawElements] #993 called with 4 arguments
VM481:350 [webgl2.drawElements] #994 called with 4 arguments
VM481:350 [webgl2.drawElements] #995 called with 4 arguments
VM481:350 [webgl2.drawElements] #996 called with 4 arguments
VM481:350 [webgl2.drawElements] #997 called with 4 arguments
VM481:350 [webgl2.drawElements] #998 called with 4 arguments
VM481:350 [webgl2.drawElements] #999 called with 4 arguments
VM481:350 [webgl2.drawElements] #1000 called with 4 arguments
VM481:350 [webgl2.drawElements] #1001 called with 4 arguments
VM481:350 [webgl2.drawElements] #1002 called with 4 arguments
VM481:350 [webgl2.drawElements] #1003 called with 4 arguments
VM481:350 [webgl2.drawElements] #1004 called with 4 arguments
VM481:350 [webgl2.drawElements] #1005 called with 4 arguments
VM481:350 [webgl2.drawElements] #1006 called with 4 arguments
VM481:350 [webgl2.drawElements] #1007 called with 4 arguments
VM481:350 [webgl2.drawElements] #1008 called with 4 arguments
VM481:350 [webgl2.drawElements] #1009 called with 4 arguments
VM481:350 [webgl2.drawElements] #1010 called with 4 arguments
VM481:350 [webgl2.drawElements] #1011 called with 4 arguments
VM481:350 [webgl2.drawElements] #1012 called with 4 arguments
VM481:350 [webgl2.drawElements] #1013 called with 4 arguments
VM481:350 [webgl2.drawElements] #1014 called with 4 arguments
VM481:350 [webgl2.drawElements] #1015 called with 4 arguments
VM481:350 [webgl2.drawElements] #1016 called with 4 arguments
VM481:350 [webgl2.drawElements] #1017 called with 4 arguments
VM481:350 [webgl2.drawElements] #1018 called with 4 arguments
VM481:350 [webgl2.drawElements] #1019 called with 4 arguments
VM481:350 [webgl2.drawElements] #1020 called with 4 arguments
VM481:350 [webgl2.drawElements] #1021 called with 4 arguments
VM481:350 [webgl2.drawElements] #1022 called with 4 arguments
VM481:350 [webgl2.drawElements] #1023 called with 4 arguments
VM481:350 [webgl2.drawElements] #1024 called with 4 arguments
VM481:350 [webgl2.drawElements] #1025 called with 4 arguments
VM481:350 [webgl2.drawElements] #1026 called with 4 arguments
VM481:350 [webgl2.drawElements] #1027 called with 4 arguments
VM481:350 [webgl2.drawElements] #1028 called with 4 arguments
VM481:350 [webgl2.drawElements] #1029 called with 4 arguments
VM481:350 [webgl2.drawElements] #1030 called with 4 arguments
VM481:350 [webgl2.drawElements] #1031 called with 4 arguments
VM481:350 [webgl2.drawElements] #1032 called with 4 arguments
VM481:350 [webgl2.drawElements] #1033 called with 4 arguments
VM481:350 [webgl2.drawElements] #1034 called with 4 arguments
VM481:350 [webgl2.drawElements] #1035 called with 4 arguments
VM481:350 [webgl2.drawElements] #1036 called with 4 arguments
VM481:350 [webgl2.drawElements] #1037 called with 4 arguments
VM481:350 [webgl2.drawElements] #1038 called with 4 arguments
VM481:350 [webgl2.drawElements] #1039 called with 4 arguments
VM481:350 [webgl2.drawElements] #1040 called with 4 arguments
VM481:350 [webgl2.drawElements] #1041 called with 4 arguments
VM481:350 [webgl2.drawElements] #1042 called with 4 arguments
VM481:350 [webgl2.drawElements] #1043 called with 4 arguments
VM481:350 [webgl2.drawElements] #1044 called with 4 arguments
VM481:350 [webgl2.drawElements] #1045 called with 4 arguments
VM481:350 [webgl2.drawElements] #1046 called with 4 arguments
VM481:350 [webgl2.drawElements] #1047 called with 4 arguments
VM481:350 [webgl2.drawElements] #1048 called with 4 arguments
VM481:350 [webgl2.drawElements] #1049 called with 4 arguments
VM481:350 [webgl2.drawElements] #1050 called with 4 arguments
VM481:350 [webgl2.drawElements] #1051 called with 4 arguments
VM481:350 [webgl2.drawElements] #1052 called with 4 arguments
VM481:350 [webgl2.drawElements] #1053 called with 4 arguments
VM481:350 [webgl2.drawElements] #1054 called with 4 arguments
VM481:350 [webgl2.drawElements] #1055 called with 4 arguments
VM481:350 [webgl2.drawElements] #1056 called with 4 arguments
VM481:350 [webgl2.drawElements] #1057 called with 4 arguments
VM481:350 [webgl2.drawElements] #1058 called with 4 arguments
VM481:350 [webgl2.drawElements] #1059 called with 4 arguments
VM481:350 [webgl2.drawElements] #1060 called with 4 arguments
VM481:350 [webgl2.drawElements] #1061 called with 4 arguments
VM481:350 [webgl2.drawElements] #1062 called with 4 arguments
VM481:350 [webgl2.drawElements] #1063 called with 4 arguments
VM481:350 [webgl2.drawElements] #1064 called with 4 arguments
VM481:350 [webgl2.drawElements] #1065 called with 4 arguments
VM481:350 [webgl2.drawElements] #1066 called with 4 arguments
VM481:350 [webgl2.drawElements] #1067 called with 4 arguments
VM481:350 [webgl2.drawElements] #1068 called with 4 arguments
VM481:350 [webgl2.drawElements] #1069 called with 4 arguments
VM481:350 [webgl2.drawElements] #1070 called with 4 arguments
VM481:350 [webgl2.drawElements] #1071 called with 4 arguments
VM481:350 [webgl2.drawElements] #1072 called with 4 arguments
VM481:350 [webgl2.drawElements] #1073 called with 4 arguments
VM481:350 [webgl2.drawElements] #1074 called with 4 arguments
VM481:350 [webgl2.drawElements] #1075 called with 4 arguments
VM481:350 [webgl2.drawElements] #1076 called with 4 arguments
VM481:350 [webgl2.drawElements] #1077 called with 4 arguments
VM481:350 [webgl2.drawElements] #1078 called with 4 arguments
VM481:350 [webgl2.drawElements] #1079 called with 4 arguments
VM481:350 [webgl2.drawElements] #1080 called with 4 arguments
VM481:350 [webgl2.drawElements] #1081 called with 4 arguments
VM481:350 [webgl2.drawElements] #1082 called with 4 arguments
VM481:350 [webgl2.drawElements] #1083 called with 4 arguments
VM481:350 [webgl2.drawElements] #1084 called with 4 arguments
VM481:350 [webgl2.drawElements] #1085 called with 4 arguments
VM481:350 [webgl2.drawElements] #1086 called with 4 arguments
VM481:350 [webgl2.drawElements] #1087 called with 4 arguments
VM481:350 [webgl2.drawElements] #1088 called with 4 arguments
VM481:350 [webgl2.drawElements] #1089 called with 4 arguments
VM481:350 [webgl2.drawElements] #1090 called with 4 arguments
VM481:350 [webgl2.drawElements] #1091 called with 4 arguments
VM481:350 [webgl2.drawElements] #1092 called with 4 arguments
VM481:350 [webgl2.drawElements] #1093 called with 4 arguments
VM481:350 [webgl2.drawElements] #1094 called with 4 arguments
VM481:350 [webgl2.drawElements] #1095 called with 4 arguments
VM481:350 [webgl2.drawElements] #1096 called with 4 arguments
VM481:350 [webgl2.drawElements] #1097 called with 4 arguments
VM481:350 [webgl2.drawElements] #1098 called with 4 arguments
VM481:350 [webgl2.drawElements] #1099 called with 4 arguments
VM481:350 [webgl2.drawElements] #1100 called with 4 arguments
VM481:350 [webgl2.drawElements] #1101 called with 4 arguments
VM481:350 [webgl2.drawElements] #1102 called with 4 arguments
VM481:350 [webgl2.drawElements] #1103 called with 4 arguments
VM481:350 [webgl2.drawElements] #1104 called with 4 arguments
VM481:350 [webgl2.drawElements] #1105 called with 4 arguments
VM481:350 [webgl2.drawElements] #1106 called with 4 arguments
VM481:350 [webgl2.drawElements] #1107 called with 4 arguments
VM481:350 [webgl2.drawElements] #1108 called with 4 arguments
VM481:350 [webgl2.drawElements] #1109 called with 4 arguments
VM485:11 Total calls: 1109
VM481:370 All methods restored
