findBalls();
VM1069:3 === SEARCHING FOR BALL OBJECTS ===
VM1069:65 Visible object at game.app.stage: visible=true
VM1069:65 Visible object at game.app.stage.tempDisplayObjectParent: visible=true
VM1069:65 Visible object at game.app.stage.children.0: visible=true
VM1069:65 Visible object at game.app.stage.children.0.parent: visible=true
VM1069:65 Visible object at game.app.renderer._systemsHash.objectRenderer.lastObjectRendered: visible=true
VM1069:65 Visible object at game.app.renderer.objectRenderer.lastObjectRendered: visible=true
VM1069:65 Visible object at game.app.renderer.objectRenderer.lastObjectRendered.tempDisplayObjectParent: visible=true
VM1069:65 Visible object at game.app.renderer.events.rootBoundary.rootTarget: visible=true
VM1069:65 Visible object at game.app.containers.0: visible=true
VM1069:65 Visible object at game.app.containers.0.tempDisplayObjectParent: visible=true
VM1069:65 Visible object at game.app.containers.0.children.0: visible=true
VM1069:65 Visible object at game.app.containers.1: visible=true
VM1069:65 Visible object at game.app.containers.1.parent: visible=true
VM1069:65 Visible object at game.app.containers.1.parent.tempDisplayObjectParent: visible=true
VM1069:65 Visible object at game.app.containers.1.children.0: visible=true
VM1069:65 Visible object at game.app.containers.1.children.1: visible=true
VM1069:65 Visible object at game.app.containers.1.children.2: visible=true
VM1069:65 Visible object at game.app.containers.1.children.3: visible=true
VM1069:65 Visible object at game.app.containers.1.children.4: visible=true
VM1069:65 Visible object at game.app.containers.1.children.5: visible=false
VM1069:65 Visible object at game.app.containers.1.children.6: visible=true
VM1069:65 Visible object at game.app.containers.1.adaptiveMap.default: visible=true
VM1069:65 Visible object at game.app.containers.2: visible=true
VM1069:65 Visible object at game.app.containers.2.parent: visible=true
VM1069:65 Visible object at game.app.containers.2.parent.parent: visible=true
VM1069:65 Visible object at game.app.containers.2.children.0: visible=true
VM1069:65 Visible object at game.app.containers.2.children.1: visible=true
VM1069:65 Visible object at game.app.containers.2.children.2: visible=false
VM1069:65 Visible object at game.app.containers.2.adaptiveMap.default: visible=true
VM1069:65 Visible object at game.app.containers.3: visible=false
VM1069:65 Visible object at game.app.containers.3.parent: visible=true
VM1069:65 Visible object at game.app.containers.3.parent.parent: visible=true
VM1069:65 Visible object at game.app.containers.3.children.0: visible=true
VM1069:65 Visible object at game.app.containers.3.adaptiveMap.default: visible=false
VM1069:65 Visible object at game.app.containers.4: visible=true
VM1069:65 Visible object at game.app.containers.4.parent: visible=true
VM1069:65 Visible object at game.app.containers.4.parent.parent: visible=true
VM1069:65 Visible object at game.app.containers.4.children.0: visible=true
VM1069:65 Visible object at game.app.containers.4.children.1: visible=true
VM1069:65 Visible object at game.app.containers.4.adaptiveMap.default: visible=true
VM1069:65 Visible object at game.device.view.ownerDocument.defaultView.locationbar: visible=true
VM1069:65 Visible object at game.device.view.ownerDocument.defaultView.menubar: visible=true
VM1069:65 Visible object at game.device.view.ownerDocument.defaultView.personalbar: visible=true
VM1069:65 Visible object at game.device.view.ownerDocument.defaultView.scrollbars: visible=true
VM1069:65 Visible object at game.device.view.ownerDocument.defaultView.statusbar: visible=true
VM1069:65 Visible object at game.device.view.ownerDocument.defaultView.toolbar: visible=true
VM1069:56 🔍 Found ball reference at game.device.view.ownerDocument.defaultView.captureFinalBallPositions: ƒ captureFinalBallPositions() {
    const slots = window.__gameInstance.thimbles.interactiveSlots;
    console.log("=== CAPTURING FINAL BALL POSITIONS ===");
    
    const ballPositions = [];
    slot…
VM1069:56 🔍 Found ball reference at game.device.view.ownerDocument.defaultView.captureBalls: ƒ () {
    const slots = window.__gameInstance.thimbles.interactiveSlots;
    console.log("=== MANUAL STATE CAPTURE ===");
    const states = [];
    slots.forEach((slot, idx) => {
        states.push(…
VM1069:56 🔍 Found ball reference at game.device.view.ownerDocument.defaultView.__lastBallCup: 2
VM1069:56 🔍 Found ball reference at game.device.view.ownerDocument.defaultView.__lastBallState: 57121
VM1069:56 🔍 Found ball reference at game.device.view.ownerDocument.defaultView.captureBallState: ƒ () {
    const slots = window.__gameInstance.thimbles.interactiveSlots;
    console.log("=== COMPLETE SLOT ANALYSIS ===");
    
    slots.forEach((slot, idx) => {
        console.log(`\n--- Cup ${idx…
VM1069:56 🔍 Found ball reference at game.device.view.ownerDocument.defaultView.findBalls: ƒ findBalls() {
    console.log("=== SEARCHING FOR BALL OBJECTS ===");
    const game = window.__gameInstance;
    let foundBalls = [];
    
    // Check thimbles children (balls might be separate spri…
VM1069:65 Visible object at game.spineStorage.storage.0: visible=true
VM1069:65 Visible object at game.spineStorage.storage.0.parent: visible=true
VM1069:65 Visible object at game.spineStorage.storage.0.parent.parent: visible=true
VM1069:65 Visible object at game.spineStorage.storage.0.children.0: visible=true
VM1069:65 Visible object at game.spineStorage.storage.0.children.1: visible=true
VM1069:65 Visible object at game.spineStorage.storage.0.children.2: visible=true
VM1069:65 Visible object at game.spineStorage.storage.0.children.3: visible=true
VM1069:65 Visible object at game.spineStorage.storage.0.children.4: visible=true
VM1069:65 Visible object at game.spineStorage.storage.0.children.5: visible=true
VM1069:65 Visible object at game.spineStorage.storage.0.children.6: visible=false
VM1069:65 Visible object at game.spineStorage.storage.0.children.7: visible=false
VM1069:65 Visible object at game.spineStorage.storage.0.children.8: visible=false
VM1069:65 Visible object at game.spineStorage.storage.0.children.9: visible=false
VM1069:65 Visible object at game.spineStorage.storage.0.children.10: visible=false
VM1069:65 Visible object at game.spineStorage.storage.0.children.11: visible=false
VM1069:65 Visible object at game.spineStorage.storage.0.children.12: visible=false
VM1069:65 Visible object at game.spineStorage.storage.0.children.13: visible=false
VM1069:65 Visible object at game.spineStorage.storage.0.children.14: visible=false
VM1069:65 Visible object at game.spineStorage.storage.0.children.15: visible=false
VM1069:65 Visible object at game.spineStorage.storage.0.children.16: visible=true
VM1069:65 Visible object at game.spineStorage.storage.0.children.17: visible=true
VM1069:65 Visible object at game.spineStorage.storage.0.children.18: visible=true
VM1069:65 Visible object at game.spineStorage.storage.0.children.19: visible=true
VM1069:65 Visible object at game.spineStorage.storage.0.children.20: visible=true
VM1069:65 Visible object at game.spineStorage.storage.0.children.21: visible=true
VM1069:65 Visible object at game.spineStorage.storage.0.children.22: visible=true
VM1069:65 Visible object at game.spineStorage.storage.0.children.23: visible=true
VM1069:65 Visible object at game.spineStorage.storage.0.children.24: visible=true
VM1069:65 Visible object at game.spineStorage.storage.0.children.25: visible=true
VM1069:65 Visible object at game.spineStorage.storage.0.children.26: visible=true
VM1069:65 Visible object at game.spineStorage.storage.0.children.27: visible=true
VM1069:65 Visible object at game.spineStorage.storage.0.children.28: visible=true
VM1069:65 Visible object at game.spineStorage.storage.0.children.29: visible=true
VM1069:65 Visible object at game.spineStorage.storage.0.children.30: visible=true
VM1069:65 Visible object at game.spineStorage.storage.0.children.31: visible=true
VM1069:65 Visible object at game.spineStorage.storage.0.children.32: visible=true
VM1069:65 Visible object at game.spineStorage.storage.0.children.33: visible=true
VM1069:65 Visible object at game.spineStorage.storage.0.children.34: visible=true
VM1069:65 Visible object at game.spineStorage.storage.0.children.35: visible=true
VM1069:65 Visible object at game.spineStorage.storage.0.children.36: visible=true
VM1069:65 Visible object at game.spineStorage.storage.0.children.37: visible=true
VM1069:65 Visible object at game.spineStorage.storage.0.children.38: visible=true
VM1069:65 Visible object at game.spineStorage.storage.0.children.39: visible=true
VM1069:65 Visible object at game.spineStorage.storage.0.children.40: visible=true
VM1069:65 Visible object at game.spineStorage.storage.0.children.41: visible=true
VM1069:65 Visible object at game.spineStorage.storage.0.children.42: visible=true
VM1069:65 Visible object at game.spineStorage.storage.0.children.43: visible=true
VM1069:65 Visible object at game.spineStorage.storage.0.children.44: visible=true
VM1069:65 Visible object at game.spineStorage.storage.0.children.45: visible=true
VM1069:65 Visible object at game.spineStorage.storage.0.children.46: visible=true
VM1069:65 Visible object at game.spineStorage.storage.0.children.47: visible=true
VM1069:65 Visible object at game.spineStorage.storage.0.children.48: visible=true
VM1069:65 Visible object at game.spineStorage.storage.0.children.49: visible=true
VM1069:65 Visible object at game.spineStorage.storage.0.children.50: visible=true
VM1069:65 Visible object at game.spineStorage.storage.0.children.51: visible=true
VM1069:65 Visible object at game.spineStorage.storage.0.children.52: visible=true
VM1069:65 Visible object at game.spineStorage.storage.0.children.53: visible=true
VM1069:65 Visible object at game.spineStorage.storage.0.children.54: visible=true
VM1069:65 Visible object at game.spineStorage.storage.0.children.55: visible=true
VM1069:65 Visible object at game.spineStorage.storage.0.children.56: visible=true
VM1069:65 Visible object at game.spineStorage.storage.0.children.57: visible=true
VM1069:65 Visible object at game.spineStorage.storage.0.children.58: visible=true
VM1069:65 Visible object at game.spineStorage.storage.0.children.59: visible=true
VM1069:65 Visible object at game.spineStorage.storage.0.children.60: visible=true
VM1069:65 Visible object at game.spineStorage.storage.0.children.61: visible=true
VM1069:65 Visible object at game.spineStorage.storage.0.children.62: visible=true
VM1069:65 Visible object at game.spineStorage.storage.0.children.63: visible=true
VM1069:65 Visible object at game.spineStorage.storage.0.children.64: visible=true
VM1069:65 Visible object at game.spineStorage.storage.0.children.65: visible=true
VM1069:65 Visible object at game.spineStorage.storage.0.children.66: visible=true
VM1069:65 Visible object at game.spineStorage.storage.0.children.67: visible=true
VM1069:65 Visible object at game.spineStorage.storage.0.children.68: visible=true
VM1069:65 Visible object at game.spineStorage.storage.0.children.69: visible=true
VM1069:65 Visible object at game.spineStorage.storage.0.children.70: visible=true
VM1069:65 Visible object at game.spineStorage.storage.0.children.71: visible=true
VM1069:65 Visible object at game.spineStorage.storage.0.children.72: visible=true
VM1069:65 Visible object at game.spineStorage.storage.0.children.73: visible=true
VM1069:65 Visible object at game.spineStorage.storage.0.children.74: visible=true
VM1069:65 Visible object at game.spineStorage.storage.0.children.75: visible=true
VM1069:65 Visible object at game.spineStorage.storage.0.children.76: visible=true
VM1069:65 Visible object at game.spineStorage.storage.0.children.77: visible=true
VM1069:65 Visible object at game.spineStorage.storage.0.children.78: visible=true
VM1069:65 Visible object at game.spineStorage.storage.0.children.79: visible=true
VM1069:65 Visible object at game.spineStorage.storage.0.children.80: visible=true
VM1069:65 Visible object at game.spineStorage.storage.0.children.81: visible=false
VM1069:65 Visible object at game.spineStorage.storage.0.children.82: visible=true
VM1069:65 Visible object at game.spineStorage.storage.0.children.83: visible=true
VM1069:65 Visible object at game.spineStorage.storage.0.children.84: visible=true
VM1069:65 Visible object at game.spineStorage.storage.0.children.85: visible=true
VM1069:65 Visible object at game.spineStorage.storage.0.slotContainers.0: visible=true
VM1069:65 Visible object at game.spineStorage.storage.0.slotContainers.1: visible=true
VM1069:65 Visible object at game.spineStorage.storage.0.slotContainers.2: visible=true
VM1069:65 Visible object at game.spineStorage.storage.0.slotContainers.3: visible=true
VM1069:65 Visible object at game.spineStorage.storage.0.slotContainers.4: visible=true
VM1069:65 Visible object at game.spineStorage.storage.0.slotContainers.5: visible=true
VM1069:65 Visible object at game.spineStorage.storage.0.slotContainers.6: visible=false
VM1069:65 Visible object at game.spineStorage.storage.0.slotContainers.7: visible=false
VM1069:65 Visible object at game.spineStorage.storage.0.slotContainers.8: visible=false
VM1069:65 Visible object at game.spineStorage.storage.0.slotContainers.9: visible=false
VM1069:65 Visible object at game.spineStorage.storage.0.slotContainers.10: visible=false
VM1069:65 Visible object at game.spineStorage.storage.0.slotContainers.11: visible=false
VM1069:65 Visible object at game.spineStorage.storage.0.slotContainers.12: visible=false
VM1069:65 Visible object at game.spineStorage.storage.0.slotContainers.13: visible=false
VM1069:65 Visible object at game.spineStorage.storage.0.slotContainers.14: visible=false
VM1069:65 Visible object at game.spineStorage.storage.0.slotContainers.15: visible=false
VM1069:65 Visible object at game.spineStorage.storage.0.slotContainers.16: visible=true
VM1069:65 Visible object at game.spineStorage.storage.0.slotContainers.17: visible=true
VM1069:65 Visible object at game.spineStorage.storage.0.slotContainers.18: visible=true
VM1069:65 Visible object at game.spineStorage.storage.0.slotContainers.19: visible=true
VM1069:65 Visible object at game.spineStorage.storage.0.slotContainers.20: visible=true
VM1069:65 Visible object at game.spineStorage.storage.0.slotContainers.21: visible=true
VM1069:65 Visible object at game.spineStorage.storage.0.slotContainers.22: visible=true
VM1069:65 Visible object at game.spineStorage.storage.0.slotContainers.23: visible=true
VM1069:65 Visible object at game.spineStorage.storage.0.slotContainers.24: visible=true
VM1069:65 Visible object at game.spineStorage.storage.0.slotContainers.25: visible=true
VM1069:65 Visible object at game.spineStorage.storage.0.slotContainers.26: visible=true
VM1069:65 Visible object at game.spineStorage.storage.0.slotContainers.27: visible=true
VM1069:65 Visible object at game.spineStorage.storage.0.slotContainers.28: visible=true
VM1069:65 Visible object at game.spineStorage.storage.0.slotContainers.29: visible=true
VM1069:65 Visible object at game.spineStorage.storage.0.slotContainers.30: visible=true
VM1069:65 Visible object at game.spineStorage.storage.0.slotContainers.31: visible=true
VM1069:65 Visible object at game.spineStorage.storage.0.slotContainers.32: visible=true
VM1069:65 Visible object at game.spineStorage.storage.0.slotContainers.33: visible=true
VM1069:65 Visible object at game.spineStorage.storage.0.slotContainers.34: visible=true
VM1069:65 Visible object at game.spineStorage.storage.0.slotContainers.35: visible=true
VM1069:65 Visible object at game.spineStorage.storage.0.slotContainers.36: visible=true
VM1069:65 Visible object at game.spineStorage.storage.0.slotContainers.37: visible=true
VM1069:65 Visible object at game.spineStorage.storage.0.slotContainers.38: visible=true
VM1069:65 Visible object at game.spineStorage.storage.0.slotContainers.39: visible=true
VM1069:65 Visible object at game.spineStorage.storage.0.slotContainers.40: visible=true
VM1069:65 Visible object at game.spineStorage.storage.0.slotContainers.41: visible=true
VM1069:65 Visible object at game.spineStorage.storage.0.slotContainers.42: visible=true
VM1069:65 Visible object at game.spineStorage.storage.0.slotContainers.43: visible=true
VM1069:65 Visible object at game.spineStorage.storage.0.slotContainers.44: visible=true
VM1069:65 Visible object at game.spineStorage.storage.0.slotContainers.45: visible=true
VM1069:65 Visible object at game.spineStorage.storage.0.slotContainers.46: visible=true
VM1069:65 Visible object at game.spineStorage.storage.0.slotContainers.47: visible=true
VM1069:65 Visible object at game.spineStorage.storage.0.slotContainers.48: visible=true
VM1069:65 Visible object at game.spineStorage.storage.0.slotContainers.49: visible=true
VM1069:65 Visible object at game.spineStorage.storage.0.slotContainers.50: visible=true
VM1069:65 Visible object at game.spineStorage.storage.0.slotContainers.51: visible=true
VM1069:65 Visible object at game.spineStorage.storage.0.slotContainers.52: visible=true
VM1069:65 Visible object at game.spineStorage.storage.0.slotContainers.53: visible=true
VM1069:65 Visible object at game.spineStorage.storage.0.slotContainers.54: visible=true
VM1069:65 Visible object at game.spineStorage.storage.0.slotContainers.55: visible=true
VM1069:65 Visible object at game.spineStorage.storage.0.slotContainers.56: visible=true
VM1069:65 Visible object at game.spineStorage.storage.0.slotContainers.57: visible=true
VM1069:65 Visible object at game.spineStorage.storage.0.slotContainers.58: visible=true
VM1069:65 Visible object at game.spineStorage.storage.0.slotContainers.59: visible=true
VM1069:65 Visible object at game.spineStorage.storage.0.slotContainers.60: visible=true
VM1069:65 Visible object at game.spineStorage.storage.0.slotContainers.61: visible=true
VM1069:65 Visible object at game.spineStorage.storage.0.slotContainers.62: visible=true
VM1069:65 Visible object at game.spineStorage.storage.0.slotContainers.63: visible=true
VM1069:65 Visible object at game.spineStorage.storage.0.slotContainers.64: visible=true
VM1069:65 Visible object at game.spineStorage.storage.0.slotContainers.65: visible=true
VM1069:65 Visible object at game.spineStorage.storage.0.slotContainers.66: visible=true
VM1069:65 Visible object at game.spineStorage.storage.0.slotContainers.67: visible=true
VM1069:65 Visible object at game.spineStorage.storage.0.slotContainers.68: visible=true
VM1069:65 Visible object at game.spineStorage.storage.0.slotContainers.69: visible=true
VM1069:65 Visible object at game.spineStorage.storage.0.slotContainers.70: visible=true
VM1069:65 Visible object at game.spineStorage.storage.0.slotContainers.71: visible=true
VM1069:65 Visible object at game.spineStorage.storage.0.slotContainers.72: visible=true
VM1069:65 Visible object at game.spineStorage.storage.0.slotContainers.73: visible=true
VM1069:65 Visible object at game.spineStorage.storage.0.slotContainers.74: visible=true
VM1069:65 Visible object at game.spineStorage.storage.0.slotContainers.75: visible=true
VM1069:65 Visible object at game.spineStorage.storage.0.slotContainers.76: visible=true
VM1069:65 Visible object at game.spineStorage.storage.0.slotContainers.77: visible=true
VM1069:65 Visible object at game.spineStorage.storage.0.slotContainers.78: visible=true
VM1069:65 Visible object at game.spineStorage.storage.0.slotContainers.79: visible=true
VM1069:65 Visible object at game.spineStorage.storage.0.slotContainers.80: visible=true
VM1069:65 Visible object at game.spineStorage.storage.0.slotContainers.81: visible=false
VM1069:65 Visible object at game.spineStorage.storage.0.slotContainers.82: visible=true
VM1069:65 Visible object at game.spineStorage.storage.0.slotContainers.83: visible=true
VM1069:65 Visible object at game.spineStorage.storage.0.slotContainers.84: visible=true
VM1069:65 Visible object at game.spineStorage.storage.0.slotContainers.85: visible=true
VM1069:65 Visible object at game.spineStorage.storage.1: visible=true
VM1069:65 Visible object at game.spineStorage.storage.1.parent: visible=true
VM1069:65 Visible object at game.spineStorage.storage.1.parent.parent: visible=true
VM1069:65 Visible object at game.spineStorage.storage.1.children.0: visible=true
VM1069:65 Visible object at game.spineStorage.storage.1.children.1: visible=true
VM1069:65 Visible object at game.spineStorage.storage.1.children.2: visible=true
VM1069:65 Visible object at game.spineStorage.storage.1.children.3: visible=true
VM1069:65 Visible object at game.spineStorage.storage.1.children.4: visible=true
VM1069:65 Visible object at game.spineStorage.storage.1.children.5: visible=true
VM1069:65 Visible object at game.spineStorage.storage.1.children.6: visible=true
VM1069:65 Visible object at game.spineStorage.storage.1.children.7: visible=true
VM1069:65 Visible object at game.spineStorage.storage.1.children.8: visible=true
VM1069:65 Visible object at game.spineStorage.storage.1.slotContainers.0: visible=true
VM1069:65 Visible object at game.spineStorage.storage.1.slotContainers.1: visible=true
VM1069:65 Visible object at game.spineStorage.storage.1.slotContainers.2: visible=true
VM1069:65 Visible object at game.spineStorage.storage.1.slotContainers.3: visible=true
VM1069:65 Visible object at game.spineStorage.storage.1.slotContainers.4: visible=true
VM1069:65 Visible object at game.spineStorage.storage.1.slotContainers.5: visible=true
VM1069:65 Visible object at game.spineStorage.storage.1.slotContainers.6: visible=true
VM1069:65 Visible object at game.spineStorage.storage.1.slotContainers.7: visible=true
VM1069:65 Visible object at game.spineStorage.storage.1.slotContainers.8: visible=true
VM1069:65 Visible object at game.spineStorage.storage.2: visible=true
VM1069:65 Visible object at game.spineStorage.storage.2.parent: visible=true
VM1069:65 Visible object at game.spineStorage.storage.2.parent.parent: visible=true
VM1069:65 Visible object at game.spineStorage.storage.2.children.0: visible=true
VM1069:65 Visible object at game.spineStorage.storage.2.children.1: visible=true
VM1069:65 Visible object at game.spineStorage.storage.2.children.2: visible=true
VM1069:65 Visible object at game.spineStorage.storage.2.children.3: visible=false
VM1069:65 Visible object at game.spineStorage.storage.2.children.4: visible=false
VM1069:65 Visible object at game.spineStorage.storage.2.children.5: visible=false
VM1069:65 Visible object at game.spineStorage.storage.2.children.6: visible=true
VM1069:65 Visible object at game.spineStorage.storage.2.children.7: visible=true
VM1069:65 Visible object at game.spineStorage.storage.2.children.8: visible=true
VM1069:65 Visible object at game.spineStorage.storage.2.children.9: visible=true
VM1069:65 Visible object at game.spineStorage.storage.2.children.10: visible=true
VM1069:65 Visible object at game.spineStorage.storage.2.children.11: visible=true
VM1069:65 Visible object at game.spineStorage.storage.2.children.12: visible=true
VM1069:65 Visible object at game.spineStorage.storage.2.children.13: visible=true
VM1069:65 Visible object at game.spineStorage.storage.2.children.14: visible=false
VM1069:65 Visible object at game.spineStorage.storage.2.children.15: visible=true
VM1069:65 Visible object at game.spineStorage.storage.2.children.16: visible=false
VM1069:65 Visible object at game.spineStorage.storage.2.children.17: visible=true
VM1069:65 Visible object at game.spineStorage.storage.2.children.18: visible=true
VM1069:65 Visible object at game.spineStorage.storage.2.children.19: visible=true
VM1069:65 Visible object at game.spineStorage.storage.2.children.20: visible=true
VM1069:65 Visible object at game.spineStorage.storage.2.children.21: visible=true
VM1069:65 Visible object at game.spineStorage.storage.2.children.22: visible=true
VM1069:65 Visible object at game.spineStorage.storage.2.children.23: visible=true
VM1069:65 Visible object at game.spineStorage.storage.2.slotContainers.0: visible=true
VM1069:65 Visible object at game.spineStorage.storage.2.slotContainers.1: visible=true
VM1069:65 Visible object at game.spineStorage.storage.2.slotContainers.2: visible=true
VM1069:65 Visible object at game.spineStorage.storage.2.slotContainers.3: visible=false
VM1069:65 Visible object at game.spineStorage.storage.2.slotContainers.4: visible=false
VM1069:65 Visible object at game.spineStorage.storage.2.slotContainers.5: visible=false
VM1069:65 Visible object at game.spineStorage.storage.2.slotContainers.6: visible=true
VM1069:65 Visible object at game.spineStorage.storage.2.slotContainers.7: visible=true
VM1069:65 Visible object at game.spineStorage.storage.2.slotContainers.8: visible=true
VM1069:65 Visible object at game.spineStorage.storage.2.slotContainers.9: visible=true
VM1069:65 Visible object at game.spineStorage.storage.2.slotContainers.10: visible=true
VM1069:65 Visible object at game.spineStorage.storage.2.slotContainers.11: visible=true
VM1069:65 Visible object at game.spineStorage.storage.2.slotContainers.12: visible=true
VM1069:65 Visible object at game.spineStorage.storage.2.slotContainers.13: visible=true
VM1069:65 Visible object at game.spineStorage.storage.2.slotContainers.14: visible=false
VM1069:65 Visible object at game.spineStorage.storage.2.slotContainers.15: visible=true
VM1069:65 Visible object at game.spineStorage.storage.2.slotContainers.16: visible=false
VM1069:65 Visible object at game.spineStorage.storage.2.slotContainers.17: visible=true
VM1069:65 Visible object at game.spineStorage.storage.2.slotContainers.18: visible=true
VM1069:65 Visible object at game.spineStorage.storage.2.slotContainers.19: visible=true
VM1069:65 Visible object at game.spineStorage.storage.2.slotContainers.20: visible=true
VM1069:65 Visible object at game.spineStorage.storage.2.slotContainers.21: visible=true
VM1069:65 Visible object at game.spineStorage.storage.2.slotContainers.22: visible=true
VM1069:65 Visible object at game.spineStorage.storage.2.slotContainers.23: visible=true
VM1069:65 Visible object at game.spineStorage.storage.3: visible=true
VM1069:65 Visible object at game.spineStorage.storage.3.parent: visible=false
VM1069:65 Visible object at game.spineStorage.storage.3.parent.parent: visible=true
VM1069:65 Visible object at game.spineStorage.storage.3.children.0: visible=true
VM1069:65 Visible object at game.spineStorage.storage.3.children.1: visible=true
VM1069:65 Visible object at game.spineStorage.storage.3.children.2: visible=true
VM1069:65 Visible object at game.spineStorage.storage.3.children.3: visible=true
VM1069:65 Visible object at game.spineStorage.storage.3.children.4: visible=true
VM1069:65 Visible object at game.spineStorage.storage.3.children.5: visible=true
VM1069:65 Visible object at game.spineStorage.storage.3.children.6: visible=true
VM1069:65 Visible object at game.spineStorage.storage.3.children.7: visible=true
VM1069:65 Visible object at game.spineStorage.storage.3.slotContainers.0: visible=true
VM1069:65 Visible object at game.spineStorage.storage.3.slotContainers.1: visible=true
VM1069:65 Visible object at game.spineStorage.storage.3.slotContainers.2: visible=true
VM1069:65 Visible object at game.spineStorage.storage.3.slotContainers.3: visible=true
VM1069:65 Visible object at game.spineStorage.storage.3.slotContainers.4: visible=true
VM1069:65 Visible object at game.spineStorage.storage.3.slotContainers.5: visible=true
VM1069:65 Visible object at game.spineStorage.storage.3.slotContainers.6: visible=true
VM1069:65 Visible object at game.spineStorage.storage.3.slotContainers.7: visible=true
VM1069:65 Visible object at game.spineStorage.storage.4: visible=true
VM1069:65 Visible object at game.spineStorage.storage.4.parent: visible=true
VM1069:65 Visible object at game.spineStorage.storage.4.parent.parent: visible=true
VM1069:65 Visible object at game.spineStorage.storage.4.children.0: visible=true
VM1069:65 Visible object at game.spineStorage.storage.4.children.1: visible=true
VM1069:65 Visible object at game.spineStorage.storage.4.slotContainers.0: visible=true
VM1069:65 Visible object at game.spineStorage.storage.4.slotContainers.1: visible=true
VM1069:65 Visible object at game.resultPopup.container: visible=false
VM1069:65 Visible object at game.resultPopup.container._events.onResize.context: visible=false
VM1069:65 Visible object at game.resultPopup.container.parent: visible=true
VM1069:65 Visible object at game.resultPopup.container.parent.parent: visible=true
VM1069:65 Visible object at game.resultPopup.container.parent.parent.tempDisplayObjectParent: visible=true
VM1069:65 Visible object at game.resultPopup.container.parent.children.0: visible=true
VM1069:65 Visible object at game.resultPopup.container.parent.children.1: visible=true
VM1069:65 Visible object at game.resultPopup.container.parent.children.2: visible=true
VM1069:65 Visible object at game.resultPopup.container.parent.children.3: visible=true
VM1069:65 Visible object at game.resultPopup.container.parent.children.4: visible=true
VM1069:65 Visible object at game.resultPopup.container.parent.children.5: visible=false
VM1069:65 Visible object at game.resultPopup.container.parent.children.6: visible=true
VM1069:65 Visible object at game.resultPopup.container.parent.adaptiveMap.default: visible=true
VM1069:65 Visible object at game.resultPopup.container.children.0: visible=true
VM1069:65 Visible object at game.resultPopup.container.children.0.parent: visible=false
VM1069:65 Visible object at game.resultPopup.container.adaptiveMap.default: visible=false
VM1069:65 Visible object at game.resultPopup.spine: visible=true
VM1069:65 Visible object at game.resultPopup.spine.parent: visible=false
VM1069:65 Visible object at game.resultPopup.spine.parent.parent: visible=true
VM1069:65 Visible object at game.resultPopup.spine.parent.parent.parent: visible=true
VM1069:65 Visible object at game.resultPopup.spine.parent.children.0: visible=true
VM1069:65 Visible object at game.resultPopup.spine.parent.adaptiveMap.default: visible=false
VM1069:65 Visible object at game.resultPopup.spine.children.0: visible=true
VM1069:65 Visible object at game.resultPopup.spine.children.0.parent: visible=true
VM1069:65 Visible object at game.resultPopup.spine.children.1: visible=true
VM1069:65 Visible object at game.resultPopup.spine.children.1.parent: visible=true
VM1069:65 Visible object at game.resultPopup.spine.children.2: visible=true
VM1069:65 Visible object at game.resultPopup.spine.children.2.parent: visible=true
VM1069:65 Visible object at game.resultPopup.spine.children.3: visible=true
VM1069:65 Visible object at game.resultPopup.spine.children.3.parent: visible=true
VM1069:65 Visible object at game.resultPopup.spine.children.4: visible=true
VM1069:65 Visible object at game.resultPopup.spine.children.4.parent: visible=true
VM1069:65 Visible object at game.resultPopup.spine.children.5: visible=true
VM1069:65 Visible object at game.resultPopup.spine.children.5.parent: visible=true
VM1069:65 Visible object at game.resultPopup.spine.children.6: visible=true
VM1069:65 Visible object at game.resultPopup.spine.children.6.parent: visible=true
VM1069:65 Visible object at game.resultPopup.spine.children.7: visible=true
VM1069:65 Visible object at game.resultPopup.spine.children.7.parent: visible=true
VM1069:65 Visible object at game.resultPopup.spine.slotContainers.0: visible=true
VM1069:65 Visible object at game.resultPopup.spine.slotContainers.0.parent: visible=true
VM1069:65 Visible object at game.resultPopup.spine.slotContainers.1: visible=true
VM1069:65 Visible object at game.resultPopup.spine.slotContainers.1.parent: visible=true
VM1069:65 Visible object at game.resultPopup.spine.slotContainers.2: visible=true
VM1069:65 Visible object at game.resultPopup.spine.slotContainers.2.parent: visible=true
VM1069:65 Visible object at game.resultPopup.spine.slotContainers.3: visible=true
VM1069:65 Visible object at game.resultPopup.spine.slotContainers.3.parent: visible=true
VM1069:65 Visible object at game.resultPopup.spine.slotContainers.4: visible=true
VM1069:65 Visible object at game.resultPopup.spine.slotContainers.4.parent: visible=true
VM1069:65 Visible object at game.resultPopup.spine.slotContainers.5: visible=true
VM1069:65 Visible object at game.resultPopup.spine.slotContainers.5.parent: visible=true
VM1069:65 Visible object at game.resultPopup.spine.slotContainers.6: visible=true
VM1069:65 Visible object at game.resultPopup.spine.slotContainers.6.parent: visible=true
VM1069:65 Visible object at game.resultPopup.spine.slotContainers.7: visible=true
VM1069:65 Visible object at game.resultPopup.spine.slotContainers.7.parent: visible=true
VM1069:65 Visible object at game.resultPopup.label: visible=true
VM1069:65 Visible object at game.resultPopup.label.parent: visible=true
VM1069:65 Visible object at game.resultPopup.label.parent.parent: visible=true
VM1069:65 Visible object at game.resultPopup.label.parent.parent.parent: visible=false
VM1069:65 Visible object at game.resultPopup.label.parent.children.0: visible=true
VM1069:65 Visible object at game.resultPopup.label.parent.children.1: visible=true
VM1069:65 Visible object at game.resultPopup.label._anchor.scope: visible=true
VM1069:65 Visible object at game.resultPopup.label._anchor.scope.parent: visible=true
VM1069:65 Visible object at game.background.spine: visible=true
VM1069:65 Visible object at game.background.spine.parent: visible=true
VM1069:65 Visible object at game.background.spine.parent.parent: visible=true
VM1069:65 Visible object at game.background.spine.parent.parent.tempDisplayObjectParent: visible=true
VM1069:65 Visible object at game.background.spine.parent.children.0: visible=true
VM1069:65 Visible object at game.background.spine.parent.children.1: visible=true
VM1069:65 Visible object at game.background.spine.parent.children.2: visible=true
VM1069:65 Visible object at game.background.spine.parent.children.3: visible=true
VM1069:65 Visible object at game.background.spine.parent.children.4: visible=true
VM1069:65 Visible object at game.background.spine.parent.children.5: visible=false
VM1069:65 Visible object at game.background.spine.parent.children.6: visible=true
VM1069:65 Visible object at game.background.spine.parent.adaptiveMap.default: visible=true
VM1069:65 Visible object at game.background.spine.children.0: visible=true
VM1069:65 Visible object at game.background.spine.children.0.parent: visible=true
VM1069:65 Visible object at game.background.spine.children.1: visible=true
VM1069:65 Visible object at game.background.spine.children.1.parent: visible=true
VM1069:65 Visible object at game.background.spine.children.2: visible=true
VM1069:65 Visible object at game.background.spine.children.2.parent: visible=true
VM1069:65 Visible object at game.background.spine.children.3: visible=true
VM1069:65 Visible object at game.background.spine.children.3.parent: visible=true
VM1069:65 Visible object at game.background.spine.children.4: visible=true
VM1069:65 Visible object at game.background.spine.children.4.parent: visible=true
VM1069:65 Visible object at game.background.spine.children.5: visible=true
VM1069:65 Visible object at game.background.spine.children.5.parent: visible=true
VM1069:65 Visible object at game.background.spine.children.6: visible=false
VM1069:65 Visible object at game.background.spine.children.6.parent: visible=true
VM1069:65 Visible object at game.background.spine.children.7: visible=false
VM1069:65 Visible object at game.background.spine.children.7.parent: visible=true
VM1069:65 Visible object at game.background.spine.children.8: visible=false
VM1069:65 Visible object at game.background.spine.children.8.parent: visible=true
VM1069:65 Visible object at game.background.spine.children.9: visible=false
VM1069:65 Visible object at game.background.spine.children.9.parent: visible=true
VM1069:65 Visible object at game.background.spine.children.10: visible=false
VM1069:65 Visible object at game.background.spine.children.10.parent: visible=true
VM1069:65 Visible object at game.background.spine.children.11: visible=false
VM1069:65 Visible object at game.background.spine.children.11.parent: visible=true
VM1069:65 Visible object at game.background.spine.children.12: visible=false
VM1069:65 Visible object at game.background.spine.children.12.parent: visible=true
VM1069:65 Visible object at game.background.spine.children.13: visible=false
VM1069:65 Visible object at game.background.spine.children.13.parent: visible=true
VM1069:65 Visible object at game.background.spine.children.14: visible=false
VM1069:65 Visible object at game.background.spine.children.14.parent: visible=true
VM1069:65 Visible object at game.background.spine.children.15: visible=false
VM1069:65 Visible object at game.background.spine.children.15.parent: visible=true
VM1069:65 Visible object at game.background.spine.children.16: visible=true
VM1069:65 Visible object at game.background.spine.children.16.parent: visible=true
VM1069:65 Visible object at game.background.spine.children.17: visible=true
VM1069:65 Visible object at game.background.spine.children.17.parent: visible=true
VM1069:65 Visible object at game.background.spine.children.18: visible=true
VM1069:65 Visible object at game.background.spine.children.18.parent: visible=true
VM1069:65 Visible object at game.background.spine.children.19: visible=true
VM1069:65 Visible object at game.background.spine.children.19.parent: visible=true
VM1069:65 Visible object at game.background.spine.children.20: visible=true
VM1069:65 Visible object at game.background.spine.children.20.parent: visible=true
VM1069:65 Visible object at game.background.spine.children.21: visible=true
VM1069:65 Visible object at game.background.spine.children.21.parent: visible=true
VM1069:65 Visible object at game.background.spine.children.22: visible=true
VM1069:65 Visible object at game.background.spine.children.22.parent: visible=true
VM1069:65 Visible object at game.background.spine.children.23: visible=true
VM1069:65 Visible object at game.background.spine.children.23.parent: visible=true
VM1069:65 Visible object at game.background.spine.children.24: visible=true
VM1069:65 Visible object at game.background.spine.children.24.parent: visible=true
VM1069:65 Visible object at game.background.spine.children.25: visible=true
VM1069:65 Visible object at game.background.spine.children.25.parent: visible=true
VM1069:65 Visible object at game.background.spine.children.26: visible=true
VM1069:65 Visible object at game.background.spine.children.26.parent: visible=true
VM1069:65 Visible object at game.background.spine.children.27: visible=true
VM1069:65 Visible object at game.background.spine.children.27.parent: visible=true
VM1069:65 Visible object at game.background.spine.children.28: visible=true
VM1069:65 Visible object at game.background.spine.children.28.parent: visible=true
VM1069:65 Visible object at game.background.spine.children.29: visible=true
VM1069:65 Visible object at game.background.spine.children.29.parent: visible=true
VM1069:65 Visible object at game.background.spine.children.30: visible=true
VM1069:65 Visible object at game.background.spine.children.30.parent: visible=true
VM1069:65 Visible object at game.background.spine.children.31: visible=true
VM1069:65 Visible object at game.background.spine.children.31.parent: visible=true
VM1069:65 Visible object at game.background.spine.children.32: visible=true
VM1069:65 Visible object at game.background.spine.children.32.parent: visible=true
VM1069:65 Visible object at game.background.spine.children.33: visible=true
VM1069:65 Visible object at game.background.spine.children.33.parent: visible=true
VM1069:65 Visible object at game.background.spine.children.34: visible=true
VM1069:65 Visible object at game.background.spine.children.34.parent: visible=true
VM1069:65 Visible object at game.background.spine.children.35: visible=true
VM1069:65 Visible object at game.background.spine.children.35.parent: visible=true
VM1069:65 Visible object at game.background.spine.children.36: visible=true
VM1069:65 Visible object at game.background.spine.children.36.parent: visible=true
VM1069:65 Visible object at game.background.spine.children.37: visible=true
VM1069:65 Visible object at game.background.spine.children.37.parent: visible=true
VM1069:65 Visible object at game.background.spine.children.38: visible=true
VM1069:65 Visible object at game.background.spine.children.38.parent: visible=true
VM1069:65 Visible object at game.background.spine.children.39: visible=true
VM1069:65 Visible object at game.background.spine.children.39.parent: visible=true
VM1069:65 Visible object at game.background.spine.children.40: visible=true
VM1069:65 Visible object at game.background.spine.children.40.parent: visible=true
VM1069:65 Visible object at game.background.spine.children.41: visible=true
VM1069:65 Visible object at game.background.spine.children.41.parent: visible=true
VM1069:65 Visible object at game.background.spine.children.42: visible=true
VM1069:65 Visible object at game.background.spine.children.42.parent: visible=true
VM1069:65 Visible object at game.background.spine.children.43: visible=true
VM1069:65 Visible object at game.background.spine.children.43.parent: visible=true
VM1069:65 Visible object at game.background.spine.children.44: visible=true
VM1069:65 Visible object at game.background.spine.children.44.parent: visible=true
VM1069:65 Visible object at game.background.spine.children.45: visible=true
VM1069:65 Visible object at game.background.spine.children.45.parent: visible=true
VM1069:65 Visible object at game.background.spine.children.46: visible=true
VM1069:65 Visible object at game.background.spine.children.46.parent: visible=true
VM1069:65 Visible object at game.background.spine.children.47: visible=true
VM1069:65 Visible object at game.background.spine.children.47.parent: visible=true
VM1069:65 Visible object at game.background.spine.children.48: visible=true
VM1069:65 Visible object at game.background.spine.children.48.parent: visible=true
VM1069:65 Visible object at game.background.spine.children.49: visible=true
VM1069:65 Visible object at game.background.spine.children.49.parent: visible=true
VM1069:65 Visible object at game.background.spine.children.50: visible=true
VM1069:65 Visible object at game.background.spine.children.50.parent: visible=true
VM1069:65 Visible object at game.background.spine.children.51: visible=true
VM1069:65 Visible object at game.background.spine.children.51.parent: visible=true
VM1069:65 Visible object at game.background.spine.children.52: visible=true
VM1069:65 Visible object at game.background.spine.children.52.parent: visible=true
VM1069:65 Visible object at game.background.spine.children.53: visible=true
VM1069:65 Visible object at game.background.spine.children.53.parent: visible=true
VM1069:65 Visible object at game.background.spine.children.54: visible=true
VM1069:65 Visible object at game.background.spine.children.54.parent: visible=true
VM1069:65 Visible object at game.background.spine.children.55: visible=true
VM1069:65 Visible object at game.background.spine.children.55.parent: visible=true
VM1069:65 Visible object at game.background.spine.children.56: visible=true
VM1069:65 Visible object at game.background.spine.children.56.parent: visible=true
VM1069:65 Visible object at game.background.spine.children.57: visible=true
VM1069:65 Visible object at game.background.spine.children.57.parent: visible=true
VM1069:65 Visible object at game.background.spine.children.58: visible=true
VM1069:65 Visible object at game.background.spine.children.58.parent: visible=true
VM1069:65 Visible object at game.background.spine.children.59: visible=true
VM1069:65 Visible object at game.background.spine.children.59.parent: visible=true
VM1069:65 Visible object at game.background.spine.children.60: visible=true
VM1069:65 Visible object at game.background.spine.children.60.parent: visible=true
VM1069:65 Visible object at game.background.spine.children.61: visible=true
VM1069:65 Visible object at game.background.spine.children.61.parent: visible=true
VM1069:65 Visible object at game.background.spine.children.62: visible=true
VM1069:65 Visible object at game.background.spine.children.62.parent: visible=true
VM1069:65 Visible object at game.background.spine.children.63: visible=true
VM1069:65 Visible object at game.background.spine.children.63.parent: visible=true
VM1069:65 Visible object at game.background.spine.children.64: visible=true
VM1069:65 Visible object at game.background.spine.children.64.parent: visible=true
VM1069:65 Visible object at game.background.spine.children.65: visible=true
VM1069:65 Visible object at game.background.spine.children.65.parent: visible=true
VM1069:65 Visible object at game.background.spine.children.66: visible=true
VM1069:65 Visible object at game.background.spine.children.66.parent: visible=true
VM1069:65 Visible object at game.background.spine.children.67: visible=true
VM1069:65 Visible object at game.background.spine.children.67.parent: visible=true
VM1069:65 Visible object at game.background.spine.children.68: visible=true
VM1069:65 Visible object at game.background.spine.children.68.parent: visible=true
VM1069:65 Visible object at game.background.spine.children.69: visible=true
VM1069:65 Visible object at game.background.spine.children.69.parent: visible=true
VM1069:65 Visible object at game.background.spine.children.70: visible=true
VM1069:65 Visible object at game.background.spine.children.70.parent: visible=true
VM1069:65 Visible object at game.background.spine.children.71: visible=true
VM1069:65 Visible object at game.background.spine.children.71.parent: visible=true
VM1069:65 Visible object at game.background.spine.children.72: visible=true
VM1069:65 Visible object at game.background.spine.children.72.parent: visible=true
VM1069:65 Visible object at game.background.spine.children.73: visible=true
VM1069:65 Visible object at game.background.spine.children.73.parent: visible=true
VM1069:65 Visible object at game.background.spine.children.74: visible=true
VM1069:65 Visible object at game.background.spine.children.74.parent: visible=true
VM1069:65 Visible object at game.background.spine.children.75: visible=true
VM1069:65 Visible object at game.background.spine.children.75.parent: visible=true
VM1069:65 Visible object at game.background.spine.children.76: visible=true
VM1069:65 Visible object at game.background.spine.children.76.parent: visible=true
VM1069:65 Visible object at game.background.spine.children.77: visible=true
VM1069:65 Visible object at game.background.spine.children.77.parent: visible=true
VM1069:65 Visible object at game.background.spine.children.78: visible=true
VM1069:65 Visible object at game.background.spine.children.78.parent: visible=true
VM1069:65 Visible object at game.background.spine.children.79: visible=true
VM1069:65 Visible object at game.background.spine.children.79.parent: visible=true
VM1069:65 Visible object at game.background.spine.children.80: visible=true
VM1069:65 Visible object at game.background.spine.children.80.parent: visible=true
VM1069:65 Visible object at game.background.spine.children.81: visible=false
VM1069:65 Visible object at game.background.spine.children.81.parent: visible=true
VM1069:65 Visible object at game.background.spine.children.82: visible=true
VM1069:65 Visible object at game.background.spine.children.82.parent: visible=true
VM1069:65 Visible object at game.background.spine.children.83: visible=true
VM1069:65 Visible object at game.background.spine.children.83.parent: visible=true
VM1069:65 Visible object at game.background.spine.children.84: visible=true
VM1069:65 Visible object at game.background.spine.children.84.parent: visible=true
VM1069:65 Visible object at game.background.spine.children.85: visible=true
VM1069:65 Visible object at game.background.spine.children.85.parent: visible=true
VM1069:65 Visible object at game.background.spine.slotContainers.0: visible=true
VM1069:65 Visible object at game.background.spine.slotContainers.0.parent: visible=true
VM1069:65 Visible object at game.background.spine.slotContainers.1: visible=true
VM1069:65 Visible object at game.background.spine.slotContainers.1.parent: visible=true
VM1069:65 Visible object at game.background.spine.slotContainers.2: visible=true
VM1069:65 Visible object at game.background.spine.slotContainers.2.parent: visible=true
VM1069:65 Visible object at game.background.spine.slotContainers.3: visible=true
VM1069:65 Visible object at game.background.spine.slotContainers.3.parent: visible=true
VM1069:65 Visible object at game.background.spine.slotContainers.4: visible=true
VM1069:65 Visible object at game.background.spine.slotContainers.4.parent: visible=true
VM1069:65 Visible object at game.background.spine.slotContainers.5: visible=true
VM1069:65 Visible object at game.background.spine.slotContainers.5.parent: visible=true
VM1069:65 Visible object at game.background.spine.slotContainers.6: visible=false
VM1069:65 Visible object at game.background.spine.slotContainers.6.parent: visible=true
VM1069:65 Visible object at game.background.spine.slotContainers.7: visible=false
VM1069:65 Visible object at game.background.spine.slotContainers.7.parent: visible=true
VM1069:65 Visible object at game.background.spine.slotContainers.8: visible=false
VM1069:65 Visible object at game.background.spine.slotContainers.8.parent: visible=true
VM1069:65 Visible object at game.background.spine.slotContainers.9: visible=false
VM1069:65 Visible object at game.background.spine.slotContainers.9.parent: visible=true
VM1069:65 Visible object at game.background.spine.slotContainers.10: visible=false
VM1069:65 Visible object at game.background.spine.slotContainers.10.parent: visible=true
VM1069:65 Visible object at game.background.spine.slotContainers.11: visible=false
VM1069:65 Visible object at game.background.spine.slotContainers.11.parent: visible=true
VM1069:65 Visible object at game.background.spine.slotContainers.12: visible=false
VM1069:65 Visible object at game.background.spine.slotContainers.12.parent: visible=true
VM1069:65 Visible object at game.background.spine.slotContainers.13: visible=false
VM1069:65 Visible object at game.background.spine.slotContainers.13.parent: visible=true
VM1069:65 Visible object at game.background.spine.slotContainers.14: visible=false
VM1069:65 Visible object at game.background.spine.slotContainers.14.parent: visible=true
VM1069:65 Visible object at game.background.spine.slotContainers.15: visible=false
VM1069:65 Visible object at game.background.spine.slotContainers.15.parent: visible=true
VM1069:65 Visible object at game.background.spine.slotContainers.16: visible=true
VM1069:65 Visible object at game.background.spine.slotContainers.16.parent: visible=true
VM1069:65 Visible object at game.background.spine.slotContainers.17: visible=true
VM1069:65 Visible object at game.background.spine.slotContainers.17.parent: visible=true
VM1069:65 Visible object at game.background.spine.slotContainers.18: visible=true
VM1069:65 Visible object at game.background.spine.slotContainers.18.parent: visible=true
VM1069:65 Visible object at game.background.spine.slotContainers.19: visible=true
VM1069:65 Visible object at game.background.spine.slotContainers.19.parent: visible=true
VM1069:65 Visible object at game.background.spine.slotContainers.20: visible=true
VM1069:65 Visible object at game.background.spine.slotContainers.20.parent: visible=true
VM1069:65 Visible object at game.background.spine.slotContainers.21: visible=true
VM1069:65 Visible object at game.background.spine.slotContainers.21.parent: visible=true
VM1069:65 Visible object at game.background.spine.slotContainers.22: visible=true
VM1069:65 Visible object at game.background.spine.slotContainers.22.parent: visible=true
VM1069:65 Visible object at game.background.spine.slotContainers.23: visible=true
VM1069:65 Visible object at game.background.spine.slotContainers.23.parent: visible=true
VM1069:65 Visible object at game.background.spine.slotContainers.24: visible=true
VM1069:65 Visible object at game.background.spine.slotContainers.24.parent: visible=true
VM1069:65 Visible object at game.background.spine.slotContainers.25: visible=true
VM1069:65 Visible object at game.background.spine.slotContainers.25.parent: visible=true
VM1069:65 Visible object at game.background.spine.slotContainers.26: visible=true
VM1069:65 Visible object at game.background.spine.slotContainers.26.parent: visible=true
VM1069:65 Visible object at game.background.spine.slotContainers.27: visible=true
VM1069:65 Visible object at game.background.spine.slotContainers.27.parent: visible=true
VM1069:65 Visible object at game.background.spine.slotContainers.28: visible=true
VM1069:65 Visible object at game.background.spine.slotContainers.28.parent: visible=true
VM1069:65 Visible object at game.background.spine.slotContainers.29: visible=true
VM1069:65 Visible object at game.background.spine.slotContainers.29.parent: visible=true
VM1069:65 Visible object at game.background.spine.slotContainers.30: visible=true
VM1069:65 Visible object at game.background.spine.slotContainers.30.parent: visible=true
VM1069:65 Visible object at game.background.spine.slotContainers.31: visible=true
VM1069:65 Visible object at game.background.spine.slotContainers.31.parent: visible=true
VM1069:65 Visible object at game.background.spine.slotContainers.32: visible=true
VM1069:65 Visible object at game.background.spine.slotContainers.32.parent: visible=true
VM1069:65 Visible object at game.background.spine.slotContainers.33: visible=true
VM1069:65 Visible object at game.background.spine.slotContainers.33.parent: visible=true
VM1069:65 Visible object at game.background.spine.slotContainers.34: visible=true
VM1069:65 Visible object at game.background.spine.slotContainers.34.parent: visible=true
VM1069:65 Visible object at game.background.spine.slotContainers.35: visible=true
VM1069:65 Visible object at game.background.spine.slotContainers.35.parent: visible=true
VM1069:65 Visible object at game.background.spine.slotContainers.36: visible=true
VM1069:65 Visible object at game.background.spine.slotContainers.36.parent: visible=true
VM1069:65 Visible object at game.background.spine.slotContainers.37: visible=true
VM1069:65 Visible object at game.background.spine.slotContainers.37.parent: visible=true
VM1069:65 Visible object at game.background.spine.slotContainers.38: visible=true
VM1069:65 Visible object at game.background.spine.slotContainers.38.parent: visible=true
VM1069:65 Visible object at game.background.spine.slotContainers.39: visible=true
VM1069:65 Visible object at game.background.spine.slotContainers.39.parent: visible=true
VM1069:65 Visible object at game.background.spine.slotContainers.40: visible=true
VM1069:65 Visible object at game.background.spine.slotContainers.40.parent: visible=true
VM1069:65 Visible object at game.background.spine.slotContainers.41: visible=true
VM1069:65 Visible object at game.background.spine.slotContainers.41.parent: visible=true
VM1069:65 Visible object at game.background.spine.slotContainers.42: visible=true
VM1069:65 Visible object at game.background.spine.slotContainers.42.parent: visible=true
VM1069:65 Visible object at game.background.spine.slotContainers.43: visible=true
VM1069:65 Visible object at game.background.spine.slotContainers.43.parent: visible=true
VM1069:65 Visible object at game.background.spine.slotContainers.44: visible=true
VM1069:65 Visible object at game.background.spine.slotContainers.44.parent: visible=true
VM1069:65 Visible object at game.background.spine.slotContainers.45: visible=true
VM1069:65 Visible object at game.background.spine.slotContainers.45.parent: visible=true
VM1069:65 Visible object at game.background.spine.slotContainers.46: visible=true
VM1069:65 Visible object at game.background.spine.slotContainers.46.parent: visible=true
VM1069:65 Visible object at game.background.spine.slotContainers.47: visible=true
VM1069:65 Visible object at game.background.spine.slotContainers.47.parent: visible=true
VM1069:65 Visible object at game.background.spine.slotContainers.48: visible=true
VM1069:65 Visible object at game.background.spine.slotContainers.48.parent: visible=true
VM1069:65 Visible object at game.background.spine.slotContainers.49: visible=true
VM1069:65 Visible object at game.background.spine.slotContainers.49.parent: visible=true
VM1069:65 Visible object at game.background.spine.slotContainers.50: visible=true
VM1069:65 Visible object at game.background.spine.slotContainers.50.parent: visible=true
VM1069:65 Visible object at game.background.spine.slotContainers.51: visible=true
VM1069:65 Visible object at game.background.spine.slotContainers.51.parent: visible=true
VM1069:65 Visible object at game.background.spine.slotContainers.52: visible=true
VM1069:65 Visible object at game.background.spine.slotContainers.52.parent: visible=true
VM1069:65 Visible object at game.background.spine.slotContainers.53: visible=true
VM1069:65 Visible object at game.background.spine.slotContainers.53.parent: visible=true
VM1069:65 Visible object at game.background.spine.slotContainers.54: visible=true
VM1069:65 Visible object at game.background.spine.slotContainers.54.parent: visible=true
VM1069:65 Visible object at game.background.spine.slotContainers.55: visible=true
VM1069:65 Visible object at game.background.spine.slotContainers.55.parent: visible=true
VM1069:65 Visible object at game.background.spine.slotContainers.56: visible=true
VM1069:65 Visible object at game.background.spine.slotContainers.56.parent: visible=true
VM1069:65 Visible object at game.background.spine.slotContainers.57: visible=true
VM1069:65 Visible object at game.background.spine.slotContainers.57.parent: visible=true
VM1069:65 Visible object at game.background.spine.slotContainers.58: visible=true
VM1069:65 Visible object at game.background.spine.slotContainers.58.parent: visible=true
VM1069:65 Visible object at game.background.spine.slotContainers.59: visible=true
VM1069:65 Visible object at game.background.spine.slotContainers.59.parent: visible=true
VM1069:65 Visible object at game.background.spine.slotContainers.60: visible=true
VM1069:65 Visible object at game.background.spine.slotContainers.60.parent: visible=true
VM1069:65 Visible object at game.background.spine.slotContainers.61: visible=true
VM1069:65 Visible object at game.background.spine.slotContainers.61.parent: visible=true
VM1069:65 Visible object at game.background.spine.slotContainers.62: visible=true
VM1069:65 Visible object at game.background.spine.slotContainers.62.parent: visible=true
VM1069:65 Visible object at game.background.spine.slotContainers.63: visible=true
VM1069:65 Visible object at game.background.spine.slotContainers.63.parent: visible=true
VM1069:65 Visible object at game.background.spine.slotContainers.64: visible=true
VM1069:65 Visible object at game.background.spine.slotContainers.64.parent: visible=true
VM1069:65 Visible object at game.background.spine.slotContainers.65: visible=true
VM1069:65 Visible object at game.background.spine.slotContainers.65.parent: visible=true
VM1069:65 Visible object at game.background.spine.slotContainers.66: visible=true
VM1069:65 Visible object at game.background.spine.slotContainers.66.parent: visible=true
VM1069:65 Visible object at game.background.spine.slotContainers.67: visible=true
VM1069:65 Visible object at game.background.spine.slotContainers.67.parent: visible=true
VM1069:65 Visible object at game.background.spine.slotContainers.68: visible=true
VM1069:65 Visible object at game.background.spine.slotContainers.68.parent: visible=true
VM1069:65 Visible object at game.background.spine.slotContainers.69: visible=true
VM1069:65 Visible object at game.background.spine.slotContainers.69.parent: visible=true
VM1069:65 Visible object at game.background.spine.slotContainers.70: visible=true
VM1069:65 Visible object at game.background.spine.slotContainers.70.parent: visible=true
VM1069:65 Visible object at game.background.spine.slotContainers.71: visible=true
VM1069:65 Visible object at game.background.spine.slotContainers.71.parent: visible=true
VM1069:65 Visible object at game.background.spine.slotContainers.72: visible=true
VM1069:65 Visible object at game.background.spine.slotContainers.72.parent: visible=true
VM1069:65 Visible object at game.background.spine.slotContainers.73: visible=true
VM1069:65 Visible object at game.background.spine.slotContainers.73.parent: visible=true
VM1069:65 Visible object at game.background.spine.slotContainers.74: visible=true
VM1069:65 Visible object at game.background.spine.slotContainers.74.parent: visible=true
VM1069:65 Visible object at game.background.spine.slotContainers.75: visible=true
VM1069:65 Visible object at game.background.spine.slotContainers.75.parent: visible=true
VM1069:65 Visible object at game.background.spine.slotContainers.76: visible=true
VM1069:65 Visible object at game.background.spine.slotContainers.76.parent: visible=true
VM1069:65 Visible object at game.background.spine.slotContainers.77: visible=true
VM1069:65 Visible object at game.background.spine.slotContainers.77.parent: visible=true
VM1069:65 Visible object at game.background.spine.slotContainers.78: visible=true
VM1069:65 Visible object at game.background.spine.slotContainers.78.parent: visible=true
VM1069:65 Visible object at game.background.spine.slotContainers.79: visible=true
VM1069:65 Visible object at game.background.spine.slotContainers.79.parent: visible=true
VM1069:65 Visible object at game.background.spine.slotContainers.80: visible=true
VM1069:65 Visible object at game.background.spine.slotContainers.80.parent: visible=true
VM1069:65 Visible object at game.background.spine.slotContainers.81: visible=false
VM1069:65 Visible object at game.background.spine.slotContainers.81.parent: visible=true
VM1069:65 Visible object at game.background.spine.slotContainers.82: visible=true
VM1069:65 Visible object at game.background.spine.slotContainers.82.parent: visible=true
VM1069:65 Visible object at game.background.spine.slotContainers.83: visible=true
VM1069:65 Visible object at game.background.spine.slotContainers.83.parent: visible=true
VM1069:65 Visible object at game.background.spine.slotContainers.84: visible=true
VM1069:65 Visible object at game.background.spine.slotContainers.84.parent: visible=true
VM1069:65 Visible object at game.background.spine.slotContainers.85: visible=true
VM1069:65 Visible object at game.background.spine.slotContainers.85.parent: visible=true
VM1069:65 Visible object at game.thimbles.interactiveSlots.0.meshes.14: visible=true
VM1069:65 Visible object at game.thimbles.interactiveSlots.0.meshes.15: visible=false
VM1069:65 Visible object at game.thimbles.interactiveSlots.0.currentMesh: visible=true
VM1069:65 Visible object at game.thimbles.interactiveSlots.0.currentMesh.parent: visible=true
VM1069:65 Visible object at game.thimbles.interactiveSlots.1.meshes.16: visible=true
VM1069:65 Visible object at game.thimbles.interactiveSlots.1.meshes.17: visible=false
VM1069:65 Visible object at game.thimbles.interactiveSlots.1.currentMesh: visible=true
VM1069:65 Visible object at game.thimbles.interactiveSlots.1.currentMesh.parent: visible=true
VM1069:65 Visible object at game.thimbles.interactiveSlots.2.meshes.18: visible=true
VM1069:65 Visible object at game.thimbles.interactiveSlots.2.meshes.19: visible=false
VM1069:65 Visible object at game.thimbles.interactiveSlots.2.currentMesh: visible=true
VM1069:65 Visible object at game.thimbles.interactiveSlots.2.currentMesh.parent: visible=true
VM1069:65 Visible object at game.thimbles.spine: visible=true
VM1069:65 Visible object at game.thimbles.spine.parent: visible=true
VM1069:65 Visible object at game.thimbles.spine.parent.parent: visible=true
VM1069:65 Visible object at game.thimbles.spine.parent.parent.parent: visible=true
VM1069:65 Visible object at game.thimbles.spine.parent.children.0: visible=true
VM1069:65 Visible object at game.thimbles.spine.parent.children.1: visible=true
VM1069:65 Visible object at game.thimbles.spine.parent.children.2: visible=false
VM1069:65 Visible object at game.thimbles.spine.parent.adaptiveMap.default: visible=true
VM1069:65 Visible object at game.thimbles.spine.children.0: visible=true
VM1069:65 Visible object at game.thimbles.spine.children.0.parent: visible=true
VM1069:65 Visible object at game.thimbles.spine.children.1: visible=true
VM1069:65 Visible object at game.thimbles.spine.children.1.parent: visible=true
VM1069:65 Visible object at game.thimbles.spine.children.2: visible=true
VM1069:65 Visible object at game.thimbles.spine.children.2.parent: visible=true
VM1069:65 Visible object at game.thimbles.spine.children.3: visible=false
VM1069:65 Visible object at game.thimbles.spine.children.3.parent: visible=true
VM1069:65 Visible object at game.thimbles.spine.children.4: visible=false
VM1069:65 Visible object at game.thimbles.spine.children.4.parent: visible=true
VM1069:65 Visible object at game.thimbles.spine.children.5: visible=false
VM1069:65 Visible object at game.thimbles.spine.children.5.parent: visible=true
VM1069:65 Visible object at game.thimbles.spine.children.6: visible=true
VM1069:65 Visible object at game.thimbles.spine.children.6.parent: visible=true
VM1069:65 Visible object at game.thimbles.spine.children.7: visible=true
VM1069:65 Visible object at game.thimbles.spine.children.7.parent: visible=true
VM1069:65 Visible object at game.thimbles.spine.children.8: visible=true
VM1069:65 Visible object at game.thimbles.spine.children.8.parent: visible=true
VM1069:65 Visible object at game.thimbles.spine.children.9: visible=true
VM1069:65 Visible object at game.thimbles.spine.children.9.parent: visible=true
VM1069:65 Visible object at game.thimbles.spine.children.10: visible=true
VM1069:65 Visible object at game.thimbles.spine.children.10.parent: visible=true
VM1069:65 Visible object at game.thimbles.spine.children.11: visible=true
VM1069:65 Visible object at game.thimbles.spine.children.11.parent: visible=true
VM1069:65 Visible object at game.thimbles.spine.children.12: visible=true
VM1069:65 Visible object at game.thimbles.spine.children.12.parent: visible=true
VM1069:65 Visible object at game.thimbles.spine.children.13: visible=true
VM1069:65 Visible object at game.thimbles.spine.children.13.parent: visible=true
VM1069:65 Visible object at game.thimbles.spine.children.14: visible=false
VM1069:65 Visible object at game.thimbles.spine.children.14.parent: visible=true
VM1069:65 Visible object at game.thimbles.spine.children.15: visible=true
VM1069:65 Visible object at game.thimbles.spine.children.15.parent: visible=true
VM1069:65 Visible object at game.thimbles.spine.children.16: visible=false
VM1069:65 Visible object at game.thimbles.spine.children.16.parent: visible=true
VM1069:65 Visible object at game.thimbles.spine.children.17: visible=true
VM1069:65 Visible object at game.thimbles.spine.children.17.parent: visible=true
VM1069:65 Visible object at game.thimbles.spine.children.18: visible=true
VM1069:65 Visible object at game.thimbles.spine.children.18.parent: visible=true
VM1069:65 Visible object at game.thimbles.spine.children.19: visible=true
VM1069:65 Visible object at game.thimbles.spine.children.19.parent: visible=true
VM1069:65 Visible object at game.thimbles.spine.children.20: visible=true
VM1069:65 Visible object at game.thimbles.spine.children.20.parent: visible=true
VM1069:65 Visible object at game.thimbles.spine.children.21: visible=true
VM1069:65 Visible object at game.thimbles.spine.children.21.parent: visible=true
VM1069:65 Visible object at game.thimbles.spine.children.22: visible=true
VM1069:65 Visible object at game.thimbles.spine.children.22.parent: visible=true
VM1069:65 Visible object at game.thimbles.spine.children.23: visible=true
VM1069:65 Visible object at game.thimbles.spine.children.23.parent: visible=true
VM1069:65 Visible object at game.thimbles.spine.slotContainers.0: visible=true
VM1069:65 Visible object at game.thimbles.spine.slotContainers.0.parent: visible=true
VM1069:65 Visible object at game.thimbles.spine.slotContainers.1: visible=true
VM1069:65 Visible object at game.thimbles.spine.slotContainers.1.parent: visible=true
VM1069:65 Visible object at game.thimbles.spine.slotContainers.2: visible=true
VM1069:65 Visible object at game.thimbles.spine.slotContainers.2.parent: visible=true
VM1069:65 Visible object at game.thimbles.spine.slotContainers.3: visible=false
VM1069:65 Visible object at game.thimbles.spine.slotContainers.3.parent: visible=true
VM1069:65 Visible object at game.thimbles.spine.slotContainers.4: visible=false
VM1069:65 Visible object at game.thimbles.spine.slotContainers.4.parent: visible=true
VM1069:65 Visible object at game.thimbles.spine.slotContainers.5: visible=false
VM1069:65 Visible object at game.thimbles.spine.slotContainers.5.parent: visible=true
VM1069:65 Visible object at game.thimbles.spine.slotContainers.6: visible=true
VM1069:65 Visible object at game.thimbles.spine.slotContainers.6.parent: visible=true
VM1069:65 Visible object at game.thimbles.spine.slotContainers.7: visible=true
VM1069:65 Visible object at game.thimbles.spine.slotContainers.7.parent: visible=true
VM1069:65 Visible object at game.thimbles.spine.slotContainers.8: visible=true
VM1069:65 Visible object at game.thimbles.spine.slotContainers.8.parent: visible=true
VM1069:65 Visible object at game.thimbles.spine.slotContainers.9: visible=true
VM1069:65 Visible object at game.thimbles.spine.slotContainers.9.parent: visible=true
VM1069:65 Visible object at game.thimbles.spine.slotContainers.10: visible=true
VM1069:65 Visible object at game.thimbles.spine.slotContainers.10.parent: visible=true
VM1069:65 Visible object at game.thimbles.spine.slotContainers.11: visible=true
VM1069:65 Visible object at game.thimbles.spine.slotContainers.11.parent: visible=true
VM1069:65 Visible object at game.thimbles.spine.slotContainers.12: visible=true
VM1069:65 Visible object at game.thimbles.spine.slotContainers.12.parent: visible=true
VM1069:65 Visible object at game.thimbles.spine.slotContainers.13: visible=true
VM1069:65 Visible object at game.thimbles.spine.slotContainers.13.parent: visible=true
VM1069:65 Visible object at game.thimbles.spine.slotContainers.14: visible=false
VM1069:65 Visible object at game.thimbles.spine.slotContainers.14.parent: visible=true
VM1069:65 Visible object at game.thimbles.spine.slotContainers.15: visible=true
VM1069:65 Visible object at game.thimbles.spine.slotContainers.15.parent: visible=true
VM1069:65 Visible object at game.thimbles.spine.slotContainers.16: visible=false
VM1069:65 Visible object at game.thimbles.spine.slotContainers.16.parent: visible=true
VM1069:65 Visible object at game.thimbles.spine.slotContainers.17: visible=true
VM1069:65 Visible object at game.thimbles.spine.slotContainers.17.parent: visible=true
VM1069:65 Visible object at game.thimbles.spine.slotContainers.18: visible=true
VM1069:65 Visible object at game.thimbles.spine.slotContainers.18.parent: visible=true
VM1069:65 Visible object at game.thimbles.spine.slotContainers.19: visible=true
VM1069:65 Visible object at game.thimbles.spine.slotContainers.19.parent: visible=true
VM1069:65 Visible object at game.thimbles.spine.slotContainers.20: visible=true
VM1069:65 Visible object at game.thimbles.spine.slotContainers.20.parent: visible=true
VM1069:65 Visible object at game.thimbles.spine.slotContainers.21: visible=true
VM1069:65 Visible object at game.thimbles.spine.slotContainers.21.parent: visible=true
VM1069:65 Visible object at game.thimbles.spine.slotContainers.22: visible=true
VM1069:65 Visible object at game.thimbles.spine.slotContainers.22.parent: visible=true
VM1069:65 Visible object at game.thimbles.spine.slotContainers.23: visible=true
VM1069:65 Visible object at game.thimbles.spine.slotContainers.23.parent: visible=true
VM1069:65 Visible object at game.thimbles.smokeAnimation: visible=false
VM1069:65 Visible object at game.thimbles.smokeAnimation.parent: visible=true
VM1069:65 Visible object at game.thimbles.smokeAnimation.parent.parent: visible=true
VM1069:65 Visible object at game.thimbles.smokeAnimation.parent.parent.parent: visible=true
VM1069:65 Visible object at game.thimbles.smokeAnimation.parent.children.0: visible=true
VM1069:65 Visible object at game.thimbles.smokeAnimation.parent.children.1: visible=true
VM1069:65 Visible object at game.thimbles.smokeAnimation.parent.children.2: visible=false
VM1069:65 Visible object at game.thimbles.smokeAnimation.parent.adaptiveMap.default: visible=true
VM1069:65 Visible object at game.thimbles.smokeAnimation._anchor.scope: visible=false
VM1069:65 Visible object at game.thimbles.smokeAnimation._anchor.scope.parent: visible=true
VM1069:65 Visible object at game.light.spine: visible=true
VM1069:65 Visible object at game.light.spine.parent: visible=true
VM1069:65 Visible object at game.light.spine.parent.parent: visible=true
VM1069:65 Visible object at game.light.spine.parent.parent.parent: visible=true
VM1069:65 Visible object at game.light.spine.parent.children.0: visible=true
VM1069:65 Visible object at game.light.spine.parent.children.1: visible=true
VM1069:65 Visible object at game.light.spine.parent.children.2: visible=false
VM1069:65 Visible object at game.light.spine.parent.adaptiveMap.default: visible=true
VM1069:65 Visible object at game.light.spine.children.0: visible=true
VM1069:65 Visible object at game.light.spine.children.0.parent: visible=true
VM1069:65 Visible object at game.light.spine.children.1: visible=true
VM1069:65 Visible object at game.light.spine.children.1.parent: visible=true
VM1069:65 Visible object at game.light.spine.children.2: visible=true
VM1069:65 Visible object at game.light.spine.children.2.parent: visible=true
VM1069:65 Visible object at game.light.spine.children.3: visible=true
VM1069:65 Visible object at game.light.spine.children.3.parent: visible=true
VM1069:65 Visible object at game.light.spine.children.4: visible=true
VM1069:65 Visible object at game.light.spine.children.4.parent: visible=true
VM1069:65 Visible object at game.light.spine.children.5: visible=true
VM1069:65 Visible object at game.light.spine.children.5.parent: visible=true
VM1069:65 Visible object at game.light.spine.children.6: visible=true
VM1069:65 Visible object at game.light.spine.children.6.parent: visible=true
VM1069:65 Visible object at game.light.spine.children.7: visible=true
VM1069:65 Visible object at game.light.spine.children.7.parent: visible=true
VM1069:65 Visible object at game.light.spine.children.8: visible=true
VM1069:65 Visible object at game.light.spine.children.8.parent: visible=true
VM1069:65 Visible object at game.light.spine.slotContainers.0: visible=true
VM1069:65 Visible object at game.light.spine.slotContainers.0.parent: visible=true
VM1069:65 Visible object at game.light.spine.slotContainers.1: visible=true
VM1069:65 Visible object at game.light.spine.slotContainers.1.parent: visible=true
VM1069:65 Visible object at game.light.spine.slotContainers.2: visible=true
VM1069:65 Visible object at game.light.spine.slotContainers.2.parent: visible=true
VM1069:65 Visible object at game.light.spine.slotContainers.3: visible=true
VM1069:65 Visible object at game.light.spine.slotContainers.3.parent: visible=true
VM1069:65 Visible object at game.light.spine.slotContainers.4: visible=true
VM1069:65 Visible object at game.light.spine.slotContainers.4.parent: visible=true
VM1069:65 Visible object at game.light.spine.slotContainers.5: visible=true
VM1069:65 Visible object at game.light.spine.slotContainers.5.parent: visible=true
VM1069:65 Visible object at game.light.spine.slotContainers.6: visible=true
VM1069:65 Visible object at game.light.spine.slotContainers.6.parent: visible=true
VM1069:65 Visible object at game.light.spine.slotContainers.7: visible=true
VM1069:65 Visible object at game.light.spine.slotContainers.7.parent: visible=true
VM1069:65 Visible object at game.light.spine.slotContainers.8: visible=true
VM1069:65 Visible object at game.light.spine.slotContainers.8.parent: visible=true
VM1069:65 Visible object at game.info.spine: visible=true
VM1069:65 Visible object at game.info.spine._events.onDestroy.context: visible=true
VM1069:65 Visible object at game.info.spine.parent: visible=true
VM1069:65 Visible object at game.info.spine.parent.parent: visible=true
VM1069:65 Visible object at game.info.spine.parent.parent.parent: visible=true
VM1069:65 Visible object at game.info.spine.parent.children.0: visible=true
VM1069:65 Visible object at game.info.spine.parent.children.1: visible=true
VM1069:65 Visible object at game.info.spine.parent.adaptiveMap.default: visible=true
VM1069:65 Visible object at game.info.spine.children.0: visible=true
VM1069:65 Visible object at game.info.spine.children.0.parent: visible=true
VM1069:65 Visible object at game.info.spine.children.1: visible=true
VM1069:65 Visible object at game.info.spine.children.1.parent: visible=true
VM1069:65 Visible object at game.info.spine.slotContainers.0: visible=true
VM1069:65 Visible object at game.info.spine.slotContainers.0.parent: visible=true
VM1069:65 Visible object at game.info.spine.slotContainers.1: visible=true
VM1069:65 Visible object at game.info.spine.slotContainers.1.parent: visible=true
VM1069:75 
=== CHECKING ANIMATION STATES ===
VM1069:77 Spine animation state: t {tracks: Array(6), timeScale: 1, unkeyedState: 92102, events: Array(0), listeners: Array(1), …}
VM1069:81 Track 0: t {animation: t, previous: null, next: null, mixingFrom: null, mixingTo: null, …}
VM1069:81 Track 1: null
VM1069:81 Track 2: null
VM1069:81 Track 3: null
VM1069:81 Track 4: null
VM1069:81 Track 5: null
VM1069:86 
=== SUMMARY ===
VM1069:87 Found 0 potential ball objects: []
VM1069:90 No balls found by name. Let's check all visible objects...
VM1069:111 All objects with visible property: (313) [{…}, {…}, {…}, {…}, {…}, {…}, {…}, {…}, {…}, {…}, {…}, {…}, {…}, {…}, {…}, {…}, {…}, {…}, {…}, {…}, {…}, {…}, {…}, {…}, {…}, {…}, {…}, {…}, {…}, {…}, {…}, {…}, {…}, {…}, {…}, {…}, {…}, {…}, {…}, {…}, {…}, {…}, {…}, {…}, {…}, {…}, {…}, {…}, {…}, {…}, {…}, {…}, {…}, {…}, {…}, {…}, {…}, {…}, {…}, {…}, {…}, {…}, {…}, {…}, {…}, {…}, {…}, {…}, {…}, {…}, {…}, {…}, {…}, {…}, {…}, {…}, {…}, {…}, {…}, {…}, {…}, {…}, {…}, {…}, {…}, {…}, {…}, {…}, {…}, {…}, {…}, {…}, {…}, {…}, {…}, {…}, {…}, {…}, {…}, {…}, …]
[]
