VM344:8 Console was cleared
VM344:9 🎮 Thimbles Game Overlay Injected
VM344:231 Initializing Thimbles Game Overlay...
VM344:104 ✅ Overlay created and injected into page.
VM344:270 ✅ Overlay system ready. Use window.thimblesOverlay to control.
VM344:271    - thimblesOverlay.getPosition() - Check current ball position
VM344:272    - thimblesOverlay.checkNow() - Force a state check
undefined
VM344:143 🔄 Ball Slot State Changed: {ball: 'None', ball2: 'None', ball3: 'None'}
VM344:193 ✅ Animation hook installed.
VM344:163 🎬 [04:50:41] Animation: "r/ball" | Loop: true
VM344:176 🎉 BALL REVEAL DETECTED! Ball is under right cup
VM337:4 🎬 GAME LOGIC: Playing animation "r/ball" (loop: true)
VM344:163 🎬 [04:50:41] Animation: "r/up" | Loop: false
VM337:4 🎬 GAME LOGIC: Playing animation "r/up" (loop: false)
VM344:163 🎬 [04:50:41] Animation: "mid/ball" | Loop: true
VM344:176 🎉 BALL REVEAL DETECTED! Ball is under middle cup
VM337:4 🎬 GAME LOGIC: Playing animation "mid/ball" (loop: true)
VM344:163 🎬 [04:50:41] Animation: "mid/up" | Loop: false
VM337:4 🎬 GAME LOGIC: Playing animation "mid/up" (loop: false)
VM344:143 🔄 Ball Slot State Changed: {ball: 'None', ball2: 'ball', ball3: 'ball'}
VM344:253 🎱 Ball Position Detected: right
VM344:163 🎬 [04:50:42] Animation: "mid/idle_open" | Loop: false
VM337:4 🎬 GAME LOGIC: Playing animation "mid/idle_open" (loop: false)
VM344:163 🎬 [04:50:42] Animation: "r/idle_open" | Loop: false
VM337:4 🎬 GAME LOGIC: Playing animation "r/idle_open" (loop: false)
VM344:163 🎬 [04:50:42] Animation: "r/down" | Loop: false
VM337:4 🎬 GAME LOGIC: Playing animation "r/down" (loop: false)
VM344:163 🎬 [04:50:42] Animation: "mid/down" | Loop: false
VM337:4 🎬 GAME LOGIC: Playing animation "mid/down" (loop: false)
VM344:163 🎬 [04:50:42] Animation: "jumble" | Loop: false
VM344:185 🔀 SHUFFLE STARTED
VM337:4 🎬 GAME LOGIC: Playing animation "jumble" (loop: false)
VM344:143 🔄 Ball Slot State Changed: {ball: 'None', ball2: 'None', ball3: 'None'}
VM344:163 🎬 [04:50:44] Animation: "arrow" | Loop: true
VM337:4 🎬 GAME LOGIC: Playing animation "arrow" (loop: true)
83168834.83168834.7f11064b1e5f.js:1 PixiJS Deprecation Warning: Setting interactive is deprecated, use eventMode = 'none'/'passive'/'auto'/'static'/'dynamic' instead.Deprecated since v7.2.0
VM344:163 🎬 [04:51:24] Animation: "mid/hover" | Loop: false
VM337:4 🎬 GAME LOGIC: Playing animation "mid/hover" (loop: false)
VM344:163 🎬 [04:51:25] Animation: "mid/ball" | Loop: true
VM344:176 🎉 BALL REVEAL DETECTED! Ball is under middle cup
VM337:4 🎬 GAME LOGIC: Playing animation "mid/ball" (loop: true)
VM344:163 🎬 [04:51:25] Animation: "mid/up" | Loop: false
VM337:4 🎬 GAME LOGIC: Playing animation "mid/up" (loop: false)
VM344:143 🔄 Ball Slot State Changed: {ball: 'None', ball2: 'ball', ball3: 'None'}
VM344:163 🎬 [04:51:25] Animation: "mid/idle_open" | Loop: false
VM337:4 🎬 GAME LOGIC: Playing animation "mid/idle_open" (loop: false)
VM344:163 🎬 [04:51:29] Animation: "mid/down" | Loop: false
VM337:4 🎬 GAME LOGIC: Playing animation "mid/down" (loop: false)
VM344:143 🔄 Ball Slot State Changed: {ball: 'None', ball2: 'None', ball3: 'None'}ball: "None"ball2: "None"ball3: "None"[[Prototype]]: Object
VM344:163 🎬 [04:52:16] Animation: "r/ball" | Loop: true
VM344:176 🎉 BALL REVEAL DETECTED! Ball is under right cup
VM337:4 🎬 GAME LOGIC: Playing animation "r/ball" (loop: true)
VM344:163 🎬 [04:52:16] Animation: "r/up" | Loop: false
VM337:4 🎬 GAME LOGIC: Playing animation "r/up" (loop: false)
VM344:163 🎬 [04:52:16] Animation: "mid/ball" | Loop: true
VM344:176 🎉 BALL REVEAL DETECTED! Ball is under middle cup
VM337:4 🎬 GAME LOGIC: Playing animation "mid/ball" (loop: true)
VM344:163 🎬 [04:52:16] Animation: "mid/up" | Loop: false
VM337:4 🎬 GAME LOGIC: Playing animation "mid/up" (loop: false)
VM344:143 🔄 Ball Slot State Changed: {ball: 'None', ball2: 'ball', ball3: 'ball'}
VM344:253 🎱 Ball Position Detected: right
VM344:163 🎬 [04:52:16] Animation: "mid/idle_open" | Loop: false
VM337:4 🎬 GAME LOGIC: Playing animation "mid/idle_open" (loop: false)
VM344:163 🎬 [04:52:16] Animation: "r/idle_open" | Loop: false
VM337:4 🎬 GAME LOGIC: Playing animation "r/idle_open" (loop: false)
VM344:163 🎬 [04:52:17] Animation: "r/down" | Loop: false
VM337:4 🎬 GAME LOGIC: Playing animation "r/down" (loop: false)
VM344:163 🎬 [04:52:17] Animation: "mid/down" | Loop: false
VM337:4 🎬 GAME LOGIC: Playing animation "mid/down" (loop: false)
VM344:163 🎬 [04:52:17] Animation: "jumble" | Loop: false
VM344:185 🔀 SHUFFLE STARTED
VM337:4 🎬 GAME LOGIC: Playing animation "jumble" (loop: false)
VM344:143 🔄 Ball Slot State Changed: {ball: 'None', ball2: 'None', ball3: 'None'}
VM344:163 🎬 [04:52:19] Animation: "arrow" | Loop: true
VM337:4 🎬 GAME LOGIC: Playing animation "arrow" (loop: true)
VM344:163 🎬 [04:52:33] Animation: "l/hover" | Loop: false
VM337:4 🎬 GAME LOGIC: Playing animation "l/hover" (loop: false)
VM344:163 🎬 [04:52:34] Animation: "l/ball" | Loop: true
VM344:176 🎉 BALL REVEAL DETECTED! Ball is under left cup
VM337:4 🎬 GAME LOGIC: Playing animation "l/ball" (loop: true)
VM344:163 🎬 [04:52:34] Animation: "l/up" | Loop: false
VM337:4 🎬 GAME LOGIC: Playing animation "l/up" (loop: false)
VM344:143 🔄 Ball Slot State Changed: {ball: 'ball', ball2: 'None', ball3: 'None'}
VM344:163 🎬 [04:52:34] Animation: "l/idle_open" | Loop: false
VM337:4 🎬 GAME LOGIC: Playing animation "l/idle_open" (loop: false)
VM344:163 🎬 [04:52:38] Animation: "l/down" | Loop: false
VM337:4 🎬 GAME LOGIC: Playing animation "l/down" (loop: false)
VM344:143 🔄 Ball Slot State Changed: {ball: 'None', ball2: 'None', ball3: 'None'}
VM344:163 🎬 [04:53:26] Animation: "r/ball" | Loop: true
VM344:176 🎉 BALL REVEAL DETECTED! Ball is under right cup
VM337:4 🎬 GAME LOGIC: Playing animation "r/ball" (loop: true)
VM344:163 🎬 [04:53:26] Animation: "r/up" | Loop: false
VM337:4 🎬 GAME LOGIC: Playing animation "r/up" (loop: false)
VM344:163 🎬 [04:53:26] Animation: "l/ball" | Loop: true
VM344:176 🎉 BALL REVEAL DETECTED! Ball is under left cup
VM337:4 🎬 GAME LOGIC: Playing animation "l/ball" (loop: true)
VM344:163 🎬 [04:53:26] Animation: "l/up" | Loop: false
VM337:4 🎬 GAME LOGIC: Playing animation "l/up" (loop: false)
VM344:143 🔄 Ball Slot State Changed: {ball: 'ball', ball2: 'None', ball3: 'ball'}
VM344:253 🎱 Ball Position Detected: right
VM344:163 🎬 [04:53:26] Animation: "l/idle_open" | Loop: false
VM337:4 🎬 GAME LOGIC: Playing animation "l/idle_open" (loop: false)
VM344:163 🎬 [04:53:26] Animation: "r/idle_open" | Loop: false
VM337:4 🎬 GAME LOGIC: Playing animation "r/idle_open" (loop: false)
VM344:163 🎬 [04:53:26] Animation: "r/down" | Loop: false
VM337:4 🎬 GAME LOGIC: Playing animation "r/down" (loop: false)
VM344:163 🎬 [04:53:26] Animation: "l/down" | Loop: false
VM337:4 🎬 GAME LOGIC: Playing animation "l/down" (loop: false)
VM344:163 🎬 [04:53:27] Animation: "jumble" | Loop: false
VM344:185 🔀 SHUFFLE STARTED
VM337:4 🎬 GAME LOGIC: Playing animation "jumble" (loop: false)
VM344:143 🔄 Ball Slot State Changed: {ball: 'None', ball2: 'None', ball3: 'None'}
VM344:163 🎬 [04:53:28] Animation: "arrow" | Loop: true
VM337:4 🎬 GAME LOGIC: Playing animation "arrow" (loop: true)
VM344:163 🎬 [04:54:19] Animation: "r/hover" | Loop: false
VM337:4 🎬 GAME LOGIC: Playing animation "r/hover" (loop: false)
VM344:163 🎬 [04:54:19] Animation: "r/ball" | Loop: true
VM344:176 🎉 BALL REVEAL DETECTED! Ball is under right cup
VM337:4 🎬 GAME LOGIC: Playing animation "r/ball" (loop: true)
VM344:163 🎬 [04:54:19] Animation: "r/up" | Loop: false
VM337:4 🎬 GAME LOGIC: Playing animation "r/up" (loop: false)
VM344:143 🔄 Ball Slot State Changed: {ball: 'None', ball2: 'None', ball3: 'ball'}
VM344:163 🎬 [04:54:20] Animation: "r/idle_open" | Loop: false
VM337:4 🎬 GAME LOGIC: Playing animation "r/idle_open" (loop: false)
VM344:163 🎬 [04:54:24] Animation: "r/down" | Loop: false
VM337:4 🎬 GAME LOGIC: Playing animation "r/down" (loop: false)
VM344:143 🔄 Ball Slot State Changed: {ball: 'None', ball2: 'None', ball3: 'None'}
VM344:163 🎬 [04:54:46] Animation: "l/ball" | Loop: true
VM344:176 🎉 BALL REVEAL DETECTED! Ball is under left cup
VM337:4 🎬 GAME LOGIC: Playing animation "l/ball" (loop: true)
VM344:163 🎬 [04:54:46] Animation: "l/up" | Loop: false
VM337:4 🎬 GAME LOGIC: Playing animation "l/up" (loop: false)
VM344:163 🎬 [04:54:46] Animation: "r/ball" | Loop: true
VM344:176 🎉 BALL REVEAL DETECTED! Ball is under right cup
VM337:4 🎬 GAME LOGIC: Playing animation "r/ball" (loop: true)
VM344:163 🎬 [04:54:46] Animation: "r/up" | Loop: false
VM337:4 🎬 GAME LOGIC: Playing animation "r/up" (loop: false)
VM344:143 🔄 Ball Slot State Changed: {ball: 'ball', ball2: 'None', ball3: 'ball'}ball: "ball"ball2: "None"ball3: "ball"[[Prototype]]: Object
VM344:163 🎬 [04:54:46] Animation: "l/idle_open" | Loop: false
VM337:4 🎬 GAME LOGIC: Playing animation "l/idle_open" (loop: false)
VM344:163 🎬 [04:54:46] Animation: "r/idle_open" | Loop: false
VM337:4 🎬 GAME LOGIC: Playing animation "r/idle_open" (loop: false)
VM344:163 🎬 [04:54:47] Animation: "l/down" | Loop: false
VM337:4 🎬 GAME LOGIC: Playing animation "l/down" (loop: false)
VM344:163 🎬 [04:54:47] Animation: "r/down" | Loop: false
VM337:4 🎬 GAME LOGIC: Playing animation "r/down" (loop: false)
VM344:163 🎬 [04:54:47] Animation: "jumble" | Loop: false
VM344:185 🔀 SHUFFLE STARTED
VM337:4 🎬 GAME LOGIC: Playing animation "jumble" (loop: false)
VM344:143 🔄 Ball Slot State Changed: {ball: 'None', ball2: 'None', ball3: 'None'}
VM344:163 🎬 [04:54:49] Animation: "arrow" | Loop: true
VM337:4 🎬 GAME LOGIC: Playing animation "arrow" (loop: true)
VM344:163 🎬 [04:56:12] Animation: "r/hover" | Loop: false
VM337:4 🎬 GAME LOGIC: Playing animation "r/hover" (loop: false)
VM344:163 🎬 [04:56:13] Animation: "r/ball" | Loop: true
VM344:176 🎉 BALL REVEAL DETECTED! Ball is under right cup
VM337:4 🎬 GAME LOGIC: Playing animation "r/ball" (loop: true)
VM344:163 🎬 [04:56:13] Animation: "r/up" | Loop: false
VM337:4 🎬 GAME LOGIC: Playing animation "r/up" (loop: false)
VM344:143 🔄 Ball Slot State Changed: {ball: 'None', ball2: 'None', ball3: 'ball'}
VM344:163 🎬 [04:56:13] Animation: "r/idle_open" | Loop: false
VM337:4 🎬 GAME LOGIC: Playing animation "r/idle_open" (loop: false)
VM344:163 🎬 [04:56:17] Animation: "r/down" | Loop: false
VM337:4 🎬 GAME LOGIC: Playing animation "r/down" (loop: false)
VM344:143 🔄 Ball Slot State Changed: {ball: 'None', ball2: 'None', ball3: 'None'}
VM344:163 🎬 [04:56:44] Animation: "mid/ball" | Loop: true
VM344:176 🎉 BALL REVEAL DETECTED! Ball is under middle cup
VM337:4 🎬 GAME LOGIC: Playing animation "mid/ball" (loop: true)
VM344:163 🎬 [04:56:44] Animation: "mid/up" | Loop: false
VM337:4 🎬 GAME LOGIC: Playing animation "mid/up" (loop: false)
VM344:163 🎬 [04:56:44] Animation: "r/ball" | Loop: true
VM344:176 🎉 BALL REVEAL DETECTED! Ball is under right cup
VM337:4 🎬 GAME LOGIC: Playing animation "r/ball" (loop: true)
VM344:163 🎬 [04:56:44] Animation: "r/up" | Loop: false
VM337:4 🎬 GAME LOGIC: Playing animation "r/up" (loop: false)
VM344:143 🔄 Ball Slot State Changed: {ball: 'None', ball2: 'ball', ball3: 'ball'}ball: "None"ball2: "ball"ball3: "ball"[[Prototype]]: Objectconstructor: ƒ Object()hasOwnProperty: ƒ hasOwnProperty()isPrototypeOf: ƒ isPrototypeOf()propertyIsEnumerable: ƒ propertyIsEnumerable()toLocaleString: ƒ toLocaleString()toString: ƒ toString()valueOf: ƒ valueOf()__defineGetter__: ƒ __defineGetter__()__defineSetter__: ƒ __defineSetter__()__lookupGetter__: ƒ __lookupGetter__()__lookupSetter__: ƒ __lookupSetter__()__proto__: (...)get __proto__: ƒ __proto__()set __proto__: ƒ __proto__()
VM344:163 🎬 [04:56:45] Animation: "mid/idle_open" | Loop: false
VM337:4 🎬 GAME LOGIC: Playing animation "mid/idle_open" (loop: false)
VM344:163 🎬 [04:56:45] Animation: "r/idle_open" | Loop: false
VM337:4 🎬 GAME LOGIC: Playing animation "r/idle_open" (loop: false)
VM344:163 🎬 [04:56:45] Animation: "mid/down" | Loop: false
VM337:4 🎬 GAME LOGIC: Playing animation "mid/down" (loop: false)
VM344:163 🎬 [04:56:45] Animation: "r/down" | Loop: false
VM337:4 🎬 GAME LOGIC: Playing animation "r/down" (loop: false)
VM344:163 🎬 [04:56:45] Animation: "jumble" | Loop: false
VM344:185 🔀 SHUFFLE STARTED
VM337:4 🎬 GAME LOGIC: Playing animation "jumble" (loop: false)
VM344:143 🔄 Ball Slot State Changed: {ball: 'None', ball2: 'None', ball3: 'None'}ball: "None"ball2: "None"ball3: "None"[[Prototype]]: Object
VM344:163 🎬 [04:56:47] Animation: "arrow" | Loop: true
VM337:4 🎬 GAME LOGIC: Playing animation "arrow" (loop: true)
VM344:163 🎬 [04:58:21] Animation: "r/hover" | Loop: false
VM337:4 🎬 GAME LOGIC: Playing animation "r/hover" (loop: false)
VM344:163 🎬 [04:58:22] Animation: "r/up" | Loop: false
VM337:4 🎬 GAME LOGIC: Playing animation "r/up" (loop: false)
VM344:163 🎬 [04:58:22] Animation: "r/idle_open" | Loop: false
VM337:4 🎬 GAME LOGIC: Playing animation "r/idle_open" (loop: false)
VM344:163 🎬 [04:58:23] Animation: "l/ball" | Loop: true
VM344:176 🎉 BALL REVEAL DETECTED! Ball is under left cup
VM337:4 🎬 GAME LOGIC: Playing animation "l/ball" (loop: true)
VM344:163 🎬 [04:58:23] Animation: "l/up" | Loop: false
VM337:4 🎬 GAME LOGIC: Playing animation "l/up" (loop: false)
VM344:163 🎬 [04:58:23] Animation: "mid/ball" | Loop: true
VM344:176 🎉 BALL REVEAL DETECTED! Ball is under middle cup
VM337:4 🎬 GAME LOGIC: Playing animation "mid/ball" (loop: true)
VM344:163 🎬 [04:58:23] Animation: "mid/up" | Loop: false
VM337:4 🎬 GAME LOGIC: Playing animation "mid/up" (loop: false)
VM344:143 🔄 Ball Slot State Changed: {ball: 'ball', ball2: 'ball', ball3: 'None'}
VM344:163 🎬 [04:58:23] Animation: "l/idle_open" | Loop: false
VM337:4 🎬 GAME LOGIC: Playing animation "l/idle_open" (loop: false)
VM344:163 🎬 [04:58:23] Animation: "mid/idle_open" | Loop: false
VM337:4 🎬 GAME LOGIC: Playing animation "mid/idle_open" (loop: false)
VM344:163 🎬 [04:58:24] Animation: "r/down" | Loop: false
VM337:4 🎬 GAME LOGIC: Playing animation "r/down" (loop: false)
VM344:163 🎬 [04:58:24] Animation: "l/down" | Loop: false
VM337:4 🎬 GAME LOGIC: Playing animation "l/down" (loop: false)
VM344:163 🎬 [04:58:24] Animation: "mid/down" | Loop: false
VM337:4 🎬 GAME LOGIC: Playing animation "mid/down" (loop: false)
VM344:143 🔄 Ball Slot State Changed: {ball: 'None', ball2: 'None', ball3: 'None'}
