62?ai=1298934245&co=25&cu=27&lg=fr&wh=55&ut=eyJhbGciOiJFUzI1NiIsImtpZCI6IjEiLCJ0eXAiOiJKV1QifQ.eyJzdWIiOiI1MC8xMjk4OTM0MjQ1IiwicGlkIjoiMjQyIiwianRpIjoiMC9jMGVhNzg1YWI2ZDI0YmY0ODAwYjQ4NzkxM2UzNTkwMTViMThmNThlZTZhYTc0MTY3ZDVmMGExYjQ5MTk2MDA3IiwiYXBwIjoiTkEiLCJpbm5lciI6InRydWUiLCJuYmYiOjE3Njg3MzQzNTMsImV4cCI6MTc2ODc0ODc1MywiaWF0IjoxNzY4NzM0MzUzfQ.lOMjBvBfg98RWVZg-hTpcvrCV-l3DZSm2VLgstscXcZKgseLkVY5vdf_xd_Q1E_AyVoC-zfiS331N7AeEj-42g&tzo=1:3  GET https://gamscdn.com/web-v3/version.json net::ERR_CERT_COMMON_NAME_INVALID
(anonymous) @ 62?ai=1298934245&co=25&cu=27&lg=fr&wh=55&ut=eyJhbGciOiJFUzI1NiIsImtpZCI6IjEiLCJ0eXAiOiJKV1QifQ.eyJzdWIiOiI1MC8xMjk4OTM0MjQ1IiwicGlkIjoiMjQyIiwianRpIjoiMC9jMGVhNzg1YWI2ZDI0YmY0ODAwYjQ4NzkxM2UzNTkwMTViMThmNThlZTZhYTc0MTY3ZDVmMGExYjQ5MTk2MDA3IiwiYXBwIjoiTkEiLCJpbm5lciI6InRydWUiLCJuYmYiOjE3Njg3MzQzNTMsImV4cCI6MTc2ODc0ODc1MywiaWF0IjoxNzY4NzM0MzUzfQ.lOMjBvBfg98RWVZg-hTpcvrCV-l3DZSm2VLgstscXcZKgseLkVY5vdf_xd_Q1E_AyVoC-zfiS331N7AeEj-42g&tzo=1:3
onSuccess @ 62?ai=1298934245&co=25&cu=27&lg=fr&wh=55&ut=eyJhbGciOiJFUzI1NiIsImtpZCI6IjEiLCJ0eXAiOiJKV1QifQ.eyJzdWIiOiI1MC8xMjk4OTM0MjQ1IiwicGlkIjoiMjQyIiwianRpIjoiMC9jMGVhNzg1YWI2ZDI0YmY0ODAwYjQ4NzkxM2UzNTkwMTViMThmNThlZTZhYTc0MTY3ZDVmMGExYjQ5MTk2MDA3IiwiYXBwIjoiTkEiLCJpbm5lciI6InRydWUiLCJuYmYiOjE3Njg3MzQzNTMsImV4cCI6MTc2ODc0ODc1MywiaWF0IjoxNzY4NzM0MzUzfQ.lOMjBvBfg98RWVZg-hTpcvrCV-l3DZSm2VLgstscXcZKgseLkVY5vdf_xd_Q1E_AyVoC-zfiS331N7AeEj-42g&tzo=1:3
o.onload @ 62?ai=1298934245&co=25&cu=27&lg=fr&wh=55&ut=eyJhbGciOiJFUzI1NiIsImtpZCI6IjEiLCJ0eXAiOiJKV1QifQ.eyJzdWIiOiI1MC8xMjk4OTM0MjQ1IiwicGlkIjoiMjQyIiwianRpIjoiMC9jMGVhNzg1YWI2ZDI0YmY0ODAwYjQ4NzkxM2UzNTkwMTViMThmNThlZTZhYTc0MTY3ZDVmMGExYjQ5MTk2MDA3IiwiYXBwIjoiTkEiLCJpbm5lciI6InRydWUiLCJuYmYiOjE3Njg3MzQzNTMsImV4cCI6MTc2ODc0ODc1MywiaWF0IjoxNzY4NzM0MzUzfQ.lOMjBvBfg98RWVZg-hTpcvrCV-l3DZSm2VLgstscXcZKgseLkVY5vdf_xd_Q1E_AyVoC-zfiS331N7AeEj-42g&tzo=1:3
XMLHttpRequest.send
(anonymous) @ 62?ai=1298934245&co=25&cu=27&lg=fr&wh=55&ut=eyJhbGciOiJFUzI1NiIsImtpZCI6IjEiLCJ0eXAiOiJKV1QifQ.eyJzdWIiOiI1MC8xMjk4OTM0MjQ1IiwicGlkIjoiMjQyIiwianRpIjoiMC9jMGVhNzg1YWI2ZDI0YmY0ODAwYjQ4NzkxM2UzNTkwMTViMThmNThlZTZhYTc0MTY3ZDVmMGExYjQ5MTk2MDA3IiwiYXBwIjoiTkEiLCJpbm5lciI6InRydWUiLCJuYmYiOjE3Njg3MzQzNTMsImV4cCI6MTc2ODc0ODc1MywiaWF0IjoxNzY4NzM0MzUzfQ.lOMjBvBfg98RWVZg-hTpcvrCV-l3DZSm2VLgstscXcZKgseLkVY5vdf_xd_Q1E_AyVoC-zfiS331N7AeEj-42g&tzo=1:3
(anonymous) @ 62?ai=1298934245&co=25&cu=27&lg=fr&wh=55&ut=eyJhbGciOiJFUzI1NiIsImtpZCI6IjEiLCJ0eXAiOiJKV1QifQ.eyJzdWIiOiI1MC8xMjk4OTM0MjQ1IiwicGlkIjoiMjQyIiwianRpIjoiMC9jMGVhNzg1YWI2ZDI0YmY0ODAwYjQ4NzkxM2UzNTkwMTViMThmNThlZTZhYTc0MTY3ZDVmMGExYjQ5MTk2MDA3IiwiYXBwIjoiTkEiLCJpbm5lciI6InRydWUiLCJuYmYiOjE3Njg3MzQzNTMsImV4cCI6MTc2ODc0ODc1MywiaWF0IjoxNzY4NzM0MzUzfQ.lOMjBvBfg98RWVZg-hTpcvrCV-l3DZSm2VLgstscXcZKgseLkVY5vdf_xd_Q1E_AyVoC-zfiS331N7AeEj-42g&tzo=1:3
(anonymous) @ 62?ai=1298934245&co=25&cu=27&lg=fr&wh=55&ut=eyJhbGciOiJFUzI1NiIsImtpZCI6IjEiLCJ0eXAiOiJKV1QifQ.eyJzdWIiOiI1MC8xMjk4OTM0MjQ1IiwicGlkIjoiMjQyIiwianRpIjoiMC9jMGVhNzg1YWI2ZDI0YmY0ODAwYjQ4NzkxM2UzNTkwMTViMThmNThlZTZhYTc0MTY3ZDVmMGExYjQ5MTk2MDA3IiwiYXBwIjoiTkEiLCJpbm5lciI6InRydWUiLCJuYmYiOjE3Njg3MzQzNTMsImV4cCI6MTc2ODc0ODc1MywiaWF0IjoxNzY4NzM0MzUzfQ.lOMjBvBfg98RWVZg-hTpcvrCV-l3DZSm2VLgstscXcZKgseLkVY5vdf_xd_Q1E_AyVoC-zfiS331N7AeEj-42g&tzo=1:3
window.__gameApp = t; // This 't' is the game instance
console.log("🎮 GAME APP CAPTURED!", window.__gameApp);
VM699:2 🎮 GAME APP CAPTURED! ƒ t(e){var r=this;!function(t,e){if(!(t instanceof e))throw new TypeError("Cannot call a class as a function")}(this,t),this.stage=new i.mc,e=Object.assign({forceCanvas:!1},e),this.renderer=(0,n.q5)(e)…
undefined
// Check core properties
console.log("Has stage?", !!window.__gameApp.stage);
console.log("Has renderer?", !!window.__gameApp.renderer);

// Inspect the stage
console.log("Stage children:", window.__gameApp.stage?.children?.length);

// Look for game-specific methods (important!)
console.log("Game methods:", Object.keys(window.__gameApp).filter(k => typeof window.__gameApp[k] === 'function'));
VM709:2 Has stage? false
VM709:3 Has renderer? false
VM709:6 Stage children: undefined
VM709:9 Game methods: []
undefined
