62?ai=1298934245&co=25&cu=27&lg=fr&wh=55&ut=eyJhbGciOiJFUzI1NiIsImtpZCI6IjEiLCJ0eXAiOiJKV1QifQ.eyJzdWIiOiI1MC8xMjk4OTM0MjQ1IiwicGlkIjoiMjQyIiwianRpIjoiMC9jMGVhNzg1YWI2ZDI0YmY0ODAwYjQ4NzkxM2UzNTkwMTViMThmNThlZTZhYTc0MTY3ZDVmMGExYjQ5MTk2MDA3IiwiYXBwIjoiTkEiLCJpbm5lciI6InRydWUiLCJuYmYiOjE3Njg3MzQzNTMsImV4cCI6MTc2ODc0ODc1MywiaWF0IjoxNzY4NzM0MzUzfQ.lOMjBvBfg98RWVZg-hTpcvrCV-l3DZSm2VLgstscXcZKgseLkVY5vdf_xd_Q1E_AyVoC-zfiS331N7AeEj-42g&tzo=1:3  GET https://gamscdn.com/web-v3/version.json net::ERR_CERT_COMMON_NAME_INVALID
(anonymous) @ 62?ai=1298934245&co=25&cu=27&lg=fr&wh=55&ut=eyJhbGciOiJFUzI1NiIsImtpZCI6IjEiLCJ0eXAiOiJKV1QifQ.eyJzdWIiOiI1MC8xMjk4OTM0MjQ1IiwicGlkIjoiMjQyIiwianRpIjoiMC9jMGVhNzg1YWI2ZDI0YmY0ODAwYjQ4NzkxM2UzNTkwMTViMThmNThlZTZhYTc0MTY3ZDVmMGExYjQ5MTk2MDA3IiwiYXBwIjoiTkEiLCJpbm5lciI6InRydWUiLCJuYmYiOjE3Njg3MzQzNTMsImV4cCI6MTc2ODc0ODc1MywiaWF0IjoxNzY4NzM0MzUzfQ.lOMjBvBfg98RWVZg-hTpcvrCV-l3DZSm2VLgstscXcZKgseLkVY5vdf_xd_Q1E_AyVoC-zfiS331N7AeEj-42g&tzo=1:3
onSuccess @ 62?ai=1298934245&co=25&cu=27&lg=fr&wh=55&ut=eyJhbGciOiJFUzI1NiIsImtpZCI6IjEiLCJ0eXAiOiJKV1QifQ.eyJzdWIiOiI1MC8xMjk4OTM0MjQ1IiwicGlkIjoiMjQyIiwianRpIjoiMC9jMGVhNzg1YWI2ZDI0YmY0ODAwYjQ4NzkxM2UzNTkwMTViMThmNThlZTZhYTc0MTY3ZDVmMGExYjQ5MTk2MDA3IiwiYXBwIjoiTkEiLCJpbm5lciI6InRydWUiLCJuYmYiOjE3Njg3MzQzNTMsImV4cCI6MTc2ODc0ODc1MywiaWF0IjoxNzY4NzM0MzUzfQ.lOMjBvBfg98RWVZg-hTpcvrCV-l3DZSm2VLgstscXcZKgseLkVY5vdf_xd_Q1E_AyVoC-zfiS331N7AeEj-42g&tzo=1:3
o.onload @ 62?ai=1298934245&co=25&cu=27&lg=fr&wh=55&ut=eyJhbGciOiJFUzI1NiIsImtpZCI6IjEiLCJ0eXAiOiJKV1QifQ.eyJzdWIiOiI1MC8xMjk4OTM0MjQ1IiwicGlkIjoiMjQyIiwianRpIjoiMC9jMGVhNzg1YWI2ZDI0YmY0ODAwYjQ4NzkxM2UzNTkwMTViMThmNThlZTZhYTc0MTY3ZDVmMGExYjQ5MTk2MDA3IiwiYXBwIjoiTkEiLCJpbm5lciI6InRydWUiLCJuYmYiOjE3Njg3MzQzNTMsImV4cCI6MTc2ODc0ODc1MywiaWF0IjoxNzY4NzM0MzUzfQ.lOMjBvBfg98RWVZg-hTpcvrCV-l3DZSm2VLgstscXcZKgseLkVY5vdf_xd_Q1E_AyVoC-zfiS331N7AeEj-42g&tzo=1:3
XMLHttpRequest.send
(anonymous) @ 62?ai=1298934245&co=25&cu=27&lg=fr&wh=55&ut=eyJhbGciOiJFUzI1NiIsImtpZCI6IjEiLCJ0eXAiOiJKV1QifQ.eyJzdWIiOiI1MC8xMjk4OTM0MjQ1IiwicGlkIjoiMjQyIiwianRpIjoiMC9jMGVhNzg1YWI2ZDI0YmY0ODAwYjQ4NzkxM2UzNTkwMTViMThmNThlZTZhYTc0MTY3ZDVmMGExYjQ5MTk2MDA3IiwiYXBwIjoiTkEiLCJpbm5lciI6InRydWUiLCJuYmYiOjE3Njg3MzQzNTMsImV4cCI6MTc2ODc0ODc1MywiaWF0IjoxNzY4NzM0MzUzfQ.lOMjBvBfg98RWVZg-hTpcvrCV-l3DZSm2VLgstscXcZKgseLkVY5vdf_xd_Q1E_AyVoC-zfiS331N7AeEj-42g&tzo=1:3
(anonymous) @ 62?ai=1298934245&co=25&cu=27&lg=fr&wh=55&ut=eyJhbGciOiJFUzI1NiIsImtpZCI6IjEiLCJ0eXAiOiJKV1QifQ.eyJzdWIiOiI1MC8xMjk4OTM0MjQ1IiwicGlkIjoiMjQyIiwianRpIjoiMC9jMGVhNzg1YWI2ZDI0YmY0ODAwYjQ4NzkxM2UzNTkwMTViMThmNThlZTZhYTc0MTY3ZDVmMGExYjQ5MTk2MDA3IiwiYXBwIjoiTkEiLCJpbm5lciI6InRydWUiLCJuYmYiOjE3Njg3MzQzNTMsImV4cCI6MTc2ODc0ODc1MywiaWF0IjoxNzY4NzM0MzUzfQ.lOMjBvBfg98RWVZg-hTpcvrCV-l3DZSm2VLgstscXcZKgseLkVY5vdf_xd_Q1E_AyVoC-zfiS331N7AeEj-42g&tzo=1:3
(anonymous) @ 62?ai=1298934245&co=25&cu=27&lg=fr&wh=55&ut=eyJhbGciOiJFUzI1NiIsImtpZCI6IjEiLCJ0eXAiOiJKV1QifQ.eyJzdWIiOiI1MC8xMjk4OTM0MjQ1IiwicGlkIjoiMjQyIiwianRpIjoiMC9jMGVhNzg1YWI2ZDI0YmY0ODAwYjQ4NzkxM2UzNTkwMTViMThmNThlZTZhYTc0MTY3ZDVmMGExYjQ5MTk2MDA3IiwiYXBwIjoiTkEiLCJpbm5lciI6InRydWUiLCJuYmYiOjE3Njg3MzQzNTMsImV4cCI6MTc2ODc0ODc1MywiaWF0IjoxNzY4NzM0MzUzfQ.lOMjBvBfg98RWVZg-hTpcvrCV-l3DZSm2VLgstscXcZKgseLkVY5vdf_xd_Q1E_AyVoC-zfiS331N7AeEj-42g&tzo=1:3
// Try to find the PixiJS app instance in the current scope
debugger; // This pauses execution - you can then manually inspect 'this', 'app', 'e', 't', etc.
// OR, try to assign common minified variable names to the global scope
window.__possibleApp1 = this;
window.__possibleApp2 = t;
window.__possibleApp3 = e;
window.__possibleApp4 = n;
window.__possibleApp5 = r;
console.log("Breakpoint active. Manually inspect variables 'this', 't', 'e', 'n', 'r'.");
VM247:9 Breakpoint active. Manually inspect variables 'this', 't', 'e', 'n', 'r'.
undefined
// 1. First, check what 't' is (likely the Vue component/controller)
console.log('t object:', t);
console.log('t.application:', t?.application);

// 2. Check 'this' context - it might be the Vue instance
console.log('this context:', this);
console.log('this.$refs:', this?.$refs); // Vue often puts canvas in refs
console.log('this.$data:', this?.$data); // App might be in data

// 3. Look for the PixiJS app by checking properties of 't' and 'this'
let foundApp = null;
const objectsToCheck = [t, this, t?.application, this?.$data];

objectsToCheck.forEach((obj, idx) => {
    if (obj && typeof obj === 'object') {
        for (const key in obj) {
            const val = obj[key];
            if (val && val.stage && val.renderer) {
                foundApp = val;
                console.log(`🎉 FOUND APP at ${['t','this','t.application','this.$data'][idx]}.${key}:`, val);
            }
        }
    }
});

// 4. If not found, search for the canvas and its attached app
const canvas = document.querySelector('canvas.thimbles__canvas');
if (canvas) {
    console.log('Canvas found. Checking for attached app...');
    for (const key in canvas) {
        const val = canvas[key];
        if (val && val.stage && val.renderer) {
            foundApp = val;
            console.log(`🎉 FOUND APP attached to canvas.${key}:`, val);
        }
    }
}

// 5. CAPTURE if found
if (foundApp) {
    window.__thimblesPixiApp = foundApp;
    console.log('✅ APPLICATION CAPTURED as window.__thimblesPixiApp');
    
    // Quick verification
    console.log('Verification:', {
        stageChildren: foundApp.stage.children?.length,
        rendererType: foundApp.renderer.type,
        hasTicker: !!foundApp.ticker
    });
} else {
    console.log('❌ No app found in immediate scope. Checking local variables...');
    // Try to see all local variables
    debugger; // This will keep it paused for manual inspection
}
VM289:2 t object: Proxy(Object) {_: {…}, $i18n: {…}, $t: ƒ, $rt: ƒ, $tc: ƒ, …}[[Handler]]: Object[[Target]]: Object[[IsRevoked]]: false
VM289:3 t.application: undefined
VM289:6 this context: undefined
VM289:7 this.$refs: undefined
VM289:8 this.$data: undefined
VM289:29 Canvas found. Checking for attached app...
VM289:51 ❌ No app found in immediate scope. Checking local variables...
undefined
