// Install the working capture
window.capture = workingEventCapture();
VM491:36 ✅ Working event capture installed
{getLastEvent: ƒ, getCupName: ƒ}


// Create tracker
window.tracker = new SimpleTracker();

console.log(`
===========================================
🎮 SIMPLE THIMBLERIG TRACKER
===========================================
HOW TO USE:
1. After choosing a cup, check console for event capture
2. If event shows "Cup X selected", note the number
3. After round ends (win/lose), run:

   // If you WON:
   tracker.recordResult(true)
   
   // If you LOST:
   tracker.recordResult(false)

4. To see history: tracker.getHistory()

Available commands:
• tracker.recordResult(true/false)
• tracker.getHistory()
• tracker.getStats()
• capture.getLastEvent() - get last captured event
===========================================
`);
VM494:95 
===========================================
🎮 SIMPLE THIMBLERIG TRACKER
===========================================
HOW TO USE:
1. After choosing a cup, check console for event capture
2. If event shows "Cup X selected", note the number
3. After round ends (win/lose), run:

   // If you WON:
   tracker.recordResult(true)
   
   // If you LOST:
   tracker.recordResult(false)

4. To see history: tracker.getHistory()

Available commands:
• tracker.recordResult(true/false)
• tracker.getHistory()
• tracker.getStats()
• capture.getLastEvent() - get last captured event
===========================================

undefined
console.log("Capture installed:", window.capture ? "YES" : "NO");
console.log("Tracker installed:", window.tracker ? "YES" : "NO");
VM498:1 Capture installed: YES
VM498:2 Tracker installed: YES
undefined


VM491:15 🎯 EVENT CAPTURED: onSelectThimble(1)
VM491:16    Cup 1 selected (MIDDLE)


VM699:4 📊 Last captured event:
VM699:5 Cup index: 1
VM699:6 Cup name: MIDDLE
undefined
window.tracker.recordResult(true);
VM494:34 ❌ No active round
undefined