// RGS ALGORITHM HUNTER - SMART COLLECTOR
VM286:4 🎯 RGS Algorithm Hunter - Maximizing data per round
VM286:147 ✅ RGS Hunter active. Playing rounds normally will maximize data collection.
VM286:148 💡 It will carefully probe for more data on each seed automatically.
undefined
63390544.63390544.ac26b24ac3d0.js:1 PixiJS Deprecation Warning: Setting interactive is deprecated, use eventMode = 'none'/'passive'/'auto'/'static'/'dynamic' instead.Deprecated since v7.2.0
VM286:108  POST https://localhost:3443/games-frame/service-api/games-thimbles/MakeBet?language=fr&whence=55 504 (Gateway Timeout)
XMLHttpRequest.send @ VM286:108
(anonymous) @ 14687768.14687768.ceeffc82bbe4.js:1
xhr @ 14687768.14687768.ceeffc82bbe4.js:1
(anonymous) @ 47257778.47257778.6d95ff136b80.js:1
ft @ 14687768.14687768.ceeffc82bbe4.js:1
Promise.then
_request @ 14687768.14687768.ceeffc82bbe4.js:1
request @ 14687768.14687768.ceeffc82bbe4.js:1
(anonymous) @ 14687768.14687768.ceeffc82bbe4.js:1
(anonymous) @ 24057316.24057316.ff8385d2bf40.js:1
(anonymous) @ 24057316.24057316.ff8385d2bf40.js:1
(anonymous) @ 24057316.24057316.ff8385d2bf40.js:1
Ne @ 24057316.24057316.ff8385d2bf40.js:1
c @ 24057316.24057316.ff8385d2bf40.js:1
Promise.then
Ne @ 24057316.24057316.ff8385d2bf40.js:1
c @ 24057316.24057316.ff8385d2bf40.js:1
(anonymous) @ 24057316.24057316.ff8385d2bf40.js:1
(anonymous) @ 24057316.24057316.ff8385d2bf40.js:1
makeRequest @ 24057316.24057316.ff8385d2bf40.js:1
(anonymous) @ 24057316.24057316.ff8385d2bf40.js:1
(anonymous) @ 24057316.24057316.ff8385d2bf40.js:1
(anonymous) @ 24057316.24057316.ff8385d2bf40.js:1
Ne @ 24057316.24057316.ff8385d2bf40.js:1
c @ 24057316.24057316.ff8385d2bf40.js:1
(anonymous) @ 24057316.24057316.ff8385d2bf40.js:1
(anonymous) @ 24057316.24057316.ff8385d2bf40.js:1
makePostRequest @ 24057316.24057316.ff8385d2bf40.js:1
(anonymous) @ 24057316.24057316.ff8385d2bf40.js:1
(anonymous) @ 24057316.24057316.ff8385d2bf40.js:1
(anonymous) @ 24057316.24057316.ff8385d2bf40.js:1
Ne @ 24057316.24057316.ff8385d2bf40.js:1
c @ 24057316.24057316.ff8385d2bf40.js:1
(anonymous) @ 24057316.24057316.ff8385d2bf40.js:1
(anonymous) @ 24057316.24057316.ff8385d2bf40.js:1
makeBetRequest @ 24057316.24057316.ff8385d2bf40.js:1
(anonymous) @ Thimbles.Desktop.23684509.503e94b72c6f.js:1
(anonymous) @ Thimbles.Desktop.23684509.503e94b72c6f.js:1
(anonymous) @ Thimbles.Desktop.23684509.503e94b72c6f.js:1
bt @ Thimbles.Desktop.23684509.503e94b72c6f.js:1
a @ Thimbles.Desktop.23684509.503e94b72c6f.js:1
(anonymous) @ Thimbles.Desktop.23684509.503e94b72c6f.js:1
(anonymous) @ Thimbles.Desktop.23684509.503e94b72c6f.js:1
placeBet @ Thimbles.Desktop.23684509.503e94b72c6f.js:1
startGame @ 24057316.24057316.ff8385d2bf40.js:1
(anonymous) @ Thimbles.Desktop.23684509.503e94b72c6f.js:1
(anonymous) @ Thimbles.Desktop.23684509.503e94b72c6f.js:1
(anonymous) @ Thimbles.Desktop.23684509.503e94b72c6f.js:1
bt @ Thimbles.Desktop.23684509.503e94b72c6f.js:1
a @ Thimbles.Desktop.23684509.503e94b72c6f.js:1
(anonymous) @ Thimbles.Desktop.23684509.503e94b72c6f.js:1
(anonymous) @ Thimbles.Desktop.23684509.503e94b72c6f.js:1
onPlayClick @ Thimbles.Desktop.23684509.503e94b72c6f.js:1
bn @ 13930271.13930271.c9282d663ee3.js:1
Sn @ 13930271.13930271.c9282d663ee3.js:1
Ws @ 13930271.13930271.c9282d663ee3.js:1
startGame @ Thimbles.Desktop.23684509.503e94b72c6f.js:1
onClick.e.<computed>.e.<computed> @ Thimbles.Desktop.23684509.503e94b72c6f.js:1
bn @ 13930271.13930271.c9282d663ee3.js:1
Sn @ 13930271.13930271.c9282d663ee3.js:1
n @ 13930271.13930271.c9282d663ee3.js:1
__RGSHunter.stats()
VM286:122 📈 Hunter Statistics:
VM286:123    Total data points: 0
VM286:124    Unique seeds: 0
VM286:125    Seeds with multiple data points:
undefined
