checkGamePatterns();
 🎯 Checking for fixed patterns...
 Found "onrightclick" at game.app.stage.tempDisplayObjectParent.onrightclick: null
 Found "onrightdown" at game.app.stage.tempDisplayObjectParent.onrightdown: null
 Found "onrightup" at game.app.stage.tempDisplayObjectParent.onrightup: null
 Found "onrightupoutside" at game.app.stage.tempDisplayObjectParent.onrightupoutside: null
 Found "onrightclick" at game.app.stage.onrightclick: null
 Found "onrightdown" at game.app.stage.onrightdown: null
 Found "onrightup" at game.app.stage.onrightup: null
 Found "onrightupoutside" at game.app.stage.onrightupoutside: null
 Found "ALWAYS" at game.app.renderer.gl.ALWAYS: 519
 Found "onrightclick" at game.app.containers.0.onrightclick: null
 Found "onrightdown" at game.app.containers.0.onrightdown: null
 Found "onrightup" at game.app.containers.0.onrightup: null
 Found "onrightupoutside" at game.app.containers.0.onrightupoutside: null
 Found "onrightclick" at game.app.containers.1.onrightclick: null
 Found "onrightdown" at game.app.containers.1.onrightdown: null
VM661:17 Found "onrightup" at game.app.containers.1.onrightup: null
VM661:17 Found "onrightupoutside" at game.app.containers.1.onrightupoutside: null
VM661:17 Found "onrightclick" at game.app.containers.2.onrightclick: null
VM661:17 Found "onrightdown" at game.app.containers.2.onrightdown: null
VM661:17 Found "onrightup" at game.app.containers.2.onrightup: null
VM661:17 Found "onrightupoutside" at game.app.containers.2.onrightupoutside: null
VM661:17 Found "onrightclick" at game.app.containers.3.onrightclick: null
VM661:17 Found "onrightdown" at game.app.containers.3.onrightdown: null
VM661:17 Found "onrightup" at game.app.containers.3.onrightup: null
VM661:17 Found "onrightupoutside" at game.app.containers.3.onrightupoutside: null
VM661:17 Found "onrightclick" at game.app.containers.4.onrightclick: null
VM661:17 Found "onrightdown" at game.app.containers.4.onrightdown: null
VM661:17 Found "onrightup" at game.app.containers.4.onrightup: null
VM661:17 Found "onrightupoutside" at game.app.containers.4.onrightupoutside: null
VM661:17 Found "borderBottomRightRadius" at game.device.view.style.borderBottomRightRadius: 
VM661:17 Found "borderRight" at game.device.view.style.borderRight: 
VM661:17 Found "borderRightColor" at game.device.view.style.borderRightColor: 
VM661:17 Found "borderRightStyle" at game.device.view.style.borderRightStyle: 
VM661:17 Found "borderRightWidth" at game.device.view.style.borderRightWidth: 
VM661:17 Found "borderTopRightRadius" at game.device.view.style.borderTopRightRadius: 
VM661:17 Found "cornerBottomRightShape" at game.device.view.style.cornerBottomRightShape: 
VM661:17 Found "cornerRightShape" at game.device.view.style.cornerRightShape: 
VM661:17 Found "cornerTopRightShape" at game.device.view.style.cornerTopRightShape: 
VM661:17 Found "marginRight" at game.device.view.style.marginRight: 
VM661:17 Found "paddingRight" at game.device.view.style.paddingRight: 
VM661:17 Found "right" at game.device.view.style.right: 
VM661:17 Found "scrollMarginRight" at game.device.view.style.scrollMarginRight: 
VM661:17 Found "scrollPaddingRight" at game.device.view.style.scrollPaddingRight: 
VM661:17 Found "textCombineUpright" at game.device.view.style.textCombineUpright: 
VM661:17 Found "webkitBorderBottomRightRadius" at game.device.view.style.webkitBorderBottomRightRadius: 
VM661:17 Found "webkitBorderTopRightRadius" at game.device.view.style.webkitBorderTopRightRadius: 
VM661:17 Found "firstElementChild" at game.device.view.firstElementChild: <div id=​"app" data-v-app>​…​</div>​flex
VM661:17 Found "firstElementChild" at game.device.view.firstElementChild.firstElementChild: <div id=​"app" data-currency=​"XOF">​…​</div>​flex
VM661:17 Found "firstChild" at game.device.view.firstElementChild.firstChild: <div id=​"app" data-currency=​"XOF">​…​</div>​flex
VM661:17 Found "firstElementChild" at game.device.view.lastElementChild.firstElementChild: null
VM661:17 Found "firstChild" at game.device.view.lastElementChild.firstChild: null
VM661:17 Found "firstElementChild" at game.device.view.previousElementSibling.firstElementChild: <meta charset=​"utf-8">​
VM661:17 Found "firstChild" at game.device.view.previousElementSibling.firstChild: <meta charset=​"utf-8">​
VM661:17 Found "firstElementChild" at game.device.view.ownerDocument.firstElementChild: <html lang=​"fr" dir=​"ltr" data-theme=​"light" style=​"--vh:​ 7.3px;​">​<head>​…​</head>​<body class=​"app-stage notranslate webp-support app-stage--2375 app-stage--v3" translate=​"no">​…​</body>​</html>​
VM661:17 Found "firstChild" at game.device.view.ownerDocument.firstChild: <!DOCTYPE html>
VM661:17 Found "firstElementChild" at game.device.view.parentNode.firstElementChild: <head>​…​</head>​
VM661:17 Found "firstChild" at game.device.view.parentNode.firstChild: <head>​…​</head>​
VM661:17 Found "firstElementChild" at game.device.view.parentElement.firstElementChild: <head>​…​</head>​
VM661:17 Found "firstChild" at game.device.view.parentElement.firstChild: <head>​…​</head>​
VM661:17 Found "firstChild" at game.device.view.firstChild: <div id=​"app" data-v-app>​…​</div>​flex
VM661:17 Found "firstElementChild" at game.device.view.firstChild.firstElementChild: <div id=​"app" data-currency=​"XOF">​…​</div>​flex
VM661:17 Found "firstChild" at game.device.view.firstChild.firstChild: <div id=​"app" data-currency=​"XOF">​…​</div>​flex
VM661:17 Found "firstElementChild" at game.device.view.lastChild.firstElementChild: null
VM661:17 Found "firstChild" at game.device.view.lastChild.firstChild: null
VM661:17 Found "firstElementChild" at game.device.view.previousSibling.firstElementChild: <meta charset=​"utf-8">​
VM661:17 Found "firstChild" at game.device.view.previousSibling.firstChild: <meta charset=​"utf-8">​
VM661:17 Found "onrightclick" at game.spineStorage.storage.0.onrightclick: null
VM661:17 Found "onrightdown" at game.spineStorage.storage.0.onrightdown: null
VM661:17 Found "onrightup" at game.spineStorage.storage.0.onrightup: null
VM661:17 Found "onrightupoutside" at game.spineStorage.storage.0.onrightupoutside: null
VM661:17 Found "onrightclick" at game.spineStorage.storage.1.onrightclick: null
VM661:17 Found "onrightdown" at game.spineStorage.storage.1.onrightdown: null
VM661:17 Found "onrightup" at game.spineStorage.storage.1.onrightup: null
VM661:17 Found "onrightupoutside" at game.spineStorage.storage.1.onrightupoutside: null
VM661:17 Found "onrightclick" at game.spineStorage.storage.2.onrightclick: null
VM661:17 Found "onrightdown" at game.spineStorage.storage.2.onrightdown: null
VM661:17 Found "onrightup" at game.spineStorage.storage.2.onrightup: null
VM661:17 Found "onrightupoutside" at game.spineStorage.storage.2.onrightupoutside: null
VM661:17 Found "onrightclick" at game.spineStorage.storage.3.onrightclick: null
VM661:17 Found "onrightdown" at game.spineStorage.storage.3.onrightdown: null
VM661:17 Found "onrightup" at game.spineStorage.storage.3.onrightup: null
VM661:17 Found "onrightupoutside" at game.spineStorage.storage.3.onrightupoutside: null
VM661:17 Found "onrightclick" at game.spineStorage.storage.4.onrightclick: null
VM661:17 Found "onrightdown" at game.spineStorage.storage.4.onrightdown: null
VM661:17 Found "onrightup" at game.spineStorage.storage.4.onrightup: null
VM661:17 Found "onrightupoutside" at game.spineStorage.storage.4.onrightupoutside: null
VM661:17 Found "onrightclick" at game.resultPopup.container.parent.onrightclick: null
VM661:17 Found "onrightdown" at game.resultPopup.container.parent.onrightdown: null
VM661:17 Found "onrightup" at game.resultPopup.container.parent.onrightup: null
VM661:17 Found "onrightupoutside" at game.resultPopup.container.parent.onrightupoutside: null
VM661:17 Found "onrightclick" at game.resultPopup.container.onrightclick: null
VM661:17 Found "onrightdown" at game.resultPopup.container.onrightdown: null
VM661:17 Found "onrightup" at game.resultPopup.container.onrightup: null
VM661:17 Found "onrightupoutside" at game.resultPopup.container.onrightupoutside: null
VM661:17 Found "onrightclick" at game.resultPopup.spine.parent.onrightclick: null
VM661:17 Found "onrightdown" at game.resultPopup.spine.parent.onrightdown: null
VM661:17 Found "onrightup" at game.resultPopup.spine.parent.onrightup: null
VM661:17 Found "onrightupoutside" at game.resultPopup.spine.parent.onrightupoutside: null
VM661:17 Found "onrightclick" at game.resultPopup.spine.onrightclick: null
VM661:17 Found "onrightdown" at game.resultPopup.spine.onrightdown: null
VM661:17 Found "onrightup" at game.resultPopup.spine.onrightup: null
VM661:17 Found "onrightupoutside" at game.resultPopup.spine.onrightupoutside: null
VM661:17 Found "onrightclick" at game.resultPopup.label.parent.onrightclick: null
VM661:17 Found "onrightdown" at game.resultPopup.label.parent.onrightdown: null
VM661:17 Found "onrightup" at game.resultPopup.label.parent.onrightup: null
VM661:17 Found "onrightupoutside" at game.resultPopup.label.parent.onrightupoutside: null
VM661:17 Found "firstElementChild" at game.resultPopup.label.canvas.firstElementChild: null
VM661:17 Found "firstChild" at game.resultPopup.label.canvas.firstChild: null
VM661:17 Found "onrightclick" at game.resultPopup.label.onrightclick: null
VM661:17 Found "onrightdown" at game.resultPopup.label.onrightdown: null
VM661:17 Found "onrightup" at game.resultPopup.label.onrightup: null
VM661:17 Found "onrightupoutside" at game.resultPopup.label.onrightupoutside: null
VM661:17 Found "firstElementChild" at game.background.device.view.firstElementChild: <div id=​"app" data-v-app>​…​</div>​flex
VM661:17 Found "firstChild" at game.background.device.view.firstChild: <div id=​"app" data-v-app>​…​</div>​flex
VM661:17 Found "onrightclick" at game.background.spine.parent.onrightclick: null
VM661:17 Found "onrightdown" at game.background.spine.parent.onrightdown: null
VM661:17 Found "onrightup" at game.background.spine.parent.onrightup: null
VM661:17 Found "onrightupoutside" at game.background.spine.parent.onrightupoutside: null
VM661:17 Found "onrightclick" at game.background.spine.onrightclick: null
VM661:17 Found "onrightdown" at game.background.spine.onrightdown: null
VM661:17 Found "onrightup" at game.background.spine.onrightup: null
VM661:17 Found "onrightupoutside" at game.background.spine.onrightupoutside: null
VM661:17 Found "onrightclick" at game.thimbles.spine.parent.onrightclick: null
VM661:17 Found "onrightdown" at game.thimbles.spine.parent.onrightdown: null
VM661:17 Found "onrightup" at game.thimbles.spine.parent.onrightup: null
VM661:17 Found "onrightupoutside" at game.thimbles.spine.parent.onrightupoutside: null
VM661:17 Found "onrightclick" at game.thimbles.spine.onrightclick: null
VM661:17 Found "onrightdown" at game.thimbles.spine.onrightdown: null
VM661:17 Found "onrightup" at game.thimbles.spine.onrightup: null
VM661:17 Found "onrightupoutside" at game.thimbles.spine.onrightupoutside: null
VM661:17 Found "onrightclick" at game.thimbles.smokeAnimation.parent.onrightclick: null
VM661:17 Found "onrightdown" at game.thimbles.smokeAnimation.parent.onrightdown: null
VM661:17 Found "onrightup" at game.thimbles.smokeAnimation.parent.onrightup: null
VM661:17 Found "onrightupoutside" at game.thimbles.smokeAnimation.parent.onrightupoutside: null
VM661:17 Found "onrightclick" at game.thimbles.smokeAnimation.onrightclick: null
VM661:17 Found "onrightdown" at game.thimbles.smokeAnimation.onrightdown: null
VM661:17 Found "onrightup" at game.thimbles.smokeAnimation.onrightup: null
VM661:17 Found "onrightupoutside" at game.thimbles.smokeAnimation.onrightupoutside: null
VM661:17 Found "firstElementChild" at game.light.device.view.firstElementChild: <div id=​"app" data-v-app>​…​</div>​flex
VM661:17 Found "firstChild" at game.light.device.view.firstChild: <div id=​"app" data-v-app>​…​</div>​flex
VM661:17 Found "onrightclick" at game.light.spine.parent.onrightclick: null
VM661:17 Found "onrightdown" at game.light.spine.parent.onrightdown: null
VM661:17 Found "onrightup" at game.light.spine.parent.onrightup: null
VM661:17 Found "onrightupoutside" at game.light.spine.parent.onrightupoutside: null
VM661:17 Found "onrightclick" at game.light.spine.onrightclick: null
VM661:17 Found "onrightdown" at game.light.spine.onrightdown: null
VM661:17 Found "onrightup" at game.light.spine.onrightup: null
VM661:17 Found "onrightupoutside" at game.light.spine.onrightupoutside: null
VM661:17 Found "onrightclick" at game.info.spine.parent.onrightclick: null
VM661:17 Found "onrightdown" at game.info.spine.parent.onrightdown: null
VM661:17 Found "onrightup" at game.info.spine.parent.onrightup: null
VM661:17 Found "onrightupoutside" at game.info.spine.parent.onrightupoutside: null
VM661:17 Found "onrightclick" at game.info.spine.onrightclick: null
VM661:17 Found "onrightdown" at game.info.spine.onrightdown: null
VM661:17 Found "onrightup" at game.info.spine.onrightup: null
VM661:17 Found "onrightupoutside" at game.info.spine.onrightupoutside: null
(156) [{…}, {…}, {…}, {…}, {…}, {…}, {…}, {…}, {…}, {…}, {…}, {…}, {…}, {…}, {…}, {…}, {…}, {…}, {…}, {…}, {…}, {…}, {…}, {…}, {…}, {…}, {…}, {…}, {…}, {…}, {…}, {…}, {…}, {…}, {…}, {…}, {…}, {…}, {…}, {…}, {…}, {…}, {…}, {…}, {…}, {…}, {…}, {…}, {…}, {…}, {…}, {…}, {…}, {…}, {…}, {…}, {…}, {…}, {…}, {…}, {…}, {…}, {…}, {…}, {…}, {…}, {…}, {…}, {…}, {…}, {…}, {…}, {…}, {…}, {…}, {…}, {…}, {…}, {…}, {…}, {…}, {…}, {…}, {…}, {…}, {…}, {…}, {…}, {…}, {…}, {…}, {…}, {…}, {…}, {…}, {…}, {…}, {…}, {…}, {…}, …]
