VM1013:9 Console was cleared
VM1013:10 🎮 ENHANCED Thimbles Game Tracker Injected
VM1013:709 🚀 Initializing Enhanced Thimbles Tracker...
VM1013:114 ✅ Enhanced overlay created
VM1013:807 ✅ Enhanced tracker system ready
VM1013:808    - thimblesOverlay.getPosition() - Get current ball position
VM1013:809    - thimblesOverlay.checkNow() - Force full detection cycle
VM1013:810    - thimblesOverlay.debug - Access debug functions
VM1013:811    - thimblesOverlay.setConfig() - Modify detection settings
undefined
VM1013:121 🔍 Scanning for game objects...
VM1013:152 ✅ Found 0 potential game objects
VM1013:487 ✅ Enhanced animation hook installed
VM1013:612 🔧 Installing game logic hooks...
VM1013:640 ✅ Game logic hooks installed
VM1013:455 🔄 Ball Slot State Changed: {ball: 'None', ball2: 'None', ball3: 'None'}
VM1013:474 🎬 [05:31:37] Animation: "l/ball" | Loop: true
VM1013:497 🎉 BALL REVEAL DETECTED! Ball is under left cup
VM1006:4 🎬 GAME LOGIC: Playing animation "l/ball" (loop: true)
VM1013:474 🎬 [05:31:37] Animation: "l/up" | Loop: false
VM1006:4 🎬 GAME LOGIC: Playing animation "l/up" (loop: false)
VM1013:474 🎬 [05:31:37] Animation: "r/ball" | Loop: true
VM1013:497 🎉 BALL REVEAL DETECTED! Ball is under right cup
VM1006:4 🎬 GAME LOGIC: Playing animation "r/ball" (loop: true)
VM1013:474 🎬 [05:31:37] Animation: "r/up" | Loop: false
VM1006:4 🎬 GAME LOGIC: Playing animation "r/up" (loop: false)
VM1013:455 🔄 Ball Slot State Changed: {ball: 'ball', ball2: 'None', ball3: 'ball'}
VM1013:474 🎬 [05:31:37] Animation: "l/idle_open" | Loop: false
VM1006:4 🎬 GAME LOGIC: Playing animation "l/idle_open" (loop: false)
VM1013:474 🎬 [05:31:37] Animation: "r/idle_open" | Loop: false
VM1006:4 🎬 GAME LOGIC: Playing animation "r/idle_open" (loop: false)
VM1013:474 🎬 [05:31:37] Animation: "l/down" | Loop: false
VM1006:4 🎬 GAME LOGIC: Playing animation "l/down" (loop: false)
VM1013:474 🎬 [05:31:37] Animation: "r/down" | Loop: false
VM1006:4 🎬 GAME LOGIC: Playing animation "r/down" (loop: false)
VM1013:474 🎬 [05:31:38] Animation: "jumble" | Loop: false
VM1013:506 🔀 SHUFFLE STARTED
VM1006:4 🎬 GAME LOGIC: Playing animation "jumble" (loop: false)
VM1013:455 🔄 Ball Slot State Changed: {ball: 'None', ball2: 'None', ball3: 'None'}
VM1013:583 ✅ Shuffle tracker installed
VM1013:558 Uncaught TypeError: Cannot read properties of null (reading 'animation')
    at <anonymous>:558:31
    at Array.forEach (<anonymous>)
    at spine.state.update (<anonymous>:557:29)
    at e.value (83168834.83168834.7f11064b1e5f.js:1:312933)
    at 83168834.83168834.7f11064b1e5f.js:1:219833
    at e.value (83168834.83168834.7f11064b1e5f.js:1:223150)
    at t.updateCallback (67826302.67826302.6c5ee57c4b64.js:1:100047)
    at t.value (42561440.42561440.44180dd6c08e.js:1:40801)
    at e.value (67826302.67826302.6c5ee57c4b64.js:1:103393)
    at t.fn (63925496.63925496.d107be7e3b37.js:1:224102)
(anonymous) @ VM1013:558
spine.state.update @ VM1013:557
value @ 83168834.83168834.7f11064b1e5f.js:1
(anonymous) @ 83168834.83168834.7f11064b1e5f.js:1
value @ 83168834.83168834.7f11064b1e5f.js:1
(anonymous) @ 67826302.67826302.6c5ee57c4b64.js:1
value @ 42561440.42561440.44180dd6c08e.js:1
value @ 67826302.67826302.6c5ee57c4b64.js:1
(anonymous) @ 63925496.63925496.d107be7e3b37.js:1
value @ 83168834.83168834.7f11064b1e5f.js:1
value @ 83168834.83168834.7f11064b1e5f.js:1
_tick @ 83168834.83168834.7f11064b1e5f.js:1
(anonymous) @ VM1013:633
requestAnimationFrame
window.requestAnimationFrame @ VM1013:617
_tick @ 83168834.83168834.7f11064b1e5f.js:1
(anonymous) @ VM1013:633
requestAnimationFrame
window.requestAnimationFrame @ VM1013:617
_tick @ 83168834.83168834.7f11064b1e5f.js:1
(anonymous) @ VM1013:633
requestAnimationFrame
window.requestAnimationFrame @ VM1013:617
_tick @ 83168834.83168834.7f11064b1e5f.js:1
(anonymous) @ VM1013:633
requestAnimationFrame
window.requestAnimationFrame @ VM1013:617
_tick @ 83168834.83168834.7f11064b1e5f.js:1
(anonymous) @ VM1013:633
requestAnimationFrame
window.requestAnimationFrame @ VM1013:617
_tick @ 83168834.83168834.7f11064b1e5f.js:1
(anonymous) @ VM1013:633
requestAnimationFrame
window.requestAnimationFrame @ VM1013:617
_tick @ 83168834.83168834.7f11064b1e5f.js:1
(anonymous) @ VM1013:633
requestAnimationFrame
window.requestAnimationFrame @ VM1013:617
_tick @ 83168834.83168834.7f11064b1e5f.js:1
(anonymous) @ VM1013:633
requestAnimationFrame
window.requestAnimationFrame @ VM1013:617
_tick @ 83168834.83168834.7f11064b1e5f.js:1
(anonymous) @ VM1013:633
requestAnimationFrame
window.requestAnimationFrame @ VM1013:617
_tick @ 83168834.83168834.7f11064b1e5f.js:1
(anonymous) @ VM1013:633
requestAnimationFrame
window.requestAnimationFrame @ VM1013:617
_tick @ 83168834.83168834.7f11064b1e5f.js:1
(anonymous) @ VM1013:633
requestAnimationFrame
window.requestAnimationFrame @ VM1013:617
_tick @ 83168834.83168834.7f11064b1e5f.js:1
(anonymous) @ VM1013:633
requestAnimationFrame
window.requestAnimationFrame @ VM1013:617
_tick @ 83168834.83168834.7f11064b1e5f.js:1
(anonymous) @ VM1013:633
requestAnimationFrame
window.requestAnimationFrame @ VM1013:617
_tick @ 83168834.83168834.7f11064b1e5f.js:1
(anonymous) @ VM1013:633
requestAnimationFrame
window.requestAnimationFrame @ VM1013:617
_tick @ 83168834.83168834.7f11064b1e5f.js:1
(anonymous) @ VM1013:633
requestAnimationFrame
window.requestAnimationFrame @ VM1013:617
_tick @ 83168834.83168834.7f11064b1e5f.js:1
(anonymous) @ VM1013:633
requestAnimationFrame
window.requestAnimationFrame @ VM1013:617
_tick @ 83168834.83168834.7f11064b1e5f.js:1
(anonymous) @ VM1013:633
requestAnimationFrame
window.requestAnimationFrame @ VM1013:617
_tick @ 83168834.83168834.7f11064b1e5f.js:1
(anonymous) @ VM1013:633
requestAnimationFrame
window.requestAnimationFrame @ VM1013:617
_tick @ 83168834.83168834.7f11064b1e5f.js:1
(anonymous) @ VM1013:633
requestAnimationFrame
window.requestAnimationFrame @ VM1013:617
_tick @ 83168834.83168834.7f11064b1e5f.js:1
(anonymous) @ VM1013:633
requestAnimationFrame
window.requestAnimationFrame @ VM1013:617
_tick @ 83168834.83168834.7f11064b1e5f.js:1
(anonymous) @ VM1013:633
requestAnimationFrame
window.requestAnimationFrame @ VM1013:617
_tick @ 83168834.83168834.7f11064b1e5f.js:1
(anonymous) @ VM1013:633
requestAnimationFrame
window.requestAnimationFrame @ VM1013:617
_tick @ 83168834.83168834.7f11064b1e5f.js:1
(anonymous) @ VM1013:633
requestAnimationFrame
window.requestAnimationFrame @ VM1013:617
_tick @ 83168834.83168834.7f11064b1e5f.js:1
(anonymous) @ VM1013:633
requestAnimationFrame
window.requestAnimationFrame @ VM1013:617
_tick @ 83168834.83168834.7f11064b1e5f.js:1
(anonymous) @ VM1013:633
requestAnimationFrame
window.requestAnimationFrame @ VM1013:617
_tick @ 83168834.83168834.7f11064b1e5f.js:1
(anonymous) @ VM1013:633
requestAnimationFrame
window.requestAnimationFrame @ VM1013:617
_tick @ 83168834.83168834.7f11064b1e5f.js:1
(anonymous) @ VM1013:633
requestAnimationFrame
window.requestAnimationFrame @ VM1013:617
_tick @ 83168834.83168834.7f11064b1e5f.js:1
(anonymous) @ VM1013:633
requestAnimationFrame
window.requestAnimationFrame @ VM1013:617
_tick @ 83168834.83168834.7f11064b1e5f.js:1
(anonymous) @ VM1013:633
requestAnimationFrame
window.requestAnimationFrame @ VM1013:617
_tick @ 83168834.83168834.7f11064b1e5f.js:1
(anonymous) @ VM1013:633
requestAnimationFrame
window.requestAnimationFrame @ VM1013:617
_tick @ 83168834.83168834.7f11064b1e5f.js:1
(anonymous) @ VM1013:633
requestAnimationFrame
window.requestAnimationFrame @ VM1013:617
_tick @ 83168834.83168834.7f11064b1e5f.js:1
(anonymous) @ VM1013:633
requestAnimationFrame
window.requestAnimationFrame @ VM1013:617
_tick @ 83168834.83168834.7f11064b1e5f.js:1
(anonymous) @ VM1013:633
