62?ai=1298934245&co=25&cu=27&lg=fr&wh=55&ut=eyJhbGciOiJFUzI1NiIsImtpZCI6IjEiLCJ0eXAiOiJKV1QifQ.eyJzdWIiOiI1MC8xMjk4OTM0MjQ1IiwicGlkIjoiMjQyIiwianRpIjoiMC9jMGVhNzg1YWI2ZDI0YmY0ODAwYjQ4NzkxM2UzNTkwMTViMThmNThlZTZhYTc0MTY3ZDVmMGExYjQ5MTk2MDA3IiwiYXBwIjoiTkEiLCJpbm5lciI6InRydWUiLCJuYmYiOjE3Njg3MzQzNTMsImV4cCI6MTc2ODc0ODc1MywiaWF0IjoxNzY4NzM0MzUzfQ.lOMjBvBfg98RWVZg-hTpcvrCV-l3DZSm2VLgstscXcZKgseLkVY5vdf_xd_Q1E_AyVoC-zfiS331N7AeEj-42g&tzo=1:3  GET https://gamscdn.com/web-v3/version.json net::ERR_CERT_COMMON_NAME_INVALID
(anonymous) @ 62?ai=1298934245&co=25&cu=27&lg=fr&wh=55&ut=eyJhbGciOiJFUzI1NiIsImtpZCI6IjEiLCJ0eXAiOiJKV1QifQ.eyJzdWIiOiI1MC8xMjk4OTM0MjQ1IiwicGlkIjoiMjQyIiwianRpIjoiMC9jMGVhNzg1YWI2ZDI0YmY0ODAwYjQ4NzkxM2UzNTkwMTViMThmNThlZTZhYTc0MTY3ZDVmMGExYjQ5MTk2MDA3IiwiYXBwIjoiTkEiLCJpbm5lciI6InRydWUiLCJuYmYiOjE3Njg3MzQzNTMsImV4cCI6MTc2ODc0ODc1MywiaWF0IjoxNzY4NzM0MzUzfQ.lOMjBvBfg98RWVZg-hTpcvrCV-l3DZSm2VLgstscXcZKgseLkVY5vdf_xd_Q1E_AyVoC-zfiS331N7AeEj-42g&tzo=1:3
onSuccess @ 62?ai=1298934245&co=25&cu=27&lg=fr&wh=55&ut=eyJhbGciOiJFUzI1NiIsImtpZCI6IjEiLCJ0eXAiOiJKV1QifQ.eyJzdWIiOiI1MC8xMjk4OTM0MjQ1IiwicGlkIjoiMjQyIiwianRpIjoiMC9jMGVhNzg1YWI2ZDI0YmY0ODAwYjQ4NzkxM2UzNTkwMTViMThmNThlZTZhYTc0MTY3ZDVmMGExYjQ5MTk2MDA3IiwiYXBwIjoiTkEiLCJpbm5lciI6InRydWUiLCJuYmYiOjE3Njg3MzQzNTMsImV4cCI6MTc2ODc0ODc1MywiaWF0IjoxNzY4NzM0MzUzfQ.lOMjBvBfg98RWVZg-hTpcvrCV-l3DZSm2VLgstscXcZKgseLkVY5vdf_xd_Q1E_AyVoC-zfiS331N7AeEj-42g&tzo=1:3
o.onload @ 62?ai=1298934245&co=25&cu=27&lg=fr&wh=55&ut=eyJhbGciOiJFUzI1NiIsImtpZCI6IjEiLCJ0eXAiOiJKV1QifQ.eyJzdWIiOiI1MC8xMjk4OTM0MjQ1IiwicGlkIjoiMjQyIiwianRpIjoiMC9jMGVhNzg1YWI2ZDI0YmY0ODAwYjQ4NzkxM2UzNTkwMTViMThmNThlZTZhYTc0MTY3ZDVmMGExYjQ5MTk2MDA3IiwiYXBwIjoiTkEiLCJpbm5lciI6InRydWUiLCJuYmYiOjE3Njg3MzQzNTMsImV4cCI6MTc2ODc0ODc1MywiaWF0IjoxNzY4NzM0MzUzfQ.lOMjBvBfg98RWVZg-hTpcvrCV-l3DZSm2VLgstscXcZKgseLkVY5vdf_xd_Q1E_AyVoC-zfiS331N7AeEj-42g&tzo=1:3
XMLHttpRequest.send
(anonymous) @ 62?ai=1298934245&co=25&cu=27&lg=fr&wh=55&ut=eyJhbGciOiJFUzI1NiIsImtpZCI6IjEiLCJ0eXAiOiJKV1QifQ.eyJzdWIiOiI1MC8xMjk4OTM0MjQ1IiwicGlkIjoiMjQyIiwianRpIjoiMC9jMGVhNzg1YWI2ZDI0YmY0ODAwYjQ4NzkxM2UzNTkwMTViMThmNThlZTZhYTc0MTY3ZDVmMGExYjQ5MTk2MDA3IiwiYXBwIjoiTkEiLCJpbm5lciI6InRydWUiLCJuYmYiOjE3Njg3MzQzNTMsImV4cCI6MTc2ODc0ODc1MywiaWF0IjoxNzY4NzM0MzUzfQ.lOMjBvBfg98RWVZg-hTpcvrCV-l3DZSm2VLgstscXcZKgseLkVY5vdf_xd_Q1E_AyVoC-zfiS331N7AeEj-42g&tzo=1:3
(anonymous) @ 62?ai=1298934245&co=25&cu=27&lg=fr&wh=55&ut=eyJhbGciOiJFUzI1NiIsImtpZCI6IjEiLCJ0eXAiOiJKV1QifQ.eyJzdWIiOiI1MC8xMjk4OTM0MjQ1IiwicGlkIjoiMjQyIiwianRpIjoiMC9jMGVhNzg1YWI2ZDI0YmY0ODAwYjQ4NzkxM2UzNTkwMTViMThmNThlZTZhYTc0MTY3ZDVmMGExYjQ5MTk2MDA3IiwiYXBwIjoiTkEiLCJpbm5lciI6InRydWUiLCJuYmYiOjE3Njg3MzQzNTMsImV4cCI6MTc2ODc0ODc1MywiaWF0IjoxNzY4NzM0MzUzfQ.lOMjBvBfg98RWVZg-hTpcvrCV-l3DZSm2VLgstscXcZKgseLkVY5vdf_xd_Q1E_AyVoC-zfiS331N7AeEj-42g&tzo=1:3
(anonymous) @ 62?ai=1298934245&co=25&cu=27&lg=fr&wh=55&ut=eyJhbGciOiJFUzI1NiIsImtpZCI6IjEiLCJ0eXAiOiJKV1QifQ.eyJzdWIiOiI1MC8xMjk4OTM0MjQ1IiwicGlkIjoiMjQyIiwianRpIjoiMC9jMGVhNzg1YWI2ZDI0YmY0ODAwYjQ4NzkxM2UzNTkwMTViMThmNThlZTZhYTc0MTY3ZDVmMGExYjQ5MTk2MDA3IiwiYXBwIjoiTkEiLCJpbm5lciI6InRydWUiLCJuYmYiOjE3Njg3MzQzNTMsImV4cCI6MTc2ODc0ODc1MywiaWF0IjoxNzY4NzM0MzUzfQ.lOMjBvBfg98RWVZg-hTpcvrCV-l3DZSm2VLgstscXcZKgseLkVY5vdf_xd_Q1E_AyVoC-zfiS331N7AeEj-42g&tzo=1:3
63390544.63390544.b156d9394b73.js:1 PixiJS Deprecation Warning: renderer.plugins.interaction has been deprecated, use renderer.eventsDeprecated since v7.0.0
63390544.63390544.b156d9394b73.js:1 [Assets] Asset id https://localhost:3443/games-frame/mfs/game-thimbles/common.manifest.627294f00d70.json was not found in the Cache
value @ 63390544.63390544.b156d9394b73.js:1
value @ 63390544.63390544.b156d9394b73.js:1
(anonymous) @ 67107808.67107808.d882e062f7a5.js:1
(anonymous) @ 67107808.67107808.d882e062f7a5.js:1
(anonymous) @ 67107808.67107808.d882e062f7a5.js:1
g @ 67107808.67107808.d882e062f7a5.js:1
a @ 67107808.67107808.d882e062f7a5.js:1
(anonymous) @ 67107808.67107808.d882e062f7a5.js:1
(anonymous) @ 67107808.67107808.d882e062f7a5.js:1
c.value @ 67107808.67107808.d882e062f7a5.js:1
(anonymous) @ 67107808.67107808.d882e062f7a5.js:1
(anonymous) @ 67107808.67107808.d882e062f7a5.js:1
(anonymous) @ 67107808.67107808.d882e062f7a5.js:1
g @ 67107808.67107808.d882e062f7a5.js:1
a @ 67107808.67107808.d882e062f7a5.js:1
Promise.then
g @ 67107808.67107808.d882e062f7a5.js:1
a @ 67107808.67107808.d882e062f7a5.js:1
(anonymous) @ 67107808.67107808.d882e062f7a5.js:1
(anonymous) @ 67107808.67107808.d882e062f7a5.js:1
c.value @ 67107808.67107808.d882e062f7a5.js:1
(anonymous) @ 63925496.63925496.d107be7e3b37.js:1
(anonymous) @ 63925496.63925496.d107be7e3b37.js:1
(anonymous) @ 63925496.63925496.d107be7e3b37.js:1
F @ 63925496.63925496.d107be7e3b37.js:1
a @ 63925496.63925496.d107be7e3b37.js:1
Promise.then
F @ 63925496.63925496.d107be7e3b37.js:1
a @ 63925496.63925496.d107be7e3b37.js:1
(anonymous) @ 63925496.63925496.d107be7e3b37.js:1
o @ 63925496.63925496.d107be7e3b37.js:1
z.value @ 63925496.63925496.d107be7e3b37.js:1
(anonymous) @ 67826302.67826302.6c5ee57c4b64.js:1
initApp @ 67826302.67826302.6c5ee57c4b64.js:1
(anonymous) @ 67826302.67826302.6c5ee57c4b64.js:1
(anonymous) @ 67826302.67826302.6c5ee57c4b64.js:1
(anonymous) @ 67826302.67826302.6c5ee57c4b64.js:1
dt @ 67826302.67826302.6c5ee57c4b64.js:1
a @ 67826302.67826302.6c5ee57c4b64.js:1
(anonymous) @ 67826302.67826302.6c5ee57c4b64.js:1
(anonymous) @ 67826302.67826302.6c5ee57c4b64.js:1
mounted @ 67826302.67826302.6c5ee57c4b64.js:1
(anonymous) @ 13930271.13930271.c9282d663ee3.js:1
bn @ 13930271.13930271.c9282d663ee3.js:1
Sn @ 13930271.13930271.c9282d663ee3.js:1
Zo.t.__weh.t.__weh @ 13930271.13930271.c9282d663ee3.js:1
Dn @ 13930271.13930271.c9282d663ee3.js:1
Un @ 13930271.13930271.c9282d663ee3.js:1
Promise.then
In @ 13930271.13930271.c9282d663ee3.js:1
Fn @ 13930271.13930271.c9282d663ee3.js:1
V.c.scheduler @ 13930271.13930271.c9282d663ee3.js:1
trigger @ 13930271.13930271.c9282d663ee3.js:1
me @ 13930271.13930271.c9282d663ee3.js:1
Ue @ 13930271.13930271.c9282d663ee3.js:1
set @ 13930271.13930271.c9282d663ee3.js:1
set @ 13930271.13930271.c9282d663ee3.js:1
(anonymous) @ apps_host-b2c-web-v3.bootstrap.98130127.cdc4b019fb39.js:1
(anonymous) @ apps_host-b2c-web-v3.bootstrap.98130127.cdc4b019fb39.js:1
(anonymous) @ apps_host-b2c-web-v3.bootstrap.98130127.cdc4b019fb39.js:1
ke @ apps_host-b2c-web-v3.bootstrap.98130127.cdc4b019fb39.js:1
a @ apps_host-b2c-web-v3.bootstrap.98130127.cdc4b019fb39.js:1
Promise.then
ke @ apps_host-b2c-web-v3.bootstrap.98130127.cdc4b019fb39.js:1
a @ apps_host-b2c-web-v3.bootstrap.98130127.cdc4b019fb39.js:1
(anonymous) @ apps_host-b2c-web-v3.bootstrap.98130127.cdc4b019fb39.js:1
(anonymous) @ apps_host-b2c-web-v3.bootstrap.98130127.cdc4b019fb39.js:1
(anonymous) @ apps_host-b2c-web-v3.bootstrap.98130127.cdc4b019fb39.js:1
(anonymous) @ apps_host-b2c-web-v3.bootstrap.98130127.cdc4b019fb39.js:1
(anonymous) @ apps_host-b2c-web-v3.bootstrap.98130127.cdc4b019fb39.js:1
(anonymous) @ apps_host-b2c-web-v3.bootstrap.98130127.cdc4b019fb39.js:1
ke @ apps_host-b2c-web-v3.bootstrap.98130127.cdc4b019fb39.js:1
a @ apps_host-b2c-web-v3.bootstrap.98130127.cdc4b019fb39.js:1
(anonymous) @ apps_host-b2c-web-v3.bootstrap.98130127.cdc4b019fb39.js:1
(anonymous) @ apps_host-b2c-web-v3.bootstrap.98130127.cdc4b019fb39.js:1
mountComponents @ apps_host-b2c-web-v3.bootstrap.98130127.cdc4b019fb39.js:1
(anonymous) @ apps_host-b2c-web-v3.bootstrap.98130127.cdc4b019fb39.js:1
(anonymous) @ apps_host-b2c-web-v3.bootstrap.98130127.cdc4b019fb39.js:1
(anonymous) @ apps_host-b2c-web-v3.bootstrap.98130127.cdc4b019fb39.js:1
ke @ apps_host-b2c-web-v3.bootstrap.98130127.cdc4b019fb39.js:1
a @ apps_host-b2c-web-v3.bootstrap.98130127.cdc4b019fb39.js:1
Promise.then
ke @ apps_host-b2c-web-v3.bootstrap.98130127.cdc4b019fb39.js:1
a @ apps_host-b2c-web-v3.bootstrap.98130127.cdc4b019fb39.js:1
Promise.then
ke @ apps_host-b2c-web-v3.bootstrap.98130127.cdc4b019fb39.js:1
a @ apps_host-b2c-web-v3.bootstrap.98130127.cdc4b019fb39.js:1
Promise.then
ke @ apps_host-b2c-web-v3.bootstrap.98130127.cdc4b019fb39.js:1
a @ apps_host-b2c-web-v3.bootstrap.98130127.cdc4b019fb39.js:1
Promise.then
ke @ apps_host-b2c-web-v3.bootstrap.98130127.cdc4b019fb39.js:1
a @ apps_host-b2c-web-v3.bootstrap.98130127.cdc4b019fb39.js:1
(anonymous) @ apps_host-b2c-web-v3.bootstrap.98130127.cdc4b019fb39.js:1
(anonymous) @ apps_host-b2c-web-v3.bootstrap.98130127.cdc4b019fb39.js:1
loadResources @ apps_host-b2c-web-v3.bootstrap.98130127.cdc4b019fb39.js:1
(anonymous) @ apps_host-b2c-web-v3.bootstrap.98130127.cdc4b019fb39.js:1
(anonymous) @ apps_host-b2c-web-v3.bootstrap.98130127.cdc4b019fb39.js:1
(anonymous) @ apps_host-b2c-web-v3.bootstrap.98130127.cdc4b019fb39.js:1
ke @ apps_host-b2c-web-v3.bootstrap.98130127.cdc4b019fb39.js:1
a @ apps_host-b2c-web-v3.bootstrap.98130127.cdc4b019fb39.js:1
(anonymous) @ apps_host-b2c-web-v3.bootstrap.98130127.cdc4b019fb39.js:1
(anonymous) @ apps_host-b2c-web-v3.bootstrap.98130127.cdc4b019fb39.js:1
registerGame @ apps_host-b2c-web-v3.bootstrap.98130127.cdc4b019fb39.js:1
(anonymous) @ apps_host-b2c-web-v3.bootstrap.98130127.cdc4b019fb39.js:1
(anonymous) @ apps_host-b2c-web-v3.bootstrap.98130127.cdc4b019fb39.js:1
(anonymous) @ apps_host-b2c-web-v3.bootstrap.98130127.cdc4b019fb39.js:1
ke @ apps_host-b2c-web-v3.bootstrap.98130127.cdc4b019fb39.js:1
a @ apps_host-b2c-web-v3.bootstrap.98130127.cdc4b019fb39.js:1
(anonymous) @ apps_host-b2c-web-v3.bootstrap.98130127.cdc4b019fb39.js:1
(anonymous) @ apps_host-b2c-web-v3.bootstrap.98130127.cdc4b019fb39.js:1
beforeMount @ apps_host-b2c-web-v3.bootstrap.98130127.cdc4b019fb39.js:1
(anonymous) @ 13930271.13930271.c9282d663ee3.js:1
bn @ 13930271.13930271.c9282d663ee3.js:1
Sn @ 13930271.13930271.c9282d663ee3.js:1
Zo.t.__weh.t.__weh @ 13930271.13930271.c9282d663ee3.js:1
D @ 13930271.13930271.c9282d663ee3.js:1
l @ 13930271.13930271.c9282d663ee3.js:1
run @ 13930271.13930271.c9282d663ee3.js:1
V @ 13930271.13930271.c9282d663ee3.js:1
L @ 13930271.13930271.c9282d663ee3.js:1
I @ 13930271.13930271.c9282d663ee3.js:1
_ @ 13930271.13930271.c9282d663ee3.js:1
l @ 13930271.13930271.c9282d663ee3.js:1
run @ 13930271.13930271.c9282d663ee3.js:1
V @ 13930271.13930271.c9282d663ee3.js:1
L @ 13930271.13930271.c9282d663ee3.js:1
I @ 13930271.13930271.c9282d663ee3.js:1
_ @ 13930271.13930271.c9282d663ee3.js:1
R @ 13930271.13930271.c9282d663ee3.js:1
P @ 13930271.13930271.c9282d663ee3.js:1
_ @ 13930271.13930271.c9282d663ee3.js:1
R @ 13930271.13930271.c9282d663ee3.js:1
P @ 13930271.13930271.c9282d663ee3.js:1
_ @ 13930271.13930271.c9282d663ee3.js:1
R @ 13930271.13930271.c9282d663ee3.js:1
T @ 13930271.13930271.c9282d663ee3.js:1
x @ 13930271.13930271.c9282d663ee3.js:1
_ @ 13930271.13930271.c9282d663ee3.js:1
l @ 13930271.13930271.c9282d663ee3.js:1
run @ 13930271.13930271.c9282d663ee3.js:1
runIfDirty @ 13930271.13930271.c9282d663ee3.js:1
bn @ 13930271.13930271.c9282d663ee3.js:1
Un @ 13930271.13930271.c9282d663ee3.js:1
Promise.then
In @ 13930271.13930271.c9282d663ee3.js:1
Fn @ 13930271.13930271.c9282d663ee3.js:1
Us.a.scheduler @ 13930271.13930271.c9282d663ee3.js:1
d.scheduler @ 13930271.13930271.c9282d663ee3.js:1
trigger @ 13930271.13930271.c9282d663ee3.js:1
me @ 13930271.13930271.c9282d663ee3.js:1
notify @ 13930271.13930271.c9282d663ee3.js:1
trigger @ 13930271.13930271.c9282d663ee3.js:1
set value @ 13930271.13930271.c9282d663ee3.js:1
(anonymous) @ 8549619.8549619.caea39983e85.js:1
(anonymous) @ 8549619.8549619.caea39983e85.js:1
(anonymous) @ 8549619.8549619.caea39983e85.js:1
Ie @ 8549619.8549619.caea39983e85.js:1
a @ 8549619.8549619.caea39983e85.js:1
Promise.then
Ie @ 8549619.8549619.caea39983e85.js:1
a @ 8549619.8549619.caea39983e85.js:1
(anonymous) @ 8549619.8549619.caea39983e85.js:1
n @ 8549619.8549619.caea39983e85.js:1
(anonymous) @ 8549619.8549619.caea39983e85.js:1
(anonymous) @ apps_host-b2c-web-v3.bootstrap.98130127.cdc4b019fb39.js:1
(anonymous) @ apps_host-b2c-web-v3.bootstrap.98130127.cdc4b019fb39.js:1
(anonymous) @ apps_host-b2c-web-v3.bootstrap.98130127.cdc4b019fb39.js:1
ir @ apps_host-b2c-web-v3.bootstrap.98130127.cdc4b019fb39.js:1
a @ apps_host-b2c-web-v3.bootstrap.98130127.cdc4b019fb39.js:1
(anonymous) @ apps_host-b2c-web-v3.bootstrap.98130127.cdc4b019fb39.js:1
(anonymous) @ apps_host-b2c-web-v3.bootstrap.98130127.cdc4b019fb39.js:1
(anonymous) @ 13930271.13930271.c9282d663ee3.js:1
bn @ 13930271.13930271.c9282d663ee3.js:1
Sn @ 13930271.13930271.c9282d663ee3.js:1
Zo.t.__weh.t.__weh @ 13930271.13930271.c9282d663ee3.js:1
D @ 13930271.13930271.c9282d663ee3.js:1
l @ 13930271.13930271.c9282d663ee3.js:1
run @ 13930271.13930271.c9282d663ee3.js:1
V @ 13930271.13930271.c9282d663ee3.js:1
L @ 13930271.13930271.c9282d663ee3.js:1
I @ 13930271.13930271.c9282d663ee3.js:1
_ @ 13930271.13930271.c9282d663ee3.js:1
l @ 13930271.13930271.c9282d663ee3.js:1
run @ 13930271.13930271.c9282d663ee3.js:1
V @ 13930271.13930271.c9282d663ee3.js:1
L @ 13930271.13930271.c9282d663ee3.js:1
I @ 13930271.13930271.c9282d663ee3.js:1
_ @ 13930271.13930271.c9282d663ee3.js:1
X @ 13930271.13930271.c9282d663ee3.js:1
mount @ 13930271.13930271.c9282d663ee3.js:1
t.mount @ 13930271.13930271.c9282d663ee3.js:1
(anonymous) @ apps_host-b2c-web-v3.bootstrap.98130127.cdc4b019fb39.js:1
Promise.then
(anonymous) @ apps_host-b2c-web-v3.bootstrap.98130127.cdc4b019fb39.js:1
(anonymous) @ apps_host-b2c-web-v3.bootstrap.98130127.cdc4b019fb39.js:1
(anonymous) @ apps_host-b2c-web-v3.bootstrap.98130127.cdc4b019fb39.js:1
fr @ apps_host-b2c-web-v3.bootstrap.98130127.cdc4b019fb39.js:1
a @ apps_host-b2c-web-v3.bootstrap.98130127.cdc4b019fb39.js:1
Promise.then
fr @ apps_host-b2c-web-v3.bootstrap.98130127.cdc4b019fb39.js:1
a @ apps_host-b2c-web-v3.bootstrap.98130127.cdc4b019fb39.js:1
Promise.then
fr @ apps_host-b2c-web-v3.bootstrap.98130127.cdc4b019fb39.js:1
a @ apps_host-b2c-web-v3.bootstrap.98130127.cdc4b019fb39.js:1
(anonymous) @ apps_host-b2c-web-v3.bootstrap.98130127.cdc4b019fb39.js:1
t @ apps_host-b2c-web-v3.bootstrap.98130127.cdc4b019fb39.js:1
(anonymous) @ apps_host-b2c-web-v3.bootstrap.98130127.cdc4b019fb39.js:1
(anonymous) @ main.efbdb3f00ef7.js:1
Promise.then
58031907 @ main.efbdb3f00ef7.js:1
D @ main.efbdb3f00ef7.js:1
(anonymous) @ main.efbdb3f00ef7.js:1
(anonymous) @ main.efbdb3f00ef7.js:1
PendingScript
(anonymous) @ 62?ai=1298934245&co=25&cu=27&lg=fr&wh=55&ut=eyJhbGciOiJFUzI1NiIsImtpZCI6IjEiLCJ0eXAiOiJKV1QifQ.eyJzdWIiOiI1MC8xMjk4OTM0MjQ1IiwicGlkIjoiMjQyIiwianRpIjoiMC9jMGVhNzg1YWI2ZDI0YmY0ODAwYjQ4NzkxM2UzNTkwMTViMThmNThlZTZhYTc0MTY3ZDVmMGExYjQ5MTk2MDA3IiwiYXBwIjoiTkEiLCJpbm5lciI6InRydWUiLCJuYmYiOjE3Njg3MzQzNTMsImV4cCI6MTc2ODc0ODc1MywiaWF0IjoxNzY4NzM0MzUzfQ.lOMjBvBfg98RWVZg-hTpcvrCV-l3DZSm2VLgstscXcZKgseLkVY5vdf_xd_Q1E_AyVoC-zfiS331N7AeEj-42g&tzo=1:3
(anonymous) @ 62?ai=1298934245&co=25&cu=27&lg=fr&wh=55&ut=eyJhbGciOiJFUzI1NiIsImtpZCI6IjEiLCJ0eXAiOiJKV1QifQ.eyJzdWIiOiI1MC8xMjk4OTM0MjQ1IiwicGlkIjoiMjQyIiwianRpIjoiMC9jMGVhNzg1YWI2ZDI0YmY0ODAwYjQ4NzkxM2UzNTkwMTViMThmNThlZTZhYTc0MTY3ZDVmMGExYjQ5MTk2MDA3IiwiYXBwIjoiTkEiLCJpbm5lciI6InRydWUiLCJuYmYiOjE3Njg3MzQzNTMsImV4cCI6MTc2ODc0ODc1MywiaWF0IjoxNzY4NzM0MzUzfQ.lOMjBvBfg98RWVZg-hTpcvrCV-l3DZSm2VLgstscXcZKgseLkVY5vdf_xd_Q1E_AyVoC-zfiS331N7AeEj-42g&tzo=1:3
u @ 62?ai=1298934245&co=25&cu=27&lg=fr&wh=55&ut=eyJhbGciOiJFUzI1NiIsImtpZCI6IjEiLCJ0eXAiOiJKV1QifQ.eyJzdWIiOiI1MC8xMjk4OTM0MjQ1IiwicGlkIjoiMjQyIiwianRpIjoiMC9jMGVhNzg1YWI2ZDI0YmY0ODAwYjQ4NzkxM2UzNTkwMTViMThmNThlZTZhYTc0MTY3ZDVmMGExYjQ5MTk2MDA3IiwiYXBwIjoiTkEiLCJpbm5lciI6InRydWUiLCJuYmYiOjE3Njg3MzQzNTMsImV4cCI6MTc2ODc0ODc1MywiaWF0IjoxNzY4NzM0MzUzfQ.lOMjBvBfg98RWVZg-hTpcvrCV-l3DZSm2VLgstscXcZKgseLkVY5vdf_xd_Q1E_AyVoC-zfiS331N7AeEj-42g&tzo=1:3
onFailure @ 62?ai=1298934245&co=25&cu=27&lg=fr&wh=55&ut=eyJhbGciOiJFUzI1NiIsImtpZCI6IjEiLCJ0eXAiOiJKV1QifQ.eyJzdWIiOiI1MC8xMjk4OTM0MjQ1IiwicGlkIjoiMjQyIiwianRpIjoiMC9jMGVhNzg1YWI2ZDI0YmY0ODAwYjQ4NzkxM2UzNTkwMTViMThmNThlZTZhYTc0MTY3ZDVmMGExYjQ5MTk2MDA3IiwiYXBwIjoiTkEiLCJpbm5lciI6InRydWUiLCJuYmYiOjE3Njg3MzQzNTMsImV4cCI6MTc2ODc0ODc1MywiaWF0IjoxNzY4NzM0MzUzfQ.lOMjBvBfg98RWVZg-hTpcvrCV-l3DZSm2VLgstscXcZKgseLkVY5vdf_xd_Q1E_AyVoC-zfiS331N7AeEj-42g&tzo=1:3
u @ 62?ai=1298934245&co=25&cu=27&lg=fr&wh=55&ut=eyJhbGciOiJFUzI1NiIsImtpZCI6IjEiLCJ0eXAiOiJKV1QifQ.eyJzdWIiOiI1MC8xMjk4OTM0MjQ1IiwicGlkIjoiMjQyIiwianRpIjoiMC9jMGVhNzg1YWI2ZDI0YmY0ODAwYjQ4NzkxM2UzNTkwMTViMThmNThlZTZhYTc0MTY3ZDVmMGExYjQ5MTk2MDA3IiwiYXBwIjoiTkEiLCJpbm5lciI6InRydWUiLCJuYmYiOjE3Njg3MzQzNTMsImV4cCI6MTc2ODc0ODc1MywiaWF0IjoxNzY4NzM0MzUzfQ.lOMjBvBfg98RWVZg-hTpcvrCV-l3DZSm2VLgstscXcZKgseLkVY5vdf_xd_Q1E_AyVoC-zfiS331N7AeEj-42g&tzo=1:3
s.onerror @ 62?ai=1298934245&co=25&cu=27&lg=fr&wh=55&ut=eyJhbGciOiJFUzI1NiIsImtpZCI6IjEiLCJ0eXAiOiJKV1QifQ.eyJzdWIiOiI1MC8xMjk4OTM0MjQ1IiwicGlkIjoiMjQyIiwianRpIjoiMC9jMGVhNzg1YWI2ZDI0YmY0ODAwYjQ4NzkxM2UzNTkwMTViMThmNThlZTZhYTc0MTY3ZDVmMGExYjQ5MTk2MDA3IiwiYXBwIjoiTkEiLCJpbm5lciI6InRydWUiLCJuYmYiOjE3Njg3MzQzNTMsImV4cCI6MTc2ODc0ODc1MywiaWF0IjoxNzY4NzM0MzUzfQ.lOMjBvBfg98RWVZg-hTpcvrCV-l3DZSm2VLgstscXcZKgseLkVY5vdf_xd_Q1E_AyVoC-zfiS331N7AeEj-42g&tzo=1:3
XMLHttpRequest.send
(anonymous) @ 62?ai=1298934245&co=25&cu=27&lg=fr&wh=55&ut=eyJhbGciOiJFUzI1NiIsImtpZCI6IjEiLCJ0eXAiOiJKV1QifQ.eyJzdWIiOiI1MC8xMjk4OTM0MjQ1IiwicGlkIjoiMjQyIiwianRpIjoiMC9jMGVhNzg1YWI2ZDI0YmY0ODAwYjQ4NzkxM2UzNTkwMTViMThmNThlZTZhYTc0MTY3ZDVmMGExYjQ5MTk2MDA3IiwiYXBwIjoiTkEiLCJpbm5lciI6InRydWUiLCJuYmYiOjE3Njg3MzQzNTMsImV4cCI6MTc2ODc0ODc1MywiaWF0IjoxNzY4NzM0MzUzfQ.lOMjBvBfg98RWVZg-hTpcvrCV-l3DZSm2VLgstscXcZKgseLkVY5vdf_xd_Q1E_AyVoC-zfiS331N7AeEj-42g&tzo=1:3
onSuccess @ 62?ai=1298934245&co=25&cu=27&lg=fr&wh=55&ut=eyJhbGciOiJFUzI1NiIsImtpZCI6IjEiLCJ0eXAiOiJKV1QifQ.eyJzdWIiOiI1MC8xMjk4OTM0MjQ1IiwicGlkIjoiMjQyIiwianRpIjoiMC9jMGVhNzg1YWI2ZDI0YmY0ODAwYjQ4NzkxM2UzNTkwMTViMThmNThlZTZhYTc0MTY3ZDVmMGExYjQ5MTk2MDA3IiwiYXBwIjoiTkEiLCJpbm5lciI6InRydWUiLCJuYmYiOjE3Njg3MzQzNTMsImV4cCI6MTc2ODc0ODc1MywiaWF0IjoxNzY4NzM0MzUzfQ.lOMjBvBfg98RWVZg-hTpcvrCV-l3DZSm2VLgstscXcZKgseLkVY5vdf_xd_Q1E_AyVoC-zfiS331N7AeEj-42g&tzo=1:3
o.onload @ 62?ai=1298934245&co=25&cu=27&lg=fr&wh=55&ut=eyJhbGciOiJFUzI1NiIsImtpZCI6IjEiLCJ0eXAiOiJKV1QifQ.eyJzdWIiOiI1MC8xMjk4OTM0MjQ1IiwicGlkIjoiMjQyIiwianRpIjoiMC9jMGVhNzg1YWI2ZDI0YmY0ODAwYjQ4NzkxM2UzNTkwMTViMThmNThlZTZhYTc0MTY3ZDVmMGExYjQ5MTk2MDA3IiwiYXBwIjoiTkEiLCJpbm5lciI6InRydWUiLCJuYmYiOjE3Njg3MzQzNTMsImV4cCI6MTc2ODc0ODc1MywiaWF0IjoxNzY4NzM0MzUzfQ.lOMjBvBfg98RWVZg-hTpcvrCV-l3DZSm2VLgstscXcZKgseLkVY5vdf_xd_Q1E_AyVoC-zfiS331N7AeEj-42g&tzo=1:3
XMLHttpRequest.send
(anonymous) @ 62?ai=1298934245&co=25&cu=27&lg=fr&wh=55&ut=eyJhbGciOiJFUzI1NiIsImtpZCI6IjEiLCJ0eXAiOiJKV1QifQ.eyJzdWIiOiI1MC8xMjk4OTM0MjQ1IiwicGlkIjoiMjQyIiwianRpIjoiMC9jMGVhNzg1YWI2ZDI0YmY0ODAwYjQ4NzkxM2UzNTkwMTViMThmNThlZTZhYTc0MTY3ZDVmMGExYjQ5MTk2MDA3IiwiYXBwIjoiTkEiLCJpbm5lciI6InRydWUiLCJuYmYiOjE3Njg3MzQzNTMsImV4cCI6MTc2ODc0ODc1MywiaWF0IjoxNzY4NzM0MzUzfQ.lOMjBvBfg98RWVZg-hTpcvrCV-l3DZSm2VLgstscXcZKgseLkVY5vdf_xd_Q1E_AyVoC-zfiS331N7AeEj-42g&tzo=1:3
(anonymous) @ 62?ai=1298934245&co=25&cu=27&lg=fr&wh=55&ut=eyJhbGciOiJFUzI1NiIsImtpZCI6IjEiLCJ0eXAiOiJKV1QifQ.eyJzdWIiOiI1MC8xMjk4OTM0MjQ1IiwicGlkIjoiMjQyIiwianRpIjoiMC9jMGVhNzg1YWI2ZDI0YmY0ODAwYjQ4NzkxM2UzNTkwMTViMThmNThlZTZhYTc0MTY3ZDVmMGExYjQ5MTk2MDA3IiwiYXBwIjoiTkEiLCJpbm5lciI6InRydWUiLCJuYmYiOjE3Njg3MzQzNTMsImV4cCI6MTc2ODc0ODc1MywiaWF0IjoxNzY4NzM0MzUzfQ.lOMjBvBfg98RWVZg-hTpcvrCV-l3DZSm2VLgstscXcZKgseLkVY5vdf_xd_Q1E_AyVoC-zfiS331N7AeEj-42g&tzo=1:3
(anonymous) @ 62?ai=1298934245&co=25&cu=27&lg=fr&wh=55&ut=eyJhbGciOiJFUzI1NiIsImtpZCI6IjEiLCJ0eXAiOiJKV1QifQ.eyJzdWIiOiI1MC8xMjk4OTM0MjQ1IiwicGlkIjoiMjQyIiwianRpIjoiMC9jMGVhNzg1YWI2ZDI0YmY0ODAwYjQ4NzkxM2UzNTkwMTViMThmNThlZTZhYTc0MTY3ZDVmMGExYjQ5MTk2MDA3IiwiYXBwIjoiTkEiLCJpbm5lciI6InRydWUiLCJuYmYiOjE3Njg3MzQzNTMsImV4cCI6MTc2ODc0ODc1MywiaWF0IjoxNzY4NzM0MzUzfQ.lOMjBvBfg98RWVZg-hTpcvrCV-l3DZSm2VLgstscXcZKgseLkVY5vdf_xd_Q1E_AyVoC-zfiS331N7AeEj-42g&tzo=1:3
63390544.63390544.b156d9394b73.js:1 [Assets] Asset id https://localhost:3443/games-frame/mfs/game-thimbles/desktop.manifest.7f988f59001c.json was not found in the Cache
value @ 63390544.63390544.b156d9394b73.js:1
value @ 63390544.63390544.b156d9394b73.js:1
(anonymous) @ 67107808.67107808.d882e062f7a5.js:1
(anonymous) @ 67107808.67107808.d882e062f7a5.js:1
(anonymous) @ 67107808.67107808.d882e062f7a5.js:1
g @ 67107808.67107808.d882e062f7a5.js:1
a @ 67107808.67107808.d882e062f7a5.js:1
(anonymous) @ 67107808.67107808.d882e062f7a5.js:1
(anonymous) @ 67107808.67107808.d882e062f7a5.js:1
c.value @ 67107808.67107808.d882e062f7a5.js:1
(anonymous) @ 67107808.67107808.d882e062f7a5.js:1
(anonymous) @ 67107808.67107808.d882e062f7a5.js:1
(anonymous) @ 67107808.67107808.d882e062f7a5.js:1
g @ 67107808.67107808.d882e062f7a5.js:1
a @ 67107808.67107808.d882e062f7a5.js:1
Promise.then
g @ 67107808.67107808.d882e062f7a5.js:1
a @ 67107808.67107808.d882e062f7a5.js:1
(anonymous) @ 67107808.67107808.d882e062f7a5.js:1
(anonymous) @ 67107808.67107808.d882e062f7a5.js:1
c.value @ 67107808.67107808.d882e062f7a5.js:1
(anonymous) @ 63925496.63925496.d107be7e3b37.js:1
(anonymous) @ 63925496.63925496.d107be7e3b37.js:1
(anonymous) @ 63925496.63925496.d107be7e3b37.js:1
F @ 63925496.63925496.d107be7e3b37.js:1
a @ 63925496.63925496.d107be7e3b37.js:1
Promise.then
F @ 63925496.63925496.d107be7e3b37.js:1
a @ 63925496.63925496.d107be7e3b37.js:1
(anonymous) @ 63925496.63925496.d107be7e3b37.js:1
o @ 63925496.63925496.d107be7e3b37.js:1
z.value @ 63925496.63925496.d107be7e3b37.js:1
(anonymous) @ 67826302.67826302.6c5ee57c4b64.js:1
initApp @ 67826302.67826302.6c5ee57c4b64.js:1
(anonymous) @ 67826302.67826302.6c5ee57c4b64.js:1
(anonymous) @ 67826302.67826302.6c5ee57c4b64.js:1
(anonymous) @ 67826302.67826302.6c5ee57c4b64.js:1
dt @ 67826302.67826302.6c5ee57c4b64.js:1
a @ 67826302.67826302.6c5ee57c4b64.js:1
(anonymous) @ 67826302.67826302.6c5ee57c4b64.js:1
(anonymous) @ 67826302.67826302.6c5ee57c4b64.js:1
mounted @ 67826302.67826302.6c5ee57c4b64.js:1
(anonymous) @ 13930271.13930271.c9282d663ee3.js:1
bn @ 13930271.13930271.c9282d663ee3.js:1
Sn @ 13930271.13930271.c9282d663ee3.js:1
Zo.t.__weh.t.__weh @ 13930271.13930271.c9282d663ee3.js:1
Dn @ 13930271.13930271.c9282d663ee3.js:1
Un @ 13930271.13930271.c9282d663ee3.js:1
Promise.then
In @ 13930271.13930271.c9282d663ee3.js:1
Fn @ 13930271.13930271.c9282d663ee3.js:1
V.c.scheduler @ 13930271.13930271.c9282d663ee3.js:1
trigger @ 13930271.13930271.c9282d663ee3.js:1
me @ 13930271.13930271.c9282d663ee3.js:1
Ue @ 13930271.13930271.c9282d663ee3.js:1
set @ 13930271.13930271.c9282d663ee3.js:1
set @ 13930271.13930271.c9282d663ee3.js:1
(anonymous) @ apps_host-b2c-web-v3.bootstrap.98130127.cdc4b019fb39.js:1
(anonymous) @ apps_host-b2c-web-v3.bootstrap.98130127.cdc4b019fb39.js:1
(anonymous) @ apps_host-b2c-web-v3.bootstrap.98130127.cdc4b019fb39.js:1
ke @ apps_host-b2c-web-v3.bootstrap.98130127.cdc4b019fb39.js:1
a @ apps_host-b2c-web-v3.bootstrap.98130127.cdc4b019fb39.js:1
Promise.then
ke @ apps_host-b2c-web-v3.bootstrap.98130127.cdc4b019fb39.js:1
a @ apps_host-b2c-web-v3.bootstrap.98130127.cdc4b019fb39.js:1
(anonymous) @ apps_host-b2c-web-v3.bootstrap.98130127.cdc4b019fb39.js:1
(anonymous) @ apps_host-b2c-web-v3.bootstrap.98130127.cdc4b019fb39.js:1
(anonymous) @ apps_host-b2c-web-v3.bootstrap.98130127.cdc4b019fb39.js:1
(anonymous) @ apps_host-b2c-web-v3.bootstrap.98130127.cdc4b019fb39.js:1
(anonymous) @ apps_host-b2c-web-v3.bootstrap.98130127.cdc4b019fb39.js:1
(anonymous) @ apps_host-b2c-web-v3.bootstrap.98130127.cdc4b019fb39.js:1
ke @ apps_host-b2c-web-v3.bootstrap.98130127.cdc4b019fb39.js:1
a @ apps_host-b2c-web-v3.bootstrap.98130127.cdc4b019fb39.js:1
(anonymous) @ apps_host-b2c-web-v3.bootstrap.98130127.cdc4b019fb39.js:1
(anonymous) @ apps_host-b2c-web-v3.bootstrap.98130127.cdc4b019fb39.js:1
mountComponents @ apps_host-b2c-web-v3.bootstrap.98130127.cdc4b019fb39.js:1
(anonymous) @ apps_host-b2c-web-v3.bootstrap.98130127.cdc4b019fb39.js:1
(anonymous) @ apps_host-b2c-web-v3.bootstrap.98130127.cdc4b019fb39.js:1
(anonymous) @ apps_host-b2c-web-v3.bootstrap.98130127.cdc4b019fb39.js:1
ke @ apps_host-b2c-web-v3.bootstrap.98130127.cdc4b019fb39.js:1
a @ apps_host-b2c-web-v3.bootstrap.98130127.cdc4b019fb39.js:1
Promise.then
ke @ apps_host-b2c-web-v3.bootstrap.98130127.cdc4b019fb39.js:1
a @ apps_host-b2c-web-v3.bootstrap.98130127.cdc4b019fb39.js:1
Promise.then
ke @ apps_host-b2c-web-v3.bootstrap.98130127.cdc4b019fb39.js:1
a @ apps_host-b2c-web-v3.bootstrap.98130127.cdc4b019fb39.js:1
Promise.then
ke @ apps_host-b2c-web-v3.bootstrap.98130127.cdc4b019fb39.js:1
a @ apps_host-b2c-web-v3.bootstrap.98130127.cdc4b019fb39.js:1
Promise.then
ke @ apps_host-b2c-web-v3.bootstrap.98130127.cdc4b019fb39.js:1
a @ apps_host-b2c-web-v3.bootstrap.98130127.cdc4b019fb39.js:1
(anonymous) @ apps_host-b2c-web-v3.bootstrap.98130127.cdc4b019fb39.js:1
(anonymous) @ apps_host-b2c-web-v3.bootstrap.98130127.cdc4b019fb39.js:1
loadResources @ apps_host-b2c-web-v3.bootstrap.98130127.cdc4b019fb39.js:1
(anonymous) @ apps_host-b2c-web-v3.bootstrap.98130127.cdc4b019fb39.js:1
(anonymous) @ apps_host-b2c-web-v3.bootstrap.98130127.cdc4b019fb39.js:1
(anonymous) @ apps_host-b2c-web-v3.bootstrap.98130127.cdc4b019fb39.js:1
ke @ apps_host-b2c-web-v3.bootstrap.98130127.cdc4b019fb39.js:1
a @ apps_host-b2c-web-v3.bootstrap.98130127.cdc4b019fb39.js:1
(anonymous) @ apps_host-b2c-web-v3.bootstrap.98130127.cdc4b019fb39.js:1
(anonymous) @ apps_host-b2c-web-v3.bootstrap.98130127.cdc4b019fb39.js:1
registerGame @ apps_host-b2c-web-v3.bootstrap.98130127.cdc4b019fb39.js:1
(anonymous) @ apps_host-b2c-web-v3.bootstrap.98130127.cdc4b019fb39.js:1
(anonymous) @ apps_host-b2c-web-v3.bootstrap.98130127.cdc4b019fb39.js:1
(anonymous) @ apps_host-b2c-web-v3.bootstrap.98130127.cdc4b019fb39.js:1
ke @ apps_host-b2c-web-v3.bootstrap.98130127.cdc4b019fb39.js:1
a @ apps_host-b2c-web-v3.bootstrap.98130127.cdc4b019fb39.js:1
(anonymous) @ apps_host-b2c-web-v3.bootstrap.98130127.cdc4b019fb39.js:1
(anonymous) @ apps_host-b2c-web-v3.bootstrap.98130127.cdc4b019fb39.js:1
beforeMount @ apps_host-b2c-web-v3.bootstrap.98130127.cdc4b019fb39.js:1
(anonymous) @ 13930271.13930271.c9282d663ee3.js:1
bn @ 13930271.13930271.c9282d663ee3.js:1
Sn @ 13930271.13930271.c9282d663ee3.js:1
Zo.t.__weh.t.__weh @ 13930271.13930271.c9282d663ee3.js:1
D @ 13930271.13930271.c9282d663ee3.js:1
l @ 13930271.13930271.c9282d663ee3.js:1
run @ 13930271.13930271.c9282d663ee3.js:1
V @ 13930271.13930271.c9282d663ee3.js:1
L @ 13930271.13930271.c9282d663ee3.js:1
I @ 13930271.13930271.c9282d663ee3.js:1
_ @ 13930271.13930271.c9282d663ee3.js:1
l @ 13930271.13930271.c9282d663ee3.js:1
run @ 13930271.13930271.c9282d663ee3.js:1
V @ 13930271.13930271.c9282d663ee3.js:1
L @ 13930271.13930271.c9282d663ee3.js:1
I @ 13930271.13930271.c9282d663ee3.js:1
_ @ 13930271.13930271.c9282d663ee3.js:1
R @ 13930271.13930271.c9282d663ee3.js:1
P @ 13930271.13930271.c9282d663ee3.js:1
_ @ 13930271.13930271.c9282d663ee3.js:1
R @ 13930271.13930271.c9282d663ee3.js:1
P @ 13930271.13930271.c9282d663ee3.js:1
_ @ 13930271.13930271.c9282d663ee3.js:1
R @ 13930271.13930271.c9282d663ee3.js:1
T @ 13930271.13930271.c9282d663ee3.js:1
x @ 13930271.13930271.c9282d663ee3.js:1
_ @ 13930271.13930271.c9282d663ee3.js:1
l @ 13930271.13930271.c9282d663ee3.js:1
run @ 13930271.13930271.c9282d663ee3.js:1
runIfDirty @ 13930271.13930271.c9282d663ee3.js:1
bn @ 13930271.13930271.c9282d663ee3.js:1
Un @ 13930271.13930271.c9282d663ee3.js:1
Promise.then
In @ 13930271.13930271.c9282d663ee3.js:1
Fn @ 13930271.13930271.c9282d663ee3.js:1
Us.a.scheduler @ 13930271.13930271.c9282d663ee3.js:1
d.scheduler @ 13930271.13930271.c9282d663ee3.js:1
trigger @ 13930271.13930271.c9282d663ee3.js:1
me @ 13930271.13930271.c9282d663ee3.js:1
notify @ 13930271.13930271.c9282d663ee3.js:1
trigger @ 13930271.13930271.c9282d663ee3.js:1
set value @ 13930271.13930271.c9282d663ee3.js:1
(anonymous) @ 8549619.8549619.caea39983e85.js:1
(anonymous) @ 8549619.8549619.caea39983e85.js:1
(anonymous) @ 8549619.8549619.caea39983e85.js:1
Ie @ 8549619.8549619.caea39983e85.js:1
a @ 8549619.8549619.caea39983e85.js:1
Promise.then
Ie @ 8549619.8549619.caea39983e85.js:1
a @ 8549619.8549619.caea39983e85.js:1
(anonymous) @ 8549619.8549619.caea39983e85.js:1
n @ 8549619.8549619.caea39983e85.js:1
(anonymous) @ 8549619.8549619.caea39983e85.js:1
(anonymous) @ apps_host-b2c-web-v3.bootstrap.98130127.cdc4b019fb39.js:1
(anonymous) @ apps_host-b2c-web-v3.bootstrap.98130127.cdc4b019fb39.js:1
(anonymous) @ apps_host-b2c-web-v3.bootstrap.98130127.cdc4b019fb39.js:1
ir @ apps_host-b2c-web-v3.bootstrap.98130127.cdc4b019fb39.js:1
a @ apps_host-b2c-web-v3.bootstrap.98130127.cdc4b019fb39.js:1
(anonymous) @ apps_host-b2c-web-v3.bootstrap.98130127.cdc4b019fb39.js:1
(anonymous) @ apps_host-b2c-web-v3.bootstrap.98130127.cdc4b019fb39.js:1
(anonymous) @ 13930271.13930271.c9282d663ee3.js:1
bn @ 13930271.13930271.c9282d663ee3.js:1
Sn @ 13930271.13930271.c9282d663ee3.js:1
Zo.t.__weh.t.__weh @ 13930271.13930271.c9282d663ee3.js:1
D @ 13930271.13930271.c9282d663ee3.js:1
l @ 13930271.13930271.c9282d663ee3.js:1
run @ 13930271.13930271.c9282d663ee3.js:1
V @ 13930271.13930271.c9282d663ee3.js:1
L @ 13930271.13930271.c9282d663ee3.js:1
I @ 13930271.13930271.c9282d663ee3.js:1
_ @ 13930271.13930271.c9282d663ee3.js:1
l @ 13930271.13930271.c9282d663ee3.js:1
run @ 13930271.13930271.c9282d663ee3.js:1
V @ 13930271.13930271.c9282d663ee3.js:1
L @ 13930271.13930271.c9282d663ee3.js:1
I @ 13930271.13930271.c9282d663ee3.js:1
_ @ 13930271.13930271.c9282d663ee3.js:1
X @ 13930271.13930271.c9282d663ee3.js:1
mount @ 13930271.13930271.c9282d663ee3.js:1
t.mount @ 13930271.13930271.c9282d663ee3.js:1
(anonymous) @ apps_host-b2c-web-v3.bootstrap.98130127.cdc4b019fb39.js:1
Promise.then
(anonymous) @ apps_host-b2c-web-v3.bootstrap.98130127.cdc4b019fb39.js:1
(anonymous) @ apps_host-b2c-web-v3.bootstrap.98130127.cdc4b019fb39.js:1
(anonymous) @ apps_host-b2c-web-v3.bootstrap.98130127.cdc4b019fb39.js:1
fr @ apps_host-b2c-web-v3.bootstrap.98130127.cdc4b019fb39.js:1
a @ apps_host-b2c-web-v3.bootstrap.98130127.cdc4b019fb39.js:1
Promise.then
fr @ apps_host-b2c-web-v3.bootstrap.98130127.cdc4b019fb39.js:1
a @ apps_host-b2c-web-v3.bootstrap.98130127.cdc4b019fb39.js:1
Promise.then
fr @ apps_host-b2c-web-v3.bootstrap.98130127.cdc4b019fb39.js:1
a @ apps_host-b2c-web-v3.bootstrap.98130127.cdc4b019fb39.js:1
(anonymous) @ apps_host-b2c-web-v3.bootstrap.98130127.cdc4b019fb39.js:1
t @ apps_host-b2c-web-v3.bootstrap.98130127.cdc4b019fb39.js:1
(anonymous) @ apps_host-b2c-web-v3.bootstrap.98130127.cdc4b019fb39.js:1
(anonymous) @ main.efbdb3f00ef7.js:1
Promise.then
58031907 @ main.efbdb3f00ef7.js:1
D @ main.efbdb3f00ef7.js:1
(anonymous) @ main.efbdb3f00ef7.js:1
(anonymous) @ main.efbdb3f00ef7.js:1
PendingScript
(anonymous) @ 62?ai=1298934245&co=25&cu=27&lg=fr&wh=55&ut=eyJhbGciOiJFUzI1NiIsImtpZCI6IjEiLCJ0eXAiOiJKV1QifQ.eyJzdWIiOiI1MC8xMjk4OTM0MjQ1IiwicGlkIjoiMjQyIiwianRpIjoiMC9jMGVhNzg1YWI2ZDI0YmY0ODAwYjQ4NzkxM2UzNTkwMTViMThmNThlZTZhYTc0MTY3ZDVmMGExYjQ5MTk2MDA3IiwiYXBwIjoiTkEiLCJpbm5lciI6InRydWUiLCJuYmYiOjE3Njg3MzQzNTMsImV4cCI6MTc2ODc0ODc1MywiaWF0IjoxNzY4NzM0MzUzfQ.lOMjBvBfg98RWVZg-hTpcvrCV-l3DZSm2VLgstscXcZKgseLkVY5vdf_xd_Q1E_AyVoC-zfiS331N7AeEj-42g&tzo=1:3
(anonymous) @ 62?ai=1298934245&co=25&cu=27&lg=fr&wh=55&ut=eyJhbGciOiJFUzI1NiIsImtpZCI6IjEiLCJ0eXAiOiJKV1QifQ.eyJzdWIiOiI1MC8xMjk4OTM0MjQ1IiwicGlkIjoiMjQyIiwianRpIjoiMC9jMGVhNzg1YWI2ZDI0YmY0ODAwYjQ4NzkxM2UzNTkwMTViMThmNThlZTZhYTc0MTY3ZDVmMGExYjQ5MTk2MDA3IiwiYXBwIjoiTkEiLCJpbm5lciI6InRydWUiLCJuYmYiOjE3Njg3MzQzNTMsImV4cCI6MTc2ODc0ODc1MywiaWF0IjoxNzY4NzM0MzUzfQ.lOMjBvBfg98RWVZg-hTpcvrCV-l3DZSm2VLgstscXcZKgseLkVY5vdf_xd_Q1E_AyVoC-zfiS331N7AeEj-42g&tzo=1:3
u @ 62?ai=1298934245&co=25&cu=27&lg=fr&wh=55&ut=eyJhbGciOiJFUzI1NiIsImtpZCI6IjEiLCJ0eXAiOiJKV1QifQ.eyJzdWIiOiI1MC8xMjk4OTM0MjQ1IiwicGlkIjoiMjQyIiwianRpIjoiMC9jMGVhNzg1YWI2ZDI0YmY0ODAwYjQ4NzkxM2UzNTkwMTViMThmNThlZTZhYTc0MTY3ZDVmMGExYjQ5MTk2MDA3IiwiYXBwIjoiTkEiLCJpbm5lciI6InRydWUiLCJuYmYiOjE3Njg3MzQzNTMsImV4cCI6MTc2ODc0ODc1MywiaWF0IjoxNzY4NzM0MzUzfQ.lOMjBvBfg98RWVZg-hTpcvrCV-l3DZSm2VLgstscXcZKgseLkVY5vdf_xd_Q1E_AyVoC-zfiS331N7AeEj-42g&tzo=1:3
onFailure @ 62?ai=1298934245&co=25&cu=27&lg=fr&wh=55&ut=eyJhbGciOiJFUzI1NiIsImtpZCI6IjEiLCJ0eXAiOiJKV1QifQ.eyJzdWIiOiI1MC8xMjk4OTM0MjQ1IiwicGlkIjoiMjQyIiwianRpIjoiMC9jMGVhNzg1YWI2ZDI0YmY0ODAwYjQ4NzkxM2UzNTkwMTViMThmNThlZTZhYTc0MTY3ZDVmMGExYjQ5MTk2MDA3IiwiYXBwIjoiTkEiLCJpbm5lciI6InRydWUiLCJuYmYiOjE3Njg3MzQzNTMsImV4cCI6MTc2ODc0ODc1MywiaWF0IjoxNzY4NzM0MzUzfQ.lOMjBvBfg98RWVZg-hTpcvrCV-l3DZSm2VLgstscXcZKgseLkVY5vdf_xd_Q1E_AyVoC-zfiS331N7AeEj-42g&tzo=1:3
u @ 62?ai=1298934245&co=25&cu=27&lg=fr&wh=55&ut=eyJhbGciOiJFUzI1NiIsImtpZCI6IjEiLCJ0eXAiOiJKV1QifQ.eyJzdWIiOiI1MC8xMjk4OTM0MjQ1IiwicGlkIjoiMjQyIiwianRpIjoiMC9jMGVhNzg1YWI2ZDI0YmY0ODAwYjQ4NzkxM2UzNTkwMTViMThmNThlZTZhYTc0MTY3ZDVmMGExYjQ5MTk2MDA3IiwiYXBwIjoiTkEiLCJpbm5lciI6InRydWUiLCJuYmYiOjE3Njg3MzQzNTMsImV4cCI6MTc2ODc0ODc1MywiaWF0IjoxNzY4NzM0MzUzfQ.lOMjBvBfg98RWVZg-hTpcvrCV-l3DZSm2VLgstscXcZKgseLkVY5vdf_xd_Q1E_AyVoC-zfiS331N7AeEj-42g&tzo=1:3
s.onerror @ 62?ai=1298934245&co=25&cu=27&lg=fr&wh=55&ut=eyJhbGciOiJFUzI1NiIsImtpZCI6IjEiLCJ0eXAiOiJKV1QifQ.eyJzdWIiOiI1MC8xMjk4OTM0MjQ1IiwicGlkIjoiMjQyIiwianRpIjoiMC9jMGVhNzg1YWI2ZDI0YmY0ODAwYjQ4NzkxM2UzNTkwMTViMThmNThlZTZhYTc0MTY3ZDVmMGExYjQ5MTk2MDA3IiwiYXBwIjoiTkEiLCJpbm5lciI6InRydWUiLCJuYmYiOjE3Njg3MzQzNTMsImV4cCI6MTc2ODc0ODc1MywiaWF0IjoxNzY4NzM0MzUzfQ.lOMjBvBfg98RWVZg-hTpcvrCV-l3DZSm2VLgstscXcZKgseLkVY5vdf_xd_Q1E_AyVoC-zfiS331N7AeEj-42g&tzo=1:3
XMLHttpRequest.send
(anonymous) @ 62?ai=1298934245&co=25&cu=27&lg=fr&wh=55&ut=eyJhbGciOiJFUzI1NiIsImtpZCI6IjEiLCJ0eXAiOiJKV1QifQ.eyJzdWIiOiI1MC8xMjk4OTM0MjQ1IiwicGlkIjoiMjQyIiwianRpIjoiMC9jMGVhNzg1YWI2ZDI0YmY0ODAwYjQ4NzkxM2UzNTkwMTViMThmNThlZTZhYTc0MTY3ZDVmMGExYjQ5MTk2MDA3IiwiYXBwIjoiTkEiLCJpbm5lciI6InRydWUiLCJuYmYiOjE3Njg3MzQzNTMsImV4cCI6MTc2ODc0ODc1MywiaWF0IjoxNzY4NzM0MzUzfQ.lOMjBvBfg98RWVZg-hTpcvrCV-l3DZSm2VLgstscXcZKgseLkVY5vdf_xd_Q1E_AyVoC-zfiS331N7AeEj-42g&tzo=1:3
onSuccess @ 62?ai=1298934245&co=25&cu=27&lg=fr&wh=55&ut=eyJhbGciOiJFUzI1NiIsImtpZCI6IjEiLCJ0eXAiOiJKV1QifQ.eyJzdWIiOiI1MC8xMjk4OTM0MjQ1IiwicGlkIjoiMjQyIiwianRpIjoiMC9jMGVhNzg1YWI2ZDI0YmY0ODAwYjQ4NzkxM2UzNTkwMTViMThmNThlZTZhYTc0MTY3ZDVmMGExYjQ5MTk2MDA3IiwiYXBwIjoiTkEiLCJpbm5lciI6InRydWUiLCJuYmYiOjE3Njg3MzQzNTMsImV4cCI6MTc2ODc0ODc1MywiaWF0IjoxNzY4NzM0MzUzfQ.lOMjBvBfg98RWVZg-hTpcvrCV-l3DZSm2VLgstscXcZKgseLkVY5vdf_xd_Q1E_AyVoC-zfiS331N7AeEj-42g&tzo=1:3
o.onload @ 62?ai=1298934245&co=25&cu=27&lg=fr&wh=55&ut=eyJhbGciOiJFUzI1NiIsImtpZCI6IjEiLCJ0eXAiOiJKV1QifQ.eyJzdWIiOiI1MC8xMjk4OTM0MjQ1IiwicGlkIjoiMjQyIiwianRpIjoiMC9jMGVhNzg1YWI2ZDI0YmY0ODAwYjQ4NzkxM2UzNTkwMTViMThmNThlZTZhYTc0MTY3ZDVmMGExYjQ5MTk2MDA3IiwiYXBwIjoiTkEiLCJpbm5lciI6InRydWUiLCJuYmYiOjE3Njg3MzQzNTMsImV4cCI6MTc2ODc0ODc1MywiaWF0IjoxNzY4NzM0MzUzfQ.lOMjBvBfg98RWVZg-hTpcvrCV-l3DZSm2VLgstscXcZKgseLkVY5vdf_xd_Q1E_AyVoC-zfiS331N7AeEj-42g&tzo=1:3
XMLHttpRequest.send
(anonymous) @ 62?ai=1298934245&co=25&cu=27&lg=fr&wh=55&ut=eyJhbGciOiJFUzI1NiIsImtpZCI6IjEiLCJ0eXAiOiJKV1QifQ.eyJzdWIiOiI1MC8xMjk4OTM0MjQ1IiwicGlkIjoiMjQyIiwianRpIjoiMC9jMGVhNzg1YWI2ZDI0YmY0ODAwYjQ4NzkxM2UzNTkwMTViMThmNThlZTZhYTc0MTY3ZDVmMGExYjQ5MTk2MDA3IiwiYXBwIjoiTkEiLCJpbm5lciI6InRydWUiLCJuYmYiOjE3Njg3MzQzNTMsImV4cCI6MTc2ODc0ODc1MywiaWF0IjoxNzY4NzM0MzUzfQ.lOMjBvBfg98RWVZg-hTpcvrCV-l3DZSm2VLgstscXcZKgseLkVY5vdf_xd_Q1E_AyVoC-zfiS331N7AeEj-42g&tzo=1:3
(anonymous) @ 62?ai=1298934245&co=25&cu=27&lg=fr&wh=55&ut=eyJhbGciOiJFUzI1NiIsImtpZCI6IjEiLCJ0eXAiOiJKV1QifQ.eyJzdWIiOiI1MC8xMjk4OTM0MjQ1IiwicGlkIjoiMjQyIiwianRpIjoiMC9jMGVhNzg1YWI2ZDI0YmY0ODAwYjQ4NzkxM2UzNTkwMTViMThmNThlZTZhYTc0MTY3ZDVmMGExYjQ5MTk2MDA3IiwiYXBwIjoiTkEiLCJpbm5lciI6InRydWUiLCJuYmYiOjE3Njg3MzQzNTMsImV4cCI6MTc2ODc0ODc1MywiaWF0IjoxNzY4NzM0MzUzfQ.lOMjBvBfg98RWVZg-hTpcvrCV-l3DZSm2VLgstscXcZKgseLkVY5vdf_xd_Q1E_AyVoC-zfiS331N7AeEj-42g&tzo=1:3
(anonymous) @ 62?ai=1298934245&co=25&cu=27&lg=fr&wh=55&ut=eyJhbGciOiJFUzI1NiIsImtpZCI6IjEiLCJ0eXAiOiJKV1QifQ.eyJzdWIiOiI1MC8xMjk4OTM0MjQ1IiwicGlkIjoiMjQyIiwianRpIjoiMC9jMGVhNzg1YWI2ZDI0YmY0ODAwYjQ4NzkxM2UzNTkwMTViMThmNThlZTZhYTc0MTY3ZDVmMGExYjQ5MTk2MDA3IiwiYXBwIjoiTkEiLCJpbm5lciI6InRydWUiLCJuYmYiOjE3Njg3MzQzNTMsImV4cCI6MTc2ODc0ODc1MywiaWF0IjoxNzY4NzM0MzUzfQ.lOMjBvBfg98RWVZg-hTpcvrCV-l3DZSm2VLgstscXcZKgseLkVY5vdf_xd_Q1E_AyVoC-zfiS331N7AeEj-42g&tzo=1:3
67826302.67826302.6c5ee57c4b64.js:1 🎮 GAME INSTANCE CAPTURED GLOBALLY! e {_events: i, _eventsCount: 1, preferredTextureResolution: 1, app: e, device: e, …}
63390544.63390544.b156d9394b73.js:1 PixiJS Deprecation Warning: utils.rgb2hex is deprecated, use Color#toNumber insteadDeprecated since v7.2.0
// Check if we got it
if (window.__thimblesGame || window.__gameAppDirect) {
    const app = window.__thimblesGame || window.__gameAppDirect;
    console.log('✅ SUCCESS! Game App:', app);
    
    // Verify it's the real PixiJS app
    console.log('Stage:', app.stage);
    console.log('Renderer:', app.renderer?.type);
    console.log('Stage children count:', app.stage?.children?.length);
    
    // Hook into the renderer for real-time monitoring
    if (app.renderer && app.renderer.render) {
        const originalRender = app.renderer.render;
        app.renderer.render = function(...args) {
            console.log('🎨 Game rendered scene');
            return originalRender.apply(this, args);
        };
        console.log('✅ Render method hooked for live monitoring');
    }
} else {
    console.log('❌ Not captured yet. Try refreshing and ensure breakpoint/hijack is active.');
}
VM2422:4 ✅ SUCCESS! Game App: e {_events: i, _eventsCount: 1, preferredTextureResolution: 1, app: e, device: e, …}
VM2422:7 Stage: undefined
VM2422:8 Renderer: undefined
VM2422:9 Stage children count: undefined
undefined
