VM409:7 [RGS SNIFFER] Démarrage de l'interception...
VM409:449 [RGS SNIFFER] Actif! Surveillance des communications...
VM409:450 [COMMANDES] getRGSData(), clearRGSData(), exportRGSData(), testBruteForce([0,1,1])
undefined
VM409:223 [RGS CANDIDATE] request_body::w = 55 (decimal)
VM409:223 [RGS CANDIDATE] request_body::sw = 939 (decimal)
VM409:223 [RGS CANDIDATE] request_body::sh = 730 (decimal)
VM409:223 [RGS CANDIDATE] request_body::u = 1535355583 (timestamp_s)
VM409:223 [RGS CANDIDATE] request_body::ev.0.ts = 1770344893884828 (base64)
VM409:223 [RGS CANDIDATE] request_body::ev.0.e = 2035 (decimal)
VM409:223 [RGS CANDIDATE] request_body::ev.0.m.i1 = 524 (decimal)
VM409:223 [RGS CANDIDATE] request_body::ev.0.m.i2 = 464 (decimal)
VM409:223 [RGS CANDIDATE] request_body::ev.0.m.i3 = 99696 (decimal)
VM409:223 [RGS CANDIDATE] request_body::ev.1.ts = 1770344895623973 (base64)
VM409:223 [RGS CANDIDATE] request_body::ev.1.e = 2035 (decimal)
VM409:223 [RGS CANDIDATE] request_body::ev.1.m.i1 = 665 (decimal)
VM409:223 [RGS CANDIDATE] request_body::ev.1.m.i2 = 537 (decimal)
VM409:223 [RGS CANDIDATE] request_body::ev.1.m.i3 = 101436 (decimal)
VM409:223 [RGS CANDIDATE] request_body::ev.2.ts = 1770344895624709 (base64)
VM409:223 [RGS CANDIDATE] request_body::ev.2.e = 2015 (decimal)
VM409:223 [RGS CANDIDATE] request_body::ev.2.m.i1 = 62 (decimal)
VM409:223 [RGS CANDIDATE] request_body::ev.2.m.s1 = нет (unknown)
VM409:223 [RGS CANDIDATE] request_body::ev.3.ts = 1770344895638443 (base64)
VM409:223 [RGS CANDIDATE] request_body::ev.3.e = 10618 (decimal)
VM409:223 [RGS CANDIDATE] request_body::ev.3.m.i1 = 62 (decimal)
VM409:223 [RGS CANDIDATE] request_body::ev.3.m.s2 = 1770344897700 (base64)
VM409:33 Uncaught TypeError: Failed to execute 'clone' on 'Response': Response body is already used
    at <anonymous>:33:38
(anonymous) @ VM409:33
setTimeout
window.fetch @ VM409:31
await in window.fetch
(anonymous) @ 6464379.6464379.ba23db2c4f8e.js:1
(anonymous) @ 6464379.6464379.ba23db2c4f8e.js:1
(anonymous) @ 6464379.6464379.ba23db2c4f8e.js:1
(anonymous) @ 6464379.6464379.ba23db2c4f8e.js:1
b @ 6464379.6464379.ba23db2c4f8e.js:1
n @ 6464379.6464379.ba23db2c4f8e.js:1
w @ 6464379.6464379.ba23db2c4f8e.js:1
(anonymous) @ 6464379.6464379.ba23db2c4f8e.js:1
setInterval
R @ 6464379.6464379.ba23db2c4f8e.js:1
(anonymous) @ 6464379.6464379.ba23db2c4f8e.js:1
VM409:223 [RGS CANDIDATE] request_body::w = 55 (decimal)
VM409:223 [RGS CANDIDATE] request_body::sw = 939 (decimal)
VM409:223 [RGS CANDIDATE] request_body::sh = 730 (decimal)
VM409:223 [RGS CANDIDATE] request_body::u = 1535355583 (timestamp_s)
VM409:223 [RGS CANDIDATE] request_body::ev.0.ts = 1770344916638771 (base64)
VM409:223 [RGS CANDIDATE] request_body::ev.0.e = 2035 (decimal)
VM409:223 [RGS CANDIDATE] request_body::ev.0.m.i1 = 558 (decimal)
VM409:223 [RGS CANDIDATE] request_body::ev.0.m.i2 = 262 (decimal)
VM409:223 [RGS CANDIDATE] request_body::ev.0.m.i3 = 122453 (decimal)
VM409:33 Uncaught TypeError: Failed to execute 'clone' on 'Response': Response body is already used
    at <anonymous>:33:38
(anonymous) @ VM409:33
setTimeout
window.fetch @ VM409:31
await in window.fetch
(anonymous) @ 6464379.6464379.ba23db2c4f8e.js:1
(anonymous) @ 6464379.6464379.ba23db2c4f8e.js:1
(anonymous) @ 6464379.6464379.ba23db2c4f8e.js:1
(anonymous) @ 6464379.6464379.ba23db2c4f8e.js:1
b @ 6464379.6464379.ba23db2c4f8e.js:1
n @ 6464379.6464379.ba23db2c4f8e.js:1
w @ 6464379.6464379.ba23db2c4f8e.js:1
(anonymous) @ 6464379.6464379.ba23db2c4f8e.js:1
VM409:223 [RGS CANDIDATE] request_body::w = 55 (decimal)
VM409:223 [RGS CANDIDATE] request_body::sw = 939 (decimal)
VM409:223 [RGS CANDIDATE] request_body::sh = 730 (decimal)
VM409:223 [RGS CANDIDATE] request_body::u = 1535355583 (timestamp_s)
VM409:223 [RGS CANDIDATE] request_body::ev.0.ts = 1770344943596122 (base64)
VM409:223 [RGS CANDIDATE] request_body::ev.0.e = 10816 (decimal)
VM409:223 [RGS CANDIDATE] request_body::ev.0.m.i1 = 62 (decimal)
VM409:223 [RGS CANDIDATE] request_body::ev.0.m.i2 = 53 (decimal)
VM409:223 [RGS CANDIDATE] request_body::ev.0.m.i3 = 60 (decimal)
VM409:33 Uncaught TypeError: Failed to execute 'clone' on 'Response': Response body is already used
    at <anonymous>:33:38
(anonymous) @ VM409:33
setTimeout
window.fetch @ VM409:31
await in window.fetch
(anonymous) @ 6464379.6464379.ba23db2c4f8e.js:1
(anonymous) @ 6464379.6464379.ba23db2c4f8e.js:1
(anonymous) @ 6464379.6464379.ba23db2c4f8e.js:1
(anonymous) @ 6464379.6464379.ba23db2c4f8e.js:1
b @ 6464379.6464379.ba23db2c4f8e.js:1
n @ 6464379.6464379.ba23db2c4f8e.js:1
w @ 6464379.6464379.ba23db2c4f8e.js:1
(anonymous) @ 6464379.6464379.ba23db2c4f8e.js:1
