// Installation - run this right after mixing finishes
console.log(`
===========================================
🎯 CUP SELECTION INTERCEPTOR
===========================================
INSTRUCTIONS:
1. Wait for mixing to COMPLETELY finish
2. Run this command: interceptSelectionLogic()
3. Then choose a cup in the game
4. Check console for detailed analysis
===========================================
`);
VM379:135 
===========================================
🎯 CUP SELECTION INTERCEPTOR
===========================================
INSTRUCTIONS:
1. Wait for mixing to COMPLETELY finish
2. Run this command: interceptSelectionLogic()
3. Then choose a cup in the game
4. Check console for detailed analysis
===========================================

undefined
interceptSelectionLogic()
VM379:6 🔍 Attempting to intercept selection logic...
VM379:118 ⚠️ No selection functions found. The game may be in the wrong state.
VM379:119    Make sure you run this AFTER mixing but BEFORE choosing a cup.
VM379:122 
🔍 Searching game object for selection functions...
{}


undefined
debugChoicePhase()
VM387:3 === CHOICE PHASE DEBUG ===
VM387:4 Thimbles keys: (6) ['interactiveSlots', 'meshListeners', 'isArrowsPlay', 'game', 'spine', 'smokeAnimation']
VM387:7 
Available functions:
VM387:15 
Interactive slots clickable properties:
undefined
